2016-12-21 10:36:11,018 INFO  com.astrolink.consts.LoadProperties  - [系统初始化]服务器配置路径.\conf\config.properties
 2016-12-21 10:36:11,071 INFO  com.astrolink.service.DmLoginService  - 数据导入监听服务
 2016-12-21 10:36:11,087 INFO  com.astrolink.service.DmLoginService  - 数据导入监听服务完毕
 2016-12-21 10:36:11,118 INFO  com.astrolink.service.JdLoginService  - 数据导入监听服务
 2016-12-21 10:36:11,118 INFO  com.astrolink.service.JdLoginService  - 数据导入监听服务完毕
 2016-12-21 10:36:21,909 INFO  com.astrolink.dao.DmLoginLinstenerThreadDao  - 扫描结束，需要处理的数据个数10
 2016-12-21 10:36:21,920 INFO  com.astrolink.service.DmLoginService  - 数据到达接收器，waitMap数据缓冲数量1execMap执行缓冲数量0
 2016-12-21 10:36:21,920 INFO  com.astrolink.service.DmLoginService  - 数据到达接收器，waitMap数据缓冲数量2execMap执行缓冲数量0
 2016-12-21 10:36:21,920 INFO  com.astrolink.service.DmLoginService  - 数据到达接收器，waitMap数据缓冲数量3execMap执行缓冲数量0
 2016-12-21 10:36:21,920 INFO  com.astrolink.service.DmLoginService  - 数据到达接收器，waitMap数据缓冲数量4execMap执行缓冲数量0
 2016-12-21 10:36:21,920 INFO  com.astrolink.service.DmLoginService  - 数据到达接收器，waitMap数据缓冲数量5execMap执行缓冲数量0
 2016-12-21 10:36:21,920 INFO  com.astrolink.service.DmLoginService  - 数据到达接收器，waitMap数据缓冲数量6execMap执行缓冲数量0
 2016-12-21 10:36:21,920 INFO  com.astrolink.service.DmLoginService  - 数据到达接收器，waitMap数据缓冲数量7execMap执行缓冲数量0
 2016-12-21 10:36:21,920 INFO  com.astrolink.service.DmLoginService  - 数据到达接收器，waitMap数据缓冲数量8execMap执行缓冲数量0
 2016-12-21 10:36:21,920 INFO  com.astrolink.service.DmLoginService  - 数据到达接收器，waitMap数据缓冲数量9execMap执行缓冲数量0
 2016-12-21 10:36:21,920 INFO  com.astrolink.service.DmLoginService  - 数据到达接收器，waitMap数据缓冲数量10execMap执行缓冲数量0
 2016-12-21 10:36:21,920 INFO  com.astrolink.service.DmLoginService  - 查询到,数据同步处理线程，开始添加，id为145
 2016-12-21 10:36:21,920 INFO  com.astrolink.service.DmLoginService  - id为145的处理线程添加成功
 2016-12-21 10:36:21,920 INFO  com.astrolink.service.DmLoginService  - 查询到,数据同步处理线程，开始添加，id为130
 2016-12-21 10:36:21,920 INFO  com.astrolink.service.DmLoginService  - id为130的处理线程添加成功
 2016-12-21 10:36:21,920 INFO  com.astrolink.service.DmLoginService  - 查询到,数据同步处理线程，开始添加，id为132
 2016-12-21 10:36:21,920 INFO  com.astrolink.service.DmLoginService  - id为132的处理线程添加成功
 2016-12-21 10:36:21,920 INFO  com.astrolink.service.DmLoginService  - 查询到,数据同步处理线程，开始添加，id为148
 2016-12-21 10:36:21,920 INFO  com.astrolink.service.DmLoginService  - id为148的处理线程添加成功
 2016-12-21 10:36:21,920 INFO  com.astrolink.service.DmLoginService  - 查询到,数据同步处理线程，开始添加，id为151
 2016-12-21 10:36:21,920 INFO  com.astrolink.service.DmLoginService  - id为151的处理线程添加成功
 2016-12-21 10:36:21,920 INFO  com.astrolink.service.DmLoginService  - 查询到,数据同步处理线程，开始添加，id为136
 2016-12-21 10:36:21,920 INFO  com.astrolink.service.DmLoginService  - id为136的处理线程添加成功
 2016-12-21 10:36:21,920 INFO  com.astrolink.service.DmLoginService  - 查询到,数据同步处理线程，开始添加，id为154
 2016-12-21 10:36:21,920 INFO  com.astrolink.service.DmLoginService  - id为154的处理线程添加成功
 2016-12-21 10:36:21,920 INFO  com.astrolink.service.DmLoginService  - 查询到,数据同步处理线程，开始添加，id为156
 2016-12-21 10:36:21,920 INFO  com.astrolink.service.DmLoginService  - id为156的处理线程添加成功
 2016-12-21 10:36:21,920 INFO  com.astrolink.service.DmLoginService  - 查询到,数据同步处理线程，开始添加，id为142
 2016-12-21 10:36:21,920 INFO  com.astrolink.service.DmLoginService  - id为142的处理线程添加成功
 2016-12-21 10:36:21,920 INFO  com.astrolink.service.DmLoginService  - 查询到,数据同步处理线程，开始添加，id为158
 2016-12-21 10:36:21,920 INFO  com.astrolink.service.DmLoginService  - id为158的处理线程添加成功
 2016-12-21 10:36:21,920 INFO  com.astrolink.service.DmLoginService  - 清除处理结束的缓存，waitMap数据缓冲数量0execMap执行缓冲数量10删除缓冲0
 2016-12-21 10:36:21,963 INFO  com.astrolink.dao.DmLoginExecLinstenerThreadDao  - 开始处理动漫CP收入，id为154
 2016-12-21 10:36:21,963 INFO  com.astrolink.dao.DmLoginExecLinstenerThreadDao  - 开始处理动漫CP收入，id为156
 2016-12-21 10:36:21,963 INFO  com.astrolink.dao.DmLoginExecLinstenerThreadDao  - 开始处理动漫CP收入，id为148
 2016-12-21 10:36:21,963 INFO  com.astrolink.dao.DmLoginExecLinstenerThreadDao  - 开始处理动漫CP收入，id为145
 2016-12-21 10:36:21,963 INFO  com.astrolink.dao.DmLoginExecLinstenerThreadDao  - 开始处理动漫CP收入，id为132
 2016-12-21 10:36:21,963 INFO  com.astrolink.dao.DmLoginExecLinstenerThreadDao  - 开始处理动漫CP收入，id为136
 2016-12-21 10:36:21,963 INFO  com.astrolink.dao.DmLoginExecLinstenerThreadDao  - 开始处理动漫CP收入，id为130
 2016-12-21 10:36:21,963 INFO  com.astrolink.dao.DmLoginExecLinstenerThreadDao  - 开始处理动漫CP收入，id为151
 2016-12-21 10:36:21,963 INFO  com.astrolink.dao.DmLoginExecLinstenerThreadDao  - 开始处理动漫CP收入，id为158
 2016-12-21 10:36:21,963 INFO  com.astrolink.dao.DmLoginExecLinstenerThreadDao  - 开始处理动漫CP收入，id为142
 2016-12-21 10:36:32,991 WARN  org.apache.commons.httpclient.HttpMethodBase  - Going to buffer response body of large or unknown size. Using getResponseBodyAsStream instead is recommended.
 2016-12-21 10:36:33,458 WARN  org.apache.commons.httpclient.HttpMethodBase  - Going to buffer response body of large or unknown size. Using getResponseBodyAsStream instead is recommended.
 2016-12-21 10:36:35,242 WARN  org.apache.commons.httpclient.HttpMethodBase  - Going to buffer response body of large or unknown size. Using getResponseBodyAsStream instead is recommended.
 2016-12-21 10:36:36,996 WARN  org.apache.commons.httpclient.HttpMethodBase  - Going to buffer response body of large or unknown size. Using getResponseBodyAsStream instead is recommended.
 2016-12-21 10:36:37,000 WARN  org.apache.commons.httpclient.HttpMethodBase  - Going to buffer response body of large or unknown size. Using getResponseBodyAsStream instead is recommended.
 2016-12-21 10:36:37,400 WARN  org.apache.commons.httpclient.HttpMethodBase  - Going to buffer response body of large or unknown size. Using getResponseBodyAsStream instead is recommended.
 2016-12-21 10:36:38,172 WARN  org.apache.commons.httpclient.HttpMethodBase  - Going to buffer response body of large or unknown size. Using getResponseBodyAsStream instead is recommended.
 2016-12-21 10:36:38,288 WARN  org.apache.commons.httpclient.HttpMethodBase  - Going to buffer response body of large or unknown size. Using getResponseBodyAsStream instead is recommended.
 2016-12-21 10:36:41,132 WARN  org.apache.commons.httpclient.HttpMethodBase  - Going to buffer response body of large or unknown size. Using getResponseBodyAsStream instead is recommended.
 2016-12-21 10:37:13,542 WARN  org.apache.commons.httpclient.HttpMethodBase  - Going to buffer response body of large or unknown size. Using getResponseBodyAsStream instead is recommended.
 2016-12-21 10:37:15,236 WARN  org.apache.commons.httpclient.HttpMethodBase  - Going to buffer response body of large or unknown size. Using getResponseBodyAsStream instead is recommended.
 2016-12-21 10:37:16,707 WARN  org.apache.commons.httpclient.HttpMethodBase  - Going to buffer response body of large or unknown size. Using getResponseBodyAsStream instead is recommended.
 2016-12-21 10:37:23,092 ERROR com.astrolink.util.tools.PostNetWork_singleton  - java.net.SocketException: Connection reset
	at java.net.SocketInputStream.read(SocketInputStream.java:209)
	at java.net.SocketInputStream.read(SocketInputStream.java:141)
	at java.io.BufferedInputStream.fill(BufferedInputStream.java:246)
	at java.io.BufferedInputStream.read1(BufferedInputStream.java:286)
	at java.io.BufferedInputStream.read(BufferedInputStream.java:345)
	at org.apache.commons.httpclient.ChunkedInputStream.read(ChunkedInputStream.java:182)
	at java.io.FilterInputStream.read(FilterInputStream.java:133)
	at org.apache.commons.httpclient.AutoCloseInputStream.read(AutoCloseInputStream.java:108)
	at sun.nio.cs.StreamDecoder.readBytes(StreamDecoder.java:284)
	at sun.nio.cs.StreamDecoder.implRead(StreamDecoder.java:326)
	at sun.nio.cs.StreamDecoder.read(StreamDecoder.java:178)
	at java.io.InputStreamReader.read(InputStreamReader.java:184)
	at java.io.BufferedReader.fill(BufferedReader.java:161)
	at java.io.BufferedReader.readLine(BufferedReader.java:324)
	at java.io.BufferedReader.readLine(BufferedReader.java:389)
	at com.astrolink.util.tools.PostNetWork_singleton.getHtml(PostNetWork_singleton.java:248)
	at com.astrolink.util.tools.DmLoginTools.post_doNetWork(DmLoginTools.java:574)
	at com.astrolink.util.tools.DmLoginTools.post_doNetWork(DmLoginTools.java:599)
	at com.astrolink.util.tools.DmLoginTools.post_doNetWork(DmLoginTools.java:599)
	at com.astrolink.util.tools.DmLoginTools.post_doNetWork(DmLoginTools.java:599)
	at com.astrolink.util.tools.DmLoginTools.post_doNetWork(DmLoginTools.java:599)
	at com.astrolink.util.tools.DmLoginTools.doWork(DmLoginTools.java:295)
	at com.astrolink.dao.DmLoginExecLinstenerThreadDao.exec(DmLoginExecLinstenerThreadDao.java:49)
	at com.astrolink.logic.listener.JobThread.run(JobThread.java:31)

 2016-12-21 10:37:23,546 WARN  org.apache.commons.httpclient.HttpMethodBase  - Going to buffer response body of large or unknown size. Using getResponseBodyAsStream instead is recommended.
 2016-12-21 10:37:25,619 WARN  org.apache.commons.httpclient.HttpMethodBase  - Going to buffer response body of large or unknown size. Using getResponseBodyAsStream instead is recommended.
 2016-12-21 10:37:26,483 WARN  org.apache.commons.httpclient.HttpMethodBase  - Going to buffer response body of large or unknown size. Using getResponseBodyAsStream instead is recommended.
 2016-12-21 10:37:42,424 WARN  org.apache.commons.httpclient.HttpMethodBase  - Going to buffer response body of large or unknown size. Using getResponseBodyAsStream instead is recommended.
 2016-12-21 10:38:30,751 WARN  org.apache.commons.httpclient.HttpMethodBase  - Going to buffer response body of large or unknown size. Using getResponseBodyAsStream instead is recommended.
 2016-12-21 10:38:30,783 INFO  com.astrolink.dao.DmLoginExecLinstenerThreadDao  - 文件大小为：5120
 2016-12-21 10:38:30,783 INFO  com.astrolink.dao.DmLoginExecLinstenerThreadDao  - 动漫CP收入上传，文件名为:9111566146446935点幻动漫_00000000动漫CP收入.xls
 2016-12-21 10:38:32,038 WARN  org.apache.commons.httpclient.HttpMethodBase  - Going to buffer response body of large or unknown size. Using getResponseBodyAsStream instead is recommended.
 2016-12-21 10:38:32,040 INFO  com.astrolink.dao.DmLoginExecLinstenerThreadDao  - 文件大小为：5120
 2016-12-21 10:38:32,040 INFO  com.astrolink.dao.DmLoginExecLinstenerThreadDao  - 动漫CP收入上传，文件名为:5225623496622155奔跑星球_00000000动漫CP收入.xls
 2016-12-21 10:38:34,340 INFO  com.astrolink.util.tools.DbTools  - com.astrolink.dao.DmLoginExecLinstenerThreadDao:INSERT INTO monitor_info (monitorInfo,sendOutType,inputDate)SELECT CONCAT('上传任务id:',spProductTaskId,'<br>业务名称:',spProductName,'<br>业务类型：动漫CP收入<br>失败信息：9111566146446935点幻动漫_00000000动漫CP收入.xls&nbsp;&nbsp;&nbsp;&nbsp;数据自动补全失败'),'1',NOW() FROM sp_product  AS a INNER JOIN sp_product_task AS b ON a.spProductId=b.spProductId WHERE spProductTaskId=148
 2016-12-21 10:38:34,455 INFO  com.astrolink.dao.DmLoginExecLinstenerThreadDao  - id为148,信息:9111566146446935点幻动漫_00000000动漫CP收入.xls&nbsp;&nbsp;&nbsp;&nbsp;数据自动补全失败
 2016-12-21 10:38:34,589 INFO  com.astrolink.util.tools.DbTools  - com.astrolink.dao.DmLoginExecLinstenerThreadDao:INSERT INTO monitor_info (monitorInfo,sendOutType,inputDate)SELECT CONCAT('上传任务id:',spProductTaskId,'<br>业务名称:',spProductName,'<br>业务类型：动漫CP收入<br>失败信息：5225623496622155奔跑星球_00000000动漫CP收入.xls&nbsp;&nbsp;&nbsp;&nbsp;数据自动补全失败'),'1',NOW() FROM sp_product  AS a INNER JOIN sp_product_task AS b ON a.spProductId=b.spProductId WHERE spProductTaskId=130
 2016-12-21 10:38:34,672 INFO  com.astrolink.dao.DmLoginExecLinstenerThreadDao  - id为130,信息:5225623496622155奔跑星球_00000000动漫CP收入.xls&nbsp;&nbsp;&nbsp;&nbsp;数据自动补全失败
 2016-12-21 10:38:43,427 WARN  org.apache.commons.httpclient.HttpMethodBase  - Going to buffer response body of large or unknown size. Using getResponseBodyAsStream instead is recommended.
 2016-12-21 10:38:43,443 INFO  com.astrolink.dao.DmLoginExecLinstenerThreadDao  - 文件大小为：5120
 2016-12-21 10:38:43,443 INFO  com.astrolink.dao.DmLoginExecLinstenerThreadDao  - 动漫CP收入上传，文件名为:2632635969131245黑暗使者_00000000动漫CP收入.xls
 2016-12-21 10:38:43,928 INFO  com.astrolink.util.tools.DbTools  - com.astrolink.dao.DmLoginExecLinstenerThreadDao:UPDATE spinfo.sp_product_task SET automaticState = 0 WHERE spProductTaskId=148
 2016-12-21 10:38:44,191 WARN  org.apache.commons.httpclient.HttpMethodBase  - Going to buffer response body of large or unknown size. Using getResponseBodyAsStream instead is recommended.
 2016-12-21 10:38:44,276 INFO  com.astrolink.dao.DmLoginExecLinstenerThreadDao  - 文件大小为：9216
 2016-12-21 10:38:44,276 INFO  com.astrolink.dao.DmLoginExecLinstenerThreadDao  - 动漫CP收入上传，文件名为:6669441694555365热血格斗_00000000动漫CP收入.xls
 2016-12-21 10:38:44,329 INFO  com.astrolink.util.tools.DbTools  - com.astrolink.dao.DmLoginExecLinstenerThreadDao:UPDATE spinfo.sp_product_task SET automaticState = 0 WHERE spProductTaskId=130
 2016-12-21 10:38:44,329 INFO  com.astrolink.dao.DmLoginExecLinstenerThreadDao  - 处理请求结束，id为148
 2016-12-21 10:38:45,192 INFO  com.astrolink.dao.DmLoginExecLinstenerThreadDao  - 处理请求结束，id为130
 2016-12-21 10:38:47,655 INFO  com.astrolink.dao.DmLoginExecLinstenerThreadDao  - id为154,信息:6669441694555365热血格斗_00000000动漫CP收入.xls&nbsp;&nbsp;&nbsp;&nbsp;成功
 2016-12-21 10:38:55,340 INFO  com.astrolink.util.tools.DbTools  - com.astrolink.dao.DmLoginExecLinstenerThreadDao:INSERT INTO monitor_info (monitorInfo,sendOutType,inputDate)SELECT CONCAT('上传任务id:',spProductTaskId,'<br>业务名称:',spProductName,'<br>业务类型：动漫CP收入<br>失败信息：2632635969131245黑暗使者_00000000动漫CP收入.xls&nbsp;&nbsp;&nbsp;&nbsp;数据自动补全失败'),'1',NOW() FROM sp_product  AS a INNER JOIN sp_product_task AS b ON a.spProductId=b.spProductId WHERE spProductTaskId=156
 2016-12-21 10:38:55,579 INFO  com.astrolink.dao.DmLoginExecLinstenerThreadDao  - id为156,信息:2632635969131245黑暗使者_00000000动漫CP收入.xls&nbsp;&nbsp;&nbsp;&nbsp;数据自动补全失败
 2016-12-21 10:38:55,657 INFO  com.astrolink.util.tools.DbTools  - com.astrolink.dao.DmLoginExecLinstenerThreadDao:UPDATE spinfo.sp_product_task SET automaticState = 0 WHERE spProductTaskId=154
 2016-12-21 10:38:55,742 INFO  com.astrolink.dao.DmLoginExecLinstenerThreadDao  - 处理请求结束，id为154
 2016-12-21 10:39:06,979 INFO  com.astrolink.util.tools.DbTools  - com.astrolink.dao.DmLoginExecLinstenerThreadDao:UPDATE spinfo.sp_product_task SET automaticState = 0 WHERE spProductTaskId=156
 2016-12-21 10:39:07,333 INFO  com.astrolink.dao.DmLoginExecLinstenerThreadDao  - 处理请求结束，id为156
 2016-12-21 10:39:26,933 INFO  com.astrolink.dao.DmLoginLinstenerThreadDao  - 扫描结束，需要处理的数据个数10
 2016-12-21 10:39:26,933 INFO  com.astrolink.service.DmLoginService  - 数据到达接收器，waitMap数据缓冲数量0execMap执行缓冲数量10
 2016-12-21 10:39:26,933 INFO  com.astrolink.service.DmLoginService  - 数据到达接收器，waitMap数据缓冲数量0execMap执行缓冲数量10
 2016-12-21 10:39:26,933 INFO  com.astrolink.service.DmLoginService  - 数据到达接收器，waitMap数据缓冲数量0execMap执行缓冲数量10
 2016-12-21 10:39:26,933 INFO  com.astrolink.service.DmLoginService  - 数据到达接收器，waitMap数据缓冲数量0execMap执行缓冲数量10
 2016-12-21 10:39:26,933 INFO  com.astrolink.service.DmLoginService  - 数据到达接收器，waitMap数据缓冲数量0execMap执行缓冲数量10
 2016-12-21 10:39:26,933 INFO  com.astrolink.service.DmLoginService  - 数据到达接收器，waitMap数据缓冲数量0execMap执行缓冲数量10
 2016-12-21 10:39:26,933 INFO  com.astrolink.service.DmLoginService  - 数据到达接收器，waitMap数据缓冲数量1execMap执行缓冲数量10
 2016-12-21 10:39:26,933 INFO  com.astrolink.service.DmLoginService  - 数据到达接收器，waitMap数据缓冲数量2execMap执行缓冲数量10
 2016-12-21 10:39:26,933 INFO  com.astrolink.service.DmLoginService  - 数据到达接收器，waitMap数据缓冲数量3execMap执行缓冲数量10
 2016-12-21 10:39:26,949 INFO  com.astrolink.service.DmLoginService  - 数据到达接收器，waitMap数据缓冲数量4execMap执行缓冲数量10
 2016-12-21 10:39:26,949 INFO  com.astrolink.service.DmLoginService  - 查询到,数据同步处理线程，开始添加，id为180
 2016-12-21 10:39:26,949 INFO  com.astrolink.service.DmLoginService  - id为180的处理线程添加成功
 2016-12-21 10:39:26,949 INFO  com.astrolink.service.DmLoginService  - 查询到,数据同步处理线程，开始添加，id为183
 2016-12-21 10:39:26,949 INFO  com.astrolink.service.DmLoginService  - id为183的处理线程添加成功
 2016-12-21 10:39:26,949 INFO  com.astrolink.service.DmLoginService  - 查询到,数据同步处理线程，开始添加，id为168
 2016-12-21 10:39:26,949 INFO  com.astrolink.service.DmLoginService  - id为168的处理线程添加成功
 2016-12-21 10:39:26,949 INFO  com.astrolink.service.DmLoginService  - 查询到,数据同步处理线程，开始添加，id为200
 2016-12-21 10:39:26,949 INFO  com.astrolink.service.DmLoginService  - id为200的处理线程添加成功
 2016-12-21 10:39:26,949 INFO  com.astrolink.service.DmLoginService  - 清除处理结束的缓存，waitMap数据缓冲数量0execMap执行缓冲数量10删除缓冲0
 2016-12-21 10:39:26,949 INFO  com.astrolink.dao.DmLoginExecLinstenerThreadDao  - 开始处理动漫CP收入，id为168
 2016-12-21 10:39:26,949 INFO  com.astrolink.dao.DmLoginExecLinstenerThreadDao  - 开始处理动漫CP收入，id为183
 2016-12-21 10:39:26,949 INFO  com.astrolink.dao.DmLoginExecLinstenerThreadDao  - 开始处理动漫CP收入，id为180
 2016-12-21 10:39:26,949 INFO  com.astrolink.dao.DmLoginExecLinstenerThreadDao  - 开始处理动漫CP收入，id为200
 2016-12-21 10:39:27,966 WARN  org.apache.commons.httpclient.HttpMethodBase  - Going to buffer response body of large or unknown size. Using getResponseBodyAsStream instead is recommended.
 2016-12-21 10:39:27,978 INFO  com.astrolink.dao.DmLoginExecLinstenerThreadDao  - 文件大小为：5120
 2016-12-21 10:39:27,978 INFO  com.astrolink.dao.DmLoginExecLinstenerThreadDao  - 动漫CP收入上传，文件名为:9922441343962466幽漫_00000000动漫CP收入.xls
 2016-12-21 10:39:28,851 WARN  org.apache.commons.httpclient.HttpMethodBase  - Going to buffer response body of large or unknown size. Using getResponseBodyAsStream instead is recommended.
 2016-12-21 10:39:29,240 WARN  org.apache.commons.httpclient.HttpMethodBase  - Going to buffer response body of large or unknown size. Using getResponseBodyAsStream instead is recommended.
 2016-12-21 10:39:29,875 INFO  com.astrolink.util.tools.DbTools  - com.astrolink.dao.DmLoginExecLinstenerThreadDao:INSERT INTO monitor_info (monitorInfo,sendOutType,inputDate)SELECT CONCAT('上传任务id:',spProductTaskId,'<br>业务名称:',spProductName,'<br>业务类型：动漫CP收入<br>失败信息：9922441343962466幽漫_00000000动漫CP收入.xls&nbsp;&nbsp;&nbsp;&nbsp;数据自动补全失败'),'1',NOW() FROM sp_product  AS a INNER JOIN sp_product_task AS b ON a.spProductId=b.spProductId WHERE spProductTaskId=145
 2016-12-21 10:39:29,928 INFO  com.astrolink.dao.DmLoginExecLinstenerThreadDao  - id为145,信息:9922441343962466幽漫_00000000动漫CP收入.xls&nbsp;&nbsp;&nbsp;&nbsp;数据自动补全失败
 2016-12-21 10:39:30,244 WARN  org.apache.commons.httpclient.HttpMethodBase  - Going to buffer response body of large or unknown size. Using getResponseBodyAsStream instead is recommended.
 2016-12-21 10:39:30,459 INFO  com.astrolink.util.tools.DbTools  - com.astrolink.dao.DmLoginExecLinstenerThreadDao:UPDATE spinfo.sp_product_task SET automaticState = 0 WHERE spProductTaskId=145
 2016-12-21 10:39:30,491 INFO  com.astrolink.dao.DmLoginExecLinstenerThreadDao  - 处理请求结束，id为145
 2016-12-21 10:39:36,724 WARN  org.apache.commons.httpclient.HttpMethodBase  - Going to buffer response body of large or unknown size. Using getResponseBodyAsStream instead is recommended.
 2016-12-21 10:39:37,418 INFO  com.astrolink.dao.DmLoginExecLinstenerThreadDao  - 文件大小为：16384
 2016-12-21 10:39:37,418 INFO  com.astrolink.dao.DmLoginExecLinstenerThreadDao  - 动漫CP收入上传，文件名为:4155529426963146逍遥剑_00000000动漫CP收入.xls
 2016-12-21 10:39:40,233 INFO  com.astrolink.dao.DmLoginExecLinstenerThreadDao  - id为158,信息:4155529426963146逍遥剑_00000000动漫CP收入.xls&nbsp;&nbsp;&nbsp;&nbsp;成功
 2016-12-21 10:39:42,670 INFO  com.astrolink.util.tools.DbTools  - com.astrolink.dao.DmLoginExecLinstenerThreadDao:UPDATE spinfo.sp_product_task SET automaticState = 0 WHERE spProductTaskId=158
 2016-12-21 10:39:42,790 INFO  com.astrolink.dao.DmLoginExecLinstenerThreadDao  - 处理请求结束，id为158
 2016-12-21 10:39:45,798 WARN  org.apache.commons.httpclient.HttpMethodBase  - Going to buffer response body of large or unknown size. Using getResponseBodyAsStream instead is recommended.
 2016-12-21 10:39:53,607 ERROR com.astrolink.util.tools.PostNetWork_singleton  - java.net.SocketTimeoutException: Read timed out
	at java.net.SocketInputStream.socketRead0(Native Method)
	at java.net.SocketInputStream.socketRead(SocketInputStream.java:116)
	at java.net.SocketInputStream.read(SocketInputStream.java:170)
	at java.net.SocketInputStream.read(SocketInputStream.java:141)
	at java.io.BufferedInputStream.fill(BufferedInputStream.java:246)
	at java.io.BufferedInputStream.read(BufferedInputStream.java:265)
	at org.apache.commons.httpclient.HttpParser.readRawLine(HttpParser.java:78)
	at org.apache.commons.httpclient.HttpParser.readLine(HttpParser.java:106)
	at org.apache.commons.httpclient.HttpConnection.readLine(HttpConnection.java:1116)
	at org.apache.commons.httpclient.HttpMethodBase.readStatusLine(HttpMethodBase.java:1820)
	at org.apache.commons.httpclient.HttpMethodBase.readResponse(HttpMethodBase.java:1611)
	at org.apache.commons.httpclient.HttpMethodBase.execute(HttpMethodBase.java:1033)
	at org.apache.commons.httpclient.HttpMethodDirector.executeWithRetry(HttpMethodDirector.java:398)
	at org.apache.commons.httpclient.HttpMethodDirector.executeMethod(HttpMethodDirector.java:171)
	at org.apache.commons.httpclient.HttpClient.executeMethod(HttpClient.java:397)
	at org.apache.commons.httpclient.HttpClient.executeMethod(HttpClient.java:323)
	at com.astrolink.util.tools.PostNetWork_singleton.executeMethod(PostNetWork_singleton.java:88)
	at com.astrolink.util.tools.DmLoginTools.post_doNetWork(DmLoginTools.java:573)
	at com.astrolink.util.tools.DmLoginTools.post_doNetWork(DmLoginTools.java:599)
	at com.astrolink.util.tools.DmLoginTools.doWork(DmLoginTools.java:295)
	at com.astrolink.dao.DmLoginExecLinstenerThreadDao.exec(DmLoginExecLinstenerThreadDao.java:49)
	at com.astrolink.logic.listener.JobThread.run(JobThread.java:31)

 2016-12-21 10:39:53,608 ERROR com.astrolink.util.tools.PostNetWork_singleton  - java.lang.NullPointerException
	at java.io.Reader.<init>(Reader.java:78)
	at java.io.InputStreamReader.<init>(InputStreamReader.java:97)
	at com.astrolink.util.tools.PostNetWork_singleton.getHtml(PostNetWork_singleton.java:244)
	at com.astrolink.util.tools.DmLoginTools.post_doNetWork(DmLoginTools.java:574)
	at com.astrolink.util.tools.DmLoginTools.post_doNetWork(DmLoginTools.java:599)
	at com.astrolink.util.tools.DmLoginTools.doWork(DmLoginTools.java:295)
	at com.astrolink.dao.DmLoginExecLinstenerThreadDao.exec(DmLoginExecLinstenerThreadDao.java:49)
	at com.astrolink.logic.listener.JobThread.run(JobThread.java:31)

 2016-12-21 10:40:03,342 WARN  org.apache.commons.httpclient.HttpMethodBase  - Going to buffer response body of large or unknown size. Using getResponseBodyAsStream instead is recommended.
 2016-12-21 10:40:03,405 WARN  org.apache.commons.httpclient.HttpMethodBase  - Going to buffer response body of large or unknown size. Using getResponseBodyAsStream instead is recommended.
 2016-12-21 10:40:09,691 WARN  org.apache.commons.httpclient.HttpMethodBase  - Going to buffer response body of large or unknown size. Using getResponseBodyAsStream instead is recommended.
 2016-12-21 10:40:10,072 ERROR com.astrolink.util.tools.PostNetWork_singleton  - java.net.SocketTimeoutException: Read timed out
	at java.net.SocketInputStream.socketRead0(Native Method)
	at java.net.SocketInputStream.socketRead(SocketInputStream.java:116)
	at java.net.SocketInputStream.read(SocketInputStream.java:170)
	at java.net.SocketInputStream.read(SocketInputStream.java:141)
	at sun.security.ssl.InputRecord.readFully(InputRecord.java:465)
	at sun.security.ssl.InputRecord.readV3Record(InputRecord.java:593)
	at sun.security.ssl.InputRecord.read(InputRecord.java:532)
	at sun.security.ssl.SSLSocketImpl.readRecord(SSLSocketImpl.java:973)
	at sun.security.ssl.SSLSocketImpl.readDataRecord(SSLSocketImpl.java:930)
	at sun.security.ssl.AppInputStream.read(AppInputStream.java:105)
	at java.io.BufferedInputStream.read1(BufferedInputStream.java:284)
	at java.io.BufferedInputStream.read(BufferedInputStream.java:345)
	at org.apache.commons.httpclient.ChunkedInputStream.read(ChunkedInputStream.java:182)
	at java.io.FilterInputStream.read(FilterInputStream.java:133)
	at org.apache.commons.httpclient.AutoCloseInputStream.read(AutoCloseInputStream.java:108)
	at sun.nio.cs.StreamDecoder.readBytes(StreamDecoder.java:284)
	at sun.nio.cs.StreamDecoder.implRead(StreamDecoder.java:326)
	at sun.nio.cs.StreamDecoder.read(StreamDecoder.java:178)
	at java.io.InputStreamReader.read(InputStreamReader.java:184)
	at java.io.BufferedReader.fill(BufferedReader.java:161)
	at java.io.BufferedReader.readLine(BufferedReader.java:324)
	at java.io.BufferedReader.readLine(BufferedReader.java:389)
	at com.astrolink.util.tools.PostNetWork_singleton.getHtml(PostNetWork_singleton.java:248)
	at com.astrolink.util.tools.DmLoginTools.post_doNetWork(DmLoginTools.java:574)
	at com.astrolink.util.tools.DmLoginTools.post_doNetWork(DmLoginTools.java:599)
	at com.astrolink.util.tools.DmLoginTools.post_doNetWork(DmLoginTools.java:599)
	at com.astrolink.util.tools.DmLoginTools.doWork(DmLoginTools.java:295)
	at com.astrolink.dao.DmLoginExecLinstenerThreadDao.exec(DmLoginExecLinstenerThreadDao.java:49)
	at com.astrolink.logic.listener.JobThread.run(JobThread.java:31)

 2016-12-21 10:40:14,367 ERROR com.astrolink.util.tools.PostNetWork_singleton  - java.net.SocketTimeoutException: Read timed out
	at java.net.SocketInputStream.socketRead0(Native Method)
	at java.net.SocketInputStream.socketRead(SocketInputStream.java:116)
	at java.net.SocketInputStream.read(SocketInputStream.java:170)
	at java.net.SocketInputStream.read(SocketInputStream.java:141)
	at sun.security.ssl.InputRecord.readFully(InputRecord.java:465)
	at sun.security.ssl.InputRecord.readV3Record(InputRecord.java:593)
	at sun.security.ssl.InputRecord.read(InputRecord.java:532)
	at sun.security.ssl.SSLSocketImpl.readRecord(SSLSocketImpl.java:973)
	at sun.security.ssl.SSLSocketImpl.readDataRecord(SSLSocketImpl.java:930)
	at sun.security.ssl.AppInputStream.read(AppInputStream.java:105)
	at java.io.BufferedInputStream.read1(BufferedInputStream.java:284)
	at java.io.BufferedInputStream.read(BufferedInputStream.java:345)
	at org.apache.commons.httpclient.ChunkedInputStream.read(ChunkedInputStream.java:182)
	at java.io.FilterInputStream.read(FilterInputStream.java:133)
	at org.apache.commons.httpclient.AutoCloseInputStream.read(AutoCloseInputStream.java:108)
	at sun.nio.cs.StreamDecoder.readBytes(StreamDecoder.java:284)
	at sun.nio.cs.StreamDecoder.implRead(StreamDecoder.java:326)
	at sun.nio.cs.StreamDecoder.read(StreamDecoder.java:178)
	at java.io.InputStreamReader.read(InputStreamReader.java:184)
	at java.io.BufferedReader.fill(BufferedReader.java:161)
	at java.io.BufferedReader.readLine(BufferedReader.java:324)
	at java.io.BufferedReader.readLine(BufferedReader.java:389)
	at com.astrolink.util.tools.PostNetWork_singleton.getHtml(PostNetWork_singleton.java:248)
	at com.astrolink.util.tools.DmLoginTools.post_doNetWork(DmLoginTools.java:574)
	at com.astrolink.util.tools.DmLoginTools.post_doNetWork(DmLoginTools.java:599)
	at com.astrolink.util.tools.DmLoginTools.post_doNetWork(DmLoginTools.java:599)
	at com.astrolink.util.tools.DmLoginTools.doWork(DmLoginTools.java:295)
	at com.astrolink.dao.DmLoginExecLinstenerThreadDao.exec(DmLoginExecLinstenerThreadDao.java:49)
	at com.astrolink.logic.listener.JobThread.run(JobThread.java:31)

 2016-12-21 10:40:18,058 INFO  com.astrolink.util.tools.DbTools  - com.astrolink.dao.DmLoginExecLinstenerThreadDao:INSERT INTO monitor_info (monitorInfo,sendOutType,inputDate)SELECT CONCAT('上传任务id:',spProductTaskId,'<br>业务名称:',spProductName,'<br>业务类型：动漫CP收入<br>失败信息：程序异常,重试http://121.42.157.151:8080/spInfo/retryAction?spProductTaskId=183'),'1',NOW() FROM sp_product  AS a INNER JOIN sp_product_task AS b ON a.spProductId=b.spProductId WHERE spProductTaskId=183
 2016-12-21 10:40:18,882 INFO  com.astrolink.util.tools.DbTools  - com.astrolink.dao.DmLoginExecLinstenerThreadDao:UPDATE spinfo.sp_product_task SET automaticState = 0 WHERE spProductTaskId=183
 2016-12-21 10:40:18,945 INFO  com.astrolink.dao.DmLoginExecLinstenerThreadDao  - 处理请求结束，id为183
 2016-12-21 10:40:32,688 WARN  org.apache.commons.httpclient.HttpMethodBase  - Going to buffer response body of large or unknown size. Using getResponseBodyAsStream instead is recommended.
 2016-12-21 10:40:44,170 WARN  org.apache.commons.httpclient.HttpMethodBase  - Going to buffer response body of large or unknown size. Using getResponseBodyAsStream instead is recommended.
 2016-12-21 10:41:02,225 INFO  com.astrolink.util.tools.DbTools  - com.astrolink.dao.DmLoginExecLinstenerThreadDao:UPDATE spinfo.sp_product_task SET automaticState = 0 WHERE spProductTaskId=200
 2016-12-21 10:41:02,300 INFO  com.astrolink.dao.DmLoginExecLinstenerThreadDao  - 处理请求结束，id为200
 2016-12-21 10:41:02,724 WARN  org.apache.commons.httpclient.HttpMethodBase  - Going to buffer response body of large or unknown size. Using getResponseBodyAsStream instead is recommended.
 2016-12-21 10:41:02,724 INFO  com.astrolink.dao.DmLoginExecLinstenerThreadDao  - 文件大小为：5120
 2016-12-21 10:41:02,724 INFO  com.astrolink.dao.DmLoginExecLinstenerThreadDao  - 动漫CP收入上传，文件名为:6992263511445349阳漫_00000000动漫CP收入.xls
 2016-12-21 10:41:03,988 INFO  com.astrolink.util.tools.DbTools  - com.astrolink.dao.DmLoginExecLinstenerThreadDao:INSERT INTO monitor_info (monitorInfo,sendOutType,inputDate)SELECT CONCAT('上传任务id:',spProductTaskId,'<br>业务名称:',spProductName,'<br>业务类型：动漫CP收入<br>失败信息：6992263511445349阳漫_00000000动漫CP收入.xls&nbsp;&nbsp;&nbsp;&nbsp;数据自动补全失败'),'1',NOW() FROM sp_product  AS a INNER JOIN sp_product_task AS b ON a.spProductId=b.spProductId WHERE spProductTaskId=168
 2016-12-21 10:41:04,073 INFO  com.astrolink.dao.DmLoginExecLinstenerThreadDao  - id为168,信息:6992263511445349阳漫_00000000动漫CP收入.xls&nbsp;&nbsp;&nbsp;&nbsp;数据自动补全失败
 2016-12-21 10:41:04,858 INFO  com.astrolink.util.tools.DbTools  - com.astrolink.dao.DmLoginExecLinstenerThreadDao:UPDATE spinfo.sp_product_task SET automaticState = 0 WHERE spProductTaskId=168
 2016-12-21 10:41:04,891 INFO  com.astrolink.dao.DmLoginExecLinstenerThreadDao  - 处理请求结束，id为168
 2016-12-21 10:41:06,640 ERROR com.astrolink.util.tools.PostNetWork_singleton  - java.net.SocketTimeoutException: Read timed out
	at java.net.SocketInputStream.socketRead0(Native Method)
	at java.net.SocketInputStream.socketRead(SocketInputStream.java:116)
	at java.net.SocketInputStream.read(SocketInputStream.java:170)
	at java.net.SocketInputStream.read(SocketInputStream.java:141)
	at sun.security.ssl.InputRecord.readFully(InputRecord.java:465)
	at sun.security.ssl.InputRecord.readV3Record(InputRecord.java:593)
	at sun.security.ssl.InputRecord.read(InputRecord.java:532)
	at sun.security.ssl.SSLSocketImpl.readRecord(SSLSocketImpl.java:973)
	at sun.security.ssl.SSLSocketImpl.readDataRecord(SSLSocketImpl.java:930)
	at sun.security.ssl.AppInputStream.read(AppInputStream.java:105)
	at java.io.BufferedInputStream.read1(BufferedInputStream.java:284)
	at java.io.BufferedInputStream.read(BufferedInputStream.java:345)
	at org.apache.commons.httpclient.ChunkedInputStream.read(ChunkedInputStream.java:182)
	at java.io.FilterInputStream.read(FilterInputStream.java:133)
	at org.apache.commons.httpclient.AutoCloseInputStream.read(AutoCloseInputStream.java:108)
	at sun.nio.cs.StreamDecoder.readBytes(StreamDecoder.java:284)
	at sun.nio.cs.StreamDecoder.implRead(StreamDecoder.java:326)
	at sun.nio.cs.StreamDecoder.read(StreamDecoder.java:178)
	at java.io.InputStreamReader.read(InputStreamReader.java:184)
	at java.io.BufferedReader.fill(BufferedReader.java:161)
	at java.io.BufferedReader.readLine(BufferedReader.java:324)
	at java.io.BufferedReader.readLine(BufferedReader.java:389)
	at com.astrolink.util.tools.PostNetWork_singleton.getHtml(PostNetWork_singleton.java:248)
	at com.astrolink.util.tools.DmLoginTools.post_doNetWork(DmLoginTools.java:574)
	at com.astrolink.util.tools.DmLoginTools.doWork(DmLoginTools.java:81)
	at com.astrolink.dao.DmLoginExecLinstenerThreadDao.exec(DmLoginExecLinstenerThreadDao.java:49)
	at com.astrolink.logic.listener.JobThread.run(JobThread.java:31)

 2016-12-21 10:41:13,060 WARN  org.apache.commons.httpclient.HttpMethodBase  - Going to buffer response body of large or unknown size. Using getResponseBodyAsStream instead is recommended.
 2016-12-21 10:41:13,076 INFO  com.astrolink.dao.DmLoginExecLinstenerThreadDao  - 文件大小为：5120
 2016-12-21 10:41:13,076 INFO  com.astrolink.dao.DmLoginExecLinstenerThreadDao  - 动漫CP收入上传，文件名为:2963696696966966享动漫_00000000动漫CP收入.xls
 2016-12-21 10:41:13,429 WARN  org.apache.commons.httpclient.HttpMethodBase  - Going to buffer response body of large or unknown size. Using getResponseBodyAsStream instead is recommended.
 2016-12-21 10:41:14,081 INFO  com.astrolink.dao.DmLoginExecLinstenerThreadDao  - 文件大小为：65536
 2016-12-21 10:41:14,081 INFO  com.astrolink.dao.DmLoginExecLinstenerThreadDao  - 动漫CP收入上传，文件名为:6416569449629951远浩旺动漫_00000000动漫CP收入.xls
 2016-12-21 10:41:19,494 INFO  com.astrolink.dao.DmLoginExecLinstenerThreadDao  - id为180,信息:6416569449629951远浩旺动漫_00000000动漫CP收入.xls&nbsp;&nbsp;&nbsp;&nbsp;成功
 2016-12-21 10:41:20,209 INFO  com.astrolink.util.tools.DbTools  - com.astrolink.dao.DmLoginExecLinstenerThreadDao:UPDATE spinfo.sp_product_task SET automaticState = 0 WHERE spProductTaskId=180
 2016-12-21 10:41:20,247 INFO  com.astrolink.dao.DmLoginExecLinstenerThreadDao  - 处理请求结束，id为180
 2016-12-21 10:41:24,640 INFO  com.astrolink.util.tools.DbTools  - com.astrolink.dao.DmLoginExecLinstenerThreadDao:INSERT INTO monitor_info (monitorInfo,sendOutType,inputDate)SELECT CONCAT('上传任务id:',spProductTaskId,'<br>业务名称:',spProductName,'<br>业务类型：动漫CP收入<br>失败信息：2963696696966966享动漫_00000000动漫CP收入.xls&nbsp;&nbsp;&nbsp;&nbsp;数据自动补全失败'),'1',NOW() FROM sp_product  AS a INNER JOIN sp_product_task AS b ON a.spProductId=b.spProductId WHERE spProductTaskId=132
 2016-12-21 10:41:24,709 INFO  com.astrolink.dao.DmLoginExecLinstenerThreadDao  - id为132,信息:2963696696966966享动漫_00000000动漫CP收入.xls&nbsp;&nbsp;&nbsp;&nbsp;数据自动补全失败
 2016-12-21 10:41:25,225 INFO  com.astrolink.util.tools.DbTools  - com.astrolink.dao.DmLoginExecLinstenerThreadDao:UPDATE spinfo.sp_product_task SET automaticState = 0 WHERE spProductTaskId=132
 2016-12-21 10:41:25,274 INFO  com.astrolink.dao.DmLoginExecLinstenerThreadDao  - 处理请求结束，id为132
 2016-12-21 10:42:28,904 WARN  org.apache.commons.httpclient.HttpMethodBase  - Going to buffer response body of large or unknown size. Using getResponseBodyAsStream instead is recommended.
 2016-12-21 10:42:29,720 WARN  org.apache.commons.httpclient.HttpMethodBase  - Going to buffer response body of large or unknown size. Using getResponseBodyAsStream instead is recommended.
 2016-12-21 10:42:32,208 INFO  com.astrolink.dao.DmLoginLinstenerThreadDao  - 扫描结束，需要处理的数据个数7
 2016-12-21 10:42:32,208 INFO  com.astrolink.service.DmLoginService  - 数据到达接收器，waitMap数据缓冲数量0execMap执行缓冲数量10
 2016-12-21 10:42:32,208 INFO  com.astrolink.service.DmLoginService  - 数据到达接收器，waitMap数据缓冲数量0execMap执行缓冲数量10
 2016-12-21 10:42:32,208 INFO  com.astrolink.service.DmLoginService  - 数据到达接收器，waitMap数据缓冲数量0execMap执行缓冲数量10
 2016-12-21 10:42:32,208 INFO  com.astrolink.service.DmLoginService  - 数据到达接收器，waitMap数据缓冲数量1execMap执行缓冲数量10
 2016-12-21 10:42:32,208 INFO  com.astrolink.service.DmLoginService  - 数据到达接收器，waitMap数据缓冲数量2execMap执行缓冲数量10
 2016-12-21 10:42:32,208 INFO  com.astrolink.service.DmLoginService  - 数据到达接收器，waitMap数据缓冲数量3execMap执行缓冲数量10
 2016-12-21 10:42:32,208 INFO  com.astrolink.service.DmLoginService  - 数据到达接收器，waitMap数据缓冲数量4execMap执行缓冲数量10
 2016-12-21 10:42:32,208 INFO  com.astrolink.service.DmLoginService  - 查询到,数据同步处理线程，开始添加，id为209
 2016-12-21 10:42:32,208 INFO  com.astrolink.service.DmLoginService  - id为209的处理线程添加成功
 2016-12-21 10:42:32,208 INFO  com.astrolink.service.DmLoginService  - 查询到,数据同步处理线程，开始添加，id为212
 2016-12-21 10:42:32,208 INFO  com.astrolink.service.DmLoginService  - id为212的处理线程添加成功
 2016-12-21 10:42:32,208 INFO  com.astrolink.dao.DmLoginExecLinstenerThreadDao  - 开始处理动漫CP收入，id为209
 2016-12-21 10:42:32,208 INFO  com.astrolink.dao.DmLoginExecLinstenerThreadDao  - 开始处理动漫CP收入，id为212
 2016-12-21 10:42:32,208 INFO  com.astrolink.service.DmLoginService  - 查询到,数据同步处理线程，开始添加，id为203
 2016-12-21 10:42:32,208 INFO  com.astrolink.service.DmLoginService  - id为203的处理线程添加成功
 2016-12-21 10:42:32,208 INFO  com.astrolink.service.DmLoginService  - 查询到,数据同步处理线程，开始添加，id为206
 2016-12-21 10:42:32,208 INFO  com.astrolink.service.DmLoginService  - id为206的处理线程添加成功
 2016-12-21 10:42:32,208 INFO  com.astrolink.service.DmLoginService  - 清除处理结束的缓存，waitMap数据缓冲数量0execMap执行缓冲数量7删除缓冲0
 2016-12-21 10:42:32,224 INFO  com.astrolink.dao.DmLoginExecLinstenerThreadDao  - 开始处理动漫CP收入，id为203
 2016-12-21 10:42:32,224 INFO  com.astrolink.dao.DmLoginExecLinstenerThreadDao  - 开始处理动漫CP收入，id为206
 2016-12-21 10:42:34,318 WARN  org.apache.commons.httpclient.HttpMethodBase  - Going to buffer response body of large or unknown size. Using getResponseBodyAsStream instead is recommended.
 2016-12-21 10:42:34,465 WARN  org.apache.commons.httpclient.HttpMethodBase  - Going to buffer response body of large or unknown size. Using getResponseBodyAsStream instead is recommended.
 2016-12-21 10:42:34,618 WARN  org.apache.commons.httpclient.HttpMethodBase  - Going to buffer response body of large or unknown size. Using getResponseBodyAsStream instead is recommended.
 2016-12-21 10:42:37,062 WARN  org.apache.commons.httpclient.HttpMethodBase  - Going to buffer response body of large or unknown size. Using getResponseBodyAsStream instead is recommended.
 2016-12-21 10:42:47,338 WARN  org.apache.commons.httpclient.HttpMethodBase  - Going to buffer response body of large or unknown size. Using getResponseBodyAsStream instead is recommended.
 2016-12-21 10:42:52,302 WARN  org.apache.commons.httpclient.HttpMethodBase  - Going to buffer response body of large or unknown size. Using getResponseBodyAsStream instead is recommended.
 2016-12-21 10:42:52,691 WARN  org.apache.commons.httpclient.HttpMethodBase  - Going to buffer response body of large or unknown size. Using getResponseBodyAsStream instead is recommended.
 2016-12-21 10:42:57,269 WARN  org.apache.commons.httpclient.HttpMethodBase  - Going to buffer response body of large or unknown size. Using getResponseBodyAsStream instead is recommended.
 2016-12-21 10:42:58,224 WARN  org.apache.commons.httpclient.HttpMethodBase  - Going to buffer response body of large or unknown size. Using getResponseBodyAsStream instead is recommended.
 2016-12-21 10:43:06,102 ERROR com.astrolink.util.tools.PostNetWork_singleton  - java.net.SocketException: Software caused connection abort: recv failed
	at java.net.SocketInputStream.socketRead0(Native Method)
	at java.net.SocketInputStream.socketRead(SocketInputStream.java:116)
	at java.net.SocketInputStream.read(SocketInputStream.java:170)
	at java.net.SocketInputStream.read(SocketInputStream.java:141)
	at java.io.BufferedInputStream.fill(BufferedInputStream.java:246)
	at java.io.BufferedInputStream.read(BufferedInputStream.java:265)
	at org.apache.commons.httpclient.HttpParser.readRawLine(HttpParser.java:78)
	at org.apache.commons.httpclient.HttpParser.readLine(HttpParser.java:106)
	at org.apache.commons.httpclient.HttpConnection.readLine(HttpConnection.java:1116)
	at org.apache.commons.httpclient.HttpMethodBase.readStatusLine(HttpMethodBase.java:1820)
	at org.apache.commons.httpclient.HttpMethodBase.readResponse(HttpMethodBase.java:1611)
	at org.apache.commons.httpclient.HttpMethodBase.execute(HttpMethodBase.java:1033)
	at org.apache.commons.httpclient.HttpMethodDirector.executeWithRetry(HttpMethodDirector.java:398)
	at org.apache.commons.httpclient.HttpMethodDirector.executeMethod(HttpMethodDirector.java:171)
	at org.apache.commons.httpclient.HttpClient.executeMethod(HttpClient.java:397)
	at org.apache.commons.httpclient.HttpClient.executeMethod(HttpClient.java:323)
	at com.astrolink.util.tools.PostNetWork_singleton.executeMethod(PostNetWork_singleton.java:88)
	at com.astrolink.util.tools.DmLoginTools.post_doNetWork(DmLoginTools.java:573)
	at com.astrolink.util.tools.DmLoginTools.post_doNetWork(DmLoginTools.java:599)
	at com.astrolink.util.tools.DmLoginTools.doWork(DmLoginTools.java:295)
	at com.astrolink.dao.DmLoginExecLinstenerThreadDao.exec(DmLoginExecLinstenerThreadDao.java:49)
	at com.astrolink.logic.listener.JobThread.run(JobThread.java:31)

 2016-12-21 10:43:06,102 ERROR com.astrolink.util.tools.PostNetWork_singleton  - java.lang.NullPointerException
	at java.io.Reader.<init>(Reader.java:78)
	at java.io.InputStreamReader.<init>(InputStreamReader.java:97)
	at com.astrolink.util.tools.PostNetWork_singleton.getHtml(PostNetWork_singleton.java:244)
	at com.astrolink.util.tools.DmLoginTools.post_doNetWork(DmLoginTools.java:574)
	at com.astrolink.util.tools.DmLoginTools.post_doNetWork(DmLoginTools.java:599)
	at com.astrolink.util.tools.DmLoginTools.doWork(DmLoginTools.java:295)
	at com.astrolink.dao.DmLoginExecLinstenerThreadDao.exec(DmLoginExecLinstenerThreadDao.java:49)
	at com.astrolink.logic.listener.JobThread.run(JobThread.java:31)

 2016-12-21 10:43:07,344 WARN  org.apache.commons.httpclient.HttpMethodBase  - Going to buffer response body of large or unknown size. Using getResponseBodyAsStream instead is recommended.
 2016-12-21 10:43:11,415 WARN  org.apache.commons.httpclient.HttpMethodBase  - Going to buffer response body of large or unknown size. Using getResponseBodyAsStream instead is recommended.
 2016-12-21 10:43:19,247 INFO  com.astrolink.util.tools.DbTools  - com.astrolink.dao.DmLoginExecLinstenerThreadDao:UPDATE spinfo.sp_product_task SET automaticState = 0 WHERE spProductTaskId=203
 2016-12-21 10:43:19,278 INFO  com.astrolink.dao.DmLoginExecLinstenerThreadDao  - 处理请求结束，id为203
 2016-12-21 10:44:02,924 WARN  org.apache.commons.httpclient.HttpMethodBase  - Going to buffer response body of large or unknown size. Using getResponseBodyAsStream instead is recommended.
 2016-12-21 10:44:02,936 INFO  com.astrolink.dao.DmLoginExecLinstenerThreadDao  - 文件大小为：5120
 2016-12-21 10:44:02,936 INFO  com.astrolink.dao.DmLoginExecLinstenerThreadDao  - 动漫CP收入上传，文件名为:4526315662569633麦克竞跑_00000000动漫CP收入.xls
 2016-12-21 10:44:04,899 INFO  com.astrolink.util.tools.DbTools  - com.astrolink.dao.DmLoginExecLinstenerThreadDao:INSERT INTO monitor_info (monitorInfo,sendOutType,inputDate)SELECT CONCAT('上传任务id:',spProductTaskId,'<br>业务名称:',spProductName,'<br>业务类型：动漫CP收入<br>失败信息：4526315662569633麦克竞跑_00000000动漫CP收入.xls&nbsp;&nbsp;&nbsp;&nbsp;数据自动补全失败'),'1',NOW() FROM sp_product  AS a INNER JOIN sp_product_task AS b ON a.spProductId=b.spProductId WHERE spProductTaskId=142
 2016-12-21 10:44:04,961 INFO  com.astrolink.dao.DmLoginExecLinstenerThreadDao  - id为142,信息:4526315662569633麦克竞跑_00000000动漫CP收入.xls&nbsp;&nbsp;&nbsp;&nbsp;数据自动补全失败
 2016-12-21 10:44:06,077 INFO  com.astrolink.util.tools.DbTools  - com.astrolink.dao.DmLoginExecLinstenerThreadDao:UPDATE spinfo.sp_product_task SET automaticState = 0 WHERE spProductTaskId=142
 2016-12-21 10:44:06,199 INFO  com.astrolink.dao.DmLoginExecLinstenerThreadDao  - 处理请求结束，id为142
 2016-12-21 10:44:08,494 WARN  org.apache.commons.httpclient.HttpMethodBase  - Going to buffer response body of large or unknown size. Using getResponseBodyAsStream instead is recommended.
 2016-12-21 10:45:34,360 INFO  com.astrolink.dao.DmLoginLinstenerThreadDao  - 扫描结束，需要处理的数据个数5
 2016-12-21 10:45:34,360 INFO  com.astrolink.service.DmLoginService  - 数据到达接收器，waitMap数据缓冲数量0execMap执行缓冲数量7
 2016-12-21 10:45:34,360 INFO  com.astrolink.service.DmLoginService  - 数据到达接收器，waitMap数据缓冲数量0execMap执行缓冲数量7
 2016-12-21 10:45:34,360 INFO  com.astrolink.service.DmLoginService  - 数据到达接收器，waitMap数据缓冲数量0execMap执行缓冲数量7
 2016-12-21 10:45:34,374 INFO  com.astrolink.service.DmLoginService  - 数据到达接收器，waitMap数据缓冲数量0execMap执行缓冲数量7
 2016-12-21 10:45:34,374 INFO  com.astrolink.service.DmLoginService  - 数据到达接收器，waitMap数据缓冲数量0execMap执行缓冲数量7
 2016-12-21 10:45:34,374 INFO  com.astrolink.service.DmLoginService  - 清除处理结束的缓存，waitMap数据缓冲数量0execMap执行缓冲数量5删除缓冲0
 2016-12-21 10:46:11,438 ERROR com.astrolink.util.tools.PostNetWork_singleton  - java.net.SocketTimeoutException: Read timed out
	at java.net.SocketInputStream.socketRead0(Native Method)
	at java.net.SocketInputStream.socketRead(SocketInputStream.java:116)
	at java.net.SocketInputStream.read(SocketInputStream.java:170)
	at java.net.SocketInputStream.read(SocketInputStream.java:141)
	at java.io.BufferedInputStream.fill(BufferedInputStream.java:246)
	at java.io.BufferedInputStream.read(BufferedInputStream.java:265)
	at org.apache.commons.httpclient.HttpParser.readRawLine(HttpParser.java:78)
	at org.apache.commons.httpclient.HttpParser.readLine(HttpParser.java:106)
	at org.apache.commons.httpclient.HttpConnection.readLine(HttpConnection.java:1116)
	at org.apache.commons.httpclient.HttpMethodBase.readStatusLine(HttpMethodBase.java:1820)
	at org.apache.commons.httpclient.HttpMethodBase.readResponse(HttpMethodBase.java:1611)
	at org.apache.commons.httpclient.HttpMethodBase.execute(HttpMethodBase.java:1033)
	at org.apache.commons.httpclient.HttpMethodDirector.executeWithRetry(HttpMethodDirector.java:398)
	at org.apache.commons.httpclient.HttpMethodDirector.executeMethod(HttpMethodDirector.java:171)
	at org.apache.commons.httpclient.HttpClient.executeMethod(HttpClient.java:397)
	at org.apache.commons.httpclient.HttpClient.executeMethod(HttpClient.java:323)
	at com.astrolink.util.tools.PostNetWork_singleton.executeMethod(PostNetWork_singleton.java:88)
	at com.astrolink.util.tools.DmLoginTools.post_doNetWork(DmLoginTools.java:573)
	at com.astrolink.util.tools.DmLoginTools.downLoadFile(DmLoginTools.java:317)
	at com.astrolink.util.tools.DmLoginTools.doWork(DmLoginTools.java:264)
	at com.astrolink.dao.DmLoginExecLinstenerThreadDao.exec(DmLoginExecLinstenerThreadDao.java:49)
	at com.astrolink.logic.listener.JobThread.run(JobThread.java:31)

 2016-12-21 10:46:11,438 ERROR com.astrolink.util.tools.PostNetWork_singleton  - java.lang.NullPointerException
	at java.io.Reader.<init>(Reader.java:78)
	at java.io.InputStreamReader.<init>(InputStreamReader.java:97)
	at com.astrolink.util.tools.PostNetWork_singleton.getHtml(PostNetWork_singleton.java:244)
	at com.astrolink.util.tools.DmLoginTools.post_doNetWork(DmLoginTools.java:574)
	at com.astrolink.util.tools.DmLoginTools.downLoadFile(DmLoginTools.java:317)
	at com.astrolink.util.tools.DmLoginTools.doWork(DmLoginTools.java:264)
	at com.astrolink.dao.DmLoginExecLinstenerThreadDao.exec(DmLoginExecLinstenerThreadDao.java:49)
	at com.astrolink.logic.listener.JobThread.run(JobThread.java:31)

 2016-12-21 10:46:12,797 ERROR com.astrolink.util.tools.PostNetWork_singleton  - java.net.SocketTimeoutException: Read timed out
	at java.net.SocketInputStream.socketRead0(Native Method)
	at java.net.SocketInputStream.socketRead(SocketInputStream.java:116)
	at java.net.SocketInputStream.read(SocketInputStream.java:170)
	at java.net.SocketInputStream.read(SocketInputStream.java:141)
	at java.io.BufferedInputStream.fill(BufferedInputStream.java:246)
	at java.io.BufferedInputStream.read(BufferedInputStream.java:265)
	at org.apache.commons.httpclient.HttpParser.readRawLine(HttpParser.java:78)
	at org.apache.commons.httpclient.HttpParser.readLine(HttpParser.java:106)
	at org.apache.commons.httpclient.HttpConnection.readLine(HttpConnection.java:1116)
	at org.apache.commons.httpclient.HttpMethodBase.readStatusLine(HttpMethodBase.java:1820)
	at org.apache.commons.httpclient.HttpMethodBase.readResponse(HttpMethodBase.java:1611)
	at org.apache.commons.httpclient.HttpMethodBase.execute(HttpMethodBase.java:1033)
	at org.apache.commons.httpclient.HttpMethodDirector.executeWithRetry(HttpMethodDirector.java:398)
	at org.apache.commons.httpclient.HttpMethodDirector.executeMethod(HttpMethodDirector.java:171)
	at org.apache.commons.httpclient.HttpClient.executeMethod(HttpClient.java:397)
	at org.apache.commons.httpclient.HttpClient.executeMethod(HttpClient.java:323)
	at com.astrolink.util.tools.PostNetWork_singleton.executeMethod(PostNetWork_singleton.java:88)
	at com.astrolink.util.tools.DmLoginTools.post_doNetWork(DmLoginTools.java:573)
	at com.astrolink.util.tools.DmLoginTools.downLoadFile(DmLoginTools.java:317)
	at com.astrolink.util.tools.DmLoginTools.doWork(DmLoginTools.java:264)
	at com.astrolink.dao.DmLoginExecLinstenerThreadDao.exec(DmLoginExecLinstenerThreadDao.java:49)
	at com.astrolink.logic.listener.JobThread.run(JobThread.java:31)

 2016-12-21 10:46:12,798 ERROR com.astrolink.util.tools.PostNetWork_singleton  - java.lang.NullPointerException
	at java.io.Reader.<init>(Reader.java:78)
	at java.io.InputStreamReader.<init>(InputStreamReader.java:97)
	at com.astrolink.util.tools.PostNetWork_singleton.getHtml(PostNetWork_singleton.java:244)
	at com.astrolink.util.tools.DmLoginTools.post_doNetWork(DmLoginTools.java:574)
	at com.astrolink.util.tools.DmLoginTools.downLoadFile(DmLoginTools.java:317)
	at com.astrolink.util.tools.DmLoginTools.doWork(DmLoginTools.java:264)
	at com.astrolink.dao.DmLoginExecLinstenerThreadDao.exec(DmLoginExecLinstenerThreadDao.java:49)
	at com.astrolink.logic.listener.JobThread.run(JobThread.java:31)

 2016-12-21 10:46:32,037 ERROR com.astrolink.util.tools.PostNetWork_singleton  - java.net.SocketTimeoutException: Read timed out
	at java.net.SocketInputStream.socketRead0(Native Method)
	at java.net.SocketInputStream.socketRead(SocketInputStream.java:116)
	at java.net.SocketInputStream.read(SocketInputStream.java:170)
	at java.net.SocketInputStream.read(SocketInputStream.java:141)
	at java.io.BufferedInputStream.fill(BufferedInputStream.java:246)
	at java.io.BufferedInputStream.read(BufferedInputStream.java:265)
	at org.apache.commons.httpclient.HttpParser.readRawLine(HttpParser.java:78)
	at org.apache.commons.httpclient.HttpParser.readLine(HttpParser.java:106)
	at org.apache.commons.httpclient.HttpConnection.readLine(HttpConnection.java:1116)
	at org.apache.commons.httpclient.HttpMethodBase.readStatusLine(HttpMethodBase.java:1820)
	at org.apache.commons.httpclient.HttpMethodBase.readResponse(HttpMethodBase.java:1611)
	at org.apache.commons.httpclient.HttpMethodBase.execute(HttpMethodBase.java:1033)
	at org.apache.commons.httpclient.HttpMethodDirector.executeWithRetry(HttpMethodDirector.java:398)
	at org.apache.commons.httpclient.HttpMethodDirector.executeMethod(HttpMethodDirector.java:171)
	at org.apache.commons.httpclient.HttpClient.executeMethod(HttpClient.java:397)
	at org.apache.commons.httpclient.HttpClient.executeMethod(HttpClient.java:323)
	at com.astrolink.util.tools.PostNetWork_singleton.executeMethod(PostNetWork_singleton.java:88)
	at com.astrolink.util.tools.DmLoginTools.post_doNetWork(DmLoginTools.java:573)
	at com.astrolink.util.tools.DmLoginTools.downLoadFile(DmLoginTools.java:317)
	at com.astrolink.util.tools.DmLoginTools.doWork(DmLoginTools.java:264)
	at com.astrolink.dao.DmLoginExecLinstenerThreadDao.exec(DmLoginExecLinstenerThreadDao.java:49)
	at com.astrolink.logic.listener.JobThread.run(JobThread.java:31)

 2016-12-21 10:46:32,038 ERROR com.astrolink.util.tools.PostNetWork_singleton  - java.lang.NullPointerException
	at java.io.Reader.<init>(Reader.java:78)
	at java.io.InputStreamReader.<init>(InputStreamReader.java:97)
	at com.astrolink.util.tools.PostNetWork_singleton.getHtml(PostNetWork_singleton.java:244)
	at com.astrolink.util.tools.DmLoginTools.post_doNetWork(DmLoginTools.java:574)
	at com.astrolink.util.tools.DmLoginTools.downLoadFile(DmLoginTools.java:317)
	at com.astrolink.util.tools.DmLoginTools.doWork(DmLoginTools.java:264)
	at com.astrolink.dao.DmLoginExecLinstenerThreadDao.exec(DmLoginExecLinstenerThreadDao.java:49)
	at com.astrolink.logic.listener.JobThread.run(JobThread.java:31)

 2016-12-21 10:46:36,606 ERROR com.astrolink.util.tools.PostNetWork_singleton  - java.net.SocketTimeoutException: Read timed out
	at java.net.SocketInputStream.socketRead0(Native Method)
	at java.net.SocketInputStream.socketRead(SocketInputStream.java:116)
	at java.net.SocketInputStream.read(SocketInputStream.java:170)
	at java.net.SocketInputStream.read(SocketInputStream.java:141)
	at java.io.BufferedInputStream.fill(BufferedInputStream.java:246)
	at java.io.BufferedInputStream.read(BufferedInputStream.java:265)
	at org.apache.commons.httpclient.HttpParser.readRawLine(HttpParser.java:78)
	at org.apache.commons.httpclient.HttpParser.readLine(HttpParser.java:106)
	at org.apache.commons.httpclient.HttpConnection.readLine(HttpConnection.java:1116)
	at org.apache.commons.httpclient.HttpMethodBase.readStatusLine(HttpMethodBase.java:1820)
	at org.apache.commons.httpclient.HttpMethodBase.readResponse(HttpMethodBase.java:1611)
	at org.apache.commons.httpclient.HttpMethodBase.execute(HttpMethodBase.java:1033)
	at org.apache.commons.httpclient.HttpMethodDirector.executeWithRetry(HttpMethodDirector.java:398)
	at org.apache.commons.httpclient.HttpMethodDirector.executeMethod(HttpMethodDirector.java:171)
	at org.apache.commons.httpclient.HttpClient.executeMethod(HttpClient.java:397)
	at org.apache.commons.httpclient.HttpClient.executeMethod(HttpClient.java:323)
	at com.astrolink.util.tools.PostNetWork_singleton.executeMethod(PostNetWork_singleton.java:88)
	at com.astrolink.util.tools.DmLoginTools.post_doNetWork(DmLoginTools.java:573)
	at com.astrolink.util.tools.DmLoginTools.downLoadFile(DmLoginTools.java:317)
	at com.astrolink.util.tools.DmLoginTools.doWork(DmLoginTools.java:264)
	at com.astrolink.dao.DmLoginExecLinstenerThreadDao.exec(DmLoginExecLinstenerThreadDao.java:49)
	at com.astrolink.logic.listener.JobThread.run(JobThread.java:31)

 2016-12-21 10:46:36,607 ERROR com.astrolink.util.tools.PostNetWork_singleton  - java.lang.NullPointerException
	at java.io.Reader.<init>(Reader.java:78)
	at java.io.InputStreamReader.<init>(InputStreamReader.java:97)
	at com.astrolink.util.tools.PostNetWork_singleton.getHtml(PostNetWork_singleton.java:244)
	at com.astrolink.util.tools.DmLoginTools.post_doNetWork(DmLoginTools.java:574)
	at com.astrolink.util.tools.DmLoginTools.downLoadFile(DmLoginTools.java:317)
	at com.astrolink.util.tools.DmLoginTools.doWork(DmLoginTools.java:264)
	at com.astrolink.dao.DmLoginExecLinstenerThreadDao.exec(DmLoginExecLinstenerThreadDao.java:49)
	at com.astrolink.logic.listener.JobThread.run(JobThread.java:31)

 2016-12-21 10:47:51,732 ERROR com.astrolink.util.tools.PostNetWork_singleton  - java.net.SocketTimeoutException: Read timed out
	at java.net.SocketInputStream.socketRead0(Native Method)
	at java.net.SocketInputStream.socketRead(SocketInputStream.java:116)
	at java.net.SocketInputStream.read(SocketInputStream.java:170)
	at java.net.SocketInputStream.read(SocketInputStream.java:141)
	at java.io.BufferedInputStream.fill(BufferedInputStream.java:246)
	at java.io.BufferedInputStream.read(BufferedInputStream.java:265)
	at org.apache.commons.httpclient.HttpParser.readRawLine(HttpParser.java:78)
	at org.apache.commons.httpclient.HttpParser.readLine(HttpParser.java:106)
	at org.apache.commons.httpclient.HttpConnection.readLine(HttpConnection.java:1116)
	at org.apache.commons.httpclient.HttpMethodBase.readStatusLine(HttpMethodBase.java:1820)
	at org.apache.commons.httpclient.HttpMethodBase.readResponse(HttpMethodBase.java:1611)
	at org.apache.commons.httpclient.HttpMethodBase.execute(HttpMethodBase.java:1033)
	at org.apache.commons.httpclient.HttpMethodDirector.executeWithRetry(HttpMethodDirector.java:398)
	at org.apache.commons.httpclient.HttpMethodDirector.executeMethod(HttpMethodDirector.java:171)
	at org.apache.commons.httpclient.HttpClient.executeMethod(HttpClient.java:397)
	at org.apache.commons.httpclient.HttpClient.executeMethod(HttpClient.java:323)
	at com.astrolink.util.tools.PostNetWork_singleton.executeMethod(PostNetWork_singleton.java:88)
	at com.astrolink.util.tools.DmLoginTools.post_doNetWork(DmLoginTools.java:573)
	at com.astrolink.util.tools.DmLoginTools.downLoadFile(DmLoginTools.java:317)
	at com.astrolink.util.tools.DmLoginTools.doWork(DmLoginTools.java:264)
	at com.astrolink.dao.DmLoginExecLinstenerThreadDao.exec(DmLoginExecLinstenerThreadDao.java:49)
	at com.astrolink.logic.listener.JobThread.run(JobThread.java:31)

 2016-12-21 10:47:51,733 ERROR com.astrolink.util.tools.PostNetWork_singleton  - java.lang.NullPointerException
	at java.io.Reader.<init>(Reader.java:78)
	at java.io.InputStreamReader.<init>(InputStreamReader.java:97)
	at com.astrolink.util.tools.PostNetWork_singleton.getHtml(PostNetWork_singleton.java:244)
	at com.astrolink.util.tools.DmLoginTools.post_doNetWork(DmLoginTools.java:574)
	at com.astrolink.util.tools.DmLoginTools.downLoadFile(DmLoginTools.java:317)
	at com.astrolink.util.tools.DmLoginTools.doWork(DmLoginTools.java:264)
	at com.astrolink.dao.DmLoginExecLinstenerThreadDao.exec(DmLoginExecLinstenerThreadDao.java:49)
	at com.astrolink.logic.listener.JobThread.run(JobThread.java:31)

 2016-12-21 10:48:02,250 WARN  org.apache.commons.httpclient.HttpMethodBase  - Going to buffer response body of large or unknown size. Using getResponseBodyAsStream instead is recommended.
 2016-12-21 10:48:02,265 INFO  com.astrolink.dao.DmLoginExecLinstenerThreadDao  - 文件大小为：5120
 2016-12-21 10:48:02,265 INFO  com.astrolink.dao.DmLoginExecLinstenerThreadDao  - 动漫CP收入上传，文件名为:9663916649152234漫盒_00000000动漫CP收入.xls
 2016-12-21 10:48:03,791 INFO  com.astrolink.util.tools.DbTools  - com.astrolink.dao.DmLoginExecLinstenerThreadDao:INSERT INTO monitor_info (monitorInfo,sendOutType,inputDate)SELECT CONCAT('上传任务id:',spProductTaskId,'<br>业务名称:',spProductName,'<br>业务类型：动漫CP收入<br>失败信息：9663916649152234漫盒_00000000动漫CP收入.xls&nbsp;&nbsp;&nbsp;&nbsp;数据自动补全失败'),'1',NOW() FROM sp_product  AS a INNER JOIN sp_product_task AS b ON a.spProductId=b.spProductId WHERE spProductTaskId=151
 2016-12-21 10:48:03,838 INFO  com.astrolink.dao.DmLoginExecLinstenerThreadDao  - id为151,信息:9663916649152234漫盒_00000000动漫CP收入.xls&nbsp;&nbsp;&nbsp;&nbsp;数据自动补全失败
 2016-12-21 10:48:04,574 INFO  com.astrolink.util.tools.DbTools  - com.astrolink.dao.DmLoginExecLinstenerThreadDao:UPDATE spinfo.sp_product_task SET automaticState = 0 WHERE spProductTaskId=151
 2016-12-21 10:48:04,642 INFO  com.astrolink.dao.DmLoginExecLinstenerThreadDao  - 处理请求结束，id为151
 2016-12-21 10:48:40,883 INFO  com.astrolink.dao.DmLoginLinstenerThreadDao  - 扫描结束，需要处理的数据个数4
 2016-12-21 10:48:40,883 INFO  com.astrolink.service.DmLoginService  - 数据到达接收器，waitMap数据缓冲数量0execMap执行缓冲数量5
 2016-12-21 10:48:40,883 INFO  com.astrolink.service.DmLoginService  - 数据到达接收器，waitMap数据缓冲数量0execMap执行缓冲数量5
 2016-12-21 10:48:40,884 INFO  com.astrolink.service.DmLoginService  - 数据到达接收器，waitMap数据缓冲数量0execMap执行缓冲数量5
 2016-12-21 10:48:40,884 INFO  com.astrolink.service.DmLoginService  - 数据到达接收器，waitMap数据缓冲数量0execMap执行缓冲数量5
 2016-12-21 10:48:40,884 INFO  com.astrolink.service.DmLoginService  - 清除处理结束的缓存，waitMap数据缓冲数量0execMap执行缓冲数量4删除缓冲0
 2016-12-21 10:49:11,539 ERROR com.astrolink.util.tools.PostNetWork_singleton  - java.net.SocketTimeoutException: Read timed out
	at java.net.SocketInputStream.socketRead0(Native Method)
	at java.net.SocketInputStream.socketRead(SocketInputStream.java:116)
	at java.net.SocketInputStream.read(SocketInputStream.java:170)
	at java.net.SocketInputStream.read(SocketInputStream.java:141)
	at java.io.BufferedInputStream.fill(BufferedInputStream.java:246)
	at java.io.BufferedInputStream.read(BufferedInputStream.java:265)
	at org.apache.commons.httpclient.HttpParser.readRawLine(HttpParser.java:78)
	at org.apache.commons.httpclient.HttpParser.readLine(HttpParser.java:106)
	at org.apache.commons.httpclient.HttpConnection.readLine(HttpConnection.java:1116)
	at org.apache.commons.httpclient.HttpMethodBase.readStatusLine(HttpMethodBase.java:1820)
	at org.apache.commons.httpclient.HttpMethodBase.readResponse(HttpMethodBase.java:1611)
	at org.apache.commons.httpclient.HttpMethodBase.execute(HttpMethodBase.java:1033)
	at org.apache.commons.httpclient.HttpMethodDirector.executeWithRetry(HttpMethodDirector.java:398)
	at org.apache.commons.httpclient.HttpMethodDirector.executeMethod(HttpMethodDirector.java:171)
	at org.apache.commons.httpclient.HttpClient.executeMethod(HttpClient.java:397)
	at org.apache.commons.httpclient.HttpClient.executeMethod(HttpClient.java:323)
	at com.astrolink.util.tools.PostNetWork_singleton.executeMethod(PostNetWork_singleton.java:88)
	at com.astrolink.util.tools.DmLoginTools.post_doNetWork(DmLoginTools.java:573)
	at com.astrolink.util.tools.DmLoginTools.downLoadFile(DmLoginTools.java:323)
	at com.astrolink.util.tools.DmLoginTools.doWork(DmLoginTools.java:264)
	at com.astrolink.dao.DmLoginExecLinstenerThreadDao.exec(DmLoginExecLinstenerThreadDao.java:49)
	at com.astrolink.logic.listener.JobThread.run(JobThread.java:31)

 2016-12-21 10:49:11,540 ERROR com.astrolink.util.tools.PostNetWork_singleton  - java.lang.NullPointerException
	at java.io.Reader.<init>(Reader.java:78)
	at java.io.InputStreamReader.<init>(InputStreamReader.java:97)
	at com.astrolink.util.tools.PostNetWork_singleton.getHtml(PostNetWork_singleton.java:244)
	at com.astrolink.util.tools.DmLoginTools.post_doNetWork(DmLoginTools.java:574)
	at com.astrolink.util.tools.DmLoginTools.downLoadFile(DmLoginTools.java:323)
	at com.astrolink.util.tools.DmLoginTools.doWork(DmLoginTools.java:264)
	at com.astrolink.dao.DmLoginExecLinstenerThreadDao.exec(DmLoginExecLinstenerThreadDao.java:49)
	at com.astrolink.logic.listener.JobThread.run(JobThread.java:31)

 2016-12-21 10:49:12,873 ERROR com.astrolink.util.tools.PostNetWork_singleton  - java.net.SocketTimeoutException: Read timed out
	at java.net.SocketInputStream.socketRead0(Native Method)
	at java.net.SocketInputStream.socketRead(SocketInputStream.java:116)
	at java.net.SocketInputStream.read(SocketInputStream.java:170)
	at java.net.SocketInputStream.read(SocketInputStream.java:141)
	at java.io.BufferedInputStream.fill(BufferedInputStream.java:246)
	at java.io.BufferedInputStream.read(BufferedInputStream.java:265)
	at org.apache.commons.httpclient.HttpParser.readRawLine(HttpParser.java:78)
	at org.apache.commons.httpclient.HttpParser.readLine(HttpParser.java:106)
	at org.apache.commons.httpclient.HttpConnection.readLine(HttpConnection.java:1116)
	at org.apache.commons.httpclient.HttpMethodBase.readStatusLine(HttpMethodBase.java:1820)
	at org.apache.commons.httpclient.HttpMethodBase.readResponse(HttpMethodBase.java:1611)
	at org.apache.commons.httpclient.HttpMethodBase.execute(HttpMethodBase.java:1033)
	at org.apache.commons.httpclient.HttpMethodDirector.executeWithRetry(HttpMethodDirector.java:398)
	at org.apache.commons.httpclient.HttpMethodDirector.executeMethod(HttpMethodDirector.java:171)
	at org.apache.commons.httpclient.HttpClient.executeMethod(HttpClient.java:397)
	at org.apache.commons.httpclient.HttpClient.executeMethod(HttpClient.java:323)
	at com.astrolink.util.tools.PostNetWork_singleton.executeMethod(PostNetWork_singleton.java:88)
	at com.astrolink.util.tools.DmLoginTools.post_doNetWork(DmLoginTools.java:573)
	at com.astrolink.util.tools.DmLoginTools.downLoadFile(DmLoginTools.java:323)
	at com.astrolink.util.tools.DmLoginTools.doWork(DmLoginTools.java:264)
	at com.astrolink.dao.DmLoginExecLinstenerThreadDao.exec(DmLoginExecLinstenerThreadDao.java:49)
	at com.astrolink.logic.listener.JobThread.run(JobThread.java:31)

 2016-12-21 10:49:12,874 ERROR com.astrolink.util.tools.PostNetWork_singleton  - java.lang.NullPointerException
	at java.io.Reader.<init>(Reader.java:78)
	at java.io.InputStreamReader.<init>(InputStreamReader.java:97)
	at com.astrolink.util.tools.PostNetWork_singleton.getHtml(PostNetWork_singleton.java:244)
	at com.astrolink.util.tools.DmLoginTools.post_doNetWork(DmLoginTools.java:574)
	at com.astrolink.util.tools.DmLoginTools.downLoadFile(DmLoginTools.java:323)
	at com.astrolink.util.tools.DmLoginTools.doWork(DmLoginTools.java:264)
	at com.astrolink.dao.DmLoginExecLinstenerThreadDao.exec(DmLoginExecLinstenerThreadDao.java:49)
	at com.astrolink.logic.listener.JobThread.run(JobThread.java:31)

 2016-12-21 10:49:14,223 ERROR com.astrolink.dao.DmLoginExecLinstenerThreadDao  - java.lang.StringIndexOutOfBoundsException: String index out of range: -1
	at java.lang.String.substring(String.java:1967)
	at com.astrolink.util.tools.DmLoginTools.subStr(DmLoginTools.java:667)
	at com.astrolink.util.tools.DmLoginTools.downLoadFile(DmLoginTools.java:377)
	at com.astrolink.util.tools.DmLoginTools.doWork(DmLoginTools.java:264)
	at com.astrolink.dao.DmLoginExecLinstenerThreadDao.exec(DmLoginExecLinstenerThreadDao.java:49)
	at com.astrolink.logic.listener.JobThread.run(JobThread.java:31)

 2016-12-21 10:49:23,281 WARN  org.apache.commons.httpclient.HttpMethodBase  - Going to buffer response body of large or unknown size. Using getResponseBodyAsStream instead is recommended.
 2016-12-21 10:49:23,366 WARN  org.apache.commons.httpclient.HttpMethodBase  - Going to buffer response body of large or unknown size. Using getResponseBodyAsStream instead is recommended.
 2016-12-21 10:49:23,382 INFO  com.astrolink.dao.DmLoginExecLinstenerThreadDao  - 文件大小为：5120
 2016-12-21 10:49:23,382 INFO  com.astrolink.dao.DmLoginExecLinstenerThreadDao  - 动漫CP收入上传，文件名为:6346654592133914果冻旋风_00000000动漫CP收入.xls
 2016-12-21 10:49:27,619 INFO  com.astrolink.util.tools.DbTools  - com.astrolink.dao.DmLoginExecLinstenerThreadDao:INSERT INTO monitor_info (monitorInfo,sendOutType,inputDate)SELECT CONCAT('上传任务id:',spProductTaskId,'<br>业务名称:',spProductName,'<br>业务类型：动漫CP收入<br>失败信息：6346654592133914果冻旋风_00000000动漫CP收入.xls&nbsp;&nbsp;&nbsp;&nbsp;数据自动补全失败'),'1',NOW() FROM sp_product  AS a INNER JOIN sp_product_task AS b ON a.spProductId=b.spProductId WHERE spProductTaskId=136
 2016-12-21 10:49:27,641 INFO  com.astrolink.dao.DmLoginExecLinstenerThreadDao  - id为136,信息:6346654592133914果冻旋风_00000000动漫CP收入.xls&nbsp;&nbsp;&nbsp;&nbsp;数据自动补全失败
 2016-12-21 10:49:27,969 INFO  com.astrolink.util.tools.DbTools  - com.astrolink.dao.DmLoginExecLinstenerThreadDao:UPDATE spinfo.sp_product_task SET automaticState = 0 WHERE spProductTaskId=136
 2016-12-21 10:49:28,000 INFO  com.astrolink.dao.DmLoginExecLinstenerThreadDao  - 处理请求结束，id为136
 2016-12-21 10:49:32,091 ERROR com.astrolink.util.tools.PostNetWork_singleton  - java.net.SocketTimeoutException: Read timed out
	at java.net.SocketInputStream.socketRead0(Native Method)
	at java.net.SocketInputStream.socketRead(SocketInputStream.java:116)
	at java.net.SocketInputStream.read(SocketInputStream.java:170)
	at java.net.SocketInputStream.read(SocketInputStream.java:141)
	at java.io.BufferedInputStream.fill(BufferedInputStream.java:246)
	at java.io.BufferedInputStream.read(BufferedInputStream.java:265)
	at org.apache.commons.httpclient.HttpParser.readRawLine(HttpParser.java:78)
	at org.apache.commons.httpclient.HttpParser.readLine(HttpParser.java:106)
	at org.apache.commons.httpclient.HttpConnection.readLine(HttpConnection.java:1116)
	at org.apache.commons.httpclient.HttpMethodBase.readStatusLine(HttpMethodBase.java:1820)
	at org.apache.commons.httpclient.HttpMethodBase.readResponse(HttpMethodBase.java:1611)
	at org.apache.commons.httpclient.HttpMethodBase.execute(HttpMethodBase.java:1033)
	at org.apache.commons.httpclient.HttpMethodDirector.executeWithRetry(HttpMethodDirector.java:398)
	at org.apache.commons.httpclient.HttpMethodDirector.executeMethod(HttpMethodDirector.java:171)
	at org.apache.commons.httpclient.HttpClient.executeMethod(HttpClient.java:397)
	at org.apache.commons.httpclient.HttpClient.executeMethod(HttpClient.java:323)
	at com.astrolink.util.tools.PostNetWork_singleton.executeMethod(PostNetWork_singleton.java:88)
	at com.astrolink.util.tools.DmLoginTools.post_doNetWork(DmLoginTools.java:573)
	at com.astrolink.util.tools.DmLoginTools.downLoadFile(DmLoginTools.java:323)
	at com.astrolink.util.tools.DmLoginTools.doWork(DmLoginTools.java:264)
	at com.astrolink.dao.DmLoginExecLinstenerThreadDao.exec(DmLoginExecLinstenerThreadDao.java:49)
	at com.astrolink.logic.listener.JobThread.run(JobThread.java:31)

 2016-12-21 10:49:32,091 ERROR com.astrolink.util.tools.PostNetWork_singleton  - java.lang.NullPointerException
	at java.io.Reader.<init>(Reader.java:78)
	at java.io.InputStreamReader.<init>(InputStreamReader.java:97)
	at com.astrolink.util.tools.PostNetWork_singleton.getHtml(PostNetWork_singleton.java:244)
	at com.astrolink.util.tools.DmLoginTools.post_doNetWork(DmLoginTools.java:574)
	at com.astrolink.util.tools.DmLoginTools.downLoadFile(DmLoginTools.java:323)
	at com.astrolink.util.tools.DmLoginTools.doWork(DmLoginTools.java:264)
	at com.astrolink.dao.DmLoginExecLinstenerThreadDao.exec(DmLoginExecLinstenerThreadDao.java:49)
	at com.astrolink.logic.listener.JobThread.run(JobThread.java:31)

 2016-12-21 10:49:36,690 ERROR com.astrolink.util.tools.PostNetWork_singleton  - java.net.SocketTimeoutException: Read timed out
	at java.net.SocketInputStream.socketRead0(Native Method)
	at java.net.SocketInputStream.socketRead(SocketInputStream.java:116)
	at java.net.SocketInputStream.read(SocketInputStream.java:170)
	at java.net.SocketInputStream.read(SocketInputStream.java:141)
	at java.io.BufferedInputStream.fill(BufferedInputStream.java:246)
	at java.io.BufferedInputStream.read(BufferedInputStream.java:265)
	at org.apache.commons.httpclient.HttpParser.readRawLine(HttpParser.java:78)
	at org.apache.commons.httpclient.HttpParser.readLine(HttpParser.java:106)
	at org.apache.commons.httpclient.HttpConnection.readLine(HttpConnection.java:1116)
	at org.apache.commons.httpclient.HttpMethodBase.readStatusLine(HttpMethodBase.java:1820)
	at org.apache.commons.httpclient.HttpMethodBase.readResponse(HttpMethodBase.java:1611)
	at org.apache.commons.httpclient.HttpMethodBase.execute(HttpMethodBase.java:1033)
	at org.apache.commons.httpclient.HttpMethodDirector.executeWithRetry(HttpMethodDirector.java:398)
	at org.apache.commons.httpclient.HttpMethodDirector.executeMethod(HttpMethodDirector.java:171)
	at org.apache.commons.httpclient.HttpClient.executeMethod(HttpClient.java:397)
	at org.apache.commons.httpclient.HttpClient.executeMethod(HttpClient.java:323)
	at com.astrolink.util.tools.PostNetWork_singleton.executeMethod(PostNetWork_singleton.java:88)
	at com.astrolink.util.tools.DmLoginTools.post_doNetWork(DmLoginTools.java:573)
	at com.astrolink.util.tools.DmLoginTools.downLoadFile(DmLoginTools.java:323)
	at com.astrolink.util.tools.DmLoginTools.doWork(DmLoginTools.java:264)
	at com.astrolink.dao.DmLoginExecLinstenerThreadDao.exec(DmLoginExecLinstenerThreadDao.java:49)
	at com.astrolink.logic.listener.JobThread.run(JobThread.java:31)

 2016-12-21 10:49:36,690 ERROR com.astrolink.util.tools.PostNetWork_singleton  - java.lang.NullPointerException
	at java.io.Reader.<init>(Reader.java:78)
	at java.io.InputStreamReader.<init>(InputStreamReader.java:97)
	at com.astrolink.util.tools.PostNetWork_singleton.getHtml(PostNetWork_singleton.java:244)
	at com.astrolink.util.tools.DmLoginTools.post_doNetWork(DmLoginTools.java:574)
	at com.astrolink.util.tools.DmLoginTools.downLoadFile(DmLoginTools.java:323)
	at com.astrolink.util.tools.DmLoginTools.doWork(DmLoginTools.java:264)
	at com.astrolink.dao.DmLoginExecLinstenerThreadDao.exec(DmLoginExecLinstenerThreadDao.java:49)
	at com.astrolink.logic.listener.JobThread.run(JobThread.java:31)

 2016-12-21 10:49:39,354 WARN  org.apache.commons.httpclient.HttpMethodBase  - Going to buffer response body of large or unknown size. Using getResponseBodyAsStream instead is recommended.
 2016-12-21 10:50:22,287 ERROR com.astrolink.dao.DmLoginExecLinstenerThreadDao  - java.lang.StringIndexOutOfBoundsException: String index out of range: -1
	at java.lang.String.substring(String.java:1967)
	at com.astrolink.util.tools.DmLoginTools.subStr(DmLoginTools.java:667)
	at com.astrolink.util.tools.DmLoginTools.downLoadFile(DmLoginTools.java:377)
	at com.astrolink.util.tools.DmLoginTools.doWork(DmLoginTools.java:264)
	at com.astrolink.dao.DmLoginExecLinstenerThreadDao.exec(DmLoginExecLinstenerThreadDao.java:49)
	at com.astrolink.logic.listener.JobThread.run(JobThread.java:31)

 2016-12-21 10:50:22,556 INFO  com.astrolink.util.tools.DbTools  - com.astrolink.dao.DmLoginExecLinstenerThreadDao:INSERT INTO monitor_info (monitorInfo,sendOutType,inputDate)SELECT CONCAT('上传任务id:',spProductTaskId,'<br>业务名称:',spProductName,'<br>业务类型：动漫CP收入<br>失败信息：下载失败,重试http://121.42.157.151:8080/spInfo/retryAction?spProductTaskId=206'),'1',NOW() FROM sp_product  AS a INNER JOIN sp_product_task AS b ON a.spProductId=b.spProductId WHERE spProductTaskId=206
 2016-12-21 10:58:58,496 INFO  com.astrolink.consts.LoadProperties  - [系统初始化]服务器配置路径.\conf\config.properties
 2016-12-21 10:58:58,518 INFO  com.astrolink.service.DmLoginService  - 数据导入监听服务
 2016-12-21 10:58:58,518 INFO  com.astrolink.service.DmLoginService  - 数据导入监听服务完毕
 2016-12-21 10:59:59,802 INFO  com.astrolink.dao.DmLoginLinstenerThreadDao  - 扫描结束，需要处理的数据个数3
 2016-12-21 10:59:59,802 INFO  com.astrolink.service.DmLoginService  - 数据到达接收器，waitMap数据缓冲数量1execMap执行缓冲数量0
 2016-12-21 10:59:59,802 INFO  com.astrolink.service.DmLoginService  - 数据到达接收器，waitMap数据缓冲数量2execMap执行缓冲数量0
 2016-12-21 10:59:59,802 INFO  com.astrolink.service.DmLoginService  - 数据到达接收器，waitMap数据缓冲数量3execMap执行缓冲数量0
 2016-12-21 10:59:59,803 INFO  com.astrolink.service.DmLoginService  - 查询到,数据同步处理线程，开始添加，id为209
 2016-12-21 10:59:59,804 INFO  com.astrolink.service.DmLoginService  - id为209的处理线程添加成功
 2016-12-21 10:59:59,804 INFO  com.astrolink.service.DmLoginService  - 查询到,数据同步处理线程，开始添加，id为212
 2016-12-21 10:59:59,804 INFO  com.astrolink.service.DmLoginService  - id为212的处理线程添加成功
 2016-12-21 10:59:59,804 INFO  com.astrolink.service.DmLoginService  - 查询到,数据同步处理线程，开始添加，id为206
 2016-12-21 10:59:59,804 INFO  com.astrolink.service.DmLoginService  - id为206的处理线程添加成功
 2016-12-21 10:59:59,804 INFO  com.astrolink.service.DmLoginService  - 清除处理结束的缓存，waitMap数据缓冲数量0execMap执行缓冲数量3删除缓冲0
 2016-12-21 10:59:59,820 INFO  com.astrolink.dao.DmLoginExecLinstenerThreadDao  - 开始处理动漫CP收入，id为209
 2016-12-21 10:59:59,820 INFO  com.astrolink.dao.DmLoginExecLinstenerThreadDao  - 开始处理动漫CP收入，id为212
 2016-12-21 10:59:59,820 INFO  com.astrolink.dao.DmLoginExecLinstenerThreadDao  - 开始处理动漫CP收入，id为206
 