2017-01-09 10:00:38,788 INFO  com.astrolink.dao.DmLoginLinstenerThreadDao  - 扫描结束，需要处理的数据个数1
 2017-01-09 10:00:38,801 INFO  com.astrolink.service.DmLoginService  - 数据到达接收器，waitMap数据缓冲数量0execMap执行缓冲数量1
 2017-01-09 10:00:38,801 INFO  com.astrolink.service.DmLoginService  - 清除处理结束的缓存，waitMap数据缓冲数量0execMap执行缓冲数量1删除缓冲0
 2017-01-09 10:00:52,474 ERROR com.astrolink.util.tools.PostNetWork_singleton  - java.net.SocketTimeoutException: Read timed out
	at java.net.SocketInputStream.socketRead0(Native Method)
	at java.net.SocketInputStream.socketRead(SocketInputStream.java:116)
	at java.net.SocketInputStream.read(SocketInputStream.java:170)
	at java.net.SocketInputStream.read(SocketInputStream.java:141)
	at java.io.BufferedInputStream.fill(BufferedInputStream.java:246)
	at java.io.BufferedInputStream.read(BufferedInputStream.java:265)
	at org.apache.commons.httpclient.HttpParser.readRawLine(HttpParser.java:78)
	at org.apache.commons.httpclient.HttpParser.readLine(HttpParser.java:106)
	at org.apache.commons.httpclient.HttpConnection.readLine(HttpConnection.java:1116)
	at org.apache.commons.httpclient.HttpMethodBase.readStatusLine(HttpMethodBase.java:1820)
	at org.apache.commons.httpclient.HttpMethodBase.readResponse(HttpMethodBase.java:1611)
	at org.apache.commons.httpclient.HttpMethodBase.execute(HttpMethodBase.java:1033)
	at org.apache.commons.httpclient.HttpMethodDirector.executeWithRetry(HttpMethodDirector.java:398)
	at org.apache.commons.httpclient.HttpMethodDirector.executeMethod(HttpMethodDirector.java:171)
	at org.apache.commons.httpclient.HttpClient.executeMethod(HttpClient.java:397)
	at org.apache.commons.httpclient.HttpClient.executeMethod(HttpClient.java:323)
	at com.astrolink.util.tools.PostNetWork_singleton.executeMethod(PostNetWork_singleton.java:88)
	at com.astrolink.util.tools.DmLoginTools.post_doNetWork(DmLoginTools.java:568)
	at com.astrolink.util.tools.DmLoginTools.downLoadFile(DmLoginTools.java:369)
	at com.astrolink.util.tools.DmLoginTools.doWork(DmLoginTools.java:263)
	at com.astrolink.dao.DmLoginExecLinstenerThreadDao.exec(DmLoginExecLinstenerThreadDao.java:57)
	at com.astrolink.logic.listener.JobThread.run(JobThread.java:31)

 2017-01-09 10:00:52,475 ERROR com.astrolink.util.tools.PostNetWork_singleton  - java.lang.NullPointerException
	at java.io.Reader.<init>(Reader.java:78)
	at java.io.InputStreamReader.<init>(InputStreamReader.java:97)
	at com.astrolink.util.tools.PostNetWork_singleton.getHtml(PostNetWork_singleton.java:244)
	at com.astrolink.util.tools.DmLoginTools.post_doNetWork(DmLoginTools.java:569)
	at com.astrolink.util.tools.DmLoginTools.downLoadFile(DmLoginTools.java:369)
	at com.astrolink.util.tools.DmLoginTools.doWork(DmLoginTools.java:263)
	at com.astrolink.dao.DmLoginExecLinstenerThreadDao.exec(DmLoginExecLinstenerThreadDao.java:57)
	at com.astrolink.logic.listener.JobThread.run(JobThread.java:31)

 2017-01-09 10:00:52,475 ERROR com.astrolink.dao.DmLoginExecLinstenerThreadDao  - java.lang.NullPointerException
	at com.astrolink.util.tools.DmLoginTools.subStr(DmLoginTools.java:661)
	at com.astrolink.util.tools.DmLoginTools.downLoadFile(DmLoginTools.java:372)
	at com.astrolink.util.tools.DmLoginTools.doWork(DmLoginTools.java:263)
	at com.astrolink.dao.DmLoginExecLinstenerThreadDao.exec(DmLoginExecLinstenerThreadDao.java:57)
	at com.astrolink.logic.listener.JobThread.run(JobThread.java:31)

 2017-01-09 10:00:56,740 WARN  org.apache.commons.httpclient.HttpMethodBase  - Going to buffer response body of large or unknown size. Using getResponseBodyAsStream instead is recommended.
 2017-01-09 10:01:07,493 INFO  com.astrolink.util.tools.DbTools  - com.astrolink.dao.DmLoginExecLinstenerThreadDao:UPDATE spinfo.sp_product_task SET automaticState = 0 WHERE spProductTaskId=126
 2017-01-09 10:01:07,538 INFO  com.astrolink.dao.DmLoginExecLinstenerThreadDao  - 处理请求结束，id为126
 2017-01-09 10:09:53,002 INFO  com.astrolink.dao.DmLoginLinstenerThreadDao  - 扫描结束，需要处理的数据个数6
 2017-01-09 10:09:53,002 INFO  com.astrolink.service.DmLoginService  - 数据到达接收器，waitMap数据缓冲数量1execMap执行缓冲数量0
 2017-01-09 10:09:53,002 INFO  com.astrolink.service.DmLoginService  - 数据到达接收器，waitMap数据缓冲数量2execMap执行缓冲数量0
 2017-01-09 10:09:53,002 INFO  com.astrolink.service.DmLoginService  - 数据到达接收器，waitMap数据缓冲数量3execMap执行缓冲数量0
 2017-01-09 10:09:53,002 INFO  com.astrolink.service.DmLoginService  - 数据到达接收器，waitMap数据缓冲数量4execMap执行缓冲数量0
 2017-01-09 10:09:53,002 INFO  com.astrolink.service.DmLoginService  - 数据到达接收器，waitMap数据缓冲数量5execMap执行缓冲数量0
 2017-01-09 10:09:53,002 INFO  com.astrolink.service.DmLoginService  - 数据到达接收器，waitMap数据缓冲数量6execMap执行缓冲数量0
 2017-01-09 10:09:53,002 INFO  com.astrolink.service.DmLoginService  - 查询到,数据同步处理线程，开始添加，id为144
 2017-01-09 10:09:53,003 INFO  com.astrolink.service.DmLoginService  - id为144的处理线程添加成功
 2017-01-09 10:09:53,003 INFO  com.astrolink.service.DmLoginService  - 查询到,数据同步处理线程，开始添加，id为211
 2017-01-09 10:09:53,003 INFO  com.astrolink.service.DmLoginService  - id为211的处理线程添加成功
 2017-01-09 10:09:53,003 INFO  com.astrolink.service.DmLoginService  - 查询到,数据同步处理线程，开始添加，id为118
 2017-01-09 10:09:53,003 INFO  com.astrolink.dao.DmLoginExecLinstenerThreadDao  - 开始处理全量投诉，id为144
 2017-01-09 10:09:53,003 INFO  com.astrolink.service.DmLoginService  - id为118的处理线程添加成功
 2017-01-09 10:09:53,003 INFO  com.astrolink.dao.DmLoginExecLinstenerThreadDao  - 开始处理全量投诉，id为211
 2017-01-09 10:09:53,003 INFO  com.astrolink.service.DmLoginService  - 查询到,数据同步处理线程，开始添加，id为214
 2017-01-09 10:09:53,003 INFO  com.astrolink.service.DmLoginService  - id为214的处理线程添加成功
 2017-01-09 10:09:53,003 INFO  com.astrolink.service.DmLoginService  - 查询到,数据同步处理线程，开始添加，id为138
 2017-01-09 10:09:53,003 INFO  com.astrolink.service.DmLoginService  - id为138的处理线程添加成功
 2017-01-09 10:09:53,003 INFO  com.astrolink.service.DmLoginService  - 查询到,数据同步处理线程，开始添加，id为125
 2017-01-09 10:09:53,003 INFO  com.astrolink.dao.DmLoginExecLinstenerThreadDao  - 开始处理全量投诉，id为118
 2017-01-09 10:09:53,004 INFO  com.astrolink.service.DmLoginService  - id为125的处理线程添加成功
 2017-01-09 10:09:53,005 INFO  com.astrolink.dao.DmLoginExecLinstenerThreadDao  - 开始处理全量投诉，id为125
 2017-01-09 10:09:53,005 INFO  com.astrolink.service.DmLoginService  - 清除处理结束的缓存，waitMap数据缓冲数量0execMap执行缓冲数量6删除缓冲0
 2017-01-09 10:09:53,005 INFO  com.astrolink.dao.DmLoginExecLinstenerThreadDao  - 开始处理全量投诉，id为138
 2017-01-09 10:09:53,005 INFO  com.astrolink.dao.DmLoginExecLinstenerThreadDao  - 开始处理全量投诉，id为214
 2017-01-09 10:09:57,553 WARN  org.apache.commons.httpclient.HttpMethodBase  - Going to buffer response body of large or unknown size. Using getResponseBodyAsStream instead is recommended.
 2017-01-09 10:09:57,769 WARN  org.apache.commons.httpclient.HttpMethodBase  - Going to buffer response body of large or unknown size. Using getResponseBodyAsStream instead is recommended.
 2017-01-09 10:09:57,906 WARN  org.apache.commons.httpclient.HttpMethodBase  - Going to buffer response body of large or unknown size. Using getResponseBodyAsStream instead is recommended.
 2017-01-09 10:09:58,222 WARN  org.apache.commons.httpclient.HttpMethodBase  - Going to buffer response body of large or unknown size. Using getResponseBodyAsStream instead is recommended.
 2017-01-09 10:09:58,253 WARN  org.apache.commons.httpclient.HttpMethodBase  - Going to buffer response body of large or unknown size. Using getResponseBodyAsStream instead is recommended.
 2017-01-09 10:10:01,596 WARN  org.apache.commons.httpclient.HttpMethodBase  - Going to buffer response body of large or unknown size. Using getResponseBodyAsStream instead is recommended.
 2017-01-09 10:10:21,401 WARN  org.apache.commons.httpclient.HttpMethodBase  - Going to buffer response body of large or unknown size. Using getResponseBodyAsStream instead is recommended.
 2017-01-09 10:10:24,789 WARN  org.apache.commons.httpclient.HttpMethodBase  - Going to buffer response body of large or unknown size. Using getResponseBodyAsStream instead is recommended.
 2017-01-09 10:10:25,592 WARN  org.apache.commons.httpclient.HttpMethodBase  - Going to buffer response body of large or unknown size. Using getResponseBodyAsStream instead is recommended.
 2017-01-09 10:10:27,850 WARN  org.apache.commons.httpclient.HttpMethodBase  - Going to buffer response body of large or unknown size. Using getResponseBodyAsStream instead is recommended.
 2017-01-09 10:10:29,698 WARN  org.apache.commons.httpclient.HttpMethodBase  - Going to buffer response body of large or unknown size. Using getResponseBodyAsStream instead is recommended.
 2017-01-09 10:10:31,538 ERROR com.astrolink.util.tools.PostNetWork_singleton  - java.net.SocketException: Connection reset
	at java.net.SocketInputStream.read(SocketInputStream.java:209)
	at java.net.SocketInputStream.read(SocketInputStream.java:141)
	at sun.security.ssl.InputRecord.readFully(InputRecord.java:465)
	at sun.security.ssl.InputRecord.readV3Record(InputRecord.java:593)
	at sun.security.ssl.InputRecord.read(InputRecord.java:532)
	at sun.security.ssl.SSLSocketImpl.readRecord(SSLSocketImpl.java:973)
	at sun.security.ssl.SSLSocketImpl.readDataRecord(SSLSocketImpl.java:930)
	at sun.security.ssl.AppInputStream.read(AppInputStream.java:105)
	at java.io.BufferedInputStream.read1(BufferedInputStream.java:284)
	at java.io.BufferedInputStream.read(BufferedInputStream.java:345)
	at org.apache.commons.httpclient.ChunkedInputStream.read(ChunkedInputStream.java:182)
	at java.io.FilterInputStream.read(FilterInputStream.java:133)
	at org.apache.commons.httpclient.AutoCloseInputStream.read(AutoCloseInputStream.java:108)
	at sun.nio.cs.StreamDecoder.readBytes(StreamDecoder.java:284)
	at sun.nio.cs.StreamDecoder.implRead(StreamDecoder.java:326)
	at sun.nio.cs.StreamDecoder.read(StreamDecoder.java:178)
	at java.io.InputStreamReader.read(InputStreamReader.java:184)
	at java.io.BufferedReader.fill(BufferedReader.java:161)
	at java.io.BufferedReader.readLine(BufferedReader.java:324)
	at java.io.BufferedReader.readLine(BufferedReader.java:389)
	at com.astrolink.util.tools.PostNetWork_singleton.getHtml(PostNetWork_singleton.java:248)
	at com.astrolink.util.tools.DmLoginTools.post_doNetWork(DmLoginTools.java:569)
	at com.astrolink.util.tools.DmLoginTools.doWork(DmLoginTools.java:80)
	at com.astrolink.dao.DmLoginExecLinstenerThreadDao.exec(DmLoginExecLinstenerThreadDao.java:69)
	at com.astrolink.logic.listener.JobThread.run(JobThread.java:31)

 2017-01-09 10:10:33,102 WARN  org.apache.commons.httpclient.HttpMethodBase  - Going to buffer response body of large or unknown size. Using getResponseBodyAsStream instead is recommended.
 2017-01-09 10:10:37,646 WARN  org.apache.commons.httpclient.HttpMethodBase  - Going to buffer response body of large or unknown size. Using getResponseBodyAsStream instead is recommended.
 2017-01-09 10:11:21,485 WARN  org.apache.commons.httpclient.HttpMethodBase  - Going to buffer response body of large or unknown size. Using getResponseBodyAsStream instead is recommended.
 2017-01-09 10:11:21,494 INFO  com.astrolink.dao.DmLoginExecLinstenerThreadDao  - 文件大小为：8192
 2017-01-09 10:11:21,494 INFO  com.astrolink.dao.DmLoginExecLinstenerThreadDao  - 全量投诉上传，文件名为:2524561661315296萌死小怪物_00000000全量投诉.xls
 2017-01-09 10:11:23,537 INFO  com.astrolink.dao.DmLoginExecLinstenerThreadDao  - id为214,信息:2524561661315296萌死小怪物_00000000全量投诉.xls&nbsp;&nbsp;&nbsp;&nbsp;成功
 2017-01-09 10:11:23,974 INFO  com.astrolink.util.tools.DbTools  - com.astrolink.dao.DmLoginExecLinstenerThreadDao:UPDATE spinfo.sp_product_task SET automaticState = 0 WHERE spProductTaskId=214
 2017-01-09 10:11:23,989 INFO  com.astrolink.dao.DmLoginExecLinstenerThreadDao  - 处理请求结束，id为214
 2017-01-09 10:12:54,864 INFO  com.astrolink.dao.DmLoginLinstenerThreadDao  - 扫描结束，需要处理的数据个数5
 2017-01-09 10:12:54,864 INFO  com.astrolink.service.DmLoginService  - 数据到达接收器，waitMap数据缓冲数量0execMap执行缓冲数量6
 2017-01-09 10:12:54,864 INFO  com.astrolink.service.DmLoginService  - 数据到达接收器，waitMap数据缓冲数量0execMap执行缓冲数量6
 2017-01-09 10:12:54,864 INFO  com.astrolink.service.DmLoginService  - 数据到达接收器，waitMap数据缓冲数量0execMap执行缓冲数量6
 2017-01-09 10:12:54,864 INFO  com.astrolink.service.DmLoginService  - 数据到达接收器，waitMap数据缓冲数量0execMap执行缓冲数量6
 2017-01-09 10:12:54,864 INFO  com.astrolink.service.DmLoginService  - 数据到达接收器，waitMap数据缓冲数量0execMap执行缓冲数量6
 2017-01-09 10:12:54,874 INFO  com.astrolink.service.DmLoginService  - 清除处理结束的缓存，waitMap数据缓冲数量0execMap执行缓冲数量5删除缓冲0
 2017-01-09 10:13:40,641 ERROR com.astrolink.util.tools.PostNetWork_singleton  - java.net.SocketTimeoutException: Read timed out
	at java.net.SocketInputStream.socketRead0(Native Method)
	at java.net.SocketInputStream.socketRead(SocketInputStream.java:116)
	at java.net.SocketInputStream.read(SocketInputStream.java:170)
	at java.net.SocketInputStream.read(SocketInputStream.java:141)
	at java.io.BufferedInputStream.fill(BufferedInputStream.java:246)
	at java.io.BufferedInputStream.read(BufferedInputStream.java:265)
	at org.apache.commons.httpclient.HttpParser.readRawLine(HttpParser.java:78)
	at org.apache.commons.httpclient.HttpParser.readLine(HttpParser.java:106)
	at org.apache.commons.httpclient.HttpConnection.readLine(HttpConnection.java:1116)
	at org.apache.commons.httpclient.HttpMethodBase.readStatusLine(HttpMethodBase.java:1820)
	at org.apache.commons.httpclient.HttpMethodBase.readResponse(HttpMethodBase.java:1611)
	at org.apache.commons.httpclient.HttpMethodBase.execute(HttpMethodBase.java:1033)
	at org.apache.commons.httpclient.HttpMethodDirector.executeWithRetry(HttpMethodDirector.java:398)
	at org.apache.commons.httpclient.HttpMethodDirector.executeMethod(HttpMethodDirector.java:171)
	at org.apache.commons.httpclient.HttpClient.executeMethod(HttpClient.java:397)
	at org.apache.commons.httpclient.HttpClient.executeMethod(HttpClient.java:323)
	at com.astrolink.util.tools.PostNetWork_singleton.executeMethod(PostNetWork_singleton.java:88)
	at com.astrolink.util.tools.DmLoginTools.post_doNetWork(DmLoginTools.java:568)
	at com.astrolink.util.tools.DmLoginTools.downLoadFile(DmLoginTools.java:312)
	at com.astrolink.util.tools.DmLoginTools.doWork(DmLoginTools.java:263)
	at com.astrolink.dao.DmLoginExecLinstenerThreadDao.exec(DmLoginExecLinstenerThreadDao.java:69)
	at com.astrolink.logic.listener.JobThread.run(JobThread.java:31)

 2017-01-09 10:13:40,641 ERROR com.astrolink.util.tools.PostNetWork_singleton  - java.lang.NullPointerException
	at java.io.Reader.<init>(Reader.java:78)
	at java.io.InputStreamReader.<init>(InputStreamReader.java:97)
	at com.astrolink.util.tools.PostNetWork_singleton.getHtml(PostNetWork_singleton.java:244)
	at com.astrolink.util.tools.DmLoginTools.post_doNetWork(DmLoginTools.java:569)
	at com.astrolink.util.tools.DmLoginTools.downLoadFile(DmLoginTools.java:312)
	at com.astrolink.util.tools.DmLoginTools.doWork(DmLoginTools.java:263)
	at com.astrolink.dao.DmLoginExecLinstenerThreadDao.exec(DmLoginExecLinstenerThreadDao.java:69)
	at com.astrolink.logic.listener.JobThread.run(JobThread.java:31)

 2017-01-09 10:13:42,009 ERROR com.astrolink.util.tools.PostNetWork_singleton  - java.net.SocketTimeoutException: Read timed out
	at java.net.SocketInputStream.socketRead0(Native Method)
	at java.net.SocketInputStream.socketRead(SocketInputStream.java:116)
	at java.net.SocketInputStream.read(SocketInputStream.java:170)
	at java.net.SocketInputStream.read(SocketInputStream.java:141)
	at java.io.BufferedInputStream.fill(BufferedInputStream.java:246)
	at java.io.BufferedInputStream.read(BufferedInputStream.java:265)
	at org.apache.commons.httpclient.HttpParser.readRawLine(HttpParser.java:78)
	at org.apache.commons.httpclient.HttpParser.readLine(HttpParser.java:106)
	at org.apache.commons.httpclient.HttpConnection.readLine(HttpConnection.java:1116)
	at org.apache.commons.httpclient.HttpMethodBase.readStatusLine(HttpMethodBase.java:1820)
	at org.apache.commons.httpclient.HttpMethodBase.readResponse(HttpMethodBase.java:1611)
	at org.apache.commons.httpclient.HttpMethodBase.execute(HttpMethodBase.java:1033)
	at org.apache.commons.httpclient.HttpMethodDirector.executeWithRetry(HttpMethodDirector.java:398)
	at org.apache.commons.httpclient.HttpMethodDirector.executeMethod(HttpMethodDirector.java:171)
	at org.apache.commons.httpclient.HttpClient.executeMethod(HttpClient.java:397)
	at org.apache.commons.httpclient.HttpClient.executeMethod(HttpClient.java:323)
	at com.astrolink.util.tools.PostNetWork_singleton.executeMethod(PostNetWork_singleton.java:88)
	at com.astrolink.util.tools.DmLoginTools.post_doNetWork(DmLoginTools.java:568)
	at com.astrolink.util.tools.DmLoginTools.downLoadFile(DmLoginTools.java:312)
	at com.astrolink.util.tools.DmLoginTools.doWork(DmLoginTools.java:263)
	at com.astrolink.dao.DmLoginExecLinstenerThreadDao.exec(DmLoginExecLinstenerThreadDao.java:69)
	at com.astrolink.logic.listener.JobThread.run(JobThread.java:31)

 2017-01-09 10:13:42,010 ERROR com.astrolink.util.tools.PostNetWork_singleton  - java.lang.NullPointerException
	at java.io.Reader.<init>(Reader.java:78)
	at java.io.InputStreamReader.<init>(InputStreamReader.java:97)
	at com.astrolink.util.tools.PostNetWork_singleton.getHtml(PostNetWork_singleton.java:244)
	at com.astrolink.util.tools.DmLoginTools.post_doNetWork(DmLoginTools.java:569)
	at com.astrolink.util.tools.DmLoginTools.downLoadFile(DmLoginTools.java:312)
	at com.astrolink.util.tools.DmLoginTools.doWork(DmLoginTools.java:263)
	at com.astrolink.dao.DmLoginExecLinstenerThreadDao.exec(DmLoginExecLinstenerThreadDao.java:69)
	at com.astrolink.logic.listener.JobThread.run(JobThread.java:31)

 2017-01-09 10:13:43,928 ERROR com.astrolink.util.tools.PostNetWork_singleton  - java.net.SocketTimeoutException: Read timed out
	at java.net.SocketInputStream.socketRead0(Native Method)
	at java.net.SocketInputStream.socketRead(SocketInputStream.java:116)
	at java.net.SocketInputStream.read(SocketInputStream.java:170)
	at java.net.SocketInputStream.read(SocketInputStream.java:141)
	at java.io.BufferedInputStream.fill(BufferedInputStream.java:246)
	at java.io.BufferedInputStream.read(BufferedInputStream.java:265)
	at org.apache.commons.httpclient.HttpParser.readRawLine(HttpParser.java:78)
	at org.apache.commons.httpclient.HttpParser.readLine(HttpParser.java:106)
	at org.apache.commons.httpclient.HttpConnection.readLine(HttpConnection.java:1116)
	at org.apache.commons.httpclient.HttpMethodBase.readStatusLine(HttpMethodBase.java:1820)
	at org.apache.commons.httpclient.HttpMethodBase.readResponse(HttpMethodBase.java:1611)
	at org.apache.commons.httpclient.HttpMethodBase.execute(HttpMethodBase.java:1033)
	at org.apache.commons.httpclient.HttpMethodDirector.executeWithRetry(HttpMethodDirector.java:398)
	at org.apache.commons.httpclient.HttpMethodDirector.executeMethod(HttpMethodDirector.java:171)
	at org.apache.commons.httpclient.HttpClient.executeMethod(HttpClient.java:397)
	at org.apache.commons.httpclient.HttpClient.executeMethod(HttpClient.java:323)
	at com.astrolink.util.tools.PostNetWork_singleton.executeMethod(PostNetWork_singleton.java:88)
	at com.astrolink.util.tools.DmLoginTools.post_doNetWork(DmLoginTools.java:568)
	at com.astrolink.util.tools.DmLoginTools.downLoadFile(DmLoginTools.java:312)
	at com.astrolink.util.tools.DmLoginTools.doWork(DmLoginTools.java:263)
	at com.astrolink.dao.DmLoginExecLinstenerThreadDao.exec(DmLoginExecLinstenerThreadDao.java:69)
	at com.astrolink.logic.listener.JobThread.run(JobThread.java:31)

 2017-01-09 10:13:43,929 ERROR com.astrolink.util.tools.PostNetWork_singleton  - java.lang.NullPointerException
	at java.io.Reader.<init>(Reader.java:78)
	at java.io.InputStreamReader.<init>(InputStreamReader.java:97)
	at com.astrolink.util.tools.PostNetWork_singleton.getHtml(PostNetWork_singleton.java:244)
	at com.astrolink.util.tools.DmLoginTools.post_doNetWork(DmLoginTools.java:569)
	at com.astrolink.util.tools.DmLoginTools.downLoadFile(DmLoginTools.java:312)
	at com.astrolink.util.tools.DmLoginTools.doWork(DmLoginTools.java:263)
	at com.astrolink.dao.DmLoginExecLinstenerThreadDao.exec(DmLoginExecLinstenerThreadDao.java:69)
	at com.astrolink.logic.listener.JobThread.run(JobThread.java:31)

 2017-01-09 10:13:52,344 WARN  org.apache.commons.httpclient.HttpMethodBase  - Going to buffer response body of large or unknown size. Using getResponseBodyAsStream instead is recommended.
 2017-01-09 10:13:52,360 INFO  com.astrolink.dao.DmLoginExecLinstenerThreadDao  - 文件大小为：5120
 2017-01-09 10:13:52,360 INFO  com.astrolink.dao.DmLoginExecLinstenerThreadDao  - 全量投诉上传，文件名为:6426696469323639哆来咪连萌_600000182全量投诉.xls
 2017-01-09 10:13:53,501 WARN  org.apache.commons.httpclient.HttpMethodBase  - Going to buffer response body of large or unknown size. Using getResponseBodyAsStream instead is recommended.
 2017-01-09 10:13:53,517 INFO  com.astrolink.dao.DmLoginExecLinstenerThreadDao  - 文件大小为：5120
 2017-01-09 10:13:53,517 INFO  com.astrolink.dao.DmLoginExecLinstenerThreadDao  - 全量投诉上传，文件名为:5494356461341463果冻旋风_00000000全量投诉.xls
 2017-01-09 10:13:54,339 INFO  com.astrolink.dao.DmLoginExecLinstenerThreadDao  - id为125,信息:6426696469323639哆来咪连萌_600000182全量投诉.xls&nbsp;&nbsp;&nbsp;&nbsp;成功
 2017-01-09 10:13:54,603 INFO  com.astrolink.util.tools.DbTools  - com.astrolink.dao.DmLoginExecLinstenerThreadDao:UPDATE spinfo.sp_product_task SET automaticState = 0 WHERE spProductTaskId=125
 2017-01-09 10:13:54,634 INFO  com.astrolink.dao.DmLoginExecLinstenerThreadDao  - 处理请求结束，id为125
 2017-01-09 10:13:54,702 INFO  com.astrolink.util.tools.DbTools  - com.astrolink.dao.DmLoginExecLinstenerThreadDao:INSERT INTO monitor_info (monitorInfo,sendOutType,inputDate)SELECT CONCAT('上传任务id:',spProductTaskId,'<br>业务名称:',spProductName,'<br>业务类型：全量投诉<br>失败信息：5494356461341463果冻旋风_00000000全量投诉.xls&nbsp;&nbsp;&nbsp;&nbsp;数据自动补全失败 '),'1',NOW() FROM sp_product  AS a INNER JOIN sp_product_task AS b ON a.spProductId=b.spProductId WHERE spProductTaskId=138
 2017-01-09 10:13:54,734 INFO  com.astrolink.dao.DmLoginExecLinstenerThreadDao  - id为138,信息:5494356461341463果冻旋风_00000000全量投诉.xls&nbsp;&nbsp;&nbsp;&nbsp;数据自动补全失败<hr>
 2017-01-09 10:13:54,937 INFO  com.astrolink.util.tools.DbTools  - com.astrolink.dao.DmLoginExecLinstenerThreadDao:UPDATE spinfo.sp_product_task SET automaticState = 0 WHERE spProductTaskId=138
 2017-01-09 10:13:54,952 INFO  com.astrolink.dao.DmLoginExecLinstenerThreadDao  - 处理请求结束，id为138
 2017-01-09 10:13:56,010 WARN  org.apache.commons.httpclient.HttpMethodBase  - Going to buffer response body of large or unknown size. Using getResponseBodyAsStream instead is recommended.
 2017-01-09 10:13:56,010 INFO  com.astrolink.dao.DmLoginExecLinstenerThreadDao  - 文件大小为：5120
 2017-01-09 10:13:56,010 INFO  com.astrolink.dao.DmLoginExecLinstenerThreadDao  - 全量投诉上传，文件名为:4533453163616625心阅动漫_00000000全量投诉.xls
 2017-01-09 10:13:56,592 ERROR com.astrolink.util.tools.PostNetWork_singleton  - java.net.SocketTimeoutException: Read timed out
	at java.net.SocketInputStream.socketRead0(Native Method)
	at java.net.SocketInputStream.socketRead(SocketInputStream.java:116)
	at java.net.SocketInputStream.read(SocketInputStream.java:170)
	at java.net.SocketInputStream.read(SocketInputStream.java:141)
	at java.io.BufferedInputStream.fill(BufferedInputStream.java:246)
	at java.io.BufferedInputStream.read(BufferedInputStream.java:265)
	at org.apache.commons.httpclient.HttpParser.readRawLine(HttpParser.java:78)
	at org.apache.commons.httpclient.HttpParser.readLine(HttpParser.java:106)
	at org.apache.commons.httpclient.HttpConnection.readLine(HttpConnection.java:1116)
	at org.apache.commons.httpclient.HttpMethodBase.readStatusLine(HttpMethodBase.java:1820)
	at org.apache.commons.httpclient.HttpMethodBase.readResponse(HttpMethodBase.java:1611)
	at org.apache.commons.httpclient.HttpMethodBase.execute(HttpMethodBase.java:1033)
	at org.apache.commons.httpclient.HttpMethodDirector.executeWithRetry(HttpMethodDirector.java:398)
	at org.apache.commons.httpclient.HttpMethodDirector.executeMethod(HttpMethodDirector.java:171)
	at org.apache.commons.httpclient.HttpClient.executeMethod(HttpClient.java:397)
	at org.apache.commons.httpclient.HttpClient.executeMethod(HttpClient.java:323)
	at com.astrolink.util.tools.PostNetWork_singleton.executeMethod(PostNetWork_singleton.java:88)
	at com.astrolink.util.tools.DmLoginTools.post_doNetWork(DmLoginTools.java:568)
	at com.astrolink.util.tools.DmLoginTools.downLoadFile(DmLoginTools.java:312)
	at com.astrolink.util.tools.DmLoginTools.doWork(DmLoginTools.java:263)
	at com.astrolink.dao.DmLoginExecLinstenerThreadDao.exec(DmLoginExecLinstenerThreadDao.java:69)
	at com.astrolink.logic.listener.JobThread.run(JobThread.java:31)

 2017-01-09 10:13:56,592 ERROR com.astrolink.util.tools.PostNetWork_singleton  - java.lang.NullPointerException
	at java.io.Reader.<init>(Reader.java:78)
	at java.io.InputStreamReader.<init>(InputStreamReader.java:97)
	at com.astrolink.util.tools.PostNetWork_singleton.getHtml(PostNetWork_singleton.java:244)
	at com.astrolink.util.tools.DmLoginTools.post_doNetWork(DmLoginTools.java:569)
	at com.astrolink.util.tools.DmLoginTools.downLoadFile(DmLoginTools.java:312)
	at com.astrolink.util.tools.DmLoginTools.doWork(DmLoginTools.java:263)
	at com.astrolink.dao.DmLoginExecLinstenerThreadDao.exec(DmLoginExecLinstenerThreadDao.java:69)
	at com.astrolink.logic.listener.JobThread.run(JobThread.java:31)

 2017-01-09 10:13:56,730 ERROR com.astrolink.util.tools.PostNetWork_singleton  - java.net.SocketTimeoutException: Read timed out
	at java.net.SocketInputStream.socketRead0(Native Method)
	at java.net.SocketInputStream.socketRead(SocketInputStream.java:116)
	at java.net.SocketInputStream.read(SocketInputStream.java:170)
	at java.net.SocketInputStream.read(SocketInputStream.java:141)
	at java.io.BufferedInputStream.fill(BufferedInputStream.java:246)
	at java.io.BufferedInputStream.read(BufferedInputStream.java:265)
	at org.apache.commons.httpclient.HttpParser.readRawLine(HttpParser.java:78)
	at org.apache.commons.httpclient.HttpParser.readLine(HttpParser.java:106)
	at org.apache.commons.httpclient.HttpConnection.readLine(HttpConnection.java:1116)
	at org.apache.commons.httpclient.HttpMethodBase.readStatusLine(HttpMethodBase.java:1820)
	at org.apache.commons.httpclient.HttpMethodBase.readResponse(HttpMethodBase.java:1611)
	at org.apache.commons.httpclient.HttpMethodBase.execute(HttpMethodBase.java:1033)
	at org.apache.commons.httpclient.HttpMethodDirector.executeWithRetry(HttpMethodDirector.java:398)
	at org.apache.commons.httpclient.HttpMethodDirector.executeMethod(HttpMethodDirector.java:171)
	at org.apache.commons.httpclient.HttpClient.executeMethod(HttpClient.java:397)
	at org.apache.commons.httpclient.HttpClient.executeMethod(HttpClient.java:323)
	at com.astrolink.util.tools.PostNetWork_singleton.executeMethod(PostNetWork_singleton.java:88)
	at com.astrolink.util.tools.DmLoginTools.post_doNetWork(DmLoginTools.java:568)
	at com.astrolink.util.tools.DmLoginTools.downLoadFile(DmLoginTools.java:312)
	at com.astrolink.util.tools.DmLoginTools.doWork(DmLoginTools.java:263)
	at com.astrolink.dao.DmLoginExecLinstenerThreadDao.exec(DmLoginExecLinstenerThreadDao.java:69)
	at com.astrolink.logic.listener.JobThread.run(JobThread.java:31)

 2017-01-09 10:13:56,730 ERROR com.astrolink.util.tools.PostNetWork_singleton  - java.lang.NullPointerException
	at java.io.Reader.<init>(Reader.java:78)
	at java.io.InputStreamReader.<init>(InputStreamReader.java:97)
	at com.astrolink.util.tools.PostNetWork_singleton.getHtml(PostNetWork_singleton.java:244)
	at com.astrolink.util.tools.DmLoginTools.post_doNetWork(DmLoginTools.java:569)
	at com.astrolink.util.tools.DmLoginTools.downLoadFile(DmLoginTools.java:312)
	at com.astrolink.util.tools.DmLoginTools.doWork(DmLoginTools.java:263)
	at com.astrolink.dao.DmLoginExecLinstenerThreadDao.exec(DmLoginExecLinstenerThreadDao.java:69)
	at com.astrolink.logic.listener.JobThread.run(JobThread.java:31)

 2017-01-09 10:13:57,200 INFO  com.astrolink.dao.DmLoginExecLinstenerThreadDao  - id为118,信息:4533453163616625心阅动漫_00000000全量投诉.xls&nbsp;&nbsp;&nbsp;&nbsp;成功
 2017-01-09 10:13:58,016 INFO  com.astrolink.util.tools.DbTools  - com.astrolink.dao.DmLoginExecLinstenerThreadDao:UPDATE spinfo.sp_product_task SET automaticState = 0 WHERE spProductTaskId=118
 2017-01-09 10:13:58,033 INFO  com.astrolink.dao.DmLoginExecLinstenerThreadDao  - 处理请求结束，id为118
 2017-01-09 10:14:08,443 WARN  org.apache.commons.httpclient.HttpMethodBase  - Going to buffer response body of large or unknown size. Using getResponseBodyAsStream instead is recommended.
 2017-01-09 10:14:08,443 WARN  org.apache.commons.httpclient.HttpMethodBase  - Going to buffer response body of large or unknown size. Using getResponseBodyAsStream instead is recommended.
 2017-01-09 10:14:08,463 INFO  com.astrolink.dao.DmLoginExecLinstenerThreadDao  - 文件大小为：5120
 2017-01-09 10:14:08,463 INFO  com.astrolink.dao.DmLoginExecLinstenerThreadDao  - 文件大小为：5120
 2017-01-09 10:14:08,463 INFO  com.astrolink.dao.DmLoginExecLinstenerThreadDao  - 全量投诉上传，文件名为:1226651165454545暴击忍者_00000000全量投诉.xls
 2017-01-09 10:14:08,463 INFO  com.astrolink.dao.DmLoginExecLinstenerThreadDao  - 全量投诉上传，文件名为:6965993349235416麦克竞跑_00000000全量投诉.xls
 2017-01-09 10:14:10,686 INFO  com.astrolink.util.tools.DbTools  - com.astrolink.dao.DmLoginExecLinstenerThreadDao:INSERT INTO monitor_info (monitorInfo,sendOutType,inputDate)SELECT CONCAT('上传任务id:',spProductTaskId,'<br>业务名称:',spProductName,'<br>业务类型：全量投诉<br>失败信息：1226651165454545暴击忍者_00000000全量投诉.xls&nbsp;&nbsp;&nbsp;&nbsp;数据自动补全失败 '),'1',NOW() FROM sp_product  AS a INNER JOIN sp_product_task AS b ON a.spProductId=b.spProductId WHERE spProductTaskId=211
 2017-01-09 10:14:10,717 INFO  com.astrolink.dao.DmLoginExecLinstenerThreadDao  - id为211,信息:1226651165454545暴击忍者_00000000全量投诉.xls&nbsp;&nbsp;&nbsp;&nbsp;数据自动补全失败<hr>
 2017-01-09 10:14:10,717 INFO  com.astrolink.util.tools.DbTools  - com.astrolink.dao.DmLoginExecLinstenerThreadDao:INSERT INTO monitor_info (monitorInfo,sendOutType,inputDate)SELECT CONCAT('上传任务id:',spProductTaskId,'<br>业务名称:',spProductName,'<br>业务类型：全量投诉<br>失败信息：6965993349235416麦克竞跑_00000000全量投诉.xls&nbsp;&nbsp;&nbsp;&nbsp;数据自动补全失败 '),'1',NOW() FROM sp_product  AS a INNER JOIN sp_product_task AS b ON a.spProductId=b.spProductId WHERE spProductTaskId=144
 2017-01-09 10:14:10,786 INFO  com.astrolink.dao.DmLoginExecLinstenerThreadDao  - id为144,信息:6965993349235416麦克竞跑_00000000全量投诉.xls&nbsp;&nbsp;&nbsp;&nbsp;数据自动补全失败<hr>
 2017-01-09 10:14:11,270 INFO  com.astrolink.util.tools.DbTools  - com.astrolink.dao.DmLoginExecLinstenerThreadDao:UPDATE spinfo.sp_product_task SET automaticState = 0 WHERE spProductTaskId=211
 2017-01-09 10:14:11,304 INFO  com.astrolink.dao.DmLoginExecLinstenerThreadDao  - 处理请求结束，id为211
 2017-01-09 10:14:11,409 INFO  com.astrolink.util.tools.DbTools  - com.astrolink.dao.DmLoginExecLinstenerThreadDao:UPDATE spinfo.sp_product_task SET automaticState = 0 WHERE spProductTaskId=144
 2017-01-09 10:14:11,430 INFO  com.astrolink.dao.DmLoginExecLinstenerThreadDao  - 处理请求结束，id为144
 