2016-12-21 11:00:16,198 WARN  org.apache.commons.httpclient.HttpMethodBase  - Going to buffer response body of large or unknown size. Using getResponseBodyAsStream instead is recommended.
 2016-12-21 11:00:21,552 WARN  org.apache.commons.httpclient.HttpMethodBase  - Going to buffer response body of large or unknown size. Using getResponseBodyAsStream instead is recommended.
 2016-12-21 11:00:22,855 WARN  org.apache.commons.httpclient.HttpMethodBase  - Going to buffer response body of large or unknown size. Using getResponseBodyAsStream instead is recommended.
 2016-12-21 11:01:04,719 WARN  org.apache.commons.httpclient.HttpMethodBase  - Going to buffer response body of large or unknown size. Using getResponseBodyAsStream instead is recommended.
 2016-12-21 11:01:05,575 WARN  org.apache.commons.httpclient.HttpMethodBase  - Going to buffer response body of large or unknown size. Using getResponseBodyAsStream instead is recommended.
 2016-12-21 11:01:10,814 WARN  org.apache.commons.httpclient.HttpMethodBase  - Going to buffer response body of large or unknown size. Using getResponseBodyAsStream instead is recommended.
 2016-12-21 11:03:55,588 INFO  com.astrolink.dao.DmLoginLinstenerThreadDao  - 扫描结束，需要处理的数据个数3
 2016-12-21 11:03:55,588 INFO  com.astrolink.service.DmLoginService  - 数据到达接收器，waitMap数据缓冲数量0execMap执行缓冲数量3
 2016-12-21 11:03:55,597 INFO  com.astrolink.service.DmLoginService  - 数据到达接收器，waitMap数据缓冲数量0execMap执行缓冲数量3
 2016-12-21 11:03:55,597 INFO  com.astrolink.service.DmLoginService  - 数据到达接收器，waitMap数据缓冲数量0execMap执行缓冲数量3
 2016-12-21 11:03:55,597 INFO  com.astrolink.service.DmLoginService  - 清除处理结束的缓存，waitMap数据缓冲数量0execMap执行缓冲数量3删除缓冲0
 2016-12-21 11:04:54,726 ERROR com.astrolink.util.tools.PostNetWork_singleton  - java.net.SocketTimeoutException: Read timed out
	at java.net.SocketInputStream.socketRead0(Native Method)
	at java.net.SocketInputStream.socketRead(SocketInputStream.java:116)
	at java.net.SocketInputStream.read(SocketInputStream.java:170)
	at java.net.SocketInputStream.read(SocketInputStream.java:141)
	at java.io.BufferedInputStream.fill(BufferedInputStream.java:246)
	at java.io.BufferedInputStream.read(BufferedInputStream.java:265)
	at org.apache.commons.httpclient.HttpParser.readRawLine(HttpParser.java:78)
	at org.apache.commons.httpclient.HttpParser.readLine(HttpParser.java:106)
	at org.apache.commons.httpclient.HttpConnection.readLine(HttpConnection.java:1116)
	at org.apache.commons.httpclient.HttpMethodBase.readStatusLine(HttpMethodBase.java:1820)
	at org.apache.commons.httpclient.HttpMethodBase.readResponse(HttpMethodBase.java:1611)
	at org.apache.commons.httpclient.HttpMethodBase.execute(HttpMethodBase.java:1033)
	at org.apache.commons.httpclient.HttpMethodDirector.executeWithRetry(HttpMethodDirector.java:398)
	at org.apache.commons.httpclient.HttpMethodDirector.executeMethod(HttpMethodDirector.java:171)
	at org.apache.commons.httpclient.HttpClient.executeMethod(HttpClient.java:397)
	at org.apache.commons.httpclient.HttpClient.executeMethod(HttpClient.java:323)
	at com.astrolink.util.tools.PostNetWork_singleton.executeMethod(PostNetWork_singleton.java:88)
	at com.astrolink.util.tools.DmLoginTools.post_doNetWork(DmLoginTools.java:573)
	at com.astrolink.util.tools.DmLoginTools.downLoadFile(DmLoginTools.java:317)
	at com.astrolink.util.tools.DmLoginTools.doWork(DmLoginTools.java:264)
	at com.astrolink.dao.DmLoginExecLinstenerThreadDao.exec(DmLoginExecLinstenerThreadDao.java:49)
	at com.astrolink.logic.listener.JobThread.run(JobThread.java:31)

 2016-12-21 11:04:54,726 ERROR com.astrolink.util.tools.PostNetWork_singleton  - java.lang.NullPointerException
	at java.io.Reader.<init>(Reader.java:78)
	at java.io.InputStreamReader.<init>(InputStreamReader.java:97)
	at com.astrolink.util.tools.PostNetWork_singleton.getHtml(PostNetWork_singleton.java:244)
	at com.astrolink.util.tools.DmLoginTools.post_doNetWork(DmLoginTools.java:574)
	at com.astrolink.util.tools.DmLoginTools.downLoadFile(DmLoginTools.java:317)
	at com.astrolink.util.tools.DmLoginTools.doWork(DmLoginTools.java:264)
	at com.astrolink.dao.DmLoginExecLinstenerThreadDao.exec(DmLoginExecLinstenerThreadDao.java:49)
	at com.astrolink.logic.listener.JobThread.run(JobThread.java:31)

 2016-12-21 11:04:54,964 ERROR com.astrolink.util.tools.PostNetWork_singleton  - java.net.SocketTimeoutException: Read timed out
	at java.net.SocketInputStream.socketRead0(Native Method)
	at java.net.SocketInputStream.socketRead(SocketInputStream.java:116)
	at java.net.SocketInputStream.read(SocketInputStream.java:170)
	at java.net.SocketInputStream.read(SocketInputStream.java:141)
	at java.io.BufferedInputStream.fill(BufferedInputStream.java:246)
	at java.io.BufferedInputStream.read(BufferedInputStream.java:265)
	at org.apache.commons.httpclient.HttpParser.readRawLine(HttpParser.java:78)
	at org.apache.commons.httpclient.HttpParser.readLine(HttpParser.java:106)
	at org.apache.commons.httpclient.HttpConnection.readLine(HttpConnection.java:1116)
	at org.apache.commons.httpclient.HttpMethodBase.readStatusLine(HttpMethodBase.java:1820)
	at org.apache.commons.httpclient.HttpMethodBase.readResponse(HttpMethodBase.java:1611)
	at org.apache.commons.httpclient.HttpMethodBase.execute(HttpMethodBase.java:1033)
	at org.apache.commons.httpclient.HttpMethodDirector.executeWithRetry(HttpMethodDirector.java:398)
	at org.apache.commons.httpclient.HttpMethodDirector.executeMethod(HttpMethodDirector.java:171)
	at org.apache.commons.httpclient.HttpClient.executeMethod(HttpClient.java:397)
	at org.apache.commons.httpclient.HttpClient.executeMethod(HttpClient.java:323)
	at com.astrolink.util.tools.PostNetWork_singleton.executeMethod(PostNetWork_singleton.java:88)
	at com.astrolink.util.tools.DmLoginTools.post_doNetWork(DmLoginTools.java:573)
	at com.astrolink.util.tools.DmLoginTools.downLoadFile(DmLoginTools.java:317)
	at com.astrolink.util.tools.DmLoginTools.doWork(DmLoginTools.java:264)
	at com.astrolink.dao.DmLoginExecLinstenerThreadDao.exec(DmLoginExecLinstenerThreadDao.java:49)
	at com.astrolink.logic.listener.JobThread.run(JobThread.java:31)

 2016-12-21 11:04:54,964 ERROR com.astrolink.util.tools.PostNetWork_singleton  - java.lang.NullPointerException
	at java.io.Reader.<init>(Reader.java:78)
	at java.io.InputStreamReader.<init>(InputStreamReader.java:97)
	at com.astrolink.util.tools.PostNetWork_singleton.getHtml(PostNetWork_singleton.java:244)
	at com.astrolink.util.tools.DmLoginTools.post_doNetWork(DmLoginTools.java:574)
	at com.astrolink.util.tools.DmLoginTools.downLoadFile(DmLoginTools.java:317)
	at com.astrolink.util.tools.DmLoginTools.doWork(DmLoginTools.java:264)
	at com.astrolink.dao.DmLoginExecLinstenerThreadDao.exec(DmLoginExecLinstenerThreadDao.java:49)
	at com.astrolink.logic.listener.JobThread.run(JobThread.java:31)

 2016-12-21 11:04:57,864 ERROR com.astrolink.util.tools.PostNetWork_singleton  - java.net.SocketTimeoutException: Read timed out
	at java.net.SocketInputStream.socketRead0(Native Method)
	at java.net.SocketInputStream.socketRead(SocketInputStream.java:116)
	at java.net.SocketInputStream.read(SocketInputStream.java:170)
	at java.net.SocketInputStream.read(SocketInputStream.java:141)
	at java.io.BufferedInputStream.fill(BufferedInputStream.java:246)
	at java.io.BufferedInputStream.read(BufferedInputStream.java:265)
	at org.apache.commons.httpclient.HttpParser.readRawLine(HttpParser.java:78)
	at org.apache.commons.httpclient.HttpParser.readLine(HttpParser.java:106)
	at org.apache.commons.httpclient.HttpConnection.readLine(HttpConnection.java:1116)
	at org.apache.commons.httpclient.HttpMethodBase.readStatusLine(HttpMethodBase.java:1820)
	at org.apache.commons.httpclient.HttpMethodBase.readResponse(HttpMethodBase.java:1611)
	at org.apache.commons.httpclient.HttpMethodBase.execute(HttpMethodBase.java:1033)
	at org.apache.commons.httpclient.HttpMethodDirector.executeWithRetry(HttpMethodDirector.java:398)
	at org.apache.commons.httpclient.HttpMethodDirector.executeMethod(HttpMethodDirector.java:171)
	at org.apache.commons.httpclient.HttpClient.executeMethod(HttpClient.java:397)
	at org.apache.commons.httpclient.HttpClient.executeMethod(HttpClient.java:323)
	at com.astrolink.util.tools.PostNetWork_singleton.executeMethod(PostNetWork_singleton.java:88)
	at com.astrolink.util.tools.DmLoginTools.post_doNetWork(DmLoginTools.java:573)
	at com.astrolink.util.tools.DmLoginTools.downLoadFile(DmLoginTools.java:317)
	at com.astrolink.util.tools.DmLoginTools.doWork(DmLoginTools.java:264)
	at com.astrolink.dao.DmLoginExecLinstenerThreadDao.exec(DmLoginExecLinstenerThreadDao.java:49)
	at com.astrolink.logic.listener.JobThread.run(JobThread.java:31)

 2016-12-21 11:04:57,865 ERROR com.astrolink.util.tools.PostNetWork_singleton  - java.lang.NullPointerException
	at java.io.Reader.<init>(Reader.java:78)
	at java.io.InputStreamReader.<init>(InputStreamReader.java:97)
	at com.astrolink.util.tools.PostNetWork_singleton.getHtml(PostNetWork_singleton.java:244)
	at com.astrolink.util.tools.DmLoginTools.post_doNetWork(DmLoginTools.java:574)
	at com.astrolink.util.tools.DmLoginTools.downLoadFile(DmLoginTools.java:317)
	at com.astrolink.util.tools.DmLoginTools.doWork(DmLoginTools.java:264)
	at com.astrolink.dao.DmLoginExecLinstenerThreadDao.exec(DmLoginExecLinstenerThreadDao.java:49)
	at com.astrolink.logic.listener.JobThread.run(JobThread.java:31)

 2016-12-21 11:07:49,353 INFO  com.astrolink.dao.DmLoginLinstenerThreadDao  - 扫描结束，需要处理的数据个数3
 2016-12-21 11:07:49,353 INFO  com.astrolink.service.DmLoginService  - 数据到达接收器，waitMap数据缓冲数量0execMap执行缓冲数量3
 2016-12-21 11:07:49,362 INFO  com.astrolink.service.DmLoginService  - 数据到达接收器，waitMap数据缓冲数量0execMap执行缓冲数量3
 2016-12-21 11:07:49,362 INFO  com.astrolink.service.DmLoginService  - 数据到达接收器，waitMap数据缓冲数量0execMap执行缓冲数量3
 2016-12-21 11:07:49,362 INFO  com.astrolink.service.DmLoginService  - 清除处理结束的缓存，waitMap数据缓冲数量0execMap执行缓冲数量3删除缓冲0
 2016-12-21 11:07:55,373 ERROR com.astrolink.util.tools.PostNetWork_singleton  - java.net.SocketTimeoutException: Read timed out
	at java.net.SocketInputStream.socketRead0(Native Method)
	at java.net.SocketInputStream.socketRead(SocketInputStream.java:116)
	at java.net.SocketInputStream.read(SocketInputStream.java:170)
	at java.net.SocketInputStream.read(SocketInputStream.java:141)
	at java.io.BufferedInputStream.fill(BufferedInputStream.java:246)
	at java.io.BufferedInputStream.read(BufferedInputStream.java:265)
	at org.apache.commons.httpclient.HttpParser.readRawLine(HttpParser.java:78)
	at org.apache.commons.httpclient.HttpParser.readLine(HttpParser.java:106)
	at org.apache.commons.httpclient.HttpConnection.readLine(HttpConnection.java:1116)
	at org.apache.commons.httpclient.HttpMethodBase.readStatusLine(HttpMethodBase.java:1820)
	at org.apache.commons.httpclient.HttpMethodBase.readResponse(HttpMethodBase.java:1611)
	at org.apache.commons.httpclient.HttpMethodBase.execute(HttpMethodBase.java:1033)
	at org.apache.commons.httpclient.HttpMethodDirector.executeWithRetry(HttpMethodDirector.java:398)
	at org.apache.commons.httpclient.HttpMethodDirector.executeMethod(HttpMethodDirector.java:171)
	at org.apache.commons.httpclient.HttpClient.executeMethod(HttpClient.java:397)
	at org.apache.commons.httpclient.HttpClient.executeMethod(HttpClient.java:323)
	at com.astrolink.util.tools.PostNetWork_singleton.executeMethod(PostNetWork_singleton.java:88)
	at com.astrolink.util.tools.DmLoginTools.post_doNetWork(DmLoginTools.java:573)
	at com.astrolink.util.tools.DmLoginTools.downLoadFile(DmLoginTools.java:323)
	at com.astrolink.util.tools.DmLoginTools.doWork(DmLoginTools.java:264)
	at com.astrolink.dao.DmLoginExecLinstenerThreadDao.exec(DmLoginExecLinstenerThreadDao.java:49)
	at com.astrolink.logic.listener.JobThread.run(JobThread.java:31)

 2016-12-21 11:07:55,373 ERROR com.astrolink.util.tools.PostNetWork_singleton  - java.lang.NullPointerException
	at java.io.Reader.<init>(Reader.java:78)
	at java.io.InputStreamReader.<init>(InputStreamReader.java:97)
	at com.astrolink.util.tools.PostNetWork_singleton.getHtml(PostNetWork_singleton.java:244)
	at com.astrolink.util.tools.DmLoginTools.post_doNetWork(DmLoginTools.java:574)
	at com.astrolink.util.tools.DmLoginTools.downLoadFile(DmLoginTools.java:323)
	at com.astrolink.util.tools.DmLoginTools.doWork(DmLoginTools.java:264)
	at com.astrolink.dao.DmLoginExecLinstenerThreadDao.exec(DmLoginExecLinstenerThreadDao.java:49)
	at com.astrolink.logic.listener.JobThread.run(JobThread.java:31)

 2016-12-21 11:07:55,705 ERROR com.astrolink.util.tools.PostNetWork_singleton  - java.net.SocketTimeoutException: Read timed out
	at java.net.SocketInputStream.socketRead0(Native Method)
	at java.net.SocketInputStream.socketRead(SocketInputStream.java:116)
	at java.net.SocketInputStream.read(SocketInputStream.java:170)
	at java.net.SocketInputStream.read(SocketInputStream.java:141)
	at java.io.BufferedInputStream.fill(BufferedInputStream.java:246)
	at java.io.BufferedInputStream.read(BufferedInputStream.java:265)
	at org.apache.commons.httpclient.HttpParser.readRawLine(HttpParser.java:78)
	at org.apache.commons.httpclient.HttpParser.readLine(HttpParser.java:106)
	at org.apache.commons.httpclient.HttpConnection.readLine(HttpConnection.java:1116)
	at org.apache.commons.httpclient.HttpMethodBase.readStatusLine(HttpMethodBase.java:1820)
	at org.apache.commons.httpclient.HttpMethodBase.readResponse(HttpMethodBase.java:1611)
	at org.apache.commons.httpclient.HttpMethodBase.execute(HttpMethodBase.java:1033)
	at org.apache.commons.httpclient.HttpMethodDirector.executeWithRetry(HttpMethodDirector.java:398)
	at org.apache.commons.httpclient.HttpMethodDirector.executeMethod(HttpMethodDirector.java:171)
	at org.apache.commons.httpclient.HttpClient.executeMethod(HttpClient.java:397)
	at org.apache.commons.httpclient.HttpClient.executeMethod(HttpClient.java:323)
	at com.astrolink.util.tools.PostNetWork_singleton.executeMethod(PostNetWork_singleton.java:88)
	at com.astrolink.util.tools.DmLoginTools.post_doNetWork(DmLoginTools.java:573)
	at com.astrolink.util.tools.DmLoginTools.downLoadFile(DmLoginTools.java:323)
	at com.astrolink.util.tools.DmLoginTools.doWork(DmLoginTools.java:264)
	at com.astrolink.dao.DmLoginExecLinstenerThreadDao.exec(DmLoginExecLinstenerThreadDao.java:49)
	at com.astrolink.logic.listener.JobThread.run(JobThread.java:31)

 2016-12-21 11:07:55,705 ERROR com.astrolink.util.tools.PostNetWork_singleton  - java.lang.NullPointerException
	at java.io.Reader.<init>(Reader.java:78)
	at java.io.InputStreamReader.<init>(InputStreamReader.java:97)
	at com.astrolink.util.tools.PostNetWork_singleton.getHtml(PostNetWork_singleton.java:244)
	at com.astrolink.util.tools.DmLoginTools.post_doNetWork(DmLoginTools.java:574)
	at com.astrolink.util.tools.DmLoginTools.downLoadFile(DmLoginTools.java:323)
	at com.astrolink.util.tools.DmLoginTools.doWork(DmLoginTools.java:264)
	at com.astrolink.dao.DmLoginExecLinstenerThreadDao.exec(DmLoginExecLinstenerThreadDao.java:49)
	at com.astrolink.logic.listener.JobThread.run(JobThread.java:31)

 2016-12-21 11:07:58,666 ERROR com.astrolink.util.tools.PostNetWork_singleton  - java.net.SocketTimeoutException: Read timed out
	at java.net.SocketInputStream.socketRead0(Native Method)
	at java.net.SocketInputStream.socketRead(SocketInputStream.java:116)
	at java.net.SocketInputStream.read(SocketInputStream.java:170)
	at java.net.SocketInputStream.read(SocketInputStream.java:141)
	at java.io.BufferedInputStream.fill(BufferedInputStream.java:246)
	at java.io.BufferedInputStream.read(BufferedInputStream.java:265)
	at org.apache.commons.httpclient.HttpParser.readRawLine(HttpParser.java:78)
	at org.apache.commons.httpclient.HttpParser.readLine(HttpParser.java:106)
	at org.apache.commons.httpclient.HttpConnection.readLine(HttpConnection.java:1116)
	at org.apache.commons.httpclient.HttpMethodBase.readStatusLine(HttpMethodBase.java:1820)
	at org.apache.commons.httpclient.HttpMethodBase.readResponse(HttpMethodBase.java:1611)
	at org.apache.commons.httpclient.HttpMethodBase.execute(HttpMethodBase.java:1033)
	at org.apache.commons.httpclient.HttpMethodDirector.executeWithRetry(HttpMethodDirector.java:398)
	at org.apache.commons.httpclient.HttpMethodDirector.executeMethod(HttpMethodDirector.java:171)
	at org.apache.commons.httpclient.HttpClient.executeMethod(HttpClient.java:397)
	at org.apache.commons.httpclient.HttpClient.executeMethod(HttpClient.java:323)
	at com.astrolink.util.tools.PostNetWork_singleton.executeMethod(PostNetWork_singleton.java:88)
	at com.astrolink.util.tools.DmLoginTools.post_doNetWork(DmLoginTools.java:573)
	at com.astrolink.util.tools.DmLoginTools.downLoadFile(DmLoginTools.java:323)
	at com.astrolink.util.tools.DmLoginTools.doWork(DmLoginTools.java:264)
	at com.astrolink.dao.DmLoginExecLinstenerThreadDao.exec(DmLoginExecLinstenerThreadDao.java:49)
	at com.astrolink.logic.listener.JobThread.run(JobThread.java:31)

 2016-12-21 11:07:58,666 ERROR com.astrolink.util.tools.PostNetWork_singleton  - java.lang.NullPointerException
	at java.io.Reader.<init>(Reader.java:78)
	at java.io.InputStreamReader.<init>(InputStreamReader.java:97)
	at com.astrolink.util.tools.PostNetWork_singleton.getHtml(PostNetWork_singleton.java:244)
	at com.astrolink.util.tools.DmLoginTools.post_doNetWork(DmLoginTools.java:574)
	at com.astrolink.util.tools.DmLoginTools.downLoadFile(DmLoginTools.java:323)
	at com.astrolink.util.tools.DmLoginTools.doWork(DmLoginTools.java:264)
	at com.astrolink.dao.DmLoginExecLinstenerThreadDao.exec(DmLoginExecLinstenerThreadDao.java:49)
	at com.astrolink.logic.listener.JobThread.run(JobThread.java:31)

 2016-12-21 11:08:05,648 ERROR com.astrolink.dao.DmLoginExecLinstenerThreadDao  - java.lang.StringIndexOutOfBoundsException: String index out of range: -1
	at java.lang.String.substring(String.java:1967)
	at com.astrolink.util.tools.DmLoginTools.subStr(DmLoginTools.java:667)
	at com.astrolink.util.tools.DmLoginTools.downLoadFile(DmLoginTools.java:377)
	at com.astrolink.util.tools.DmLoginTools.doWork(DmLoginTools.java:264)
	at com.astrolink.dao.DmLoginExecLinstenerThreadDao.exec(DmLoginExecLinstenerThreadDao.java:49)
	at com.astrolink.logic.listener.JobThread.run(JobThread.java:31)

 2016-12-21 11:08:23,055 WARN  org.apache.commons.httpclient.HttpMethodBase  - Going to buffer response body of large or unknown size. Using getResponseBodyAsStream instead is recommended.
 2016-12-21 11:08:23,062 INFO  com.astrolink.dao.DmLoginExecLinstenerThreadDao  - 文件大小为：5120
 2016-12-21 11:08:23,062 INFO  com.astrolink.dao.DmLoginExecLinstenerThreadDao  - 动漫CP收入上传，文件名为:5929465149464625暴击忍者_00000000动漫CP收入.xls
 2016-12-21 11:08:26,132 WARN  org.apache.commons.httpclient.HttpMethodBase  - Going to buffer response body of large or unknown size. Using getResponseBodyAsStream instead is recommended.
 2016-12-21 11:08:26,185 INFO  com.astrolink.dao.DmLoginExecLinstenerThreadDao  - 文件大小为：5120
 2016-12-21 11:08:26,185 INFO  com.astrolink.dao.DmLoginExecLinstenerThreadDao  - 动漫CP收入上传，文件名为:4666644422613923萌死小怪物_00000000动漫CP收入.xls
 2016-12-21 11:08:36,168 INFO  com.astrolink.dao.DmLoginExecLinstenerThreadDao  - id为209,信息:5929465149464625暴击忍者_00000000动漫CP收入.xls&nbsp;&nbsp;&nbsp;&nbsp;成功
 2016-12-21 11:08:36,475 INFO  com.astrolink.dao.DmLoginExecLinstenerThreadDao  - id为212,信息:4666644422613923萌死小怪物_00000000动漫CP收入.xls&nbsp;&nbsp;&nbsp;&nbsp;成功
 2016-12-21 11:08:48,317 INFO  com.astrolink.util.tools.DbTools  - com.astrolink.dao.DmLoginExecLinstenerThreadDao:UPDATE spinfo.sp_product_task SET automaticState = 0 WHERE spProductTaskId=212
 2016-12-21 11:08:48,390 INFO  com.astrolink.util.tools.DbTools  - com.astrolink.dao.DmLoginExecLinstenerThreadDao:UPDATE spinfo.sp_product_task SET automaticState = 0 WHERE spProductTaskId=209
 2016-12-21 11:08:48,721 INFO  com.astrolink.dao.DmLoginExecLinstenerThreadDao  - 处理请求结束，id为212
 2016-12-21 11:08:48,759 INFO  com.astrolink.dao.DmLoginExecLinstenerThreadDao  - 处理请求结束，id为209
 2016-12-21 11:09:12,412 WARN  org.apache.commons.httpclient.HttpMethodBase  - Going to buffer response body of large or unknown size. Using getResponseBodyAsStream instead is recommended.
 2016-12-21 11:10:05,139 WARN  org.apache.commons.httpclient.HttpMethodBase  - Going to buffer response body of large or unknown size. Using getResponseBodyAsStream instead is recommended.
 2016-12-21 11:11:22,252 ERROR com.astrolink.dao.DmLoginExecLinstenerThreadDao  - java.lang.StringIndexOutOfBoundsException: String index out of range: -1
	at java.lang.String.substring(String.java:1967)
	at com.astrolink.util.tools.DmLoginTools.subStr(DmLoginTools.java:667)
	at com.astrolink.util.tools.DmLoginTools.downLoadFile(DmLoginTools.java:377)
	at com.astrolink.util.tools.DmLoginTools.doWork(DmLoginTools.java:264)
	at com.astrolink.dao.DmLoginExecLinstenerThreadDao.exec(DmLoginExecLinstenerThreadDao.java:49)
	at com.astrolink.logic.listener.JobThread.run(JobThread.java:31)

 2016-12-21 11:11:24,941 INFO  com.astrolink.dao.DmLoginLinstenerThreadDao  - 扫描结束，需要处理的数据个数1
 2016-12-21 11:11:24,941 INFO  com.astrolink.service.DmLoginService  - 数据到达接收器，waitMap数据缓冲数量0execMap执行缓冲数量3
 2016-12-21 11:11:24,941 INFO  com.astrolink.service.DmLoginService  - 清除处理结束的缓存，waitMap数据缓冲数量0execMap执行缓冲数量1删除缓冲0
 2016-12-21 11:11:31,027 INFO  com.astrolink.util.tools.DbTools  - com.astrolink.dao.DmLoginExecLinstenerThreadDao:INSERT INTO monitor_info (monitorInfo,sendOutType,inputDate)SELECT CONCAT('上传任务id:',spProductTaskId,'<br>业务名称:',spProductName,'<br>业务类型：动漫CP收入<br>失败信息：下载失败,重试http://121.42.157.151:8080/spInfo/retryAction?spProductTaskId=206'),'1',NOW() FROM sp_product  AS a INNER JOIN sp_product_task AS b ON a.spProductId=b.spProductId WHERE spProductTaskId=206
 2016-12-21 11:11:54,389 INFO  com.astrolink.util.tools.DbTools  - com.astrolink.dao.DmLoginExecLinstenerThreadDao:UPDATE spinfo.sp_product_task SET automaticState = 0 WHERE spProductTaskId=206
 2016-12-21 11:11:54,733 INFO  com.astrolink.dao.DmLoginExecLinstenerThreadDao  - 处理请求结束，id为206
 2016-12-21 11:15:05,590 INFO  com.astrolink.dao.DmLoginLinstenerThreadDao  - 扫描结束，需要处理的数据个数10
 2016-12-21 11:15:05,590 INFO  com.astrolink.service.DmLoginService  - 数据到达接收器，waitMap数据缓冲数量1execMap执行缓冲数量1
 2016-12-21 11:15:05,590 INFO  com.astrolink.service.DmLoginService  - 数据到达接收器，waitMap数据缓冲数量2execMap执行缓冲数量1
 2016-12-21 11:15:05,590 INFO  com.astrolink.service.DmLoginService  - 数据到达接收器，waitMap数据缓冲数量3execMap执行缓冲数量1
 2016-12-21 11:15:05,603 INFO  com.astrolink.service.DmLoginService  - 数据到达接收器，waitMap数据缓冲数量4execMap执行缓冲数量1
 2016-12-21 11:15:05,603 INFO  com.astrolink.service.DmLoginService  - 数据到达接收器，waitMap数据缓冲数量5execMap执行缓冲数量1
 2016-12-21 11:15:05,603 INFO  com.astrolink.service.DmLoginService  - 数据到达接收器，waitMap数据缓冲数量6execMap执行缓冲数量1
 2016-12-21 11:15:05,603 INFO  com.astrolink.service.DmLoginService  - 数据到达接收器，waitMap数据缓冲数量7execMap执行缓冲数量1
 2016-12-21 11:15:05,603 INFO  com.astrolink.service.DmLoginService  - 数据到达接收器，waitMap数据缓冲数量8execMap执行缓冲数量1
 2016-12-21 11:15:05,603 INFO  com.astrolink.service.DmLoginService  - 数据到达接收器，waitMap数据缓冲数量9execMap执行缓冲数量1
 2016-12-21 11:15:05,603 INFO  com.astrolink.service.DmLoginService  - 数据到达接收器，waitMap数据缓冲数量10execMap执行缓冲数量1
 2016-12-21 11:15:05,603 INFO  com.astrolink.service.DmLoginService  - 查询到,数据同步处理线程，开始添加，id为16
 2016-12-21 11:15:05,603 INFO  com.astrolink.service.DmLoginService  - id为16的处理线程添加成功
 2016-12-21 11:15:05,603 INFO  com.astrolink.service.DmLoginService  - 查询到,数据同步处理线程，开始添加，id为32
 2016-12-21 11:15:05,603 INFO  com.astrolink.service.DmLoginService  - id为32的处理线程添加成功
 2016-12-21 11:15:05,604 INFO  com.astrolink.service.DmLoginService  - 查询到,数据同步处理线程，开始添加，id为3
 2016-12-21 11:15:05,604 INFO  com.astrolink.service.DmLoginService  - id为3的处理线程添加成功
 2016-12-21 11:15:05,604 INFO  com.astrolink.service.DmLoginService  - 查询到,数据同步处理线程，开始添加，id为19
 2016-12-21 11:15:05,604 INFO  com.astrolink.service.DmLoginService  - id为19的处理线程添加成功
 2016-12-21 11:15:05,604 INFO  com.astrolink.service.DmLoginService  - 查询到,数据同步处理线程，开始添加，id为22
 2016-12-21 11:15:05,604 INFO  com.astrolink.service.DmLoginService  - id为22的处理线程添加成功
 2016-12-21 11:15:05,604 INFO  com.astrolink.service.DmLoginService  - 查询到,数据同步处理线程，开始添加，id为7
 2016-12-21 11:15:05,605 INFO  com.astrolink.service.DmLoginService  - id为7的处理线程添加成功
 2016-12-21 11:15:05,605 INFO  com.astrolink.service.DmLoginService  - 查询到,数据同步处理线程，开始添加，id为10
 2016-12-21 11:15:05,605 INFO  com.astrolink.service.DmLoginService  - id为10的处理线程添加成功
 2016-12-21 11:15:05,605 INFO  com.astrolink.service.DmLoginService  - 查询到,数据同步处理线程，开始添加，id为26
 2016-12-21 11:15:05,605 INFO  com.astrolink.service.DmLoginService  - id为26的处理线程添加成功
 2016-12-21 11:15:05,605 INFO  com.astrolink.service.DmLoginService  - 查询到,数据同步处理线程，开始添加，id为13
 2016-12-21 11:15:05,605 INFO  com.astrolink.dao.DmLoginExecLinstenerThreadDao  - 开始处理动漫CP投诉，id为16
 2016-12-21 11:15:05,605 INFO  com.astrolink.dao.DmLoginExecLinstenerThreadDao  - 开始处理动漫CP投诉，id为10
 2016-12-21 11:15:05,605 INFO  com.astrolink.dao.DmLoginExecLinstenerThreadDao  - 开始处理动漫CP投诉，id为22
 2016-12-21 11:15:05,605 INFO  com.astrolink.dao.DmLoginExecLinstenerThreadDao  - 开始处理动漫CP投诉，id为3
 2016-12-21 11:15:05,605 INFO  com.astrolink.dao.DmLoginExecLinstenerThreadDao  - 开始处理动漫CP投诉，id为32
 2016-12-21 11:15:05,605 INFO  com.astrolink.dao.DmLoginExecLinstenerThreadDao  - 开始处理动漫CP投诉，id为19
 2016-12-21 11:15:05,605 INFO  com.astrolink.service.DmLoginService  - id为13的处理线程添加成功
 2016-12-21 11:15:05,605 INFO  com.astrolink.service.DmLoginService  - 查询到,数据同步处理线程，开始添加，id为29
 2016-12-21 11:15:05,605 INFO  com.astrolink.service.DmLoginService  - id为29的处理线程添加成功
 2016-12-21 11:15:05,605 INFO  com.astrolink.dao.DmLoginExecLinstenerThreadDao  - 开始处理动漫CP投诉，id为7
 2016-12-21 11:15:05,605 INFO  com.astrolink.dao.DmLoginExecLinstenerThreadDao  - 开始处理动漫CP投诉，id为13
 2016-12-21 11:15:05,605 INFO  com.astrolink.dao.DmLoginExecLinstenerThreadDao  - 开始处理动漫CP投诉，id为26
 2016-12-21 11:15:05,605 INFO  com.astrolink.dao.DmLoginExecLinstenerThreadDao  - 开始处理动漫CP投诉，id为29
 2016-12-21 11:15:05,605 INFO  com.astrolink.service.DmLoginService  - 清除处理结束的缓存，waitMap数据缓冲数量0execMap执行缓冲数量10删除缓冲0
 2016-12-21 11:15:20,013 WARN  org.apache.commons.httpclient.HttpMethodBase  - Going to buffer response body of large or unknown size. Using getResponseBodyAsStream instead is recommended.
 2016-12-21 11:15:20,013 WARN  org.apache.commons.httpclient.HttpMethodBase  - Going to buffer response body of large or unknown size. Using getResponseBodyAsStream instead is recommended.
 2016-12-21 11:15:20,013 WARN  org.apache.commons.httpclient.HttpMethodBase  - Going to buffer response body of large or unknown size. Using getResponseBodyAsStream instead is recommended.
 2016-12-21 11:15:20,013 WARN  org.apache.commons.httpclient.HttpMethodBase  - Going to buffer response body of large or unknown size. Using getResponseBodyAsStream instead is recommended.
 2016-12-21 11:15:20,034 WARN  org.apache.commons.httpclient.HttpMethodBase  - Going to buffer response body of large or unknown size. Using getResponseBodyAsStream instead is recommended.
 2016-12-21 11:15:20,898 WARN  org.apache.commons.httpclient.HttpMethodBase  - Going to buffer response body of large or unknown size. Using getResponseBodyAsStream instead is recommended.
 2016-12-21 11:15:20,898 WARN  org.apache.commons.httpclient.HttpMethodBase  - Going to buffer response body of large or unknown size. Using getResponseBodyAsStream instead is recommended.
 2016-12-21 11:15:21,977 WARN  org.apache.commons.httpclient.HttpMethodBase  - Going to buffer response body of large or unknown size. Using getResponseBodyAsStream instead is recommended.
 2016-12-21 11:15:22,485 WARN  org.apache.commons.httpclient.HttpMethodBase  - Going to buffer response body of large or unknown size. Using getResponseBodyAsStream instead is recommended.
 2016-12-21 11:15:24,334 WARN  org.apache.commons.httpclient.HttpMethodBase  - Going to buffer response body of large or unknown size. Using getResponseBodyAsStream instead is recommended.
 2016-12-21 11:15:42,107 WARN  org.apache.commons.httpclient.HttpMethodBase  - Going to buffer response body of large or unknown size. Using getResponseBodyAsStream instead is recommended.
 2016-12-21 11:15:43,207 WARN  org.apache.commons.httpclient.HttpMethodBase  - Going to buffer response body of large or unknown size. Using getResponseBodyAsStream instead is recommended.
 2016-12-21 11:15:43,861 WARN  org.apache.commons.httpclient.HttpMethodBase  - Going to buffer response body of large or unknown size. Using getResponseBodyAsStream instead is recommended.
 2016-12-21 11:15:44,060 WARN  org.apache.commons.httpclient.HttpMethodBase  - Going to buffer response body of large or unknown size. Using getResponseBodyAsStream instead is recommended.
 2016-12-21 11:15:44,139 WARN  org.apache.commons.httpclient.HttpMethodBase  - Going to buffer response body of large or unknown size. Using getResponseBodyAsStream instead is recommended.
 2016-12-21 11:15:44,146 WARN  org.apache.commons.httpclient.HttpMethodBase  - Going to buffer response body of large or unknown size. Using getResponseBodyAsStream instead is recommended.
 2016-12-21 11:15:44,797 WARN  org.apache.commons.httpclient.HttpMethodBase  - Going to buffer response body of large or unknown size. Using getResponseBodyAsStream instead is recommended.
 2016-12-21 11:15:50,062 WARN  org.apache.commons.httpclient.HttpMethodBase  - Going to buffer response body of large or unknown size. Using getResponseBodyAsStream instead is recommended.
 2016-12-21 11:15:57,213 WARN  org.apache.commons.httpclient.HttpMethodBase  - Going to buffer response body of large or unknown size. Using getResponseBodyAsStream instead is recommended.
 2016-12-21 11:16:14,994 WARN  org.apache.commons.httpclient.HttpMethodBase  - Going to buffer response body of large or unknown size. Using getResponseBodyAsStream instead is recommended.
 2016-12-21 11:16:18,401 WARN  org.apache.commons.httpclient.HttpMethodBase  - Going to buffer response body of large or unknown size. Using getResponseBodyAsStream instead is recommended.
 2016-12-21 11:16:20,377 WARN  org.apache.commons.httpclient.HttpMethodBase  - Going to buffer response body of large or unknown size. Using getResponseBodyAsStream instead is recommended.
 2016-12-21 11:17:11,699 WARN  org.apache.commons.httpclient.HttpMethodBase  - Going to buffer response body of large or unknown size. Using getResponseBodyAsStream instead is recommended.
 2016-12-21 11:17:40,764 INFO  com.astrolink.util.tools.DbTools  - com.astrolink.dao.DmLoginExecLinstenerThreadDao:UPDATE spinfo.sp_product_task SET automaticState = 0 WHERE spProductTaskId=13
 2016-12-21 11:17:40,800 INFO  com.astrolink.dao.DmLoginExecLinstenerThreadDao  - 处理请求结束，id为13
 2016-12-21 11:18:09,218 INFO  com.astrolink.dao.DmLoginLinstenerThreadDao  - 扫描结束，需要处理的数据个数10
 2016-12-21 11:18:09,218 INFO  com.astrolink.service.DmLoginService  - 数据到达接收器，waitMap数据缓冲数量0execMap执行缓冲数量10
 2016-12-21 11:18:09,218 INFO  com.astrolink.service.DmLoginService  - 数据到达接收器，waitMap数据缓冲数量0execMap执行缓冲数量10
 2016-12-21 11:18:09,221 INFO  com.astrolink.service.DmLoginService  - 数据到达接收器，waitMap数据缓冲数量0execMap执行缓冲数量10
 2016-12-21 11:18:09,221 INFO  com.astrolink.service.DmLoginService  - 数据到达接收器，waitMap数据缓冲数量0execMap执行缓冲数量10
 2016-12-21 11:18:09,221 INFO  com.astrolink.service.DmLoginService  - 数据到达接收器，waitMap数据缓冲数量0execMap执行缓冲数量10
 2016-12-21 11:18:09,221 INFO  com.astrolink.service.DmLoginService  - 数据到达接收器，waitMap数据缓冲数量0execMap执行缓冲数量10
 2016-12-21 11:18:09,221 INFO  com.astrolink.service.DmLoginService  - 数据到达接收器，waitMap数据缓冲数量0execMap执行缓冲数量10
 2016-12-21 11:18:09,221 INFO  com.astrolink.service.DmLoginService  - 数据到达接收器，waitMap数据缓冲数量0execMap执行缓冲数量10
 2016-12-21 11:18:09,221 INFO  com.astrolink.service.DmLoginService  - 数据到达接收器，waitMap数据缓冲数量0execMap执行缓冲数量10
 2016-12-21 11:18:09,221 INFO  com.astrolink.service.DmLoginService  - 数据到达接收器，waitMap数据缓冲数量1execMap执行缓冲数量10
 2016-12-21 11:18:09,221 INFO  com.astrolink.service.DmLoginService  - 查询到,数据同步处理线程，开始添加，id为37
 2016-12-21 11:18:09,221 INFO  com.astrolink.service.DmLoginService  - id为37的处理线程添加成功
 2016-12-21 11:18:09,221 INFO  com.astrolink.service.DmLoginService  - 清除处理结束的缓存，waitMap数据缓冲数量0execMap执行缓冲数量10删除缓冲0
 2016-12-21 11:18:09,221 INFO  com.astrolink.dao.DmLoginExecLinstenerThreadDao  - 开始处理动漫CP投诉，id为37
 2016-12-21 11:18:10,330 WARN  org.apache.commons.httpclient.HttpMethodBase  - Going to buffer response body of large or unknown size. Using getResponseBodyAsStream instead is recommended.
 2016-12-21 11:18:33,224 WARN  org.apache.commons.httpclient.HttpMethodBase  - Going to buffer response body of large or unknown size. Using getResponseBodyAsStream instead is recommended.
 2016-12-21 11:19:06,800 ERROR com.astrolink.util.tools.PostNetWork_singleton  - java.net.SocketTimeoutException: Read timed out
	at java.net.SocketInputStream.socketRead0(Native Method)
	at java.net.SocketInputStream.socketRead(SocketInputStream.java:116)
	at java.net.SocketInputStream.read(SocketInputStream.java:170)
	at java.net.SocketInputStream.read(SocketInputStream.java:141)
	at java.io.BufferedInputStream.fill(BufferedInputStream.java:246)
	at java.io.BufferedInputStream.read(BufferedInputStream.java:265)
	at org.apache.commons.httpclient.HttpParser.readRawLine(HttpParser.java:78)
	at org.apache.commons.httpclient.HttpParser.readLine(HttpParser.java:106)
	at org.apache.commons.httpclient.HttpConnection.readLine(HttpConnection.java:1116)
	at org.apache.commons.httpclient.HttpMethodBase.readStatusLine(HttpMethodBase.java:1820)
	at org.apache.commons.httpclient.HttpMethodBase.readResponse(HttpMethodBase.java:1611)
	at org.apache.commons.httpclient.HttpMethodBase.execute(HttpMethodBase.java:1033)
	at org.apache.commons.httpclient.HttpMethodDirector.executeWithRetry(HttpMethodDirector.java:398)
	at org.apache.commons.httpclient.HttpMethodDirector.executeMethod(HttpMethodDirector.java:171)
	at org.apache.commons.httpclient.HttpClient.executeMethod(HttpClient.java:397)
	at org.apache.commons.httpclient.HttpClient.executeMethod(HttpClient.java:323)
	at com.astrolink.util.tools.PostNetWork_singleton.executeMethod(PostNetWork_singleton.java:88)
	at com.astrolink.util.tools.DmLoginTools.post_doNetWork(DmLoginTools.java:573)
	at com.astrolink.util.tools.DmLoginTools.downLoadFile(DmLoginTools.java:317)
	at com.astrolink.util.tools.DmLoginTools.doWork(DmLoginTools.java:264)
	at com.astrolink.dao.DmLoginExecLinstenerThreadDao.exec(DmLoginExecLinstenerThreadDao.java:53)
	at com.astrolink.logic.listener.JobThread.run(JobThread.java:31)

 2016-12-21 11:19:06,800 ERROR com.astrolink.util.tools.PostNetWork_singleton  - java.lang.NullPointerException
	at java.io.Reader.<init>(Reader.java:78)
	at java.io.InputStreamReader.<init>(InputStreamReader.java:97)
	at com.astrolink.util.tools.PostNetWork_singleton.getHtml(PostNetWork_singleton.java:244)
	at com.astrolink.util.tools.DmLoginTools.post_doNetWork(DmLoginTools.java:574)
	at com.astrolink.util.tools.DmLoginTools.downLoadFile(DmLoginTools.java:317)
	at com.astrolink.util.tools.DmLoginTools.doWork(DmLoginTools.java:264)
	at com.astrolink.dao.DmLoginExecLinstenerThreadDao.exec(DmLoginExecLinstenerThreadDao.java:53)
	at com.astrolink.logic.listener.JobThread.run(JobThread.java:31)

 