2017-02-15 09:49:16,536 INFO  com.astrolink.consts.LoadProperties  - [系统初始化]服务器配置路径.\conf\config.properties
 2017-02-15 09:49:16,553 INFO  com.astrolink.service.DmLoginService  - 数据导入监听服务
 2017-02-15 09:49:16,564 INFO  com.astrolink.service.DmLoginService  - 数据导入监听服务完毕
 2017-02-15 09:49:18,660 INFO  com.astrolink.dao.DmLoginLinstenerThreadDao  - 扫描结束，需要处理的数据个数10
 2017-02-15 09:49:18,660 INFO  com.astrolink.service.DmLoginService  - 数据到达接收器，waitMap数据缓冲数量1execMap执行缓冲数量0
 2017-02-15 09:49:18,660 INFO  com.astrolink.service.DmLoginService  - 数据到达接收器，waitMap数据缓冲数量2execMap执行缓冲数量0
 2017-02-15 09:49:18,661 INFO  com.astrolink.service.DmLoginService  - 数据到达接收器，waitMap数据缓冲数量3execMap执行缓冲数量0
 2017-02-15 09:49:18,661 INFO  com.astrolink.service.DmLoginService  - 数据到达接收器，waitMap数据缓冲数量4execMap执行缓冲数量0
 2017-02-15 09:49:18,661 INFO  com.astrolink.service.DmLoginService  - 数据到达接收器，waitMap数据缓冲数量5execMap执行缓冲数量0
 2017-02-15 09:49:18,661 INFO  com.astrolink.service.DmLoginService  - 数据到达接收器，waitMap数据缓冲数量6execMap执行缓冲数量0
 2017-02-15 09:49:18,661 INFO  com.astrolink.service.DmLoginService  - 数据到达接收器，waitMap数据缓冲数量7execMap执行缓冲数量0
 2017-02-15 09:49:18,661 INFO  com.astrolink.service.DmLoginService  - 数据到达接收器，waitMap数据缓冲数量8execMap执行缓冲数量0
 2017-02-15 09:49:18,661 INFO  com.astrolink.service.DmLoginService  - 数据到达接收器，waitMap数据缓冲数量9execMap执行缓冲数量0
 2017-02-15 09:49:18,661 INFO  com.astrolink.service.DmLoginService  - 数据到达接收器，waitMap数据缓冲数量10execMap执行缓冲数量0
 2017-02-15 09:49:18,663 INFO  com.astrolink.service.DmLoginService  - 查询到,数据同步处理线程，开始添加，id为17
 2017-02-15 09:49:18,665 INFO  com.astrolink.service.DmLoginService  - id为17的处理线程添加成功
 2017-02-15 09:49:18,665 INFO  com.astrolink.service.DmLoginService  - 查询到,数据同步处理线程，开始添加，id为35
 2017-02-15 09:49:18,665 INFO  com.astrolink.service.DmLoginService  - id为35的处理线程添加成功
 2017-02-15 09:49:18,665 INFO  com.astrolink.service.DmLoginService  - 查询到,数据同步处理线程，开始添加，id为67
 2017-02-15 09:49:18,666 INFO  com.astrolink.service.DmLoginService  - id为67的处理线程添加成功
 2017-02-15 09:49:18,666 INFO  com.astrolink.service.DmLoginService  - 查询到,数据同步处理线程，开始添加，id为4
 2017-02-15 09:49:18,666 INFO  com.astrolink.service.DmLoginService  - id为4的处理线程添加成功
 2017-02-15 09:49:18,666 INFO  com.astrolink.service.DmLoginService  - 查询到,数据同步处理线程，开始添加，id为20
 2017-02-15 09:49:18,666 INFO  com.astrolink.service.DmLoginService  - id为20的处理线程添加成功
 2017-02-15 09:49:18,667 INFO  com.astrolink.service.DmLoginService  - 查询到,数据同步处理线程，开始添加，id为5
 2017-02-15 09:49:18,667 INFO  com.astrolink.service.DmLoginService  - id为5的处理线程添加成功
 2017-02-15 09:49:18,667 INFO  com.astrolink.service.DmLoginService  - 查询到,数据同步处理线程，开始添加，id为8
 2017-02-15 09:49:18,667 INFO  com.astrolink.service.DmLoginService  - id为8的处理线程添加成功
 2017-02-15 09:49:18,667 INFO  com.astrolink.service.DmLoginService  - 查询到,数据同步处理线程，开始添加，id为24
 2017-02-15 09:49:18,667 INFO  com.astrolink.service.DmLoginService  - id为24的处理线程添加成功
 2017-02-15 09:49:18,667 INFO  com.astrolink.service.DmLoginService  - 查询到,数据同步处理线程，开始添加，id为11
 2017-02-15 09:49:18,668 INFO  com.astrolink.service.DmLoginService  - id为11的处理线程添加成功
 2017-02-15 09:49:18,668 INFO  com.astrolink.service.DmLoginService  - 查询到,数据同步处理线程，开始添加，id为110
 2017-02-15 09:49:18,668 INFO  com.astrolink.service.DmLoginService  - id为110的处理线程添加成功
 2017-02-15 09:49:18,668 INFO  com.astrolink.service.DmLoginService  - 清除处理结束的缓存，waitMap数据缓冲数量0execMap执行缓冲数量10删除缓冲0
 2017-02-15 09:49:18,695 INFO  com.astrolink.dao.DmLoginExecLinstenerThreadDao  - 开始处理月报表，id为35
 2017-02-15 09:49:18,695 INFO  com.astrolink.dao.DmLoginExecLinstenerThreadDao  - 开始处理月报表，id为5
 2017-02-15 09:49:18,695 INFO  com.astrolink.dao.DmLoginExecLinstenerThreadDao  - 开始处理月报表，id为8
 2017-02-15 09:49:18,696 INFO  com.astrolink.dao.DmLoginExecLinstenerThreadDao  - 开始处理月报表，id为67
 2017-02-15 09:49:18,695 INFO  com.astrolink.dao.DmLoginExecLinstenerThreadDao  - 开始处理月报表，id为4
 2017-02-15 09:49:18,696 INFO  com.astrolink.dao.DmLoginExecLinstenerThreadDao  - 开始处理月报表，id为24
 2017-02-15 09:49:18,696 INFO  com.astrolink.dao.DmLoginExecLinstenerThreadDao  - 开始处理月报表，id为110
 2017-02-15 09:49:18,695 INFO  com.astrolink.dao.DmLoginExecLinstenerThreadDao  - 开始处理月报表，id为17
 2017-02-15 09:49:18,696 INFO  com.astrolink.dao.DmLoginExecLinstenerThreadDao  - 开始处理月报表，id为11
 2017-02-15 09:49:18,696 INFO  com.astrolink.dao.DmLoginExecLinstenerThreadDao  - 开始处理月报表，id为20
 2017-02-15 09:49:20,471 WARN  org.apache.commons.httpclient.HttpMethodBase  - Going to buffer response body of large or unknown size. Using getResponseBodyAsStream instead is recommended.
 2017-02-15 09:49:20,484 WARN  org.apache.commons.httpclient.HttpMethodBase  - Going to buffer response body of large or unknown size. Using getResponseBodyAsStream instead is recommended.
 2017-02-15 09:49:20,486 WARN  org.apache.commons.httpclient.HttpMethodBase  - Going to buffer response body of large or unknown size. Using getResponseBodyAsStream instead is recommended.
 2017-02-15 09:49:20,548 WARN  org.apache.commons.httpclient.HttpMethodBase  - Going to buffer response body of large or unknown size. Using getResponseBodyAsStream instead is recommended.
 2017-02-15 09:49:20,577 WARN  org.apache.commons.httpclient.HttpMethodBase  - Going to buffer response body of large or unknown size. Using getResponseBodyAsStream instead is recommended.
 2017-02-15 09:49:20,590 WARN  org.apache.commons.httpclient.HttpMethodBase  - Going to buffer response body of large or unknown size. Using getResponseBodyAsStream instead is recommended.
 2017-02-15 09:49:20,592 WARN  org.apache.commons.httpclient.HttpMethodBase  - Going to buffer response body of large or unknown size. Using getResponseBodyAsStream instead is recommended.
 2017-02-15 09:49:20,593 WARN  org.apache.commons.httpclient.HttpMethodBase  - Going to buffer response body of large or unknown size. Using getResponseBodyAsStream instead is recommended.
 2017-02-15 09:49:20,609 WARN  org.apache.commons.httpclient.HttpMethodBase  - Going to buffer response body of large or unknown size. Using getResponseBodyAsStream instead is recommended.
 2017-02-15 09:49:20,613 WARN  org.apache.commons.httpclient.HttpMethodBase  - Going to buffer response body of large or unknown size. Using getResponseBodyAsStream instead is recommended.
 2017-02-15 09:49:24,735 WARN  org.apache.commons.httpclient.HttpMethodBase  - Going to buffer response body of large or unknown size. Using getResponseBodyAsStream instead is recommended.
 2017-02-15 09:49:24,786 WARN  org.apache.commons.httpclient.HttpMethodBase  - Going to buffer response body of large or unknown size. Using getResponseBodyAsStream instead is recommended.
 2017-02-15 09:49:24,803 WARN  org.apache.commons.httpclient.HttpMethodBase  - Going to buffer response body of large or unknown size. Using getResponseBodyAsStream instead is recommended.
 2017-02-15 09:49:24,822 WARN  org.apache.commons.httpclient.HttpMethodBase  - Going to buffer response body of large or unknown size. Using getResponseBodyAsStream instead is recommended.
 2017-02-15 09:49:24,830 WARN  org.apache.commons.httpclient.HttpMethodBase  - Going to buffer response body of large or unknown size. Using getResponseBodyAsStream instead is recommended.
 2017-02-15 09:49:24,883 WARN  org.apache.commons.httpclient.HttpMethodBase  - Going to buffer response body of large or unknown size. Using getResponseBodyAsStream instead is recommended.
 2017-02-15 09:49:24,898 WARN  org.apache.commons.httpclient.HttpMethodBase  - Going to buffer response body of large or unknown size. Using getResponseBodyAsStream instead is recommended.
 2017-02-15 09:49:24,910 WARN  org.apache.commons.httpclient.HttpMethodBase  - Going to buffer response body of large or unknown size. Using getResponseBodyAsStream instead is recommended.
 2017-02-15 09:49:24,913 WARN  org.apache.commons.httpclient.HttpMethodBase  - Going to buffer response body of large or unknown size. Using getResponseBodyAsStream instead is recommended.
 2017-02-15 09:49:28,172 WARN  org.apache.commons.httpclient.HttpMethodBase  - Going to buffer response body of large or unknown size. Using getResponseBodyAsStream instead is recommended.
 2017-02-15 09:49:28,180 WARN  org.apache.commons.httpclient.HttpMethodBase  - Going to buffer response body of large or unknown size. Using getResponseBodyAsStream instead is recommended.
 2017-02-15 09:49:28,226 WARN  org.apache.commons.httpclient.HttpMethodBase  - Going to buffer response body of large or unknown size. Using getResponseBodyAsStream instead is recommended.
 2017-02-15 09:49:28,250 WARN  org.apache.commons.httpclient.HttpMethodBase  - Going to buffer response body of large or unknown size. Using getResponseBodyAsStream instead is recommended.
 2017-02-15 09:49:28,401 WARN  org.apache.commons.httpclient.HttpMethodBase  - Going to buffer response body of large or unknown size. Using getResponseBodyAsStream instead is recommended.
 2017-02-15 09:49:28,404 WARN  org.apache.commons.httpclient.HttpMethodBase  - Going to buffer response body of large or unknown size. Using getResponseBodyAsStream instead is recommended.
 2017-02-15 09:49:28,454 WARN  org.apache.commons.httpclient.HttpMethodBase  - Going to buffer response body of large or unknown size. Using getResponseBodyAsStream instead is recommended.
 2017-02-15 09:49:28,500 WARN  org.apache.commons.httpclient.HttpMethodBase  - Going to buffer response body of large or unknown size. Using getResponseBodyAsStream instead is recommended.
 2017-02-15 09:49:28,532 WARN  org.apache.commons.httpclient.HttpMethodBase  - Going to buffer response body of large or unknown size. Using getResponseBodyAsStream instead is recommended.
 2017-02-15 09:49:29,130 WARN  org.apache.commons.httpclient.HttpMethodBase  - Going to buffer response body of large or unknown size. Using getResponseBodyAsStream instead is recommended.
 2017-02-15 09:49:31,234 WARN  org.apache.commons.httpclient.HttpMethodBase  - Going to buffer response body of large or unknown size. Using getResponseBodyAsStream instead is recommended.
 2017-02-15 09:49:31,255 WARN  org.apache.commons.httpclient.HttpMethodBase  - Going to buffer response body of large or unknown size. Using getResponseBodyAsStream instead is recommended.
 2017-02-15 09:49:31,300 WARN  org.apache.commons.httpclient.HttpMethodBase  - Going to buffer response body of large or unknown size. Using getResponseBodyAsStream instead is recommended.
 2017-02-15 09:49:31,322 WARN  org.apache.commons.httpclient.HttpMethodBase  - Going to buffer response body of large or unknown size. Using getResponseBodyAsStream instead is recommended.
 2017-02-15 09:49:31,457 WARN  org.apache.commons.httpclient.HttpMethodBase  - Going to buffer response body of large or unknown size. Using getResponseBodyAsStream instead is recommended.
 2017-02-15 09:49:31,492 WARN  org.apache.commons.httpclient.HttpMethodBase  - Going to buffer response body of large or unknown size. Using getResponseBodyAsStream instead is recommended.
 2017-02-15 09:49:31,499 WARN  org.apache.commons.httpclient.HttpMethodBase  - Going to buffer response body of large or unknown size. Using getResponseBodyAsStream instead is recommended.
 2017-02-15 09:49:31,512 WARN  org.apache.commons.httpclient.HttpMethodBase  - Going to buffer response body of large or unknown size. Using getResponseBodyAsStream instead is recommended.
 2017-02-15 09:49:31,701 WARN  org.apache.commons.httpclient.HttpMethodBase  - Going to buffer response body of large or unknown size. Using getResponseBodyAsStream instead is recommended.
 2017-02-15 09:49:32,130 WARN  org.apache.commons.httpclient.HttpMethodBase  - Going to buffer response body of large or unknown size. Using getResponseBodyAsStream instead is recommended.
 2017-02-15 09:49:33,716 INFO  com.astrolink.util.tools.DbTools  - com.astrolink.dao.DmLoginExecLinstenerThreadDao:UPDATE spinfo.sp_product_task SET automaticState = 0 WHERE spProductTaskId=17
 2017-02-15 09:49:33,737 INFO  com.astrolink.dao.DmLoginExecLinstenerThreadDao  - 处理请求结束，id为17
 2017-02-15 09:49:33,950 INFO  com.astrolink.util.tools.DbTools  - com.astrolink.dao.DmLoginExecLinstenerThreadDao:UPDATE spinfo.sp_product_task SET automaticState = 0 WHERE spProductTaskId=20
 2017-02-15 09:49:33,980 INFO  com.astrolink.dao.DmLoginExecLinstenerThreadDao  - 处理请求结束，id为20
 2017-02-15 09:49:34,002 INFO  com.astrolink.util.tools.DbTools  - com.astrolink.dao.DmLoginExecLinstenerThreadDao:UPDATE spinfo.sp_product_task SET automaticState = 0 WHERE spProductTaskId=67
 2017-02-15 09:49:34,033 INFO  com.astrolink.dao.DmLoginExecLinstenerThreadDao  - 处理请求结束，id为67
 2017-02-15 09:49:34,136 INFO  com.astrolink.util.tools.DbTools  - com.astrolink.dao.DmLoginExecLinstenerThreadDao:UPDATE spinfo.sp_product_task SET automaticState = 0 WHERE spProductTaskId=5
 2017-02-15 09:49:34,165 INFO  com.astrolink.util.tools.DbTools  - com.astrolink.dao.DmLoginExecLinstenerThreadDao:UPDATE spinfo.sp_product_task SET automaticState = 0 WHERE spProductTaskId=24
 2017-02-15 09:49:34,189 INFO  com.astrolink.dao.DmLoginExecLinstenerThreadDao  - 处理请求结束，id为5
 2017-02-15 09:49:34,206 INFO  com.astrolink.util.tools.DbTools  - com.astrolink.dao.DmLoginExecLinstenerThreadDao:UPDATE spinfo.sp_product_task SET automaticState = 0 WHERE spProductTaskId=8
 2017-02-15 09:49:34,209 INFO  com.astrolink.dao.DmLoginExecLinstenerThreadDao  - 处理请求结束，id为24
 2017-02-15 09:49:34,219 INFO  com.astrolink.util.tools.DbTools  - com.astrolink.dao.DmLoginExecLinstenerThreadDao:UPDATE spinfo.sp_product_task SET automaticState = 0 WHERE spProductTaskId=35
 2017-02-15 09:49:34,238 INFO  com.astrolink.dao.DmLoginExecLinstenerThreadDao  - 处理请求结束，id为8
 2017-02-15 09:49:34,240 INFO  com.astrolink.dao.DmLoginExecLinstenerThreadDao  - 处理请求结束，id为35
 2017-02-15 09:49:34,386 INFO  com.astrolink.util.tools.DbTools  - com.astrolink.dao.DmLoginExecLinstenerThreadDao:UPDATE spinfo.sp_product_task SET automaticState = 0 WHERE spProductTaskId=4
 2017-02-15 09:49:34,410 INFO  com.astrolink.dao.DmLoginExecLinstenerThreadDao  - 处理请求结束，id为4
 2017-02-15 09:49:34,592 INFO  com.astrolink.util.tools.DbTools  - com.astrolink.dao.DmLoginExecLinstenerThreadDao:UPDATE spinfo.sp_product_task SET automaticState = 0 WHERE spProductTaskId=110
 2017-02-15 09:49:34,626 INFO  com.astrolink.dao.DmLoginExecLinstenerThreadDao  - 处理请求结束，id为110
 2017-02-15 09:49:35,111 WARN  org.apache.commons.httpclient.HttpMethodBase  - Going to buffer response body of large or unknown size. Using getResponseBodyAsStream instead is recommended.
 2017-02-15 09:49:40,813 INFO  com.astrolink.util.tools.DbTools  - com.astrolink.dao.DmLoginExecLinstenerThreadDao:UPDATE spinfo.sp_product_task SET automaticState = 0 WHERE spProductTaskId=11
 2017-02-15 09:49:40,842 INFO  com.astrolink.dao.DmLoginExecLinstenerThreadDao  - 处理请求结束，id为11
 2017-02-15 09:52:22,116 INFO  com.astrolink.dao.DmLoginLinstenerThreadDao  - 扫描结束，需要处理的数据个数10
 2017-02-15 09:52:22,116 INFO  com.astrolink.service.DmLoginService  - 数据到达接收器，waitMap数据缓冲数量1execMap执行缓冲数量10
 2017-02-15 09:52:22,116 INFO  com.astrolink.service.DmLoginService  - 数据到达接收器，waitMap数据缓冲数量2execMap执行缓冲数量10
 2017-02-15 09:52:22,117 INFO  com.astrolink.service.DmLoginService  - 数据到达接收器，waitMap数据缓冲数量3execMap执行缓冲数量10
 2017-02-15 09:52:22,117 INFO  com.astrolink.service.DmLoginService  - 数据到达接收器，waitMap数据缓冲数量4execMap执行缓冲数量10
 2017-02-15 09:52:22,117 INFO  com.astrolink.service.DmLoginService  - 数据到达接收器，waitMap数据缓冲数量5execMap执行缓冲数量10
 2017-02-15 09:52:22,117 INFO  com.astrolink.service.DmLoginService  - 数据到达接收器，waitMap数据缓冲数量6execMap执行缓冲数量10
 2017-02-15 09:52:22,117 INFO  com.astrolink.service.DmLoginService  - 数据到达接收器，waitMap数据缓冲数量7execMap执行缓冲数量10
 2017-02-15 09:52:22,117 INFO  com.astrolink.service.DmLoginService  - 数据到达接收器，waitMap数据缓冲数量8execMap执行缓冲数量10
 2017-02-15 09:52:22,117 INFO  com.astrolink.service.DmLoginService  - 数据到达接收器，waitMap数据缓冲数量9execMap执行缓冲数量10
 2017-02-15 09:52:22,117 INFO  com.astrolink.service.DmLoginService  - 数据到达接收器，waitMap数据缓冲数量10execMap执行缓冲数量10
 2017-02-15 09:52:22,117 INFO  com.astrolink.service.DmLoginService  - 查询到,数据同步处理线程，开始添加，id为144
 2017-02-15 09:52:22,117 INFO  com.astrolink.service.DmLoginService  - id为144的处理线程添加成功
 2017-02-15 09:52:22,117 INFO  com.astrolink.service.DmLoginService  - 查询到,数据同步处理线程，开始添加，id为129
 2017-02-15 09:52:22,117 INFO  com.astrolink.dao.DmLoginExecLinstenerThreadDao  - 开始处理月报表，id为144
 2017-02-15 09:52:22,117 INFO  com.astrolink.service.DmLoginService  - id为129的处理线程添加成功
 2017-02-15 09:52:22,118 INFO  com.astrolink.dao.DmLoginExecLinstenerThreadDao  - 开始处理月报表，id为129
 2017-02-15 09:52:22,118 INFO  com.astrolink.service.DmLoginService  - 查询到,数据同步处理线程，开始添加，id为162
 2017-02-15 09:52:22,118 INFO  com.astrolink.service.DmLoginService  - id为162的处理线程添加成功
 2017-02-15 09:52:22,118 INFO  com.astrolink.service.DmLoginService  - 查询到,数据同步处理线程，开始添加，id为147
 2017-02-15 09:52:22,118 INFO  com.astrolink.dao.DmLoginExecLinstenerThreadDao  - 开始处理月报表，id为162
 2017-02-15 09:52:22,118 INFO  com.astrolink.service.DmLoginService  - id为147的处理线程添加成功
 2017-02-15 09:52:22,118 INFO  com.astrolink.dao.DmLoginExecLinstenerThreadDao  - 开始处理月报表，id为147
 2017-02-15 09:52:22,118 INFO  com.astrolink.service.DmLoginService  - 查询到,数据同步处理线程，开始添加，id为117
 2017-02-15 09:52:22,119 INFO  com.astrolink.service.DmLoginService  - id为117的处理线程添加成功
 2017-02-15 09:52:22,119 INFO  com.astrolink.service.DmLoginService  - 查询到,数据同步处理线程，开始添加，id为119
 2017-02-15 09:52:22,119 INFO  com.astrolink.service.DmLoginService  - id为119的处理线程添加成功
 2017-02-15 09:52:22,119 INFO  com.astrolink.service.DmLoginService  - 查询到,数据同步处理线程，开始添加，id为138
 2017-02-15 09:52:22,119 INFO  com.astrolink.service.DmLoginService  - id为138的处理线程添加成功
 2017-02-15 09:52:22,119 INFO  com.astrolink.service.DmLoginService  - 查询到,数据同步处理线程，开始添加，id为141
 2017-02-15 09:52:22,119 INFO  com.astrolink.service.DmLoginService  - id为141的处理线程添加成功
 2017-02-15 09:52:22,119 INFO  com.astrolink.service.DmLoginService  - 查询到,数据同步处理线程，开始添加，id为157
 2017-02-15 09:52:22,119 INFO  com.astrolink.service.DmLoginService  - id为157的处理线程添加成功
 2017-02-15 09:52:22,120 INFO  com.astrolink.service.DmLoginService  - 查询到,数据同步处理线程，开始添加，id为126
 2017-02-15 09:52:22,120 INFO  com.astrolink.service.DmLoginService  - id为126的处理线程添加成功
 2017-02-15 09:52:22,120 INFO  com.astrolink.service.DmLoginService  - 清除处理结束的缓存，waitMap数据缓冲数量0execMap执行缓冲数量10删除缓冲0
 2017-02-15 09:52:22,123 INFO  com.astrolink.dao.DmLoginExecLinstenerThreadDao  - 开始处理月报表，id为119
 2017-02-15 09:52:22,124 INFO  com.astrolink.dao.DmLoginExecLinstenerThreadDao  - 开始处理月报表，id为117
 2017-02-15 09:52:22,123 INFO  com.astrolink.dao.DmLoginExecLinstenerThreadDao  - 开始处理月报表，id为157
 2017-02-15 09:52:22,124 INFO  com.astrolink.dao.DmLoginExecLinstenerThreadDao  - 开始处理月报表，id为138
 2017-02-15 09:52:22,124 INFO  com.astrolink.dao.DmLoginExecLinstenerThreadDao  - 开始处理月报表，id为141
 2017-02-15 09:52:22,124 INFO  com.astrolink.dao.DmLoginExecLinstenerThreadDao  - 开始处理月报表，id为126
 2017-02-15 09:52:23,450 WARN  org.apache.commons.httpclient.HttpMethodBase  - Going to buffer response body of large or unknown size. Using getResponseBodyAsStream instead is recommended.
 2017-02-15 09:52:23,462 WARN  org.apache.commons.httpclient.HttpMethodBase  - Going to buffer response body of large or unknown size. Using getResponseBodyAsStream instead is recommended.
 2017-02-15 09:52:23,481 WARN  org.apache.commons.httpclient.HttpMethodBase  - Going to buffer response body of large or unknown size. Using getResponseBodyAsStream instead is recommended.
 2017-02-15 09:52:23,553 WARN  org.apache.commons.httpclient.HttpMethodBase  - Going to buffer response body of large or unknown size. Using getResponseBodyAsStream instead is recommended.
 2017-02-15 09:52:23,578 WARN  org.apache.commons.httpclient.HttpMethodBase  - Going to buffer response body of large or unknown size. Using getResponseBodyAsStream instead is recommended.
 2017-02-15 09:52:23,620 WARN  org.apache.commons.httpclient.HttpMethodBase  - Going to buffer response body of large or unknown size. Using getResponseBodyAsStream instead is recommended.
 2017-02-15 09:52:23,674 WARN  org.apache.commons.httpclient.HttpMethodBase  - Going to buffer response body of large or unknown size. Using getResponseBodyAsStream instead is recommended.
 2017-02-15 09:52:23,696 WARN  org.apache.commons.httpclient.HttpMethodBase  - Going to buffer response body of large or unknown size. Using getResponseBodyAsStream instead is recommended.
 2017-02-15 09:52:23,851 WARN  org.apache.commons.httpclient.HttpMethodBase  - Going to buffer response body of large or unknown size. Using getResponseBodyAsStream instead is recommended.
 2017-02-15 09:52:23,889 WARN  org.apache.commons.httpclient.HttpMethodBase  - Going to buffer response body of large or unknown size. Using getResponseBodyAsStream instead is recommended.
 2017-02-15 09:52:26,435 WARN  org.apache.commons.httpclient.HttpMethodBase  - Going to buffer response body of large or unknown size. Using getResponseBodyAsStream instead is recommended.
 2017-02-15 09:52:26,476 WARN  org.apache.commons.httpclient.HttpMethodBase  - Going to buffer response body of large or unknown size. Using getResponseBodyAsStream instead is recommended.
 2017-02-15 09:52:26,534 WARN  org.apache.commons.httpclient.HttpMethodBase  - Going to buffer response body of large or unknown size. Using getResponseBodyAsStream instead is recommended.
 2017-02-15 09:52:26,544 WARN  org.apache.commons.httpclient.HttpMethodBase  - Going to buffer response body of large or unknown size. Using getResponseBodyAsStream instead is recommended.
 2017-02-15 09:52:26,546 WARN  org.apache.commons.httpclient.HttpMethodBase  - Going to buffer response body of large or unknown size. Using getResponseBodyAsStream instead is recommended.
 2017-02-15 09:52:26,592 WARN  org.apache.commons.httpclient.HttpMethodBase  - Going to buffer response body of large or unknown size. Using getResponseBodyAsStream instead is recommended.
 2017-02-15 09:52:26,628 WARN  org.apache.commons.httpclient.HttpMethodBase  - Going to buffer response body of large or unknown size. Using getResponseBodyAsStream instead is recommended.
 2017-02-15 09:52:26,727 WARN  org.apache.commons.httpclient.HttpMethodBase  - Going to buffer response body of large or unknown size. Using getResponseBodyAsStream instead is recommended.
 2017-02-15 09:52:26,867 WARN  org.apache.commons.httpclient.HttpMethodBase  - Going to buffer response body of large or unknown size. Using getResponseBodyAsStream instead is recommended.
 2017-02-15 09:52:29,368 WARN  org.apache.commons.httpclient.HttpMethodBase  - Going to buffer response body of large or unknown size. Using getResponseBodyAsStream instead is recommended.
 2017-02-15 09:52:29,449 WARN  org.apache.commons.httpclient.HttpMethodBase  - Going to buffer response body of large or unknown size. Using getResponseBodyAsStream instead is recommended.
 2017-02-15 09:52:29,469 WARN  org.apache.commons.httpclient.HttpMethodBase  - Going to buffer response body of large or unknown size. Using getResponseBodyAsStream instead is recommended.
 2017-02-15 09:52:29,471 WARN  org.apache.commons.httpclient.HttpMethodBase  - Going to buffer response body of large or unknown size. Using getResponseBodyAsStream instead is recommended.
 2017-02-15 09:52:29,512 WARN  org.apache.commons.httpclient.HttpMethodBase  - Going to buffer response body of large or unknown size. Using getResponseBodyAsStream instead is recommended.
 2017-02-15 09:52:29,599 WARN  org.apache.commons.httpclient.HttpMethodBase  - Going to buffer response body of large or unknown size. Using getResponseBodyAsStream instead is recommended.
 2017-02-15 09:52:29,659 WARN  org.apache.commons.httpclient.HttpMethodBase  - Going to buffer response body of large or unknown size. Using getResponseBodyAsStream instead is recommended.
 2017-02-15 09:52:29,737 WARN  org.apache.commons.httpclient.HttpMethodBase  - Going to buffer response body of large or unknown size. Using getResponseBodyAsStream instead is recommended.
 2017-02-15 09:52:29,810 WARN  org.apache.commons.httpclient.HttpMethodBase  - Going to buffer response body of large or unknown size. Using getResponseBodyAsStream instead is recommended.
 2017-02-15 09:52:31,525 WARN  org.apache.commons.httpclient.HttpMethodBase  - Going to buffer response body of large or unknown size. Using getResponseBodyAsStream instead is recommended.
 2017-02-15 09:52:32,253 WARN  org.apache.commons.httpclient.HttpMethodBase  - Going to buffer response body of large or unknown size. Using getResponseBodyAsStream instead is recommended.
 2017-02-15 09:52:32,335 WARN  org.apache.commons.httpclient.HttpMethodBase  - Going to buffer response body of large or unknown size. Using getResponseBodyAsStream instead is recommended.
 2017-02-15 09:52:32,490 WARN  org.apache.commons.httpclient.HttpMethodBase  - Going to buffer response body of large or unknown size. Using getResponseBodyAsStream instead is recommended.
 2017-02-15 09:52:32,630 WARN  org.apache.commons.httpclient.HttpMethodBase  - Going to buffer response body of large or unknown size. Using getResponseBodyAsStream instead is recommended.
 2017-02-15 09:52:32,698 WARN  org.apache.commons.httpclient.HttpMethodBase  - Going to buffer response body of large or unknown size. Using getResponseBodyAsStream instead is recommended.
 2017-02-15 09:52:34,448 WARN  org.apache.commons.httpclient.HttpMethodBase  - Going to buffer response body of large or unknown size. Using getResponseBodyAsStream instead is recommended.
 2017-02-15 09:52:34,734 WARN  org.apache.commons.httpclient.HttpMethodBase  - Going to buffer response body of large or unknown size. Using getResponseBodyAsStream instead is recommended.
 2017-02-15 09:52:34,928 INFO  com.astrolink.util.tools.DbTools  - com.astrolink.dao.DmLoginExecLinstenerThreadDao:UPDATE spinfo.sp_product_task SET automaticState = 0 WHERE spProductTaskId=129
 2017-02-15 09:52:34,966 INFO  com.astrolink.dao.DmLoginExecLinstenerThreadDao  - 处理请求结束，id为129
 2017-02-15 09:52:34,979 INFO  com.astrolink.util.tools.DbTools  - com.astrolink.dao.DmLoginExecLinstenerThreadDao:UPDATE spinfo.sp_product_task SET automaticState = 0 WHERE spProductTaskId=147
 2017-02-15 09:52:35,014 INFO  com.astrolink.dao.DmLoginExecLinstenerThreadDao  - 处理请求结束，id为147
 2017-02-15 09:52:35,116 WARN  org.apache.commons.httpclient.HttpMethodBase  - Going to buffer response body of large or unknown size. Using getResponseBodyAsStream instead is recommended.
 2017-02-15 09:52:35,121 WARN  org.apache.commons.httpclient.HttpMethodBase  - Going to buffer response body of large or unknown size. Using getResponseBodyAsStream instead is recommended.
 2017-02-15 09:52:35,128 INFO  com.astrolink.util.tools.DbTools  - com.astrolink.dao.DmLoginExecLinstenerThreadDao:UPDATE spinfo.sp_product_task SET automaticState = 0 WHERE spProductTaskId=144
 2017-02-15 09:52:35,157 INFO  com.astrolink.dao.DmLoginExecLinstenerThreadDao  - 处理请求结束，id为144
 2017-02-15 09:52:35,391 INFO  com.astrolink.util.tools.DbTools  - com.astrolink.dao.DmLoginExecLinstenerThreadDao:UPDATE spinfo.sp_product_task SET automaticState = 0 WHERE spProductTaskId=157
 2017-02-15 09:52:35,425 INFO  com.astrolink.dao.DmLoginExecLinstenerThreadDao  - 处理请求结束，id为157
 2017-02-15 09:52:35,486 INFO  com.astrolink.util.tools.DbTools  - com.astrolink.dao.DmLoginExecLinstenerThreadDao:UPDATE spinfo.sp_product_task SET automaticState = 0 WHERE spProductTaskId=119
 2017-02-15 09:52:35,516 INFO  com.astrolink.dao.DmLoginExecLinstenerThreadDao  - 处理请求结束，id为119
 2017-02-15 09:52:35,737 WARN  org.apache.commons.httpclient.HttpMethodBase  - Going to buffer response body of large or unknown size. Using getResponseBodyAsStream instead is recommended.
 2017-02-15 09:52:37,367 WARN  org.apache.commons.httpclient.HttpMethodBase  - Going to buffer response body of large or unknown size. Using getResponseBodyAsStream instead is recommended.
 2017-02-15 09:52:37,426 INFO  com.astrolink.util.tools.DbTools  - com.astrolink.dao.DmLoginExecLinstenerThreadDao:UPDATE spinfo.sp_product_task SET automaticState = 0 WHERE spProductTaskId=126
 2017-02-15 09:52:37,461 INFO  com.astrolink.dao.DmLoginExecLinstenerThreadDao  - 处理请求结束，id为126
 2017-02-15 09:52:37,717 INFO  com.astrolink.util.tools.DbTools  - com.astrolink.dao.DmLoginExecLinstenerThreadDao:UPDATE spinfo.sp_product_task SET automaticState = 0 WHERE spProductTaskId=117
 2017-02-15 09:52:37,746 INFO  com.astrolink.dao.DmLoginExecLinstenerThreadDao  - 处理请求结束，id为117
 2017-02-15 09:52:37,881 INFO  com.astrolink.util.tools.DbTools  - com.astrolink.dao.DmLoginExecLinstenerThreadDao:UPDATE spinfo.sp_product_task SET automaticState = 0 WHERE spProductTaskId=141
 2017-02-15 09:52:37,920 INFO  com.astrolink.dao.DmLoginExecLinstenerThreadDao  - 处理请求结束，id为141
 2017-02-15 09:52:38,272 INFO  com.astrolink.util.tools.DbTools  - com.astrolink.dao.DmLoginExecLinstenerThreadDao:UPDATE spinfo.sp_product_task SET automaticState = 0 WHERE spProductTaskId=138
 2017-02-15 09:52:38,309 INFO  com.astrolink.dao.DmLoginExecLinstenerThreadDao  - 处理请求结束，id为138
 2017-02-15 09:52:40,172 INFO  com.astrolink.util.tools.DbTools  - com.astrolink.dao.DmLoginExecLinstenerThreadDao:UPDATE spinfo.sp_product_task SET automaticState = 0 WHERE spProductTaskId=162
 2017-02-15 09:52:40,201 INFO  com.astrolink.dao.DmLoginExecLinstenerThreadDao  - 处理请求结束，id为162
 2017-02-15 09:55:25,797 INFO  com.astrolink.dao.DmLoginLinstenerThreadDao  - 扫描结束，需要处理的数据个数10
 2017-02-15 09:55:25,797 INFO  com.astrolink.service.DmLoginService  - 数据到达接收器，waitMap数据缓冲数量1execMap执行缓冲数量10
 2017-02-15 09:55:25,797 INFO  com.astrolink.service.DmLoginService  - 数据到达接收器，waitMap数据缓冲数量2execMap执行缓冲数量10
 2017-02-15 09:55:25,797 INFO  com.astrolink.service.DmLoginService  - 数据到达接收器，waitMap数据缓冲数量3execMap执行缓冲数量10
 2017-02-15 09:55:25,797 INFO  com.astrolink.service.DmLoginService  - 数据到达接收器，waitMap数据缓冲数量4execMap执行缓冲数量10
 2017-02-15 09:55:25,797 INFO  com.astrolink.service.DmLoginService  - 数据到达接收器，waitMap数据缓冲数量5execMap执行缓冲数量10
 2017-02-15 09:55:25,797 INFO  com.astrolink.service.DmLoginService  - 数据到达接收器，waitMap数据缓冲数量6execMap执行缓冲数量10
 2017-02-15 09:55:25,797 INFO  com.astrolink.service.DmLoginService  - 数据到达接收器，waitMap数据缓冲数量7execMap执行缓冲数量10
 2017-02-15 09:55:25,797 INFO  com.astrolink.service.DmLoginService  - 数据到达接收器，waitMap数据缓冲数量8execMap执行缓冲数量10
 2017-02-15 09:55:25,797 INFO  com.astrolink.service.DmLoginService  - 数据到达接收器，waitMap数据缓冲数量9execMap执行缓冲数量10
 2017-02-15 09:55:25,797 INFO  com.astrolink.service.DmLoginService  - 数据到达接收器，waitMap数据缓冲数量10execMap执行缓冲数量10
 2017-02-15 09:55:25,797 INFO  com.astrolink.service.DmLoginService  - 查询到,数据同步处理线程，开始添加，id为176
 2017-02-15 09:55:25,797 INFO  com.astrolink.service.DmLoginService  - id为176的处理线程添加成功
 2017-02-15 09:55:25,798 INFO  com.astrolink.service.DmLoginService  - 查询到,数据同步处理线程，开始添加，id为177
 2017-02-15 09:55:25,798 INFO  com.astrolink.service.DmLoginService  - id为177的处理线程添加成功
 2017-02-15 09:55:25,798 INFO  com.astrolink.dao.DmLoginExecLinstenerThreadDao  - 开始处理月报表，id为176
 2017-02-15 09:55:25,798 INFO  com.astrolink.service.DmLoginService  - 查询到,数据同步处理线程，开始添加，id为163
 2017-02-15 09:55:25,798 INFO  com.astrolink.dao.DmLoginExecLinstenerThreadDao  - 开始处理月报表，id为177
 2017-02-15 09:55:25,798 INFO  com.astrolink.service.DmLoginService  - id为163的处理线程添加成功
 2017-02-15 09:55:25,798 INFO  com.astrolink.service.DmLoginService  - 查询到,数据同步处理线程，开始添加，id为181
 2017-02-15 09:55:25,798 INFO  com.astrolink.service.DmLoginService  - id为181的处理线程添加成功
 2017-02-15 09:55:25,798 INFO  com.astrolink.service.DmLoginService  - 查询到,数据同步处理线程，开始添加，id为166
 2017-02-15 09:55:25,799 INFO  com.astrolink.service.DmLoginService  - id为166的处理线程添加成功
 2017-02-15 09:55:25,799 INFO  com.astrolink.service.DmLoginService  - 查询到,数据同步处理线程，开始添加，id为167
 2017-02-15 09:55:25,799 INFO  com.astrolink.service.DmLoginService  - id为167的处理线程添加成功
 2017-02-15 09:55:25,799 INFO  com.astrolink.service.DmLoginService  - 查询到,数据同步处理线程，开始添加，id为185
 2017-02-15 09:55:25,799 INFO  com.astrolink.service.DmLoginService  - id为185的处理线程添加成功
 2017-02-15 09:55:25,799 INFO  com.astrolink.service.DmLoginService  - 查询到,数据同步处理线程，开始添加，id为170
 2017-02-15 09:55:25,799 INFO  com.astrolink.service.DmLoginService  - id为170的处理线程添加成功
 2017-02-15 09:55:25,799 INFO  com.astrolink.service.DmLoginService  - 查询到,数据同步处理线程，开始添加，id为174
 2017-02-15 09:55:25,799 INFO  com.astrolink.service.DmLoginService  - id为174的处理线程添加成功
 2017-02-15 09:55:25,799 INFO  com.astrolink.service.DmLoginService  - 查询到,数据同步处理线程，开始添加，id为175
 2017-02-15 09:55:25,799 INFO  com.astrolink.service.DmLoginService  - id为175的处理线程添加成功
 2017-02-15 09:55:25,799 INFO  com.astrolink.service.DmLoginService  - 清除处理结束的缓存，waitMap数据缓冲数量0execMap执行缓冲数量10删除缓冲0
 2017-02-15 09:55:25,800 INFO  com.astrolink.dao.DmLoginExecLinstenerThreadDao  - 开始处理月报表，id为163
 2017-02-15 09:55:25,801 INFO  com.astrolink.dao.DmLoginExecLinstenerThreadDao  - 开始处理月报表，id为181
 2017-02-15 09:55:25,801 INFO  com.astrolink.dao.DmLoginExecLinstenerThreadDao  - 开始处理月报表，id为170
 2017-02-15 09:55:25,801 INFO  com.astrolink.dao.DmLoginExecLinstenerThreadDao  - 开始处理月报表，id为185
 2017-02-15 09:55:25,801 INFO  com.astrolink.dao.DmLoginExecLinstenerThreadDao  - 开始处理月报表，id为167
 2017-02-15 09:55:25,800 INFO  com.astrolink.dao.DmLoginExecLinstenerThreadDao  - 开始处理月报表，id为174
 2017-02-15 09:55:25,800 INFO  com.astrolink.dao.DmLoginExecLinstenerThreadDao  - 开始处理月报表，id为175
 2017-02-15 09:55:25,800 INFO  com.astrolink.dao.DmLoginExecLinstenerThreadDao  - 开始处理月报表，id为166
 2017-02-15 09:55:26,429 WARN  org.apache.commons.httpclient.HttpMethodBase  - Going to buffer response body of large or unknown size. Using getResponseBodyAsStream instead is recommended.
 2017-02-15 09:55:26,441 WARN  org.apache.commons.httpclient.HttpMethodBase  - Going to buffer response body of large or unknown size. Using getResponseBodyAsStream instead is recommended.
 2017-02-15 09:55:26,506 WARN  org.apache.commons.httpclient.HttpMethodBase  - Going to buffer response body of large or unknown size. Using getResponseBodyAsStream instead is recommended.
 2017-02-15 09:55:26,510 WARN  org.apache.commons.httpclient.HttpMethodBase  - Going to buffer response body of large or unknown size. Using getResponseBodyAsStream instead is recommended.
 2017-02-15 09:55:26,738 WARN  org.apache.commons.httpclient.HttpMethodBase  - Going to buffer response body of large or unknown size. Using getResponseBodyAsStream instead is recommended.
 2017-02-15 09:55:26,761 WARN  org.apache.commons.httpclient.HttpMethodBase  - Going to buffer response body of large or unknown size. Using getResponseBodyAsStream instead is recommended.
 2017-02-15 09:55:26,831 WARN  org.apache.commons.httpclient.HttpMethodBase  - Going to buffer response body of large or unknown size. Using getResponseBodyAsStream instead is recommended.
 2017-02-15 09:55:26,883 WARN  org.apache.commons.httpclient.HttpMethodBase  - Going to buffer response body of large or unknown size. Using getResponseBodyAsStream instead is recommended.
 2017-02-15 09:55:26,887 WARN  org.apache.commons.httpclient.HttpMethodBase  - Going to buffer response body of large or unknown size. Using getResponseBodyAsStream instead is recommended.
 2017-02-15 09:55:26,901 WARN  org.apache.commons.httpclient.HttpMethodBase  - Going to buffer response body of large or unknown size. Using getResponseBodyAsStream instead is recommended.
 2017-02-15 09:55:29,736 WARN  org.apache.commons.httpclient.HttpMethodBase  - Going to buffer response body of large or unknown size. Using getResponseBodyAsStream instead is recommended.
 2017-02-15 09:55:29,799 WARN  org.apache.commons.httpclient.HttpMethodBase  - Going to buffer response body of large or unknown size. Using getResponseBodyAsStream instead is recommended.
 2017-02-15 09:55:30,965 WARN  org.apache.commons.httpclient.HttpMethodBase  - Going to buffer response body of large or unknown size. Using getResponseBodyAsStream instead is recommended.
 2017-02-15 09:55:31,028 WARN  org.apache.commons.httpclient.HttpMethodBase  - Going to buffer response body of large or unknown size. Using getResponseBodyAsStream instead is recommended.
 2017-02-15 09:55:31,066 WARN  org.apache.commons.httpclient.HttpMethodBase  - Going to buffer response body of large or unknown size. Using getResponseBodyAsStream instead is recommended.
 2017-02-15 09:55:31,100 WARN  org.apache.commons.httpclient.HttpMethodBase  - Going to buffer response body of large or unknown size. Using getResponseBodyAsStream instead is recommended.
 2017-02-15 09:55:31,186 WARN  org.apache.commons.httpclient.HttpMethodBase  - Going to buffer response body of large or unknown size. Using getResponseBodyAsStream instead is recommended.
 2017-02-15 09:55:31,666 WARN  org.apache.commons.httpclient.HttpMethodBase  - Going to buffer response body of large or unknown size. Using getResponseBodyAsStream instead is recommended.
 2017-02-15 09:55:31,666 WARN  org.apache.commons.httpclient.HttpMethodBase  - Going to buffer response body of large or unknown size. Using getResponseBodyAsStream instead is recommended.
 2017-02-15 09:55:33,213 WARN  org.apache.commons.httpclient.HttpMethodBase  - Going to buffer response body of large or unknown size. Using getResponseBodyAsStream instead is recommended.
 2017-02-15 09:55:35,054 WARN  org.apache.commons.httpclient.HttpMethodBase  - Going to buffer response body of large or unknown size. Using getResponseBodyAsStream instead is recommended.
 2017-02-15 09:55:35,156 WARN  org.apache.commons.httpclient.HttpMethodBase  - Going to buffer response body of large or unknown size. Using getResponseBodyAsStream instead is recommended.
 2017-02-15 09:55:35,166 WARN  org.apache.commons.httpclient.HttpMethodBase  - Going to buffer response body of large or unknown size. Using getResponseBodyAsStream instead is recommended.
 2017-02-15 09:55:35,210 WARN  org.apache.commons.httpclient.HttpMethodBase  - Going to buffer response body of large or unknown size. Using getResponseBodyAsStream instead is recommended.
 2017-02-15 09:55:35,466 WARN  org.apache.commons.httpclient.HttpMethodBase  - Going to buffer response body of large or unknown size. Using getResponseBodyAsStream instead is recommended.
 2017-02-15 09:55:35,670 WARN  org.apache.commons.httpclient.HttpMethodBase  - Going to buffer response body of large or unknown size. Using getResponseBodyAsStream instead is recommended.
 2017-02-15 09:55:36,425 WARN  org.apache.commons.httpclient.HttpMethodBase  - Going to buffer response body of large or unknown size. Using getResponseBodyAsStream instead is recommended.
 2017-02-15 09:55:36,828 WARN  org.apache.commons.httpclient.HttpMethodBase  - Going to buffer response body of large or unknown size. Using getResponseBodyAsStream instead is recommended.
 2017-02-15 09:55:37,712 WARN  org.apache.commons.httpclient.HttpMethodBase  - Going to buffer response body of large or unknown size. Using getResponseBodyAsStream instead is recommended.
 2017-02-15 09:55:38,021 WARN  org.apache.commons.httpclient.HttpMethodBase  - Going to buffer response body of large or unknown size. Using getResponseBodyAsStream instead is recommended.
 2017-02-15 09:55:38,065 WARN  org.apache.commons.httpclient.HttpMethodBase  - Going to buffer response body of large or unknown size. Using getResponseBodyAsStream instead is recommended.
 2017-02-15 09:55:38,128 WARN  org.apache.commons.httpclient.HttpMethodBase  - Going to buffer response body of large or unknown size. Using getResponseBodyAsStream instead is recommended.
 2017-02-15 09:55:38,147 WARN  org.apache.commons.httpclient.HttpMethodBase  - Going to buffer response body of large or unknown size. Using getResponseBodyAsStream instead is recommended.
 2017-02-15 09:55:38,409 WARN  org.apache.commons.httpclient.HttpMethodBase  - Going to buffer response body of large or unknown size. Using getResponseBodyAsStream instead is recommended.
 2017-02-15 09:55:38,645 WARN  org.apache.commons.httpclient.HttpMethodBase  - Going to buffer response body of large or unknown size. Using getResponseBodyAsStream instead is recommended.
 2017-02-15 09:55:39,434 WARN  org.apache.commons.httpclient.HttpMethodBase  - Going to buffer response body of large or unknown size. Using getResponseBodyAsStream instead is recommended.
 2017-02-15 09:55:39,761 WARN  org.apache.commons.httpclient.HttpMethodBase  - Going to buffer response body of large or unknown size. Using getResponseBodyAsStream instead is recommended.
 2017-02-15 09:55:40,592 WARN  org.apache.commons.httpclient.HttpMethodBase  - Going to buffer response body of large or unknown size. Using getResponseBodyAsStream instead is recommended.
 2017-02-15 09:55:40,671 INFO  com.astrolink.util.tools.DbTools  - com.astrolink.dao.DmLoginExecLinstenerThreadDao:UPDATE spinfo.sp_product_task SET automaticState = 0 WHERE spProductTaskId=175
 2017-02-15 09:55:40,685 INFO  com.astrolink.util.tools.DbTools  - com.astrolink.dao.DmLoginExecLinstenerThreadDao:UPDATE spinfo.sp_product_task SET automaticState = 0 WHERE spProductTaskId=185
 2017-02-15 09:55:40,713 INFO  com.astrolink.dao.DmLoginExecLinstenerThreadDao  - 处理请求结束，id为175
 2017-02-15 09:55:40,728 INFO  com.astrolink.dao.DmLoginExecLinstenerThreadDao  - 处理请求结束，id为185
 2017-02-15 09:55:40,738 INFO  com.astrolink.util.tools.DbTools  - com.astrolink.dao.DmLoginExecLinstenerThreadDao:UPDATE spinfo.sp_product_task SET automaticState = 0 WHERE spProductTaskId=163
 2017-02-15 09:55:40,748 INFO  com.astrolink.util.tools.DbTools  - com.astrolink.dao.DmLoginExecLinstenerThreadDao:UPDATE spinfo.sp_product_task SET automaticState = 0 WHERE spProductTaskId=174
 2017-02-15 09:55:40,777 INFO  com.astrolink.dao.DmLoginExecLinstenerThreadDao  - 处理请求结束，id为163
 2017-02-15 09:55:40,784 INFO  com.astrolink.dao.DmLoginExecLinstenerThreadDao  - 处理请求结束，id为174
 2017-02-15 09:55:41,185 INFO  com.astrolink.util.tools.DbTools  - com.astrolink.dao.DmLoginExecLinstenerThreadDao:UPDATE spinfo.sp_product_task SET automaticState = 0 WHERE spProductTaskId=177
 2017-02-15 09:55:41,214 INFO  com.astrolink.dao.DmLoginExecLinstenerThreadDao  - 处理请求结束，id为177
 2017-02-15 09:55:41,407 INFO  com.astrolink.util.tools.DbTools  - com.astrolink.dao.DmLoginExecLinstenerThreadDao:UPDATE spinfo.sp_product_task SET automaticState = 0 WHERE spProductTaskId=176
 2017-02-15 09:55:41,438 INFO  com.astrolink.dao.DmLoginExecLinstenerThreadDao  - 处理请求结束，id为176
 2017-02-15 09:55:41,645 WARN  org.apache.commons.httpclient.HttpMethodBase  - Going to buffer response body of large or unknown size. Using getResponseBodyAsStream instead is recommended.
 2017-02-15 09:55:42,335 INFO  com.astrolink.util.tools.DbTools  - com.astrolink.dao.DmLoginExecLinstenerThreadDao:UPDATE spinfo.sp_product_task SET automaticState = 0 WHERE spProductTaskId=166
 2017-02-15 09:55:42,375 INFO  com.astrolink.dao.DmLoginExecLinstenerThreadDao  - 处理请求结束，id为166
 2017-02-15 09:55:42,469 INFO  com.astrolink.util.tools.DbTools  - com.astrolink.dao.DmLoginExecLinstenerThreadDao:UPDATE spinfo.sp_product_task SET automaticState = 0 WHERE spProductTaskId=181
 2017-02-15 09:55:42,490 INFO  com.astrolink.dao.DmLoginExecLinstenerThreadDao  - 处理请求结束，id为181
 2017-02-15 09:55:43,614 INFO  com.astrolink.util.tools.DbTools  - com.astrolink.dao.DmLoginExecLinstenerThreadDao:UPDATE spinfo.sp_product_task SET automaticState = 0 WHERE spProductTaskId=167
 2017-02-15 09:55:43,641 INFO  com.astrolink.dao.DmLoginExecLinstenerThreadDao  - 处理请求结束，id为167
 2017-02-15 09:55:44,821 WARN  org.apache.commons.httpclient.HttpMethodBase  - Going to buffer response body of large or unknown size. Using getResponseBodyAsStream instead is recommended.
 2017-02-15 09:55:47,352 INFO  com.astrolink.util.tools.DbTools  - com.astrolink.dao.DmLoginExecLinstenerThreadDao:UPDATE spinfo.sp_product_task SET automaticState = 0 WHERE spProductTaskId=170
 2017-02-15 09:55:47,379 INFO  com.astrolink.dao.DmLoginExecLinstenerThreadDao  - 处理请求结束，id为170
 2017-02-15 09:58:27,640 INFO  com.astrolink.dao.DmLoginLinstenerThreadDao  - 扫描结束，需要处理的数据个数10
 2017-02-15 09:58:27,640 INFO  com.astrolink.service.DmLoginService  - 数据到达接收器，waitMap数据缓冲数量1execMap执行缓冲数量10
 2017-02-15 09:58:27,640 INFO  com.astrolink.service.DmLoginService  - 数据到达接收器，waitMap数据缓冲数量2execMap执行缓冲数量10
 2017-02-15 09:58:27,640 INFO  com.astrolink.service.DmLoginService  - 数据到达接收器，waitMap数据缓冲数量3execMap执行缓冲数量10
 2017-02-15 09:58:27,640 INFO  com.astrolink.service.DmLoginService  - 数据到达接收器，waitMap数据缓冲数量4execMap执行缓冲数量10
 2017-02-15 09:58:27,640 INFO  com.astrolink.service.DmLoginService  - 数据到达接收器，waitMap数据缓冲数量5execMap执行缓冲数量10
 2017-02-15 09:58:27,640 INFO  com.astrolink.service.DmLoginService  - 数据到达接收器，waitMap数据缓冲数量6execMap执行缓冲数量10
 2017-02-15 09:58:27,640 INFO  com.astrolink.service.DmLoginService  - 数据到达接收器，waitMap数据缓冲数量7execMap执行缓冲数量10
 2017-02-15 09:58:27,641 INFO  com.astrolink.service.DmLoginService  - 数据到达接收器，waitMap数据缓冲数量8execMap执行缓冲数量10
 2017-02-15 09:58:27,641 INFO  com.astrolink.service.DmLoginService  - 数据到达接收器，waitMap数据缓冲数量9execMap执行缓冲数量10
 2017-02-15 09:58:27,641 INFO  com.astrolink.service.DmLoginService  - 数据到达接收器，waitMap数据缓冲数量10execMap执行缓冲数量10
 2017-02-15 09:58:27,641 INFO  com.astrolink.service.DmLoginService  - 查询到,数据同步处理线程，开始添加，id为208
 2017-02-15 09:58:27,641 INFO  com.astrolink.service.DmLoginService  - id为208的处理线程添加成功
 2017-02-15 09:58:27,641 INFO  com.astrolink.service.DmLoginService  - 查询到,数据同步处理线程，开始添加，id为226
 2017-02-15 09:58:27,641 INFO  com.astrolink.service.DmLoginService  - id为226的处理线程添加成功
 2017-02-15 09:58:27,641 INFO  com.astrolink.service.DmLoginService  - 查询到,数据同步处理线程，开始添加，id为211
 2017-02-15 09:58:27,641 INFO  com.astrolink.service.DmLoginService  - id为211的处理线程添加成功
 2017-02-15 09:58:27,641 INFO  com.astrolink.service.DmLoginService  - 查询到,数据同步处理线程，开始添加，id为229
 2017-02-15 09:58:27,641 INFO  com.astrolink.service.DmLoginService  - id为229的处理线程添加成功
 2017-02-15 09:58:27,641 INFO  com.astrolink.service.DmLoginService  - 查询到,数据同步处理线程，开始添加，id为214
 2017-02-15 09:58:27,641 INFO  com.astrolink.service.DmLoginService  - id为214的处理线程添加成功
 2017-02-15 09:58:27,641 INFO  com.astrolink.service.DmLoginService  - 查询到,数据同步处理线程，开始添加，id为202
 2017-02-15 09:58:27,642 INFO  com.astrolink.service.DmLoginService  - id为202的处理线程添加成功
 2017-02-15 09:58:27,642 INFO  com.astrolink.service.DmLoginService  - 查询到,数据同步处理线程，开始添加，id为234
 2017-02-15 09:58:27,642 INFO  com.astrolink.dao.DmLoginExecLinstenerThreadDao  - 开始处理月报表，id为229
 2017-02-15 09:58:27,642 INFO  com.astrolink.service.DmLoginService  - id为234的处理线程添加成功
 2017-02-15 09:58:27,642 INFO  com.astrolink.service.DmLoginService  - 查询到,数据同步处理线程，开始添加，id为235
 2017-02-15 09:58:27,642 INFO  com.astrolink.dao.DmLoginExecLinstenerThreadDao  - 开始处理月报表，id为202
 2017-02-15 09:58:27,642 INFO  com.astrolink.dao.DmLoginExecLinstenerThreadDao  - 开始处理月报表，id为226
 2017-02-15 09:58:27,642 INFO  com.astrolink.dao.DmLoginExecLinstenerThreadDao  - 开始处理月报表，id为235
 2017-02-15 09:58:27,642 INFO  com.astrolink.dao.DmLoginExecLinstenerThreadDao  - 开始处理月报表，id为234
 2017-02-15 09:58:27,642 INFO  com.astrolink.service.DmLoginService  - id为235的处理线程添加成功
 2017-02-15 09:58:27,643 INFO  com.astrolink.service.DmLoginService  - 查询到,数据同步处理线程，开始添加，id为205
 2017-02-15 09:58:27,643 INFO  com.astrolink.service.DmLoginService  - id为205的处理线程添加成功
 2017-02-15 09:58:27,643 INFO  com.astrolink.service.DmLoginService  - 查询到,数据同步处理线程，开始添加，id为222
 2017-02-15 09:58:27,644 INFO  com.astrolink.service.DmLoginService  - id为222的处理线程添加成功
 2017-02-15 09:58:27,644 INFO  com.astrolink.service.DmLoginService  - 清除处理结束的缓存，waitMap数据缓冲数量0execMap执行缓冲数量10删除缓冲0
 2017-02-15 09:58:27,642 INFO  com.astrolink.dao.DmLoginExecLinstenerThreadDao  - 开始处理月报表，id为208
 2017-02-15 09:58:27,642 INFO  com.astrolink.dao.DmLoginExecLinstenerThreadDao  - 开始处理月报表，id为214
 2017-02-15 09:58:27,642 INFO  com.astrolink.dao.DmLoginExecLinstenerThreadDao  - 开始处理月报表，id为211
 2017-02-15 09:58:27,644 INFO  com.astrolink.dao.DmLoginExecLinstenerThreadDao  - 开始处理月报表，id为222
 2017-02-15 09:58:27,644 INFO  com.astrolink.dao.DmLoginExecLinstenerThreadDao  - 开始处理月报表，id为205
 2017-02-15 09:58:28,312 WARN  org.apache.commons.httpclient.HttpMethodBase  - Going to buffer response body of large or unknown size. Using getResponseBodyAsStream instead is recommended.
 2017-02-15 09:58:28,312 WARN  org.apache.commons.httpclient.HttpMethodBase  - Going to buffer response body of large or unknown size. Using getResponseBodyAsStream instead is recommended.
 2017-02-15 09:58:28,338 WARN  org.apache.commons.httpclient.HttpMethodBase  - Going to buffer response body of large or unknown size. Using getResponseBodyAsStream instead is recommended.
 2017-02-15 09:58:28,338 WARN  org.apache.commons.httpclient.HttpMethodBase  - Going to buffer response body of large or unknown size. Using getResponseBodyAsStream instead is recommended.
 2017-02-15 09:58:28,339 WARN  org.apache.commons.httpclient.HttpMethodBase  - Going to buffer response body of large or unknown size. Using getResponseBodyAsStream instead is recommended.
 2017-02-15 09:58:28,389 WARN  org.apache.commons.httpclient.HttpMethodBase  - Going to buffer response body of large or unknown size. Using getResponseBodyAsStream instead is recommended.
 2017-02-15 09:58:28,561 WARN  org.apache.commons.httpclient.HttpMethodBase  - Going to buffer response body of large or unknown size. Using getResponseBodyAsStream instead is recommended.
 2017-02-15 09:58:28,635 WARN  org.apache.commons.httpclient.HttpMethodBase  - Going to buffer response body of large or unknown size. Using getResponseBodyAsStream instead is recommended.
 2017-02-15 09:58:28,641 WARN  org.apache.commons.httpclient.HttpMethodBase  - Going to buffer response body of large or unknown size. Using getResponseBodyAsStream instead is recommended.
 2017-02-15 09:58:28,695 WARN  org.apache.commons.httpclient.HttpMethodBase  - Going to buffer response body of large or unknown size. Using getResponseBodyAsStream instead is recommended.
 2017-02-15 09:58:31,512 WARN  org.apache.commons.httpclient.HttpMethodBase  - Going to buffer response body of large or unknown size. Using getResponseBodyAsStream instead is recommended.
 2017-02-15 09:58:31,637 WARN  org.apache.commons.httpclient.HttpMethodBase  - Going to buffer response body of large or unknown size. Using getResponseBodyAsStream instead is recommended.
 2017-02-15 09:58:31,670 WARN  org.apache.commons.httpclient.HttpMethodBase  - Going to buffer response body of large or unknown size. Using getResponseBodyAsStream instead is recommended.
 2017-02-15 09:58:31,763 WARN  org.apache.commons.httpclient.HttpMethodBase  - Going to buffer response body of large or unknown size. Using getResponseBodyAsStream instead is recommended.
 2017-02-15 09:58:31,875 WARN  org.apache.commons.httpclient.HttpMethodBase  - Going to buffer response body of large or unknown size. Using getResponseBodyAsStream instead is recommended.
 2017-02-15 09:58:31,934 WARN  org.apache.commons.httpclient.HttpMethodBase  - Going to buffer response body of large or unknown size. Using getResponseBodyAsStream instead is recommended.
 2017-02-15 09:58:32,051 WARN  org.apache.commons.httpclient.HttpMethodBase  - Going to buffer response body of large or unknown size. Using getResponseBodyAsStream instead is recommended.
 2017-02-15 09:58:32,255 WARN  org.apache.commons.httpclient.HttpMethodBase  - Going to buffer response body of large or unknown size. Using getResponseBodyAsStream instead is recommended.
 2017-02-15 09:58:32,879 WARN  org.apache.commons.httpclient.HttpMethodBase  - Going to buffer response body of large or unknown size. Using getResponseBodyAsStream instead is recommended.
 2017-02-15 09:58:34,373 WARN  org.apache.commons.httpclient.HttpMethodBase  - Going to buffer response body of large or unknown size. Using getResponseBodyAsStream instead is recommended.
 2017-02-15 09:58:34,441 WARN  org.apache.commons.httpclient.HttpMethodBase  - Going to buffer response body of large or unknown size. Using getResponseBodyAsStream instead is recommended.
 2017-02-15 09:58:34,674 WARN  org.apache.commons.httpclient.HttpMethodBase  - Going to buffer response body of large or unknown size. Using getResponseBodyAsStream instead is recommended.
 2017-02-15 09:58:34,804 WARN  org.apache.commons.httpclient.HttpMethodBase  - Going to buffer response body of large or unknown size. Using getResponseBodyAsStream instead is recommended.
 2017-02-15 09:58:34,935 WARN  org.apache.commons.httpclient.HttpMethodBase  - Going to buffer response body of large or unknown size. Using getResponseBodyAsStream instead is recommended.
 2017-02-15 09:58:34,976 WARN  org.apache.commons.httpclient.HttpMethodBase  - Going to buffer response body of large or unknown size. Using getResponseBodyAsStream instead is recommended.
 2017-02-15 09:58:35,030 WARN  org.apache.commons.httpclient.HttpMethodBase  - Going to buffer response body of large or unknown size. Using getResponseBodyAsStream instead is recommended.
 2017-02-15 09:58:36,013 WARN  org.apache.commons.httpclient.HttpMethodBase  - Going to buffer response body of large or unknown size. Using getResponseBodyAsStream instead is recommended.
 2017-02-15 09:58:36,268 WARN  org.apache.commons.httpclient.HttpMethodBase  - Going to buffer response body of large or unknown size. Using getResponseBodyAsStream instead is recommended.
 2017-02-15 09:58:37,247 WARN  org.apache.commons.httpclient.HttpMethodBase  - Going to buffer response body of large or unknown size. Using getResponseBodyAsStream instead is recommended.
 2017-02-15 09:58:37,358 WARN  org.apache.commons.httpclient.HttpMethodBase  - Going to buffer response body of large or unknown size. Using getResponseBodyAsStream instead is recommended.
 2017-02-15 09:58:37,684 WARN  org.apache.commons.httpclient.HttpMethodBase  - Going to buffer response body of large or unknown size. Using getResponseBodyAsStream instead is recommended.
 2017-02-15 09:58:37,960 WARN  org.apache.commons.httpclient.HttpMethodBase  - Going to buffer response body of large or unknown size. Using getResponseBodyAsStream instead is recommended.
 2017-02-15 09:58:37,965 WARN  org.apache.commons.httpclient.HttpMethodBase  - Going to buffer response body of large or unknown size. Using getResponseBodyAsStream instead is recommended.
 2017-02-15 09:58:37,992 WARN  org.apache.commons.httpclient.HttpMethodBase  - Going to buffer response body of large or unknown size. Using getResponseBodyAsStream instead is recommended.
 2017-02-15 09:58:38,002 WARN  org.apache.commons.httpclient.HttpMethodBase  - Going to buffer response body of large or unknown size. Using getResponseBodyAsStream instead is recommended.
 2017-02-15 09:58:39,565 WARN  org.apache.commons.httpclient.HttpMethodBase  - Going to buffer response body of large or unknown size. Using getResponseBodyAsStream instead is recommended.
 2017-02-15 09:58:39,761 INFO  com.astrolink.util.tools.DbTools  - com.astrolink.dao.DmLoginExecLinstenerThreadDao:UPDATE spinfo.sp_product_task SET automaticState = 0 WHERE spProductTaskId=235
 2017-02-15 09:58:39,790 INFO  com.astrolink.dao.DmLoginExecLinstenerThreadDao  - 处理请求结束，id为235
 2017-02-15 09:58:39,810 WARN  org.apache.commons.httpclient.HttpMethodBase  - Going to buffer response body of large or unknown size. Using getResponseBodyAsStream instead is recommended.
 2017-02-15 09:58:39,887 INFO  com.astrolink.util.tools.DbTools  - com.astrolink.dao.DmLoginExecLinstenerThreadDao:UPDATE spinfo.sp_product_task SET automaticState = 0 WHERE spProductTaskId=205
 2017-02-15 09:58:39,923 INFO  com.astrolink.dao.DmLoginExecLinstenerThreadDao  - 处理请求结束，id为205
 2017-02-15 09:58:40,250 WARN  org.apache.commons.httpclient.HttpMethodBase  - Going to buffer response body of large or unknown size. Using getResponseBodyAsStream instead is recommended.
 2017-02-15 09:58:40,300 INFO  com.astrolink.util.tools.DbTools  - com.astrolink.dao.DmLoginExecLinstenerThreadDao:UPDATE spinfo.sp_product_task SET automaticState = 0 WHERE spProductTaskId=226
 2017-02-15 09:58:40,331 INFO  com.astrolink.dao.DmLoginExecLinstenerThreadDao  - 处理请求结束，id为226
 2017-02-15 09:58:40,458 INFO  com.astrolink.util.tools.DbTools  - com.astrolink.dao.DmLoginExecLinstenerThreadDao:UPDATE spinfo.sp_product_task SET automaticState = 0 WHERE spProductTaskId=208
 2017-02-15 09:58:40,485 INFO  com.astrolink.dao.DmLoginExecLinstenerThreadDao  - 处理请求结束，id为208
 2017-02-15 09:58:40,570 INFO  com.astrolink.util.tools.DbTools  - com.astrolink.dao.DmLoginExecLinstenerThreadDao:UPDATE spinfo.sp_product_task SET automaticState = 0 WHERE spProductTaskId=214
 2017-02-15 09:58:40,605 INFO  com.astrolink.dao.DmLoginExecLinstenerThreadDao  - 处理请求结束，id为214
 2017-02-15 09:58:40,632 INFO  com.astrolink.util.tools.DbTools  - com.astrolink.dao.DmLoginExecLinstenerThreadDao:UPDATE spinfo.sp_product_task SET automaticState = 0 WHERE spProductTaskId=229
 2017-02-15 09:58:40,667 INFO  com.astrolink.dao.DmLoginExecLinstenerThreadDao  - 处理请求结束，id为229
 2017-02-15 09:58:40,710 INFO  com.astrolink.util.tools.DbTools  - com.astrolink.dao.DmLoginExecLinstenerThreadDao:UPDATE spinfo.sp_product_task SET automaticState = 0 WHERE spProductTaskId=211
 2017-02-15 09:58:40,738 INFO  com.astrolink.dao.DmLoginExecLinstenerThreadDao  - 处理请求结束，id为211
 2017-02-15 09:58:42,046 INFO  com.astrolink.util.tools.DbTools  - com.astrolink.dao.DmLoginExecLinstenerThreadDao:UPDATE spinfo.sp_product_task SET automaticState = 0 WHERE spProductTaskId=202
 2017-02-15 09:58:42,074 INFO  com.astrolink.dao.DmLoginExecLinstenerThreadDao  - 处理请求结束，id为202
 2017-02-15 09:58:42,812 WARN  org.apache.commons.httpclient.HttpMethodBase  - Going to buffer response body of large or unknown size. Using getResponseBodyAsStream instead is recommended.
 2017-02-15 09:58:43,359 WARN  org.apache.commons.httpclient.HttpMethodBase  - Going to buffer response body of large or unknown size. Using getResponseBodyAsStream instead is recommended.
 2017-02-15 09:59:00,499 INFO  com.astrolink.util.tools.DbTools  - com.astrolink.dao.DmLoginExecLinstenerThreadDao:UPDATE spinfo.sp_product_task SET automaticState = 0 WHERE spProductTaskId=234
 2017-02-15 09:59:00,526 INFO  com.astrolink.dao.DmLoginExecLinstenerThreadDao  - 处理请求结束，id为234
 2017-02-15 09:59:01,988 INFO  com.astrolink.util.tools.DbTools  - com.astrolink.dao.DmLoginExecLinstenerThreadDao:UPDATE spinfo.sp_product_task SET automaticState = 0 WHERE spProductTaskId=222
 2017-02-15 09:59:02,016 INFO  com.astrolink.dao.DmLoginExecLinstenerThreadDao  - 处理请求结束，id为222
 