2016-12-09 17:02:49,871 INFO  org.apache.commons.httpclient.HttpMethodDirector  - I/O exception (java.net.ConnectException) caught when processing request: Connection refused: connect
 2016-12-09 17:02:49,876 INFO  org.apache.commons.httpclient.HttpMethodDirector  - Retrying request
 2016-12-09 17:02:50,878 INFO  org.apache.commons.httpclient.HttpMethodDirector  - I/O exception (java.net.ConnectException) caught when processing request: Connection refused: connect
 2016-12-09 17:02:50,878 INFO  org.apache.commons.httpclient.HttpMethodDirector  - Retrying request
 2016-12-09 17:02:51,881 INFO  org.apache.commons.httpclient.HttpMethodDirector  - I/O exception (java.net.ConnectException) caught when processing request: Connection refused: connect
 2016-12-09 17:02:51,883 INFO  org.apache.commons.httpclient.HttpMethodDirector  - Retrying request
 2016-12-09 17:02:52,888 ERROR com.astrolink.util.tools.PostNetWork_singleton  - java.net.ConnectException: Connection refused: connect
	at java.net.DualStackPlainSocketImpl.waitForConnect(Native Method)
	at java.net.DualStackPlainSocketImpl.socketConnect(DualStackPlainSocketImpl.java:85)
	at java.net.AbstractPlainSocketImpl.doConnect(AbstractPlainSocketImpl.java:350)
	at java.net.AbstractPlainSocketImpl.connectToAddress(AbstractPlainSocketImpl.java:206)
	at java.net.AbstractPlainSocketImpl.connect(AbstractPlainSocketImpl.java:188)
	at java.net.PlainSocketImpl.connect(PlainSocketImpl.java:172)
	at java.net.SocksSocketImpl.connect(SocksSocketImpl.java:392)
	at java.net.Socket.connect(Socket.java:589)
	at sun.reflect.NativeMethodAccessorImpl.invoke0(Native Method)
	at sun.reflect.NativeMethodAccessorImpl.invoke(NativeMethodAccessorImpl.java:62)
	at sun.reflect.DelegatingMethodAccessorImpl.invoke(DelegatingMethodAccessorImpl.java:43)
	at java.lang.reflect.Method.invoke(Method.java:498)
	at org.apache.commons.httpclient.protocol.ReflectionSocketFactory.createSocket(ReflectionSocketFactory.java:140)
	at org.apache.commons.httpclient.protocol.DefaultProtocolSocketFactory.createSocket(DefaultProtocolSocketFactory.java:125)
	at org.apache.commons.httpclient.HttpConnection.open(HttpConnection.java:707)
	at org.apache.commons.httpclient.HttpMethodDirector.executeWithRetry(HttpMethodDirector.java:387)
	at org.apache.commons.httpclient.HttpMethodDirector.executeMethod(HttpMethodDirector.java:171)
	at org.apache.commons.httpclient.HttpClient.executeMethod(HttpClient.java:397)
	at org.apache.commons.httpclient.HttpClient.executeMethod(HttpClient.java:323)
	at com.astrolink.util.tools.PostNetWork_singleton.executeMethod(PostNetWork_singleton.java:128)
	at com.astrolink.websiteCrack.JdLogin.post_doNetWork(JdLogin.java:305)
	at com.astrolink.websiteCrack.JdLogin.main(JdLogin.java:45)

 2016-12-09 17:02:52,889 ERROR com.astrolink.util.tools.PostNetWork_singleton  - java.lang.NullPointerException
	at java.io.Reader.<init>(Reader.java:78)
	at java.io.InputStreamReader.<init>(InputStreamReader.java:97)
	at com.astrolink.util.tools.PostNetWork_singleton.getHtml(PostNetWork_singleton.java:244)
	at com.astrolink.websiteCrack.JdLogin.post_doNetWork(JdLogin.java:307)
	at com.astrolink.websiteCrack.JdLogin.main(JdLogin.java:45)

 2016-12-09 17:16:44,158 WARN  org.apache.commons.httpclient.HttpMethodBase  - Going to buffer response body of large or unknown size. Using getResponseBodyAsStream instead is recommended.
 2016-12-09 17:19:17,073 INFO  org.apache.commons.httpclient.HttpMethodDirector  - I/O exception (java.net.ConnectException) caught when processing request: Connection refused: connect
 2016-12-09 17:19:17,074 INFO  org.apache.commons.httpclient.HttpMethodDirector  - Retrying request
 2016-12-09 17:19:18,077 INFO  org.apache.commons.httpclient.HttpMethodDirector  - I/O exception (java.net.ConnectException) caught when processing request: Connection refused: connect
 2016-12-09 17:19:18,077 INFO  org.apache.commons.httpclient.HttpMethodDirector  - Retrying request
 2016-12-09 17:19:19,079 INFO  org.apache.commons.httpclient.HttpMethodDirector  - I/O exception (java.net.ConnectException) caught when processing request: Connection refused: connect
 2016-12-09 17:19:19,079 INFO  org.apache.commons.httpclient.HttpMethodDirector  - Retrying request
 2016-12-09 17:19:20,083 ERROR com.astrolink.util.tools.PostNetWork_singleton  - java.net.ConnectException: Connection refused: connect
	at java.net.DualStackPlainSocketImpl.waitForConnect(Native Method)
	at java.net.DualStackPlainSocketImpl.socketConnect(DualStackPlainSocketImpl.java:85)
	at java.net.AbstractPlainSocketImpl.doConnect(AbstractPlainSocketImpl.java:350)
	at java.net.AbstractPlainSocketImpl.connectToAddress(AbstractPlainSocketImpl.java:206)
	at java.net.AbstractPlainSocketImpl.connect(AbstractPlainSocketImpl.java:188)
	at java.net.PlainSocketImpl.connect(PlainSocketImpl.java:172)
	at java.net.SocksSocketImpl.connect(SocksSocketImpl.java:392)
	at java.net.Socket.connect(Socket.java:589)
	at sun.reflect.NativeMethodAccessorImpl.invoke0(Native Method)
	at sun.reflect.NativeMethodAccessorImpl.invoke(NativeMethodAccessorImpl.java:62)
	at sun.reflect.DelegatingMethodAccessorImpl.invoke(DelegatingMethodAccessorImpl.java:43)
	at java.lang.reflect.Method.invoke(Method.java:498)
	at org.apache.commons.httpclient.protocol.ReflectionSocketFactory.createSocket(ReflectionSocketFactory.java:140)
	at org.apache.commons.httpclient.protocol.DefaultProtocolSocketFactory.createSocket(DefaultProtocolSocketFactory.java:125)
	at org.apache.commons.httpclient.HttpConnection.open(HttpConnection.java:707)
	at org.apache.commons.httpclient.HttpMethodDirector.executeWithRetry(HttpMethodDirector.java:387)
	at org.apache.commons.httpclient.HttpMethodDirector.executeMethod(HttpMethodDirector.java:171)
	at org.apache.commons.httpclient.HttpClient.executeMethod(HttpClient.java:397)
	at org.apache.commons.httpclient.HttpClient.executeMethod(HttpClient.java:323)
	at com.astrolink.util.tools.PostNetWork_singleton.executeMethod(PostNetWork_singleton.java:128)
	at com.astrolink.websiteCrack.JdLogin.post_doNetWork(JdLogin.java:305)
	at com.astrolink.websiteCrack.JdLogin.main(JdLogin.java:45)

 2016-12-09 17:19:20,084 ERROR com.astrolink.util.tools.PostNetWork_singleton  - java.lang.NullPointerException
	at java.io.Reader.<init>(Reader.java:78)
	at java.io.InputStreamReader.<init>(InputStreamReader.java:97)
	at com.astrolink.util.tools.PostNetWork_singleton.getHtml(PostNetWork_singleton.java:244)
	at com.astrolink.websiteCrack.JdLogin.post_doNetWork(JdLogin.java:307)
	at com.astrolink.websiteCrack.JdLogin.main(JdLogin.java:45)

 2016-12-09 17:25:55,508 INFO  org.apache.commons.httpclient.HttpMethodDirector  - I/O exception (org.apache.commons.httpclient.NoHttpResponseException) caught when processing request: The server 218.206.191.22 failed to respond
 2016-12-09 17:25:55,509 INFO  org.apache.commons.httpclient.HttpMethodDirector  - Retrying request
 2016-12-09 17:25:55,569 INFO  org.apache.commons.httpclient.HttpMethodDirector  - I/O exception (org.apache.commons.httpclient.NoHttpResponseException) caught when processing request: The server 218.206.191.22 failed to respond
 2016-12-09 17:25:55,569 INFO  org.apache.commons.httpclient.HttpMethodDirector  - Retrying request
 2016-12-09 17:25:55,623 INFO  org.apache.commons.httpclient.HttpMethodDirector  - I/O exception (org.apache.commons.httpclient.NoHttpResponseException) caught when processing request: The server 218.206.191.22 failed to respond
 2016-12-09 17:25:55,623 INFO  org.apache.commons.httpclient.HttpMethodDirector  - Retrying request
 2016-12-09 17:25:55,682 ERROR com.astrolink.util.tools.PostNetWork_singleton  - org.apache.commons.httpclient.NoHttpResponseException: The server 218.206.191.22 failed to respond
	at org.apache.commons.httpclient.HttpMethodBase.readStatusLine(HttpMethodBase.java:1823)
	at org.apache.commons.httpclient.HttpMethodBase.readResponse(HttpMethodBase.java:1611)
	at org.apache.commons.httpclient.HttpMethodBase.execute(HttpMethodBase.java:1033)
	at org.apache.commons.httpclient.HttpMethodDirector.executeWithRetry(HttpMethodDirector.java:398)
	at org.apache.commons.httpclient.HttpMethodDirector.executeMethod(HttpMethodDirector.java:171)
	at org.apache.commons.httpclient.HttpClient.executeMethod(HttpClient.java:397)
	at org.apache.commons.httpclient.HttpClient.executeMethod(HttpClient.java:323)
	at com.astrolink.util.tools.PostNetWork_singleton.executeMethod(PostNetWork_singleton.java:128)
	at com.astrolink.websiteCrack.JdLogin.post_doNetWork(JdLogin.java:305)
	at com.astrolink.websiteCrack.JdLogin.main(JdLogin.java:45)

 2016-12-09 17:25:55,683 ERROR com.astrolink.util.tools.PostNetWork_singleton  - java.lang.NullPointerException
	at java.io.Reader.<init>(Reader.java:78)
	at java.io.InputStreamReader.<init>(InputStreamReader.java:97)
	at com.astrolink.util.tools.PostNetWork_singleton.getHtml(PostNetWork_singleton.java:244)
	at com.astrolink.websiteCrack.JdLogin.post_doNetWork(JdLogin.java:307)
	at com.astrolink.websiteCrack.JdLogin.main(JdLogin.java:45)

 2016-12-09 17:26:08,181 INFO  org.apache.commons.httpclient.HttpMethodDirector  - I/O exception (org.apache.commons.httpclient.NoHttpResponseException) caught when processing request: The server 218.206.191.22 failed to respond
 2016-12-09 17:26:08,182 INFO  org.apache.commons.httpclient.HttpMethodDirector  - Retrying request
 2016-12-09 17:26:08,240 INFO  org.apache.commons.httpclient.HttpMethodDirector  - I/O exception (org.apache.commons.httpclient.NoHttpResponseException) caught when processing request: The server 218.206.191.22 failed to respond
 2016-12-09 17:26:08,240 INFO  org.apache.commons.httpclient.HttpMethodDirector  - Retrying request
 2016-12-09 17:26:08,299 INFO  org.apache.commons.httpclient.HttpMethodDirector  - I/O exception (org.apache.commons.httpclient.NoHttpResponseException) caught when processing request: The server 218.206.191.22 failed to respond
 2016-12-09 17:26:08,299 INFO  org.apache.commons.httpclient.HttpMethodDirector  - Retrying request
 2016-12-09 17:26:08,367 ERROR com.astrolink.util.tools.PostNetWork_singleton  - org.apache.commons.httpclient.NoHttpResponseException: The server 218.206.191.22 failed to respond
	at org.apache.commons.httpclient.HttpMethodBase.readStatusLine(HttpMethodBase.java:1823)
	at org.apache.commons.httpclient.HttpMethodBase.readResponse(HttpMethodBase.java:1611)
	at org.apache.commons.httpclient.HttpMethodBase.execute(HttpMethodBase.java:1033)
	at org.apache.commons.httpclient.HttpMethodDirector.executeWithRetry(HttpMethodDirector.java:398)
	at org.apache.commons.httpclient.HttpMethodDirector.executeMethod(HttpMethodDirector.java:171)
	at org.apache.commons.httpclient.HttpClient.executeMethod(HttpClient.java:397)
	at org.apache.commons.httpclient.HttpClient.executeMethod(HttpClient.java:323)
	at com.astrolink.util.tools.PostNetWork_singleton.executeMethod(PostNetWork_singleton.java:128)
	at com.astrolink.websiteCrack.JdLogin.post_doNetWork(JdLogin.java:305)
	at com.astrolink.websiteCrack.JdLogin.main(JdLogin.java:45)

 2016-12-09 17:26:08,367 ERROR com.astrolink.util.tools.PostNetWork_singleton  - java.lang.NullPointerException
	at java.io.Reader.<init>(Reader.java:78)
	at java.io.InputStreamReader.<init>(InputStreamReader.java:97)
	at com.astrolink.util.tools.PostNetWork_singleton.getHtml(PostNetWork_singleton.java:244)
	at com.astrolink.websiteCrack.JdLogin.post_doNetWork(JdLogin.java:307)
	at com.astrolink.websiteCrack.JdLogin.main(JdLogin.java:45)

 2016-12-09 17:27:03,718 INFO  org.apache.commons.httpclient.HttpMethodDirector  - I/O exception (org.apache.commons.httpclient.NoHttpResponseException) caught when processing request: The server 218.206.191.22 failed to respond
 2016-12-09 17:27:03,719 INFO  org.apache.commons.httpclient.HttpMethodDirector  - Retrying request
 2016-12-09 17:27:03,775 INFO  org.apache.commons.httpclient.HttpMethodDirector  - I/O exception (org.apache.commons.httpclient.NoHttpResponseException) caught when processing request: The server 218.206.191.22 failed to respond
 2016-12-09 17:27:03,776 INFO  org.apache.commons.httpclient.HttpMethodDirector  - Retrying request
 2016-12-09 17:27:03,833 INFO  org.apache.commons.httpclient.HttpMethodDirector  - I/O exception (org.apache.commons.httpclient.NoHttpResponseException) caught when processing request: The server 218.206.191.22 failed to respond
 2016-12-09 17:27:03,834 INFO  org.apache.commons.httpclient.HttpMethodDirector  - Retrying request
 2016-12-09 17:27:03,891 ERROR com.astrolink.util.tools.PostNetWork_singleton  - org.apache.commons.httpclient.NoHttpResponseException: The server 218.206.191.22 failed to respond
	at org.apache.commons.httpclient.HttpMethodBase.readStatusLine(HttpMethodBase.java:1823)
	at org.apache.commons.httpclient.HttpMethodBase.readResponse(HttpMethodBase.java:1611)
	at org.apache.commons.httpclient.HttpMethodBase.execute(HttpMethodBase.java:1033)
	at org.apache.commons.httpclient.HttpMethodDirector.executeWithRetry(HttpMethodDirector.java:398)
	at org.apache.commons.httpclient.HttpMethodDirector.executeMethod(HttpMethodDirector.java:171)
	at org.apache.commons.httpclient.HttpClient.executeMethod(HttpClient.java:397)
	at org.apache.commons.httpclient.HttpClient.executeMethod(HttpClient.java:323)
	at com.astrolink.util.tools.PostNetWork_singleton.executeMethod(PostNetWork_singleton.java:128)
	at com.astrolink.websiteCrack.JdLogin.post_doNetWork(JdLogin.java:305)
	at com.astrolink.websiteCrack.JdLogin.main(JdLogin.java:45)

 2016-12-09 17:27:03,892 ERROR com.astrolink.util.tools.PostNetWork_singleton  - java.lang.NullPointerException
	at java.io.Reader.<init>(Reader.java:78)
	at java.io.InputStreamReader.<init>(InputStreamReader.java:97)
	at com.astrolink.util.tools.PostNetWork_singleton.getHtml(PostNetWork_singleton.java:244)
	at com.astrolink.websiteCrack.JdLogin.post_doNetWork(JdLogin.java:307)
	at com.astrolink.websiteCrack.JdLogin.main(JdLogin.java:45)

 2016-12-09 17:27:43,352 INFO  org.apache.commons.httpclient.HttpMethodDirector  - I/O exception (java.net.ConnectException) caught when processing request: Connection refused: connect
 2016-12-09 17:27:43,353 INFO  org.apache.commons.httpclient.HttpMethodDirector  - Retrying request
 2016-12-09 17:27:44,354 INFO  org.apache.commons.httpclient.HttpMethodDirector  - I/O exception (java.net.ConnectException) caught when processing request: Connection refused: connect
 2016-12-09 17:27:44,354 INFO  org.apache.commons.httpclient.HttpMethodDirector  - Retrying request
 2016-12-09 17:27:45,356 INFO  org.apache.commons.httpclient.HttpMethodDirector  - I/O exception (java.net.ConnectException) caught when processing request: Connection refused: connect
 2016-12-09 17:27:45,356 INFO  org.apache.commons.httpclient.HttpMethodDirector  - Retrying request
 2016-12-09 17:27:46,360 ERROR com.astrolink.util.tools.PostNetWork_singleton  - java.net.ConnectException: Connection refused: connect
	at java.net.DualStackPlainSocketImpl.waitForConnect(Native Method)
	at java.net.DualStackPlainSocketImpl.socketConnect(DualStackPlainSocketImpl.java:85)
	at java.net.AbstractPlainSocketImpl.doConnect(AbstractPlainSocketImpl.java:350)
	at java.net.AbstractPlainSocketImpl.connectToAddress(AbstractPlainSocketImpl.java:206)
	at java.net.AbstractPlainSocketImpl.connect(AbstractPlainSocketImpl.java:188)
	at java.net.PlainSocketImpl.connect(PlainSocketImpl.java:172)
	at java.net.SocksSocketImpl.connect(SocksSocketImpl.java:392)
	at java.net.Socket.connect(Socket.java:589)
	at sun.reflect.NativeMethodAccessorImpl.invoke0(Native Method)
	at sun.reflect.NativeMethodAccessorImpl.invoke(NativeMethodAccessorImpl.java:62)
	at sun.reflect.DelegatingMethodAccessorImpl.invoke(DelegatingMethodAccessorImpl.java:43)
	at java.lang.reflect.Method.invoke(Method.java:498)
	at org.apache.commons.httpclient.protocol.ReflectionSocketFactory.createSocket(ReflectionSocketFactory.java:140)
	at org.apache.commons.httpclient.protocol.DefaultProtocolSocketFactory.createSocket(DefaultProtocolSocketFactory.java:125)
	at org.apache.commons.httpclient.HttpConnection.open(HttpConnection.java:707)
	at org.apache.commons.httpclient.HttpMethodDirector.executeWithRetry(HttpMethodDirector.java:387)
	at org.apache.commons.httpclient.HttpMethodDirector.executeMethod(HttpMethodDirector.java:171)
	at org.apache.commons.httpclient.HttpClient.executeMethod(HttpClient.java:397)
	at org.apache.commons.httpclient.HttpClient.executeMethod(HttpClient.java:323)
	at com.astrolink.util.tools.PostNetWork_singleton.executeMethod(PostNetWork_singleton.java:128)
	at com.astrolink.websiteCrack.JdLogin.post_doNetWork(JdLogin.java:305)
	at com.astrolink.websiteCrack.JdLogin.main(JdLogin.java:45)

 2016-12-09 17:27:46,361 ERROR com.astrolink.util.tools.PostNetWork_singleton  - java.lang.NullPointerException
	at java.io.Reader.<init>(Reader.java:78)
	at java.io.InputStreamReader.<init>(InputStreamReader.java:97)
	at com.astrolink.util.tools.PostNetWork_singleton.getHtml(PostNetWork_singleton.java:244)
	at com.astrolink.websiteCrack.JdLogin.post_doNetWork(JdLogin.java:307)
	at com.astrolink.websiteCrack.JdLogin.main(JdLogin.java:45)

 2016-12-09 17:28:43,139 WARN  org.apache.commons.httpclient.HttpMethodBase  - Going to buffer response body of large or unknown size. Using getResponseBodyAsStream instead is recommended.
 2016-12-09 17:54:47,647 WARN  org.apache.commons.httpclient.HttpMethodBase  - Going to buffer response body of large or unknown size. Using getResponseBodyAsStream instead is recommended.
 2016-12-09 17:55:44,639 WARN  org.apache.commons.httpclient.HttpMethodBase  - Going to buffer response body of large or unknown size. Using getResponseBodyAsStream instead is recommended.
 2016-12-09 17:58:03,078 WARN  org.apache.commons.httpclient.HttpMethodBase  - Going to buffer response body of large or unknown size. Using getResponseBodyAsStream instead is recommended.
 2016-12-09 17:59:21,502 WARN  org.apache.commons.httpclient.HttpMethodBase  - Going to buffer response body of large or unknown size. Using getResponseBodyAsStream instead is recommended.
 