2016-12-12 16:00:50,977 ERROR com.astrolink.util.tools.PostNetWork_singleton  - java.net.SocketTimeoutException: Read timed out
	at java.net.SocketInputStream.socketRead0(Native Method)
	at java.net.SocketInputStream.socketRead(SocketInputStream.java:116)
	at java.net.SocketInputStream.read(SocketInputStream.java:170)
	at java.net.SocketInputStream.read(SocketInputStream.java:141)
	at java.io.BufferedInputStream.fill(BufferedInputStream.java:246)
	at java.io.BufferedInputStream.read(BufferedInputStream.java:265)
	at org.apache.commons.httpclient.HttpParser.readRawLine(HttpParser.java:78)
	at org.apache.commons.httpclient.HttpParser.readLine(HttpParser.java:106)
	at org.apache.commons.httpclient.HttpConnection.readLine(HttpConnection.java:1116)
	at org.apache.commons.httpclient.HttpMethodBase.readStatusLine(HttpMethodBase.java:1820)
	at org.apache.commons.httpclient.HttpMethodBase.readResponse(HttpMethodBase.java:1611)
	at org.apache.commons.httpclient.HttpMethodBase.execute(HttpMethodBase.java:1033)
	at org.apache.commons.httpclient.HttpMethodDirector.executeWithRetry(HttpMethodDirector.java:398)
	at org.apache.commons.httpclient.HttpMethodDirector.executeMethod(HttpMethodDirector.java:171)
	at org.apache.commons.httpclient.HttpClient.executeMethod(HttpClient.java:397)
	at org.apache.commons.httpclient.HttpClient.executeMethod(HttpClient.java:323)
	at com.astrolink.util.tools.PostNetWork_singleton.executeMethod(PostNetWork_singleton.java:88)
	at com.astrolink.util.tools.DmLoginTools.post_doNetWork(DmLoginTools.java:574)
	at com.astrolink.util.tools.DmLoginTools.downLoadFile(DmLoginTools.java:349)
	at com.astrolink.util.tools.DmLoginTools.doWork(DmLoginTools.java:265)
	at com.astrolink.dao.DmLoginExecLinstenerThreadDao.exec(DmLoginExecLinstenerThreadDao.java:57)
	at com.astrolink.logic.listener.JobThread.run(JobThread.java:31)

 2016-12-12 16:00:50,996 ERROR com.astrolink.util.tools.PostNetWork_singleton  - java.lang.NullPointerException
	at java.io.Reader.<init>(Reader.java:78)
	at java.io.InputStreamReader.<init>(InputStreamReader.java:97)
	at com.astrolink.util.tools.PostNetWork_singleton.getHtml(PostNetWork_singleton.java:244)
	at com.astrolink.util.tools.DmLoginTools.post_doNetWork(DmLoginTools.java:575)
	at com.astrolink.util.tools.DmLoginTools.downLoadFile(DmLoginTools.java:349)
	at com.astrolink.util.tools.DmLoginTools.doWork(DmLoginTools.java:265)
	at com.astrolink.dao.DmLoginExecLinstenerThreadDao.exec(DmLoginExecLinstenerThreadDao.java:57)
	at com.astrolink.logic.listener.JobThread.run(JobThread.java:31)

 2016-12-12 16:01:23,271 INFO  com.astrolink.dao.DmLoginLinstenerThreadDao  - 扫描结束，需要处理的数据个数1
 2016-12-12 16:01:23,271 INFO  com.astrolink.service.DmLoginService  - 数据到达接收器，waitMap数据缓冲数量0execMap执行缓冲数量1
 2016-12-12 16:01:23,271 INFO  com.astrolink.service.DmLoginService  - 清除处理结束的缓存，waitMap数据缓冲数量0execMap执行缓冲数量1删除缓冲0
 2016-12-12 16:03:51,072 ERROR com.astrolink.util.tools.PostNetWork_singleton  - java.net.SocketTimeoutException: Read timed out
	at java.net.SocketInputStream.socketRead0(Native Method)
	at java.net.SocketInputStream.socketRead(SocketInputStream.java:116)
	at java.net.SocketInputStream.read(SocketInputStream.java:170)
	at java.net.SocketInputStream.read(SocketInputStream.java:141)
	at java.io.BufferedInputStream.fill(BufferedInputStream.java:246)
	at java.io.BufferedInputStream.read(BufferedInputStream.java:265)
	at org.apache.commons.httpclient.HttpParser.readRawLine(HttpParser.java:78)
	at org.apache.commons.httpclient.HttpParser.readLine(HttpParser.java:106)
	at org.apache.commons.httpclient.HttpConnection.readLine(HttpConnection.java:1116)
	at org.apache.commons.httpclient.HttpMethodBase.readStatusLine(HttpMethodBase.java:1820)
	at org.apache.commons.httpclient.HttpMethodBase.readResponse(HttpMethodBase.java:1611)
	at org.apache.commons.httpclient.HttpMethodBase.execute(HttpMethodBase.java:1033)
	at org.apache.commons.httpclient.HttpMethodDirector.executeWithRetry(HttpMethodDirector.java:398)
	at org.apache.commons.httpclient.HttpMethodDirector.executeMethod(HttpMethodDirector.java:171)
	at org.apache.commons.httpclient.HttpClient.executeMethod(HttpClient.java:397)
	at org.apache.commons.httpclient.HttpClient.executeMethod(HttpClient.java:323)
	at com.astrolink.util.tools.PostNetWork_singleton.executeMethod(PostNetWork_singleton.java:88)
	at com.astrolink.util.tools.DmLoginTools.post_doNetWork(DmLoginTools.java:574)
	at com.astrolink.util.tools.DmLoginTools.downLoadFile(DmLoginTools.java:375)
	at com.astrolink.util.tools.DmLoginTools.doWork(DmLoginTools.java:265)
	at com.astrolink.dao.DmLoginExecLinstenerThreadDao.exec(DmLoginExecLinstenerThreadDao.java:57)
	at com.astrolink.logic.listener.JobThread.run(JobThread.java:31)

 2016-12-12 16:03:51,072 ERROR com.astrolink.util.tools.PostNetWork_singleton  - java.lang.NullPointerException
	at java.io.Reader.<init>(Reader.java:78)
	at java.io.InputStreamReader.<init>(InputStreamReader.java:97)
	at com.astrolink.util.tools.PostNetWork_singleton.getHtml(PostNetWork_singleton.java:244)
	at com.astrolink.util.tools.DmLoginTools.post_doNetWork(DmLoginTools.java:575)
	at com.astrolink.util.tools.DmLoginTools.downLoadFile(DmLoginTools.java:375)
	at com.astrolink.util.tools.DmLoginTools.doWork(DmLoginTools.java:265)
	at com.astrolink.dao.DmLoginExecLinstenerThreadDao.exec(DmLoginExecLinstenerThreadDao.java:57)
	at com.astrolink.logic.listener.JobThread.run(JobThread.java:31)

 2016-12-12 16:03:51,073 ERROR com.astrolink.dao.DmLoginExecLinstenerThreadDao  - java.lang.NullPointerException
	at com.astrolink.util.tools.DmLoginTools.subStr(DmLoginTools.java:667)
	at com.astrolink.util.tools.DmLoginTools.downLoadFile(DmLoginTools.java:378)
	at com.astrolink.util.tools.DmLoginTools.doWork(DmLoginTools.java:265)
	at com.astrolink.dao.DmLoginExecLinstenerThreadDao.exec(DmLoginExecLinstenerThreadDao.java:57)
	at com.astrolink.logic.listener.JobThread.run(JobThread.java:31)

 2016-12-12 16:03:51,403 INFO  com.astrolink.util.tools.DbTools  - com.astrolink.dao.DmLoginExecLinstenerThreadDao:INSERT INTO monitor_info (monitorInfo,sendOutType,inputDate)SELECT CONCAT('上传任务id:',spProductTaskId,'<br>业务名称:',spProductName,'<br>业务类型：月报表<br>失败信息：下载失败,重试http://121.42.157.151:8080/spInfo/retryAction?spProductTaskId=167'),'1',NOW() FROM sp_product  AS a INNER JOIN sp_product_task AS b ON a.spProductId=b.spProductId WHERE spProductTaskId=167
 2016-12-12 16:03:52,546 INFO  com.astrolink.util.tools.DbTools  - com.astrolink.dao.DmLoginExecLinstenerThreadDao:UPDATE spinfo.sp_product_task SET automaticState = 0 WHERE spProductTaskId=167
 2016-12-12 16:03:52,574 INFO  com.astrolink.dao.DmLoginExecLinstenerThreadDao  - 处理请求结束，id为167
 2016-12-12 16:16:28,066 INFO  com.astrolink.consts.LoadProperties  - [系统初始化]服务器配置路径.\conf\config.properties
 2016-12-12 16:16:28,072 INFO  com.astrolink.service.DmLoginService  - 数据导入监听服务
 2016-12-12 16:16:28,074 INFO  com.astrolink.service.DmLoginService  - 数据导入监听服务完毕
 