2017-02-15 10:01:37,549 INFO  com.astrolink.dao.DmLoginLinstenerThreadDao  - 扫描结束，需要处理的数据个数8
 2017-02-15 10:01:37,558 INFO  com.astrolink.service.DmLoginService  - 数据到达接收器，waitMap数据缓冲数量1execMap执行缓冲数量10
 2017-02-15 10:01:37,558 INFO  com.astrolink.service.DmLoginService  - 数据到达接收器，waitMap数据缓冲数量2execMap执行缓冲数量10
 2017-02-15 10:01:37,558 INFO  com.astrolink.service.DmLoginService  - 数据到达接收器，waitMap数据缓冲数量3execMap执行缓冲数量10
 2017-02-15 10:01:37,558 INFO  com.astrolink.service.DmLoginService  - 数据到达接收器，waitMap数据缓冲数量4execMap执行缓冲数量10
 2017-02-15 10:01:37,558 INFO  com.astrolink.service.DmLoginService  - 数据到达接收器，waitMap数据缓冲数量5execMap执行缓冲数量10
 2017-02-15 10:01:37,558 INFO  com.astrolink.service.DmLoginService  - 数据到达接收器，waitMap数据缓冲数量6execMap执行缓冲数量10
 2017-02-15 10:01:37,558 INFO  com.astrolink.service.DmLoginService  - 数据到达接收器，waitMap数据缓冲数量7execMap执行缓冲数量10
 2017-02-15 10:01:37,558 INFO  com.astrolink.service.DmLoginService  - 数据到达接收器，waitMap数据缓冲数量8execMap执行缓冲数量10
 2017-02-15 10:01:37,558 INFO  com.astrolink.service.DmLoginService  - 查询到,数据同步处理线程，开始添加，id为241
 2017-02-15 10:01:37,558 INFO  com.astrolink.service.DmLoginService  - id为241的处理线程添加成功
 2017-02-15 10:01:37,558 INFO  com.astrolink.service.DmLoginService  - 查询到,数据同步处理线程，开始添加，id为243
 2017-02-15 10:01:37,558 INFO  com.astrolink.service.DmLoginService  - id为243的处理线程添加成功
 2017-02-15 10:01:37,558 INFO  com.astrolink.service.DmLoginService  - 查询到,数据同步处理线程，开始添加，id为245
 2017-02-15 10:01:37,558 INFO  com.astrolink.service.DmLoginService  - id为245的处理线程添加成功
 2017-02-15 10:01:37,558 INFO  com.astrolink.dao.DmLoginExecLinstenerThreadDao  - 开始处理月报表，id为241
 2017-02-15 10:01:37,558 INFO  com.astrolink.service.DmLoginService  - 查询到,数据同步处理线程，开始添加，id为250
 2017-02-15 10:01:37,558 INFO  com.astrolink.dao.DmLoginExecLinstenerThreadDao  - 开始处理月报表，id为243
 2017-02-15 10:01:37,558 INFO  com.astrolink.service.DmLoginService  - id为250的处理线程添加成功
 2017-02-15 10:01:37,558 INFO  com.astrolink.dao.DmLoginExecLinstenerThreadDao  - 开始处理月报表，id为245
 2017-02-15 10:01:37,558 INFO  com.astrolink.service.DmLoginService  - 查询到,数据同步处理线程，开始添加，id为236
 2017-02-15 10:01:37,558 INFO  com.astrolink.service.DmLoginService  - id为236的处理线程添加成功
 2017-02-15 10:01:37,558 INFO  com.astrolink.service.DmLoginService  - 查询到,数据同步处理线程，开始添加，id为237
 2017-02-15 10:01:37,558 INFO  com.astrolink.service.DmLoginService  - id为237的处理线程添加成功
 2017-02-15 10:01:37,558 INFO  com.astrolink.dao.DmLoginExecLinstenerThreadDao  - 开始处理月报表，id为250
 2017-02-15 10:01:37,558 INFO  com.astrolink.service.DmLoginService  - 查询到,数据同步处理线程，开始添加，id为238
 2017-02-15 10:01:37,558 INFO  com.astrolink.service.DmLoginService  - id为238的处理线程添加成功
 2017-02-15 10:01:37,558 INFO  com.astrolink.service.DmLoginService  - 查询到,数据同步处理线程，开始添加，id为239
 2017-02-15 10:01:37,558 INFO  com.astrolink.service.DmLoginService  - id为239的处理线程添加成功
 2017-02-15 10:01:37,558 INFO  com.astrolink.service.DmLoginService  - 清除处理结束的缓存，waitMap数据缓冲数量0execMap执行缓冲数量8删除缓冲0
 2017-02-15 10:01:37,558 INFO  com.astrolink.dao.DmLoginExecLinstenerThreadDao  - 开始处理月报表，id为237
 2017-02-15 10:01:37,558 INFO  com.astrolink.dao.DmLoginExecLinstenerThreadDao  - 开始处理月报表，id为239
 2017-02-15 10:01:37,558 INFO  com.astrolink.dao.DmLoginExecLinstenerThreadDao  - 开始处理月报表，id为238
 2017-02-15 10:01:37,558 INFO  com.astrolink.dao.DmLoginExecLinstenerThreadDao  - 开始处理月报表，id为236
 2017-02-15 10:01:40,841 WARN  org.apache.commons.httpclient.HttpMethodBase  - Going to buffer response body of large or unknown size. Using getResponseBodyAsStream instead is recommended.
 2017-02-15 10:01:40,852 WARN  org.apache.commons.httpclient.HttpMethodBase  - Going to buffer response body of large or unknown size. Using getResponseBodyAsStream instead is recommended.
 2017-02-15 10:01:40,852 WARN  org.apache.commons.httpclient.HttpMethodBase  - Going to buffer response body of large or unknown size. Using getResponseBodyAsStream instead is recommended.
 2017-02-15 10:01:40,852 WARN  org.apache.commons.httpclient.HttpMethodBase  - Going to buffer response body of large or unknown size. Using getResponseBodyAsStream instead is recommended.
 2017-02-15 10:01:40,868 WARN  org.apache.commons.httpclient.HttpMethodBase  - Going to buffer response body of large or unknown size. Using getResponseBodyAsStream instead is recommended.
 2017-02-15 10:01:40,868 WARN  org.apache.commons.httpclient.HttpMethodBase  - Going to buffer response body of large or unknown size. Using getResponseBodyAsStream instead is recommended.
 2017-02-15 10:01:40,868 WARN  org.apache.commons.httpclient.HttpMethodBase  - Going to buffer response body of large or unknown size. Using getResponseBodyAsStream instead is recommended.
 2017-02-15 10:01:40,883 WARN  org.apache.commons.httpclient.HttpMethodBase  - Going to buffer response body of large or unknown size. Using getResponseBodyAsStream instead is recommended.
 2017-02-15 10:01:46,938 WARN  org.apache.commons.httpclient.HttpMethodBase  - Going to buffer response body of large or unknown size. Using getResponseBodyAsStream instead is recommended.
 2017-02-15 10:01:46,938 WARN  org.apache.commons.httpclient.HttpMethodBase  - Going to buffer response body of large or unknown size. Using getResponseBodyAsStream instead is recommended.
 2017-02-15 10:01:47,069 WARN  org.apache.commons.httpclient.HttpMethodBase  - Going to buffer response body of large or unknown size. Using getResponseBodyAsStream instead is recommended.
 2017-02-15 10:01:47,402 WARN  org.apache.commons.httpclient.HttpMethodBase  - Going to buffer response body of large or unknown size. Using getResponseBodyAsStream instead is recommended.
 2017-02-15 10:01:47,618 WARN  org.apache.commons.httpclient.HttpMethodBase  - Going to buffer response body of large or unknown size. Using getResponseBodyAsStream instead is recommended.
 2017-02-15 10:01:47,705 WARN  org.apache.commons.httpclient.HttpMethodBase  - Going to buffer response body of large or unknown size. Using getResponseBodyAsStream instead is recommended.
 2017-02-15 10:01:48,821 WARN  org.apache.commons.httpclient.HttpMethodBase  - Going to buffer response body of large or unknown size. Using getResponseBodyAsStream instead is recommended.
 2017-02-15 10:01:49,006 WARN  org.apache.commons.httpclient.HttpMethodBase  - Going to buffer response body of large or unknown size. Using getResponseBodyAsStream instead is recommended.
 2017-02-15 10:01:49,976 WARN  org.apache.commons.httpclient.HttpMethodBase  - Going to buffer response body of large or unknown size. Using getResponseBodyAsStream instead is recommended.
 2017-02-15 10:01:50,110 WARN  org.apache.commons.httpclient.HttpMethodBase  - Going to buffer response body of large or unknown size. Using getResponseBodyAsStream instead is recommended.
 2017-02-15 10:01:50,110 WARN  org.apache.commons.httpclient.HttpMethodBase  - Going to buffer response body of large or unknown size. Using getResponseBodyAsStream instead is recommended.
 2017-02-15 10:01:50,609 WARN  org.apache.commons.httpclient.HttpMethodBase  - Going to buffer response body of large or unknown size. Using getResponseBodyAsStream instead is recommended.
 2017-02-15 10:01:50,742 WARN  org.apache.commons.httpclient.HttpMethodBase  - Going to buffer response body of large or unknown size. Using getResponseBodyAsStream instead is recommended.
 2017-02-15 10:01:50,862 WARN  org.apache.commons.httpclient.HttpMethodBase  - Going to buffer response body of large or unknown size. Using getResponseBodyAsStream instead is recommended.
 2017-02-15 10:01:51,980 WARN  org.apache.commons.httpclient.HttpMethodBase  - Going to buffer response body of large or unknown size. Using getResponseBodyAsStream instead is recommended.
 2017-02-15 10:01:52,064 WARN  org.apache.commons.httpclient.HttpMethodBase  - Going to buffer response body of large or unknown size. Using getResponseBodyAsStream instead is recommended.
 2017-02-15 10:01:53,166 WARN  org.apache.commons.httpclient.HttpMethodBase  - Going to buffer response body of large or unknown size. Using getResponseBodyAsStream instead is recommended.
 2017-02-15 10:01:53,230 WARN  org.apache.commons.httpclient.HttpMethodBase  - Going to buffer response body of large or unknown size. Using getResponseBodyAsStream instead is recommended.
 2017-02-15 10:01:53,467 WARN  org.apache.commons.httpclient.HttpMethodBase  - Going to buffer response body of large or unknown size. Using getResponseBodyAsStream instead is recommended.
 2017-02-15 10:01:53,667 WARN  org.apache.commons.httpclient.HttpMethodBase  - Going to buffer response body of large or unknown size. Using getResponseBodyAsStream instead is recommended.
 2017-02-15 10:01:53,999 WARN  org.apache.commons.httpclient.HttpMethodBase  - Going to buffer response body of large or unknown size. Using getResponseBodyAsStream instead is recommended.
 2017-02-15 10:01:54,015 WARN  org.apache.commons.httpclient.HttpMethodBase  - Going to buffer response body of large or unknown size. Using getResponseBodyAsStream instead is recommended.
 2017-02-15 10:01:54,986 WARN  org.apache.commons.httpclient.HttpMethodBase  - Going to buffer response body of large or unknown size. Using getResponseBodyAsStream instead is recommended.
 2017-02-15 10:01:55,571 WARN  org.apache.commons.httpclient.HttpMethodBase  - Going to buffer response body of large or unknown size. Using getResponseBodyAsStream instead is recommended.
 2017-02-15 10:01:56,055 INFO  com.astrolink.util.tools.DbTools  - com.astrolink.dao.DmLoginExecLinstenerThreadDao:UPDATE spinfo.sp_product_task SET automaticState = 0 WHERE spProductTaskId=250
 2017-02-15 10:01:56,072 INFO  com.astrolink.dao.DmLoginExecLinstenerThreadDao  - 处理请求结束，id为250
 2017-02-15 10:01:56,103 INFO  com.astrolink.util.tools.DbTools  - com.astrolink.dao.DmLoginExecLinstenerThreadDao:UPDATE spinfo.sp_product_task SET automaticState = 0 WHERE spProductTaskId=245
 2017-02-15 10:01:56,156 INFO  com.astrolink.dao.DmLoginExecLinstenerThreadDao  - 处理请求结束，id为245
 2017-02-15 10:01:56,557 INFO  com.astrolink.util.tools.DbTools  - com.astrolink.dao.DmLoginExecLinstenerThreadDao:UPDATE spinfo.sp_product_task SET automaticState = 0 WHERE spProductTaskId=239
 2017-02-15 10:01:56,588 INFO  com.astrolink.dao.DmLoginExecLinstenerThreadDao  - 处理请求结束，id为239
 2017-02-15 10:01:56,619 INFO  com.astrolink.util.tools.DbTools  - com.astrolink.dao.DmLoginExecLinstenerThreadDao:UPDATE spinfo.sp_product_task SET automaticState = 0 WHERE spProductTaskId=236
 2017-02-15 10:01:56,651 INFO  com.astrolink.dao.DmLoginExecLinstenerThreadDao  - 处理请求结束，id为236
 2017-02-15 10:01:56,804 INFO  com.astrolink.util.tools.DbTools  - com.astrolink.dao.DmLoginExecLinstenerThreadDao:UPDATE spinfo.sp_product_task SET automaticState = 0 WHERE spProductTaskId=243
 2017-02-15 10:01:56,820 INFO  com.astrolink.dao.DmLoginExecLinstenerThreadDao  - 处理请求结束，id为243
 2017-02-15 10:01:56,904 INFO  com.astrolink.util.tools.DbTools  - com.astrolink.dao.DmLoginExecLinstenerThreadDao:UPDATE spinfo.sp_product_task SET automaticState = 0 WHERE spProductTaskId=241
 2017-02-15 10:01:56,954 INFO  com.astrolink.dao.DmLoginExecLinstenerThreadDao  - 处理请求结束，id为241
 2017-02-15 10:01:57,774 INFO  com.astrolink.util.tools.DbTools  - com.astrolink.dao.DmLoginExecLinstenerThreadDao:UPDATE spinfo.sp_product_task SET automaticState = 0 WHERE spProductTaskId=238
 2017-02-15 10:01:57,806 INFO  com.astrolink.dao.DmLoginExecLinstenerThreadDao  - 处理请求结束，id为238
 2017-02-15 10:01:58,460 INFO  com.astrolink.util.tools.DbTools  - com.astrolink.dao.DmLoginExecLinstenerThreadDao:UPDATE spinfo.sp_product_task SET automaticState = 0 WHERE spProductTaskId=237
 2017-02-15 10:01:58,539 INFO  com.astrolink.dao.DmLoginExecLinstenerThreadDao  - 处理请求结束，id为237
 2017-02-15 10:50:43,078 INFO  com.astrolink.consts.LoadProperties  - [系统初始化]服务器配置路径.\conf\config.properties
 2017-02-15 10:50:43,094 INFO  com.astrolink.service.DmLoginService  - 数据导入监听服务
 2017-02-15 10:50:43,094 INFO  com.astrolink.service.DmLoginService  - 数据导入监听服务完毕
 2017-02-15 10:50:45,683 INFO  com.astrolink.dao.DmLoginLinstenerThreadDao  - 扫描结束，需要处理的数据个数10
 2017-02-15 10:50:45,684 INFO  com.astrolink.service.DmLoginService  - 数据到达接收器，waitMap数据缓冲数量1execMap执行缓冲数量0
 2017-02-15 10:50:45,684 INFO  com.astrolink.service.DmLoginService  - 数据到达接收器，waitMap数据缓冲数量2execMap执行缓冲数量0
 2017-02-15 10:50:45,684 INFO  com.astrolink.service.DmLoginService  - 数据到达接收器，waitMap数据缓冲数量3execMap执行缓冲数量0
 2017-02-15 10:50:45,684 INFO  com.astrolink.service.DmLoginService  - 数据到达接收器，waitMap数据缓冲数量4execMap执行缓冲数量0
 2017-02-15 10:50:45,684 INFO  com.astrolink.service.DmLoginService  - 数据到达接收器，waitMap数据缓冲数量5execMap执行缓冲数量0
 2017-02-15 10:50:45,684 INFO  com.astrolink.service.DmLoginService  - 数据到达接收器，waitMap数据缓冲数量6execMap执行缓冲数量0
 2017-02-15 10:50:45,684 INFO  com.astrolink.service.DmLoginService  - 数据到达接收器，waitMap数据缓冲数量7execMap执行缓冲数量0
 2017-02-15 10:50:45,684 INFO  com.astrolink.service.DmLoginService  - 数据到达接收器，waitMap数据缓冲数量8execMap执行缓冲数量0
 2017-02-15 10:50:45,684 INFO  com.astrolink.service.DmLoginService  - 数据到达接收器，waitMap数据缓冲数量9execMap执行缓冲数量0
 2017-02-15 10:50:45,684 INFO  com.astrolink.service.DmLoginService  - 数据到达接收器，waitMap数据缓冲数量10execMap执行缓冲数量0
 2017-02-15 10:50:45,685 INFO  com.astrolink.service.DmLoginService  - 查询到,数据同步处理线程，开始添加，id为17
 2017-02-15 10:50:45,685 INFO  com.astrolink.service.DmLoginService  - id为17的处理线程添加成功
 2017-02-15 10:50:45,685 INFO  com.astrolink.service.DmLoginService  - 查询到,数据同步处理线程，开始添加，id为35
 2017-02-15 10:50:45,685 INFO  com.astrolink.service.DmLoginService  - id为35的处理线程添加成功
 2017-02-15 10:50:45,685 INFO  com.astrolink.service.DmLoginService  - 查询到,数据同步处理线程，开始添加，id为67
 2017-02-15 10:50:45,685 INFO  com.astrolink.service.DmLoginService  - id为67的处理线程添加成功
 2017-02-15 10:50:45,685 INFO  com.astrolink.service.DmLoginService  - 查询到,数据同步处理线程，开始添加，id为4
 2017-02-15 10:50:45,685 INFO  com.astrolink.service.DmLoginService  - id为4的处理线程添加成功
 2017-02-15 10:50:45,685 INFO  com.astrolink.service.DmLoginService  - 查询到,数据同步处理线程，开始添加，id为20
 2017-02-15 10:50:45,685 INFO  com.astrolink.service.DmLoginService  - id为20的处理线程添加成功
 2017-02-15 10:50:45,685 INFO  com.astrolink.service.DmLoginService  - 查询到,数据同步处理线程，开始添加，id为5
 2017-02-15 10:50:45,685 INFO  com.astrolink.service.DmLoginService  - id为5的处理线程添加成功
 2017-02-15 10:50:45,685 INFO  com.astrolink.service.DmLoginService  - 查询到,数据同步处理线程，开始添加，id为8
 2017-02-15 10:50:45,685 INFO  com.astrolink.service.DmLoginService  - id为8的处理线程添加成功
 2017-02-15 10:50:45,685 INFO  com.astrolink.service.DmLoginService  - 查询到,数据同步处理线程，开始添加，id为24
 2017-02-15 10:50:45,685 INFO  com.astrolink.service.DmLoginService  - id为24的处理线程添加成功
 2017-02-15 10:50:45,685 INFO  com.astrolink.service.DmLoginService  - 查询到,数据同步处理线程，开始添加，id为11
 2017-02-15 10:50:45,685 INFO  com.astrolink.service.DmLoginService  - id为11的处理线程添加成功
 2017-02-15 10:50:45,685 INFO  com.astrolink.service.DmLoginService  - 查询到,数据同步处理线程，开始添加，id为110
 2017-02-15 10:50:45,685 INFO  com.astrolink.service.DmLoginService  - id为110的处理线程添加成功
 2017-02-15 10:50:45,685 INFO  com.astrolink.service.DmLoginService  - 清除处理结束的缓存，waitMap数据缓冲数量0execMap执行缓冲数量10删除缓冲0
 2017-02-15 10:50:45,701 INFO  com.astrolink.dao.DmLoginExecLinstenerThreadDao  - 开始处理月报表，id为4
 2017-02-15 10:50:45,701 INFO  com.astrolink.dao.DmLoginExecLinstenerThreadDao  - 开始处理月报表，id为20
 2017-02-15 10:50:45,701 INFO  com.astrolink.dao.DmLoginExecLinstenerThreadDao  - 开始处理月报表，id为24
 2017-02-15 10:50:45,701 INFO  com.astrolink.dao.DmLoginExecLinstenerThreadDao  - 开始处理月报表，id为8
 2017-02-15 10:50:45,701 INFO  com.astrolink.dao.DmLoginExecLinstenerThreadDao  - 开始处理月报表，id为35
 2017-02-15 10:50:45,701 INFO  com.astrolink.dao.DmLoginExecLinstenerThreadDao  - 开始处理月报表，id为5
 2017-02-15 10:50:45,701 INFO  com.astrolink.dao.DmLoginExecLinstenerThreadDao  - 开始处理月报表，id为17
 2017-02-15 10:50:45,701 INFO  com.astrolink.dao.DmLoginExecLinstenerThreadDao  - 开始处理月报表，id为11
 2017-02-15 10:50:45,701 INFO  com.astrolink.dao.DmLoginExecLinstenerThreadDao  - 开始处理月报表，id为110
 2017-02-15 10:50:45,701 INFO  com.astrolink.dao.DmLoginExecLinstenerThreadDao  - 开始处理月报表，id为67
 2017-02-15 10:50:47,271 WARN  org.apache.commons.httpclient.HttpMethodBase  - Going to buffer response body of large or unknown size. Using getResponseBodyAsStream instead is recommended.
 2017-02-15 10:50:47,334 WARN  org.apache.commons.httpclient.HttpMethodBase  - Going to buffer response body of large or unknown size. Using getResponseBodyAsStream instead is recommended.
 2017-02-15 10:50:47,356 WARN  org.apache.commons.httpclient.HttpMethodBase  - Going to buffer response body of large or unknown size. Using getResponseBodyAsStream instead is recommended.
 2017-02-15 10:50:47,419 WARN  org.apache.commons.httpclient.HttpMethodBase  - Going to buffer response body of large or unknown size. Using getResponseBodyAsStream instead is recommended.
 2017-02-15 10:50:47,635 WARN  org.apache.commons.httpclient.HttpMethodBase  - Going to buffer response body of large or unknown size. Using getResponseBodyAsStream instead is recommended.
 2017-02-15 10:50:47,635 WARN  org.apache.commons.httpclient.HttpMethodBase  - Going to buffer response body of large or unknown size. Using getResponseBodyAsStream instead is recommended.
 2017-02-15 10:50:47,757 WARN  org.apache.commons.httpclient.HttpMethodBase  - Going to buffer response body of large or unknown size. Using getResponseBodyAsStream instead is recommended.
 2017-02-15 10:50:47,772 WARN  org.apache.commons.httpclient.HttpMethodBase  - Going to buffer response body of large or unknown size. Using getResponseBodyAsStream instead is recommended.
 2017-02-15 10:50:47,988 WARN  org.apache.commons.httpclient.HttpMethodBase  - Going to buffer response body of large or unknown size. Using getResponseBodyAsStream instead is recommended.
 2017-02-15 10:50:48,058 WARN  org.apache.commons.httpclient.HttpMethodBase  - Going to buffer response body of large or unknown size. Using getResponseBodyAsStream instead is recommended.
 2017-02-15 10:50:55,669 WARN  org.apache.commons.httpclient.HttpMethodBase  - Going to buffer response body of large or unknown size. Using getResponseBodyAsStream instead is recommended.
 2017-02-15 10:50:57,372 WARN  org.apache.commons.httpclient.HttpMethodBase  - Going to buffer response body of large or unknown size. Using getResponseBodyAsStream instead is recommended.
 2017-02-15 10:50:57,650 WARN  org.apache.commons.httpclient.HttpMethodBase  - Going to buffer response body of large or unknown size. Using getResponseBodyAsStream instead is recommended.
 2017-02-15 10:50:59,490 WARN  org.apache.commons.httpclient.HttpMethodBase  - Going to buffer response body of large or unknown size. Using getResponseBodyAsStream instead is recommended.
 2017-02-15 10:50:59,891 WARN  org.apache.commons.httpclient.HttpMethodBase  - Going to buffer response body of large or unknown size. Using getResponseBodyAsStream instead is recommended.
 2017-02-15 10:50:59,938 WARN  org.apache.commons.httpclient.HttpMethodBase  - Going to buffer response body of large or unknown size. Using getResponseBodyAsStream instead is recommended.
 2017-02-15 10:51:00,454 WARN  org.apache.commons.httpclient.HttpMethodBase  - Going to buffer response body of large or unknown size. Using getResponseBodyAsStream instead is recommended.
 2017-02-15 10:51:00,739 WARN  org.apache.commons.httpclient.HttpMethodBase  - Going to buffer response body of large or unknown size. Using getResponseBodyAsStream instead is recommended.
 2017-02-15 10:51:00,739 WARN  org.apache.commons.httpclient.HttpMethodBase  - Going to buffer response body of large or unknown size. Using getResponseBodyAsStream instead is recommended.
 2017-02-15 10:51:09,520 WARN  org.apache.commons.httpclient.HttpMethodBase  - Going to buffer response body of large or unknown size. Using getResponseBodyAsStream instead is recommended.
 2017-02-15 10:51:10,267 WARN  org.apache.commons.httpclient.HttpMethodBase  - Going to buffer response body of large or unknown size. Using getResponseBodyAsStream instead is recommended.
 2017-02-15 10:51:15,848 WARN  org.apache.commons.httpclient.HttpMethodBase  - Going to buffer response body of large or unknown size. Using getResponseBodyAsStream instead is recommended.
 2017-02-15 10:51:20,271 WARN  org.apache.commons.httpclient.HttpMethodBase  - Going to buffer response body of large or unknown size. Using getResponseBodyAsStream instead is recommended.
 2017-02-15 10:51:23,292 WARN  org.apache.commons.httpclient.HttpMethodBase  - Going to buffer response body of large or unknown size. Using getResponseBodyAsStream instead is recommended.
 2017-02-15 10:51:23,377 INFO  com.astrolink.dao.DmLoginExecLinstenerThreadDao  - 文件大小为：16384
 2017-02-15 10:51:23,377 INFO  com.astrolink.dao.DmLoginExecLinstenerThreadDao  - 月报表上传，文件名为:5426441529541621二人麻将_800001814月报表.xls
 2017-02-15 10:51:23,762 WARN  org.apache.commons.httpclient.HttpMethodBase  - Going to buffer response body of large or unknown size. Using getResponseBodyAsStream instead is recommended.
 2017-02-15 10:51:23,780 INFO  com.astrolink.dao.DmLoginExecLinstenerThreadDao  - 文件大小为：6144
 2017-02-15 10:51:23,780 INFO  com.astrolink.dao.DmLoginExecLinstenerThreadDao  - 月报表上传，文件名为:3466556553215263漫云_700002275月报表.xls
 2017-02-15 10:51:25,580 WARN  org.apache.commons.httpclient.HttpMethodBase  - Going to buffer response body of large or unknown size. Using getResponseBodyAsStream instead is recommended.
 2017-02-15 10:51:25,618 INFO  com.astrolink.dao.DmLoginExecLinstenerThreadDao  - 文件大小为：10240
 2017-02-15 10:51:25,618 INFO  com.astrolink.dao.DmLoginExecLinstenerThreadDao  - 月报表上传，文件名为:6156656139541119乐云动漫_800001654月报表.xls
 2017-02-15 10:51:27,382 INFO  com.astrolink.dao.DmLoginExecLinstenerThreadDao  - id为24,信息:5426441529541621二人麻将_800001814月报表.xls&nbsp;&nbsp;&nbsp;&nbsp;成功
 2017-02-15 10:51:27,520 WARN  org.apache.commons.httpclient.HttpMethodBase  - Going to buffer response body of large or unknown size. Using getResponseBodyAsStream instead is recommended.
 2017-02-15 10:51:27,535 INFO  com.astrolink.dao.DmLoginExecLinstenerThreadDao  - id为4,信息:6156656139541119乐云动漫_800001654月报表.xls&nbsp;&nbsp;&nbsp;&nbsp;成功
 2017-02-15 10:51:27,535 INFO  com.astrolink.dao.DmLoginExecLinstenerThreadDao  - id为5,信息:3466556553215263漫云_700002275月报表.xls&nbsp;&nbsp;&nbsp;&nbsp;成功
 2017-02-15 10:51:27,535 INFO  com.astrolink.dao.DmLoginExecLinstenerThreadDao  - 文件大小为：10240
 2017-02-15 10:51:27,535 INFO  com.astrolink.dao.DmLoginExecLinstenerThreadDao  - 月报表上传，文件名为:4496542592215363卓钦新动漫_700000560月报表.xls
 2017-02-15 10:51:28,299 INFO  com.astrolink.util.tools.DbTools  - com.astrolink.dao.DmLoginExecLinstenerThreadDao:UPDATE spinfo.sp_product_task SET automaticState = 0 WHERE spProductTaskId=24
 2017-02-15 10:51:28,337 WARN  org.apache.commons.httpclient.HttpMethodBase  - Going to buffer response body of large or unknown size. Using getResponseBodyAsStream instead is recommended.
 2017-02-15 10:51:28,337 INFO  com.astrolink.dao.DmLoginExecLinstenerThreadDao  - 文件大小为：10240
 2017-02-15 10:51:28,337 INFO  com.astrolink.dao.DmLoginExecLinstenerThreadDao  - 月报表上传，文件名为:4634953155621446酷猫妙招_800000658月报表.xls
 2017-02-15 10:51:28,384 INFO  com.astrolink.dao.DmLoginExecLinstenerThreadDao  - 处理请求结束，id为24
 2017-02-15 10:51:28,416 INFO  com.astrolink.util.tools.DbTools  - com.astrolink.dao.DmLoginExecLinstenerThreadDao:UPDATE spinfo.sp_product_task SET automaticState = 0 WHERE spProductTaskId=4
 2017-02-15 10:51:28,838 INFO  com.astrolink.dao.DmLoginExecLinstenerThreadDao  - 处理请求结束，id为4
 2017-02-15 10:51:28,838 INFO  com.astrolink.util.tools.DbTools  - com.astrolink.dao.DmLoginExecLinstenerThreadDao:UPDATE spinfo.sp_product_task SET automaticState = 0 WHERE spProductTaskId=5
 2017-02-15 10:51:29,085 INFO  com.astrolink.dao.DmLoginExecLinstenerThreadDao  - 处理请求结束，id为5
 2017-02-15 10:51:29,286 INFO  com.astrolink.util.tools.DbTools  - com.astrolink.dao.DmLoginExecLinstenerThreadDao:UPDATE spinfo.sp_product_task SET automaticState = 0 WHERE spProductTaskId=110
 2017-02-15 10:51:29,324 INFO  com.astrolink.dao.DmLoginExecLinstenerThreadDao  - 处理请求结束，id为110
 2017-02-15 10:51:29,756 INFO  com.astrolink.dao.DmLoginExecLinstenerThreadDao  - id为67,信息:4496542592215363卓钦新动漫_700000560月报表.xls&nbsp;&nbsp;&nbsp;&nbsp;成功
 2017-02-15 10:51:29,803 INFO  com.astrolink.dao.DmLoginExecLinstenerThreadDao  - id为17,信息:4634953155621446酷猫妙招_800000658月报表.xls&nbsp;&nbsp;&nbsp;&nbsp;成功
 2017-02-15 10:51:30,188 INFO  com.astrolink.util.tools.DbTools  - com.astrolink.dao.DmLoginExecLinstenerThreadDao:UPDATE spinfo.sp_product_task SET automaticState = 0 WHERE spProductTaskId=67
 2017-02-15 10:51:30,341 INFO  com.astrolink.dao.DmLoginExecLinstenerThreadDao  - 处理请求结束，id为67
 2017-02-15 10:51:30,341 INFO  com.astrolink.util.tools.DbTools  - com.astrolink.dao.DmLoginExecLinstenerThreadDao:UPDATE spinfo.sp_product_task SET automaticState = 0 WHERE spProductTaskId=17
 2017-02-15 10:51:30,372 WARN  org.apache.commons.httpclient.HttpMethodBase  - Going to buffer response body of large or unknown size. Using getResponseBodyAsStream instead is recommended.
 2017-02-15 10:51:30,388 INFO  com.astrolink.dao.DmLoginExecLinstenerThreadDao  - 处理请求结束，id为17
 2017-02-15 10:51:33,646 WARN  org.apache.commons.httpclient.HttpMethodBase  - Going to buffer response body of large or unknown size. Using getResponseBodyAsStream instead is recommended.
 2017-02-15 10:51:33,662 INFO  com.astrolink.dao.DmLoginExecLinstenerThreadDao  - 文件大小为：6144
 2017-02-15 10:51:33,662 INFO  com.astrolink.dao.DmLoginExecLinstenerThreadDao  - 月报表上传，文件名为:9946215425264992心阅动漫_700002081月报表.xls
 2017-02-15 10:51:34,347 WARN  org.apache.commons.httpclient.HttpMethodBase  - Going to buffer response body of large or unknown size. Using getResponseBodyAsStream instead is recommended.
 2017-02-15 10:51:34,431 INFO  com.astrolink.dao.DmLoginExecLinstenerThreadDao  - 文件大小为：14336
 2017-02-15 10:51:34,431 INFO  com.astrolink.dao.DmLoginExecLinstenerThreadDao  - 月报表上传，文件名为:2629936944565246辉盛动漫_800001892月报表.xls
 2017-02-15 10:51:35,581 INFO  com.astrolink.dao.DmLoginExecLinstenerThreadDao  - id为8,信息:9946215425264992心阅动漫_700002081月报表.xls&nbsp;&nbsp;&nbsp;&nbsp;成功
 2017-02-15 10:51:35,665 INFO  com.astrolink.dao.DmLoginExecLinstenerThreadDao  - id为20,信息:2629936944565246辉盛动漫_800001892月报表.xls&nbsp;&nbsp;&nbsp;&nbsp;成功
 2017-02-15 10:51:36,134 INFO  com.astrolink.util.tools.DbTools  - com.astrolink.dao.DmLoginExecLinstenerThreadDao:UPDATE spinfo.sp_product_task SET automaticState = 0 WHERE spProductTaskId=8
 2017-02-15 10:51:36,165 INFO  com.astrolink.dao.DmLoginExecLinstenerThreadDao  - 处理请求结束，id为8
 2017-02-15 10:51:36,196 INFO  com.astrolink.util.tools.DbTools  - com.astrolink.dao.DmLoginExecLinstenerThreadDao:UPDATE spinfo.sp_product_task SET automaticState = 0 WHERE spProductTaskId=20
 2017-02-15 10:51:36,234 INFO  com.astrolink.dao.DmLoginExecLinstenerThreadDao  - 处理请求结束，id为20
 2017-02-15 10:51:39,186 WARN  org.apache.commons.httpclient.HttpMethodBase  - Going to buffer response body of large or unknown size. Using getResponseBodyAsStream instead is recommended.
 2017-02-15 10:51:54,647 WARN  org.apache.commons.httpclient.HttpMethodBase  - Going to buffer response body of large or unknown size. Using getResponseBodyAsStream instead is recommended.
 2017-02-15 10:52:02,598 WARN  org.apache.commons.httpclient.HttpMethodBase  - Going to buffer response body of large or unknown size. Using getResponseBodyAsStream instead is recommended.
 2017-02-15 10:52:02,630 INFO  com.astrolink.dao.DmLoginExecLinstenerThreadDao  - 文件大小为：12288
 2017-02-15 10:52:02,630 INFO  com.astrolink.dao.DmLoginExecLinstenerThreadDao  - 月报表上传，文件名为:6635456242592954小希漫画_700004870月报表.xls
 2017-02-15 10:52:04,002 INFO  com.astrolink.dao.DmLoginExecLinstenerThreadDao  - id为35,信息:6635456242592954小希漫画_700004870月报表.xls&nbsp;&nbsp;&nbsp;&nbsp;成功
 2017-02-15 10:52:04,465 INFO  com.astrolink.util.tools.DbTools  - com.astrolink.dao.DmLoginExecLinstenerThreadDao:UPDATE spinfo.sp_product_task SET automaticState = 0 WHERE spProductTaskId=35
 2017-02-15 10:52:04,502 INFO  com.astrolink.dao.DmLoginExecLinstenerThreadDao  - 处理请求结束，id为35
 2017-02-15 10:52:21,316 WARN  org.apache.commons.httpclient.HttpMethodBase  - Going to buffer response body of large or unknown size. Using getResponseBodyAsStream instead is recommended.
 2017-02-15 10:52:21,408 INFO  com.astrolink.dao.DmLoginExecLinstenerThreadDao  - 文件大小为：18432
 2017-02-15 10:52:21,408 INFO  com.astrolink.dao.DmLoginExecLinstenerThreadDao  - 月报表上传，文件名为:2452493166126669汇丰动漫_800000887月报表.xls
 2017-02-15 10:52:22,611 INFO  com.astrolink.dao.DmLoginExecLinstenerThreadDao  - id为11,信息:2452493166126669汇丰动漫_800000887月报表.xls&nbsp;&nbsp;&nbsp;&nbsp;成功
 2017-02-15 10:52:23,535 INFO  com.astrolink.util.tools.DbTools  - com.astrolink.dao.DmLoginExecLinstenerThreadDao:UPDATE spinfo.sp_product_task SET automaticState = 0 WHERE spProductTaskId=11
 2017-02-15 10:52:23,566 INFO  com.astrolink.dao.DmLoginExecLinstenerThreadDao  - 处理请求结束，id为11
 2017-02-15 10:53:47,542 INFO  com.astrolink.dao.DmLoginLinstenerThreadDao  - 扫描结束，需要处理的数据个数10
 2017-02-15 10:53:47,542 INFO  com.astrolink.service.DmLoginService  - 数据到达接收器，waitMap数据缓冲数量1execMap执行缓冲数量10
 2017-02-15 10:53:47,542 INFO  com.astrolink.service.DmLoginService  - 数据到达接收器，waitMap数据缓冲数量2execMap执行缓冲数量10
 2017-02-15 10:53:47,542 INFO  com.astrolink.service.DmLoginService  - 数据到达接收器，waitMap数据缓冲数量3execMap执行缓冲数量10
 2017-02-15 10:53:47,542 INFO  com.astrolink.service.DmLoginService  - 数据到达接收器，waitMap数据缓冲数量4execMap执行缓冲数量10
 2017-02-15 10:53:47,542 INFO  com.astrolink.service.DmLoginService  - 数据到达接收器，waitMap数据缓冲数量5execMap执行缓冲数量10
 2017-02-15 10:53:47,542 INFO  com.astrolink.service.DmLoginService  - 数据到达接收器，waitMap数据缓冲数量6execMap执行缓冲数量10
 2017-02-15 10:53:47,542 INFO  com.astrolink.service.DmLoginService  - 数据到达接收器，waitMap数据缓冲数量7execMap执行缓冲数量10
 2017-02-15 10:53:47,542 INFO  com.astrolink.service.DmLoginService  - 数据到达接收器，waitMap数据缓冲数量8execMap执行缓冲数量10
 2017-02-15 10:53:47,542 INFO  com.astrolink.service.DmLoginService  - 数据到达接收器，waitMap数据缓冲数量9execMap执行缓冲数量10
 2017-02-15 10:53:47,542 INFO  com.astrolink.service.DmLoginService  - 数据到达接收器，waitMap数据缓冲数量10execMap执行缓冲数量10
 2017-02-15 10:53:47,542 INFO  com.astrolink.service.DmLoginService  - 查询到,数据同步处理线程，开始添加，id为144
 2017-02-15 10:53:47,543 INFO  com.astrolink.service.DmLoginService  - id为144的处理线程添加成功
 2017-02-15 10:53:47,543 INFO  com.astrolink.service.DmLoginService  - 查询到,数据同步处理线程，开始添加，id为129
 2017-02-15 10:53:47,543 INFO  com.astrolink.service.DmLoginService  - id为129的处理线程添加成功
 2017-02-15 10:53:47,543 INFO  com.astrolink.service.DmLoginService  - 查询到,数据同步处理线程，开始添加，id为162
 2017-02-15 10:53:47,543 INFO  com.astrolink.service.DmLoginService  - id为162的处理线程添加成功
 2017-02-15 10:53:47,543 INFO  com.astrolink.service.DmLoginService  - 查询到,数据同步处理线程，开始添加，id为147
 2017-02-15 10:53:47,543 INFO  com.astrolink.service.DmLoginService  - id为147的处理线程添加成功
 2017-02-15 10:53:47,543 INFO  com.astrolink.service.DmLoginService  - 查询到,数据同步处理线程，开始添加，id为117
 2017-02-15 10:53:47,543 INFO  com.astrolink.service.DmLoginService  - id为117的处理线程添加成功
 2017-02-15 10:53:47,543 INFO  com.astrolink.service.DmLoginService  - 查询到,数据同步处理线程，开始添加，id为119
 2017-02-15 10:53:47,543 INFO  com.astrolink.service.DmLoginService  - id为119的处理线程添加成功
 2017-02-15 10:53:47,543 INFO  com.astrolink.service.DmLoginService  - 查询到,数据同步处理线程，开始添加，id为138
 2017-02-15 10:53:47,543 INFO  com.astrolink.service.DmLoginService  - id为138的处理线程添加成功
 2017-02-15 10:53:47,544 INFO  com.astrolink.service.DmLoginService  - 查询到,数据同步处理线程，开始添加，id为141
 2017-02-15 10:53:47,544 INFO  com.astrolink.service.DmLoginService  - id为141的处理线程添加成功
 2017-02-15 10:53:47,544 INFO  com.astrolink.service.DmLoginService  - 查询到,数据同步处理线程，开始添加，id为157
 2017-02-15 10:53:47,544 INFO  com.astrolink.service.DmLoginService  - id为157的处理线程添加成功
 2017-02-15 10:53:47,544 INFO  com.astrolink.service.DmLoginService  - 查询到,数据同步处理线程，开始添加，id为126
 2017-02-15 10:53:47,544 INFO  com.astrolink.service.DmLoginService  - id为126的处理线程添加成功
 2017-02-15 10:53:47,544 INFO  com.astrolink.service.DmLoginService  - 清除处理结束的缓存，waitMap数据缓冲数量0execMap执行缓冲数量10删除缓冲0
 2017-02-15 10:53:47,545 INFO  com.astrolink.dao.DmLoginExecLinstenerThreadDao  - 开始处理月报表，id为144
 2017-02-15 10:53:47,545 INFO  com.astrolink.dao.DmLoginExecLinstenerThreadDao  - 开始处理月报表，id为126
 2017-02-15 10:53:47,546 INFO  com.astrolink.dao.DmLoginExecLinstenerThreadDao  - 开始处理月报表，id为138
 2017-02-15 10:53:47,546 INFO  com.astrolink.dao.DmLoginExecLinstenerThreadDao  - 开始处理月报表，id为129
 2017-02-15 10:53:47,546 INFO  com.astrolink.dao.DmLoginExecLinstenerThreadDao  - 开始处理月报表，id为162
 2017-02-15 10:53:47,546 INFO  com.astrolink.dao.DmLoginExecLinstenerThreadDao  - 开始处理月报表，id为147
 2017-02-15 10:53:47,546 INFO  com.astrolink.dao.DmLoginExecLinstenerThreadDao  - 开始处理月报表，id为117
 2017-02-15 10:53:47,545 INFO  com.astrolink.dao.DmLoginExecLinstenerThreadDao  - 开始处理月报表，id为157
 2017-02-15 10:53:47,546 INFO  com.astrolink.dao.DmLoginExecLinstenerThreadDao  - 开始处理月报表，id为141
 2017-02-15 10:53:47,546 INFO  com.astrolink.dao.DmLoginExecLinstenerThreadDao  - 开始处理月报表，id为119
 2017-02-15 10:53:48,656 WARN  org.apache.commons.httpclient.HttpMethodBase  - Going to buffer response body of large or unknown size. Using getResponseBodyAsStream instead is recommended.
 2017-02-15 10:53:48,927 WARN  org.apache.commons.httpclient.HttpMethodBase  - Going to buffer response body of large or unknown size. Using getResponseBodyAsStream instead is recommended.
 2017-02-15 10:53:49,033 WARN  org.apache.commons.httpclient.HttpMethodBase  - Going to buffer response body of large or unknown size. Using getResponseBodyAsStream instead is recommended.
 2017-02-15 10:53:49,160 WARN  org.apache.commons.httpclient.HttpMethodBase  - Going to buffer response body of large or unknown size. Using getResponseBodyAsStream instead is recommended.
 2017-02-15 10:53:49,216 WARN  org.apache.commons.httpclient.HttpMethodBase  - Going to buffer response body of large or unknown size. Using getResponseBodyAsStream instead is recommended.
 2017-02-15 10:53:49,216 WARN  org.apache.commons.httpclient.HttpMethodBase  - Going to buffer response body of large or unknown size. Using getResponseBodyAsStream instead is recommended.
 2017-02-15 10:53:49,246 WARN  org.apache.commons.httpclient.HttpMethodBase  - Going to buffer response body of large or unknown size. Using getResponseBodyAsStream instead is recommended.
 2017-02-15 10:53:49,249 WARN  org.apache.commons.httpclient.HttpMethodBase  - Going to buffer response body of large or unknown size. Using getResponseBodyAsStream instead is recommended.
 2017-02-15 10:53:49,279 WARN  org.apache.commons.httpclient.HttpMethodBase  - Going to buffer response body of large or unknown size. Using getResponseBodyAsStream instead is recommended.
 2017-02-15 10:53:49,357 WARN  org.apache.commons.httpclient.HttpMethodBase  - Going to buffer response body of large or unknown size. Using getResponseBodyAsStream instead is recommended.
 2017-02-15 10:53:56,419 WARN  org.apache.commons.httpclient.HttpMethodBase  - Going to buffer response body of large or unknown size. Using getResponseBodyAsStream instead is recommended.
 2017-02-15 10:53:56,689 WARN  org.apache.commons.httpclient.HttpMethodBase  - Going to buffer response body of large or unknown size. Using getResponseBodyAsStream instead is recommended.
 2017-02-15 10:53:59,138 WARN  org.apache.commons.httpclient.HttpMethodBase  - Going to buffer response body of large or unknown size. Using getResponseBodyAsStream instead is recommended.
 2017-02-15 10:53:59,223 WARN  org.apache.commons.httpclient.HttpMethodBase  - Going to buffer response body of large or unknown size. Using getResponseBodyAsStream instead is recommended.
 2017-02-15 10:53:59,607 WARN  org.apache.commons.httpclient.HttpMethodBase  - Going to buffer response body of large or unknown size. Using getResponseBodyAsStream instead is recommended.
 2017-02-15 10:54:00,603 WARN  org.apache.commons.httpclient.HttpMethodBase  - Going to buffer response body of large or unknown size. Using getResponseBodyAsStream instead is recommended.
 2017-02-15 10:54:01,437 WARN  org.apache.commons.httpclient.HttpMethodBase  - Going to buffer response body of large or unknown size. Using getResponseBodyAsStream instead is recommended.
 2017-02-15 10:54:04,911 WARN  org.apache.commons.httpclient.HttpMethodBase  - Going to buffer response body of large or unknown size. Using getResponseBodyAsStream instead is recommended.
 2017-02-15 10:54:06,637 WARN  org.apache.commons.httpclient.HttpMethodBase  - Going to buffer response body of large or unknown size. Using getResponseBodyAsStream instead is recommended.
 2017-02-15 10:54:06,812 ERROR com.astrolink.dao.DmLoginExecLinstenerThreadDao  - java.lang.StringIndexOutOfBoundsException: String index out of range: -1
	at java.lang.String.substring(String.java:1967)
	at com.astrolink.util.tools.DmLoginTools.subStr(DmLoginTools.java:667)
	at com.astrolink.util.tools.DmLoginTools.downLoadFile(DmLoginTools.java:377)
	at com.astrolink.util.tools.DmLoginTools.doWork(DmLoginTools.java:266)
	at com.astrolink.dao.DmLoginExecLinstenerThreadDao.exec(DmLoginExecLinstenerThreadDao.java:57)
	at com.astrolink.logic.listener.JobThread.run(JobThread.java:31)

 2017-02-15 10:54:09,768 WARN  org.apache.commons.httpclient.HttpMethodBase  - Going to buffer response body of large or unknown size. Using getResponseBodyAsStream instead is recommended.
 2017-02-15 10:54:12,998 WARN  org.apache.commons.httpclient.HttpMethodBase  - Going to buffer response body of large or unknown size. Using getResponseBodyAsStream instead is recommended.
 2017-02-15 10:54:15,469 WARN  org.apache.commons.httpclient.HttpMethodBase  - Going to buffer response body of large or unknown size. Using getResponseBodyAsStream instead is recommended.
 2017-02-15 10:54:19,013 ERROR com.astrolink.dao.DmLoginExecLinstenerThreadDao  - java.lang.StringIndexOutOfBoundsException: String index out of range: -1
	at java.lang.String.substring(String.java:1967)
	at com.astrolink.util.tools.DmLoginTools.subStr(DmLoginTools.java:667)
	at com.astrolink.util.tools.DmLoginTools.downLoadFile(DmLoginTools.java:377)
	at com.astrolink.util.tools.DmLoginTools.doWork(DmLoginTools.java:266)
	at com.astrolink.dao.DmLoginExecLinstenerThreadDao.exec(DmLoginExecLinstenerThreadDao.java:57)
	at com.astrolink.logic.listener.JobThread.run(JobThread.java:31)

 2017-02-15 10:54:21,897 WARN  org.apache.commons.httpclient.HttpMethodBase  - Going to buffer response body of large or unknown size. Using getResponseBodyAsStream instead is recommended.
 2017-02-15 10:54:23,321 WARN  org.apache.commons.httpclient.HttpMethodBase  - Going to buffer response body of large or unknown size. Using getResponseBodyAsStream instead is recommended.
 2017-02-15 10:54:23,337 INFO  com.astrolink.dao.DmLoginExecLinstenerThreadDao  - 文件大小为：11264
 2017-02-15 10:54:23,337 INFO  com.astrolink.dao.DmLoginExecLinstenerThreadDao  - 月报表上传，文件名为:4413413649292561达信动漫_00000000月报表.xls
 2017-02-15 10:54:24,454 INFO  com.astrolink.dao.DmLoginExecLinstenerThreadDao  - id为162,信息:4413413649292561达信动漫_00000000月报表.xls&nbsp;&nbsp;&nbsp;&nbsp;成功
 2017-02-15 10:54:24,755 INFO  com.astrolink.util.tools.DbTools  - com.astrolink.dao.DmLoginExecLinstenerThreadDao:UPDATE spinfo.sp_product_task SET automaticState = 0 WHERE spProductTaskId=162
 2017-02-15 10:54:24,802 INFO  com.astrolink.dao.DmLoginExecLinstenerThreadDao  - 处理请求结束，id为162
 2017-02-15 10:54:26,233 WARN  org.apache.commons.httpclient.HttpMethodBase  - Going to buffer response body of large or unknown size. Using getResponseBodyAsStream instead is recommended.
 2017-02-15 10:54:26,262 INFO  com.astrolink.dao.DmLoginExecLinstenerThreadDao  - 文件大小为：9216
 2017-02-15 10:54:26,262 INFO  com.astrolink.dao.DmLoginExecLinstenerThreadDao  - 月报表上传，文件名为:3651594664166146水晶鞋之恋_00000000月报表.xls
 2017-02-15 10:54:27,312 INFO  com.astrolink.dao.DmLoginExecLinstenerThreadDao  - id为117,信息:3651594664166146水晶鞋之恋_00000000月报表.xls&nbsp;&nbsp;&nbsp;&nbsp;成功
 2017-02-15 10:54:27,877 INFO  com.astrolink.util.tools.DbTools  - com.astrolink.dao.DmLoginExecLinstenerThreadDao:UPDATE spinfo.sp_product_task SET automaticState = 0 WHERE spProductTaskId=117
 2017-02-15 10:54:27,923 INFO  com.astrolink.dao.DmLoginExecLinstenerThreadDao  - 处理请求结束，id为117
 2017-02-15 10:54:28,831 WARN  org.apache.commons.httpclient.HttpMethodBase  - Going to buffer response body of large or unknown size. Using getResponseBodyAsStream instead is recommended.
 2017-02-15 10:54:28,832 INFO  com.astrolink.dao.DmLoginExecLinstenerThreadDao  - 文件大小为：10240
 2017-02-15 10:54:28,832 INFO  com.astrolink.dao.DmLoginExecLinstenerThreadDao  - 月报表上传，文件名为:5246232159566646麦克竞跑_00000000月报表.xls
 2017-02-15 10:54:29,596 WARN  org.apache.commons.httpclient.HttpMethodBase  - Going to buffer response body of large or unknown size. Using getResponseBodyAsStream instead is recommended.
 2017-02-15 10:54:29,612 INFO  com.astrolink.dao.DmLoginExecLinstenerThreadDao  - 文件大小为：11264
 2017-02-15 10:54:29,612 INFO  com.astrolink.dao.DmLoginExecLinstenerThreadDao  - 月报表上传，文件名为:9146355665233613幽漫_00000000月报表.xls
 2017-02-15 10:54:29,681 WARN  org.apache.commons.httpclient.HttpMethodBase  - Going to buffer response body of large or unknown size. Using getResponseBodyAsStream instead is recommended.
 2017-02-15 10:54:29,681 INFO  com.astrolink.dao.DmLoginExecLinstenerThreadDao  - 文件大小为：10240
 2017-02-15 10:54:29,681 INFO  com.astrolink.dao.DmLoginExecLinstenerThreadDao  - 月报表上传，文件名为:6459143629651122黑暗使者_00000000月报表.xls
 2017-02-15 10:54:29,997 WARN  org.apache.commons.httpclient.HttpMethodBase  - Going to buffer response body of large or unknown size. Using getResponseBodyAsStream instead is recommended.
 2017-02-15 10:54:30,012 INFO  com.astrolink.dao.DmLoginExecLinstenerThreadDao  - 文件大小为：12288
 2017-02-15 10:54:30,012 INFO  com.astrolink.dao.DmLoginExecLinstenerThreadDao  - 月报表上传，文件名为:5621129441665654启晨兴动漫_00000000月报表.xls
 2017-02-15 10:54:30,066 WARN  org.apache.commons.httpclient.HttpMethodBase  - Going to buffer response body of large or unknown size. Using getResponseBodyAsStream instead is recommended.
 2017-02-15 10:54:30,081 INFO  com.astrolink.dao.DmLoginExecLinstenerThreadDao  - 文件大小为：11264
 2017-02-15 10:54:30,081 INFO  com.astrolink.dao.DmLoginExecLinstenerThreadDao  - 月报表上传，文件名为:3449363616249596古城宝矿_00000000月报表.xls
 2017-02-15 10:54:31,414 ERROR com.astrolink.dao.DmLoginExecLinstenerThreadDao  - java.lang.StringIndexOutOfBoundsException: String index out of range: -1
	at java.lang.String.substring(String.java:1967)
	at com.astrolink.util.tools.DmLoginTools.subStr(DmLoginTools.java:667)
	at com.astrolink.util.tools.DmLoginTools.downLoadFile(DmLoginTools.java:377)
	at com.astrolink.util.tools.DmLoginTools.doWork(DmLoginTools.java:266)
	at com.astrolink.dao.DmLoginExecLinstenerThreadDao.exec(DmLoginExecLinstenerThreadDao.java:57)
	at com.astrolink.logic.listener.JobThread.run(JobThread.java:31)

 2017-02-15 10:54:31,768 INFO  com.astrolink.util.tools.DbTools  - com.astrolink.dao.DmLoginExecLinstenerThreadDao:INSERT INTO monitor_info (monitorInfo,sendOutType,inputDate)SELECT CONCAT('上传任务id:',spProductTaskId,'<br>业务名称:',spProductName,'<br>业务类型：月报表<br>失败信息：下载失败,重试http://121.42.157.151:8080/spInfo/retryAction?spProductTaskId=129'),'1',NOW() FROM sp_product  AS a INNER JOIN sp_product_task AS b ON a.spProductId=b.spProductId WHERE spProductTaskId=129
 2017-02-15 10:54:33,102 INFO  com.astrolink.dao.DmLoginExecLinstenerThreadDao  - id为144,信息:5246232159566646麦克竞跑_00000000月报表.xls&nbsp;&nbsp;&nbsp;&nbsp;成功
 2017-02-15 10:54:33,102 INFO  com.astrolink.dao.DmLoginExecLinstenerThreadDao  - id为157,信息:6459143629651122黑暗使者_00000000月报表.xls&nbsp;&nbsp;&nbsp;&nbsp;成功
 2017-02-15 10:54:33,102 INFO  com.astrolink.dao.DmLoginExecLinstenerThreadDao  - id为119,信息:5621129441665654启晨兴动漫_00000000月报表.xls&nbsp;&nbsp;&nbsp;&nbsp;成功
 2017-02-15 10:54:33,149 INFO  com.astrolink.dao.DmLoginExecLinstenerThreadDao  - id为141,信息:3449363616249596古城宝矿_00000000月报表.xls&nbsp;&nbsp;&nbsp;&nbsp;成功
 2017-02-15 10:54:33,149 INFO  com.astrolink.dao.DmLoginExecLinstenerThreadDao  - id为147,信息:9146355665233613幽漫_00000000月报表.xls&nbsp;&nbsp;&nbsp;&nbsp;成功
 2017-02-15 10:54:33,402 INFO  com.astrolink.util.tools.DbTools  - com.astrolink.dao.DmLoginExecLinstenerThreadDao:UPDATE spinfo.sp_product_task SET automaticState = 0 WHERE spProductTaskId=144
 2017-02-15 10:54:33,402 INFO  com.astrolink.util.tools.DbTools  - com.astrolink.dao.DmLoginExecLinstenerThreadDao:UPDATE spinfo.sp_product_task SET automaticState = 0 WHERE spProductTaskId=129
 2017-02-15 10:54:33,433 INFO  com.astrolink.dao.DmLoginExecLinstenerThreadDao  - 处理请求结束，id为144
 2017-02-15 10:54:33,433 INFO  com.astrolink.dao.DmLoginExecLinstenerThreadDao  - 处理请求结束，id为129
 2017-02-15 10:54:33,518 INFO  com.astrolink.util.tools.DbTools  - com.astrolink.dao.DmLoginExecLinstenerThreadDao:UPDATE spinfo.sp_product_task SET automaticState = 0 WHERE spProductTaskId=141
 2017-02-15 10:54:33,534 INFO  com.astrolink.dao.DmLoginExecLinstenerThreadDao  - 处理请求结束，id为141
 2017-02-15 10:54:33,549 INFO  com.astrolink.util.tools.DbTools  - com.astrolink.dao.DmLoginExecLinstenerThreadDao:UPDATE spinfo.sp_product_task SET automaticState = 0 WHERE spProductTaskId=119
 2017-02-15 10:54:33,571 INFO  com.astrolink.util.tools.DbTools  - com.astrolink.dao.DmLoginExecLinstenerThreadDao:UPDATE spinfo.sp_product_task SET automaticState = 0 WHERE spProductTaskId=157
 2017-02-15 10:54:33,571 INFO  com.astrolink.util.tools.DbTools  - com.astrolink.dao.DmLoginExecLinstenerThreadDao:UPDATE spinfo.sp_product_task SET automaticState = 0 WHERE spProductTaskId=147
 2017-02-15 10:54:33,587 INFO  com.astrolink.dao.DmLoginExecLinstenerThreadDao  - 处理请求结束，id为119
 2017-02-15 10:54:33,603 INFO  com.astrolink.dao.DmLoginExecLinstenerThreadDao  - 处理请求结束，id为157
 2017-02-15 10:54:33,618 INFO  com.astrolink.dao.DmLoginExecLinstenerThreadDao  - 处理请求结束，id为147
 2017-02-15 10:54:34,821 WARN  org.apache.commons.httpclient.HttpMethodBase  - Going to buffer response body of large or unknown size. Using getResponseBodyAsStream instead is recommended.
 2017-02-15 10:54:34,821 INFO  com.astrolink.dao.DmLoginExecLinstenerThreadDao  - 文件大小为：8192
 2017-02-15 10:54:34,821 INFO  com.astrolink.dao.DmLoginExecLinstenerThreadDao  - 月报表上传，文件名为:1634659315992641哆来咪连萌_600000182月报表.xls
 2017-02-15 10:54:35,907 INFO  com.astrolink.dao.DmLoginExecLinstenerThreadDao  - id为126,信息:1634659315992641哆来咪连萌_600000182月报表.xls&nbsp;&nbsp;&nbsp;&nbsp;成功
 2017-02-15 10:54:36,314 INFO  com.astrolink.util.tools.DbTools  - com.astrolink.dao.DmLoginExecLinstenerThreadDao:UPDATE spinfo.sp_product_task SET automaticState = 0 WHERE spProductTaskId=126
 2017-02-15 10:54:36,361 INFO  com.astrolink.dao.DmLoginExecLinstenerThreadDao  - 处理请求结束，id为126
 2017-02-15 10:54:39,475 WARN  org.apache.commons.httpclient.HttpMethodBase  - Going to buffer response body of large or unknown size. Using getResponseBodyAsStream instead is recommended.
 2017-02-15 10:54:39,481 INFO  com.astrolink.dao.DmLoginExecLinstenerThreadDao  - 文件大小为：10240
 2017-02-15 10:54:39,481 INFO  com.astrolink.dao.DmLoginExecLinstenerThreadDao  - 月报表上传，文件名为:6393143462594633果冻旋风_00000000月报表.xls
 2017-02-15 10:54:40,524 INFO  com.astrolink.dao.DmLoginExecLinstenerThreadDao  - id为138,信息:6393143462594633果冻旋风_00000000月报表.xls&nbsp;&nbsp;&nbsp;&nbsp;成功
 2017-02-15 10:54:40,884 INFO  com.astrolink.util.tools.DbTools  - com.astrolink.dao.DmLoginExecLinstenerThreadDao:UPDATE spinfo.sp_product_task SET automaticState = 0 WHERE spProductTaskId=138
 2017-02-15 10:54:40,915 INFO  com.astrolink.dao.DmLoginExecLinstenerThreadDao  - 处理请求结束，id为138
 2017-02-15 10:56:49,280 INFO  com.astrolink.dao.DmLoginLinstenerThreadDao  - 扫描结束，需要处理的数据个数10
 2017-02-15 10:56:49,281 INFO  com.astrolink.service.DmLoginService  - 数据到达接收器，waitMap数据缓冲数量1execMap执行缓冲数量10
 2017-02-15 10:56:49,281 INFO  com.astrolink.service.DmLoginService  - 数据到达接收器，waitMap数据缓冲数量2execMap执行缓冲数量10
 2017-02-15 10:56:49,281 INFO  com.astrolink.service.DmLoginService  - 数据到达接收器，waitMap数据缓冲数量3execMap执行缓冲数量10
 2017-02-15 10:56:49,281 INFO  com.astrolink.service.DmLoginService  - 数据到达接收器，waitMap数据缓冲数量4execMap执行缓冲数量10
 2017-02-15 10:56:49,281 INFO  com.astrolink.service.DmLoginService  - 数据到达接收器，waitMap数据缓冲数量5execMap执行缓冲数量10
 2017-02-15 10:56:49,281 INFO  com.astrolink.service.DmLoginService  - 数据到达接收器，waitMap数据缓冲数量6execMap执行缓冲数量10
 2017-02-15 10:56:49,281 INFO  com.astrolink.service.DmLoginService  - 数据到达接收器，waitMap数据缓冲数量7execMap执行缓冲数量10
 2017-02-15 10:56:49,281 INFO  com.astrolink.service.DmLoginService  - 数据到达接收器，waitMap数据缓冲数量8execMap执行缓冲数量10
 2017-02-15 10:56:49,281 INFO  com.astrolink.service.DmLoginService  - 数据到达接收器，waitMap数据缓冲数量9execMap执行缓冲数量10
 2017-02-15 10:56:49,281 INFO  com.astrolink.service.DmLoginService  - 数据到达接收器，waitMap数据缓冲数量10execMap执行缓冲数量10
 2017-02-15 10:56:49,281 INFO  com.astrolink.service.DmLoginService  - 查询到,数据同步处理线程，开始添加，id为176
 2017-02-15 10:56:49,281 INFO  com.astrolink.service.DmLoginService  - id为176的处理线程添加成功
 2017-02-15 10:56:49,281 INFO  com.astrolink.service.DmLoginService  - 查询到,数据同步处理线程，开始添加，id为177
 2017-02-15 10:56:49,281 INFO  com.astrolink.service.DmLoginService  - id为177的处理线程添加成功
 2017-02-15 10:56:49,281 INFO  com.astrolink.service.DmLoginService  - 查询到,数据同步处理线程，开始添加，id为163
 2017-02-15 10:56:49,282 INFO  com.astrolink.service.DmLoginService  - id为163的处理线程添加成功
 2017-02-15 10:56:49,282 INFO  com.astrolink.service.DmLoginService  - 查询到,数据同步处理线程，开始添加，id为181
 2017-02-15 10:56:49,282 INFO  com.astrolink.dao.DmLoginExecLinstenerThreadDao  - 开始处理月报表，id为176
 2017-02-15 10:56:49,282 INFO  com.astrolink.dao.DmLoginExecLinstenerThreadDao  - 开始处理月报表，id为181
 2017-02-15 10:56:49,282 INFO  com.astrolink.service.DmLoginService  - id为181的处理线程添加成功
 2017-02-15 10:56:49,282 INFO  com.astrolink.service.DmLoginService  - 查询到,数据同步处理线程，开始添加，id为166
 2017-02-15 10:56:49,282 INFO  com.astrolink.service.DmLoginService  - id为166的处理线程添加成功
 2017-02-15 10:56:49,282 INFO  com.astrolink.service.DmLoginService  - 查询到,数据同步处理线程，开始添加，id为167
 2017-02-15 10:56:49,282 INFO  com.astrolink.service.DmLoginService  - id为167的处理线程添加成功
 2017-02-15 10:56:49,282 INFO  com.astrolink.service.DmLoginService  - 查询到,数据同步处理线程，开始添加，id为185
 2017-02-15 10:56:49,283 INFO  com.astrolink.service.DmLoginService  - id为185的处理线程添加成功
 2017-02-15 10:56:49,283 INFO  com.astrolink.service.DmLoginService  - 查询到,数据同步处理线程，开始添加，id为170
 2017-02-15 10:56:49,283 INFO  com.astrolink.service.DmLoginService  - id为170的处理线程添加成功
 2017-02-15 10:56:49,283 INFO  com.astrolink.service.DmLoginService  - 查询到,数据同步处理线程，开始添加，id为174
 2017-02-15 10:56:49,283 INFO  com.astrolink.service.DmLoginService  - id为174的处理线程添加成功
 2017-02-15 10:56:49,283 INFO  com.astrolink.service.DmLoginService  - 查询到,数据同步处理线程，开始添加，id为175
 2017-02-15 10:56:49,283 INFO  com.astrolink.service.DmLoginService  - id为175的处理线程添加成功
 2017-02-15 10:56:49,283 INFO  com.astrolink.service.DmLoginService  - 清除处理结束的缓存，waitMap数据缓冲数量0execMap执行缓冲数量10删除缓冲0
 2017-02-15 10:56:49,283 INFO  com.astrolink.dao.DmLoginExecLinstenerThreadDao  - 开始处理月报表，id为163
 2017-02-15 10:56:49,285 INFO  com.astrolink.dao.DmLoginExecLinstenerThreadDao  - 开始处理月报表，id为174
 2017-02-15 10:56:49,285 INFO  com.astrolink.dao.DmLoginExecLinstenerThreadDao  - 开始处理月报表，id为177
 2017-02-15 10:56:49,286 INFO  com.astrolink.dao.DmLoginExecLinstenerThreadDao  - 开始处理月报表，id为166
 2017-02-15 10:56:49,286 INFO  com.astrolink.dao.DmLoginExecLinstenerThreadDao  - 开始处理月报表，id为167
 2017-02-15 10:56:49,286 INFO  com.astrolink.dao.DmLoginExecLinstenerThreadDao  - 开始处理月报表，id为185
 2017-02-15 10:56:49,286 INFO  com.astrolink.dao.DmLoginExecLinstenerThreadDao  - 开始处理月报表，id为175
 2017-02-15 10:56:49,286 INFO  com.astrolink.dao.DmLoginExecLinstenerThreadDao  - 开始处理月报表，id为170
 2017-02-15 10:56:49,880 WARN  org.apache.commons.httpclient.HttpMethodBase  - Going to buffer response body of large or unknown size. Using getResponseBodyAsStream instead is recommended.
 2017-02-15 10:56:49,880 WARN  org.apache.commons.httpclient.HttpMethodBase  - Going to buffer response body of large or unknown size. Using getResponseBodyAsStream instead is recommended.
 2017-02-15 10:56:49,918 WARN  org.apache.commons.httpclient.HttpMethodBase  - Going to buffer response body of large or unknown size. Using getResponseBodyAsStream instead is recommended.
 2017-02-15 10:56:49,934 WARN  org.apache.commons.httpclient.HttpMethodBase  - Going to buffer response body of large or unknown size. Using getResponseBodyAsStream instead is recommended.
 2017-02-15 10:56:49,965 WARN  org.apache.commons.httpclient.HttpMethodBase  - Going to buffer response body of large or unknown size. Using getResponseBodyAsStream instead is recommended.
 2017-02-15 10:56:49,981 WARN  org.apache.commons.httpclient.HttpMethodBase  - Going to buffer response body of large or unknown size. Using getResponseBodyAsStream instead is recommended.
 2017-02-15 10:56:50,018 WARN  org.apache.commons.httpclient.HttpMethodBase  - Going to buffer response body of large or unknown size. Using getResponseBodyAsStream instead is recommended.
 2017-02-15 10:56:50,050 WARN  org.apache.commons.httpclient.HttpMethodBase  - Going to buffer response body of large or unknown size. Using getResponseBodyAsStream instead is recommended.
 2017-02-15 10:56:50,097 WARN  org.apache.commons.httpclient.HttpMethodBase  - Going to buffer response body of large or unknown size. Using getResponseBodyAsStream instead is recommended.
 2017-02-15 10:56:50,154 WARN  org.apache.commons.httpclient.HttpMethodBase  - Going to buffer response body of large or unknown size. Using getResponseBodyAsStream instead is recommended.
 2017-02-15 10:56:58,173 WARN  org.apache.commons.httpclient.HttpMethodBase  - Going to buffer response body of large or unknown size. Using getResponseBodyAsStream instead is recommended.
 2017-02-15 10:56:58,742 WARN  org.apache.commons.httpclient.HttpMethodBase  - Going to buffer response body of large or unknown size. Using getResponseBodyAsStream instead is recommended.
 2017-02-15 10:56:58,873 WARN  org.apache.commons.httpclient.HttpMethodBase  - Going to buffer response body of large or unknown size. Using getResponseBodyAsStream instead is recommended.
 2017-02-15 10:56:59,608 WARN  org.apache.commons.httpclient.HttpMethodBase  - Going to buffer response body of large or unknown size. Using getResponseBodyAsStream instead is recommended.
 2017-02-15 10:56:59,671 WARN  org.apache.commons.httpclient.HttpMethodBase  - Going to buffer response body of large or unknown size. Using getResponseBodyAsStream instead is recommended.
 2017-02-15 10:57:00,870 WARN  org.apache.commons.httpclient.HttpMethodBase  - Going to buffer response body of large or unknown size. Using getResponseBodyAsStream instead is recommended.
 2017-02-15 10:57:00,935 WARN  org.apache.commons.httpclient.HttpMethodBase  - Going to buffer response body of large or unknown size. Using getResponseBodyAsStream instead is recommended.
 2017-02-15 10:57:02,054 WARN  org.apache.commons.httpclient.HttpMethodBase  - Going to buffer response body of large or unknown size. Using getResponseBodyAsStream instead is recommended.
 2017-02-15 10:57:03,290 WARN  org.apache.commons.httpclient.HttpMethodBase  - Going to buffer response body of large or unknown size. Using getResponseBodyAsStream instead is recommended.
 2017-02-15 10:57:09,382 WARN  org.apache.commons.httpclient.HttpMethodBase  - Going to buffer response body of large or unknown size. Using getResponseBodyAsStream instead is recommended.
 2017-02-15 10:57:18,410 WARN  org.apache.commons.httpclient.HttpMethodBase  - Going to buffer response body of large or unknown size. Using getResponseBodyAsStream instead is recommended.
 2017-02-15 10:57:20,699 WARN  org.apache.commons.httpclient.HttpMethodBase  - Going to buffer response body of large or unknown size. Using getResponseBodyAsStream instead is recommended.
 2017-02-15 10:57:20,715 INFO  com.astrolink.dao.DmLoginExecLinstenerThreadDao  - 文件大小为：12288
 2017-02-15 10:57:20,715 INFO  com.astrolink.dao.DmLoginExecLinstenerThreadDao  - 月报表上传，文件名为:4291136563354399博易德动漫_00000000月报表.xls
 2017-02-15 10:57:21,947 INFO  com.astrolink.dao.DmLoginExecLinstenerThreadDao  - id为166,信息:4291136563354399博易德动漫_00000000月报表.xls&nbsp;&nbsp;&nbsp;&nbsp;成功
 2017-02-15 10:57:22,333 INFO  com.astrolink.util.tools.DbTools  - com.astrolink.dao.DmLoginExecLinstenerThreadDao:UPDATE spinfo.sp_product_task SET automaticState = 0 WHERE spProductTaskId=166
 2017-02-15 10:57:22,379 INFO  com.astrolink.dao.DmLoginExecLinstenerThreadDao  - 处理请求结束，id为166
 2017-02-15 10:57:24,168 WARN  org.apache.commons.httpclient.HttpMethodBase  - Going to buffer response body of large or unknown size. Using getResponseBodyAsStream instead is recommended.
 2017-02-15 10:57:24,184 INFO  com.astrolink.dao.DmLoginExecLinstenerThreadDao  - 文件大小为：6144
 2017-02-15 10:57:24,184 INFO  com.astrolink.dao.DmLoginExecLinstenerThreadDao  - 月报表上传，文件名为:3353266995126533点幻动漫_700001256月报表.xls
 2017-02-15 10:57:25,207 INFO  com.astrolink.dao.DmLoginExecLinstenerThreadDao  - id为177,信息:3353266995126533点幻动漫_700001256月报表.xls&nbsp;&nbsp;&nbsp;&nbsp;成功
 2017-02-15 10:57:25,223 WARN  org.apache.commons.httpclient.HttpMethodBase  - Going to buffer response body of large or unknown size. Using getResponseBodyAsStream instead is recommended.
 2017-02-15 10:57:25,307 INFO  com.astrolink.dao.DmLoginExecLinstenerThreadDao  - 文件大小为：13312
 2017-02-15 10:57:25,307 INFO  com.astrolink.dao.DmLoginExecLinstenerThreadDao  - 月报表上传，文件名为:1422364256696159热血格斗_600000201月报表.xls
 2017-02-15 10:57:25,407 WARN  org.apache.commons.httpclient.HttpMethodBase  - Going to buffer response body of large or unknown size. Using getResponseBodyAsStream instead is recommended.
 2017-02-15 10:57:25,470 INFO  com.astrolink.dao.DmLoginExecLinstenerThreadDao  - 文件大小为：13312
 2017-02-15 10:57:25,470 INFO  com.astrolink.dao.DmLoginExecLinstenerThreadDao  - 月报表上传，文件名为:6959461666442461逍遥剑_600000198月报表.xls
 2017-02-15 10:57:25,606 INFO  com.astrolink.util.tools.DbTools  - com.astrolink.dao.DmLoginExecLinstenerThreadDao:UPDATE spinfo.sp_product_task SET automaticState = 0 WHERE spProductTaskId=177
 2017-02-15 10:57:25,636 INFO  com.astrolink.dao.DmLoginExecLinstenerThreadDao  - 处理请求结束，id为177
 2017-02-15 10:57:25,955 WARN  org.apache.commons.httpclient.HttpMethodBase  - Going to buffer response body of large or unknown size. Using getResponseBodyAsStream instead is recommended.
 2017-02-15 10:57:26,908 WARN  org.apache.commons.httpclient.HttpMethodBase  - Going to buffer response body of large or unknown size. Using getResponseBodyAsStream instead is recommended.
 2017-02-15 10:57:26,908 INFO  com.astrolink.dao.DmLoginExecLinstenerThreadDao  - 文件大小为：6144
 2017-02-15 10:57:26,908 INFO  com.astrolink.dao.DmLoginExecLinstenerThreadDao  - 月报表上传，文件名为:3496255225163291心阅动漫_700005297月报表.xls
 2017-02-15 10:57:27,142 WARN  org.apache.commons.httpclient.HttpMethodBase  - Going to buffer response body of large or unknown size. Using getResponseBodyAsStream instead is recommended.
 2017-02-15 10:57:27,158 INFO  com.astrolink.dao.DmLoginExecLinstenerThreadDao  - 文件大小为：11264
 2017-02-15 10:57:27,158 INFO  com.astrolink.dao.DmLoginExecLinstenerThreadDao  - 月报表上传，文件名为:5662465646963393远浩旺动漫_00000000月报表.xls
 2017-02-15 10:57:28,443 INFO  com.astrolink.dao.DmLoginExecLinstenerThreadDao  - id为174,信息:1422364256696159热血格斗_600000201月报表.xls&nbsp;&nbsp;&nbsp;&nbsp;成功
 2017-02-15 10:57:28,447 INFO  com.astrolink.dao.DmLoginExecLinstenerThreadDao  - id为175,信息:6959461666442461逍遥剑_600000198月报表.xls&nbsp;&nbsp;&nbsp;&nbsp;成功
 2017-02-15 10:57:28,447 INFO  com.astrolink.dao.DmLoginExecLinstenerThreadDao  - id为176,信息:3496255225163291心阅动漫_700005297月报表.xls&nbsp;&nbsp;&nbsp;&nbsp;成功
 2017-02-15 10:57:28,575 INFO  com.astrolink.dao.DmLoginExecLinstenerThreadDao  - id为181,信息:5662465646963393远浩旺动漫_00000000月报表.xls&nbsp;&nbsp;&nbsp;&nbsp;成功
 2017-02-15 10:57:28,674 INFO  com.astrolink.util.tools.DbTools  - com.astrolink.dao.DmLoginExecLinstenerThreadDao:UPDATE spinfo.sp_product_task SET automaticState = 0 WHERE spProductTaskId=174
 2017-02-15 10:57:28,706 INFO  com.astrolink.util.tools.DbTools  - com.astrolink.dao.DmLoginExecLinstenerThreadDao:UPDATE spinfo.sp_product_task SET automaticState = 0 WHERE spProductTaskId=175
 2017-02-15 10:57:28,707 INFO  com.astrolink.dao.DmLoginExecLinstenerThreadDao  - 处理请求结束，id为174
 2017-02-15 10:57:28,728 INFO  com.astrolink.dao.DmLoginExecLinstenerThreadDao  - 处理请求结束，id为175
 2017-02-15 10:57:28,775 INFO  com.astrolink.util.tools.DbTools  - com.astrolink.dao.DmLoginExecLinstenerThreadDao:UPDATE spinfo.sp_product_task SET automaticState = 0 WHERE spProductTaskId=176
 2017-02-15 10:57:28,811 INFO  com.astrolink.dao.DmLoginExecLinstenerThreadDao  - 处理请求结束，id为176
 2017-02-15 10:57:28,812 INFO  com.astrolink.util.tools.DbTools  - com.astrolink.dao.DmLoginExecLinstenerThreadDao:UPDATE spinfo.sp_product_task SET automaticState = 0 WHERE spProductTaskId=181
 2017-02-15 10:57:28,843 INFO  com.astrolink.dao.DmLoginExecLinstenerThreadDao  - 处理请求结束，id为181
 2017-02-15 10:57:34,178 WARN  org.apache.commons.httpclient.HttpMethodBase  - Going to buffer response body of large or unknown size. Using getResponseBodyAsStream instead is recommended.
 2017-02-15 10:57:34,187 INFO  com.astrolink.dao.DmLoginExecLinstenerThreadDao  - 文件大小为：7168
 2017-02-15 10:57:34,187 INFO  com.astrolink.dao.DmLoginExecLinstenerThreadDao  - 月报表上传，文件名为:6393661463633616心阅动漫_700001759月报表.xls
 2017-02-15 10:57:35,385 INFO  com.astrolink.dao.DmLoginExecLinstenerThreadDao  - id为167,信息:6393661463633616心阅动漫_700001759月报表.xls&nbsp;&nbsp;&nbsp;&nbsp;成功
 2017-02-15 10:57:35,601 WARN  org.apache.commons.httpclient.HttpMethodBase  - Going to buffer response body of large or unknown size. Using getResponseBodyAsStream instead is recommended.
 2017-02-15 10:57:35,691 INFO  com.astrolink.dao.DmLoginExecLinstenerThreadDao  - 文件大小为：13312
 2017-02-15 10:57:35,691 INFO  com.astrolink.dao.DmLoginExecLinstenerThreadDao  - 月报表上传，文件名为:6964116225966932高凯麒动漫_00000000月报表.xls
 2017-02-15 10:57:35,706 INFO  com.astrolink.util.tools.DbTools  - com.astrolink.dao.DmLoginExecLinstenerThreadDao:UPDATE spinfo.sp_product_task SET automaticState = 0 WHERE spProductTaskId=167
 2017-02-15 10:57:35,739 INFO  com.astrolink.dao.DmLoginExecLinstenerThreadDao  - 处理请求结束，id为167
 2017-02-15 10:57:36,898 INFO  com.astrolink.dao.DmLoginExecLinstenerThreadDao  - id为163,信息:6964116225966932高凯麒动漫_00000000月报表.xls&nbsp;&nbsp;&nbsp;&nbsp;成功
 2017-02-15 10:57:37,256 INFO  com.astrolink.util.tools.DbTools  - com.astrolink.dao.DmLoginExecLinstenerThreadDao:UPDATE spinfo.sp_product_task SET automaticState = 0 WHERE spProductTaskId=163
 2017-02-15 10:57:37,303 INFO  com.astrolink.dao.DmLoginExecLinstenerThreadDao  - 处理请求结束，id为163
 2017-02-15 10:57:44,101 WARN  org.apache.commons.httpclient.HttpMethodBase  - Going to buffer response body of large or unknown size. Using getResponseBodyAsStream instead is recommended.
 2017-02-15 10:57:44,106 INFO  com.astrolink.dao.DmLoginExecLinstenerThreadDao  - 文件大小为：12288
 2017-02-15 10:57:44,106 INFO  com.astrolink.dao.DmLoginExecLinstenerThreadDao  - 月报表上传，文件名为:5146416626995656阳漫_00000000月报表.xls
 2017-02-15 10:57:45,171 INFO  com.astrolink.dao.DmLoginExecLinstenerThreadDao  - id为170,信息:5146416626995656阳漫_00000000月报表.xls&nbsp;&nbsp;&nbsp;&nbsp;成功
 2017-02-15 10:57:45,604 INFO  com.astrolink.util.tools.DbTools  - com.astrolink.dao.DmLoginExecLinstenerThreadDao:UPDATE spinfo.sp_product_task SET automaticState = 0 WHERE spProductTaskId=170
 2017-02-15 10:57:45,649 INFO  com.astrolink.dao.DmLoginExecLinstenerThreadDao  - 处理请求结束，id为170
 2017-02-15 10:57:49,064 WARN  org.apache.commons.httpclient.HttpMethodBase  - Going to buffer response body of large or unknown size. Using getResponseBodyAsStream instead is recommended.
 2017-02-15 10:57:49,079 INFO  com.astrolink.dao.DmLoginExecLinstenerThreadDao  - 文件大小为：12288
 2017-02-15 10:57:49,079 INFO  com.astrolink.dao.DmLoginExecLinstenerThreadDao  - 月报表上传，文件名为:4511231555622969永无止境_00000000月报表.xls
 2017-02-15 10:57:50,151 INFO  com.astrolink.dao.DmLoginExecLinstenerThreadDao  - id为185,信息:4511231555622969永无止境_00000000月报表.xls&nbsp;&nbsp;&nbsp;&nbsp;成功
 2017-02-15 10:57:50,451 INFO  com.astrolink.util.tools.DbTools  - com.astrolink.dao.DmLoginExecLinstenerThreadDao:UPDATE spinfo.sp_product_task SET automaticState = 0 WHERE spProductTaskId=185
 2017-02-15 10:57:50,483 INFO  com.astrolink.dao.DmLoginExecLinstenerThreadDao  - 处理请求结束，id为185
 2017-02-15 10:59:51,460 INFO  com.astrolink.dao.DmLoginLinstenerThreadDao  - 扫描结束，需要处理的数据个数10
 2017-02-15 10:59:51,460 INFO  com.astrolink.service.DmLoginService  - 数据到达接收器，waitMap数据缓冲数量1execMap执行缓冲数量10
 2017-02-15 10:59:51,460 INFO  com.astrolink.service.DmLoginService  - 数据到达接收器，waitMap数据缓冲数量2execMap执行缓冲数量10
 2017-02-15 10:59:51,475 INFO  com.astrolink.service.DmLoginService  - 数据到达接收器，waitMap数据缓冲数量3execMap执行缓冲数量10
 2017-02-15 10:59:51,475 INFO  com.astrolink.service.DmLoginService  - 数据到达接收器，waitMap数据缓冲数量4execMap执行缓冲数量10
 2017-02-15 10:59:51,475 INFO  com.astrolink.service.DmLoginService  - 数据到达接收器，waitMap数据缓冲数量5execMap执行缓冲数量10
 2017-02-15 10:59:51,475 INFO  com.astrolink.service.DmLoginService  - 数据到达接收器，waitMap数据缓冲数量6execMap执行缓冲数量10
 2017-02-15 10:59:51,475 INFO  com.astrolink.service.DmLoginService  - 数据到达接收器，waitMap数据缓冲数量7execMap执行缓冲数量10
 2017-02-15 10:59:51,475 INFO  com.astrolink.service.DmLoginService  - 数据到达接收器，waitMap数据缓冲数量8execMap执行缓冲数量10
 2017-02-15 10:59:51,475 INFO  com.astrolink.service.DmLoginService  - 数据到达接收器，waitMap数据缓冲数量9execMap执行缓冲数量10
 2017-02-15 10:59:51,475 INFO  com.astrolink.service.DmLoginService  - 数据到达接收器，waitMap数据缓冲数量10execMap执行缓冲数量10
 2017-02-15 10:59:51,475 INFO  com.astrolink.service.DmLoginService  - 查询到,数据同步处理线程，开始添加，id为208
 2017-02-15 10:59:51,475 INFO  com.astrolink.service.DmLoginService  - id为208的处理线程添加成功
 2017-02-15 10:59:51,475 INFO  com.astrolink.service.DmLoginService  - 查询到,数据同步处理线程，开始添加，id为226
 2017-02-15 10:59:51,475 INFO  com.astrolink.service.DmLoginService  - id为226的处理线程添加成功
 2017-02-15 10:59:51,475 INFO  com.astrolink.service.DmLoginService  - 查询到,数据同步处理线程，开始添加，id为211
 2017-02-15 10:59:51,475 INFO  com.astrolink.service.DmLoginService  - id为211的处理线程添加成功
 2017-02-15 10:59:51,475 INFO  com.astrolink.service.DmLoginService  - 查询到,数据同步处理线程，开始添加，id为229
 2017-02-15 10:59:51,476 INFO  com.astrolink.service.DmLoginService  - id为229的处理线程添加成功
 2017-02-15 10:59:51,476 INFO  com.astrolink.service.DmLoginService  - 查询到,数据同步处理线程，开始添加，id为214
 2017-02-15 10:59:51,476 INFO  com.astrolink.service.DmLoginService  - id为214的处理线程添加成功
 2017-02-15 10:59:51,476 INFO  com.astrolink.service.DmLoginService  - 查询到,数据同步处理线程，开始添加，id为202
 2017-02-15 10:59:51,476 INFO  com.astrolink.service.DmLoginService  - id为202的处理线程添加成功
 2017-02-15 10:59:51,476 INFO  com.astrolink.service.DmLoginService  - 查询到,数据同步处理线程，开始添加，id为234
 2017-02-15 10:59:51,476 INFO  com.astrolink.service.DmLoginService  - id为234的处理线程添加成功
 2017-02-15 10:59:51,476 INFO  com.astrolink.service.DmLoginService  - 查询到,数据同步处理线程，开始添加，id为235
 2017-02-15 10:59:51,476 INFO  com.astrolink.service.DmLoginService  - id为235的处理线程添加成功
 2017-02-15 10:59:51,476 INFO  com.astrolink.service.DmLoginService  - 查询到,数据同步处理线程，开始添加，id为205
 2017-02-15 10:59:51,476 INFO  com.astrolink.dao.DmLoginExecLinstenerThreadDao  - 开始处理月报表，id为226
 2017-02-15 10:59:51,477 INFO  com.astrolink.dao.DmLoginExecLinstenerThreadDao  - 开始处理月报表，id为208
 2017-02-15 10:59:51,476 INFO  com.astrolink.service.DmLoginService  - id为205的处理线程添加成功
 2017-02-15 10:59:51,477 INFO  com.astrolink.service.DmLoginService  - 查询到,数据同步处理线程，开始添加，id为222
 2017-02-15 10:59:51,477 INFO  com.astrolink.service.DmLoginService  - id为222的处理线程添加成功
 2017-02-15 10:59:51,477 INFO  com.astrolink.service.DmLoginService  - 清除处理结束的缓存，waitMap数据缓冲数量0execMap执行缓冲数量10删除缓冲0
 2017-02-15 10:59:51,477 INFO  com.astrolink.dao.DmLoginExecLinstenerThreadDao  - 开始处理月报表，id为234
 2017-02-15 10:59:51,477 INFO  com.astrolink.dao.DmLoginExecLinstenerThreadDao  - 开始处理月报表，id为222
 2017-02-15 10:59:51,477 INFO  com.astrolink.dao.DmLoginExecLinstenerThreadDao  - 开始处理月报表，id为214
 2017-02-15 10:59:51,477 INFO  com.astrolink.dao.DmLoginExecLinstenerThreadDao  - 开始处理月报表，id为202
 2017-02-15 10:59:51,477 INFO  com.astrolink.dao.DmLoginExecLinstenerThreadDao  - 开始处理月报表，id为235
 2017-02-15 10:59:51,477 INFO  com.astrolink.dao.DmLoginExecLinstenerThreadDao  - 开始处理月报表，id为205
 2017-02-15 10:59:51,477 INFO  com.astrolink.dao.DmLoginExecLinstenerThreadDao  - 开始处理月报表，id为211
 2017-02-15 10:59:51,477 INFO  com.astrolink.dao.DmLoginExecLinstenerThreadDao  - 开始处理月报表，id为229
 2017-02-15 10:59:52,093 WARN  org.apache.commons.httpclient.HttpMethodBase  - Going to buffer response body of large or unknown size. Using getResponseBodyAsStream instead is recommended.
 2017-02-15 10:59:52,108 WARN  org.apache.commons.httpclient.HttpMethodBase  - Going to buffer response body of large or unknown size. Using getResponseBodyAsStream instead is recommended.
 2017-02-15 10:59:52,108 WARN  org.apache.commons.httpclient.HttpMethodBase  - Going to buffer response body of large or unknown size. Using getResponseBodyAsStream instead is recommended.
 2017-02-15 10:59:52,278 WARN  org.apache.commons.httpclient.HttpMethodBase  - Going to buffer response body of large or unknown size. Using getResponseBodyAsStream instead is recommended.
 2017-02-15 10:59:52,394 WARN  org.apache.commons.httpclient.HttpMethodBase  - Going to buffer response body of large or unknown size. Using getResponseBodyAsStream instead is recommended.
 2017-02-15 10:59:52,478 WARN  org.apache.commons.httpclient.HttpMethodBase  - Going to buffer response body of large or unknown size. Using getResponseBodyAsStream instead is recommended.
 2017-02-15 10:59:52,578 WARN  org.apache.commons.httpclient.HttpMethodBase  - Going to buffer response body of large or unknown size. Using getResponseBodyAsStream instead is recommended.
 2017-02-15 10:59:52,594 WARN  org.apache.commons.httpclient.HttpMethodBase  - Going to buffer response body of large or unknown size. Using getResponseBodyAsStream instead is recommended.
 2017-02-15 10:59:52,625 WARN  org.apache.commons.httpclient.HttpMethodBase  - Going to buffer response body of large or unknown size. Using getResponseBodyAsStream instead is recommended.
 2017-02-15 10:59:52,694 WARN  org.apache.commons.httpclient.HttpMethodBase  - Going to buffer response body of large or unknown size. Using getResponseBodyAsStream instead is recommended.
 2017-02-15 10:59:58,802 WARN  org.apache.commons.httpclient.HttpMethodBase  - Going to buffer response body of large or unknown size. Using getResponseBodyAsStream instead is recommended.
 