2016-12-05 15:00:28,260 WARN  org.apache.commons.httpclient.HttpMethodBase  - Going to buffer response body of large or unknown size. Using getResponseBodyAsStream instead is recommended.
 2016-12-05 15:00:28,278 INFO  com.astrolink.dao.DmLoginExecLinstenerThreadDao  - 文件大小为：5120
 2016-12-05 15:00:28,278 INFO  com.astrolink.dao.DmLoginExecLinstenerThreadDao  - 月报表上传，文件名为:1459652911232192漫趣_600000123月报表.xls
 2016-12-05 15:00:29,409 INFO  com.astrolink.util.tools.DbTools  - com.astrolink.dao.DmLoginExecLinstenerThreadDao:INSERT INTO monitor_info (monitorInfo,sendOutType,inputDate)SELECT CONCAT('上传任务id:',spProductTaskId,'<br>业务名称:',spProductName,'<br>业务类型：月报表<br>失败信息：1459652911232192漫趣_600000123月报表.xls&nbsp;&nbsp;&nbsp;&nbsp;数据更新失败'),'1',NOW() FROM sp_product  AS a INNER JOIN sp_product_task AS b ON a.spProductId=b.spProductId WHERE spProductTaskId=96
 2016-12-05 15:00:29,448 INFO  com.astrolink.dao.DmLoginExecLinstenerThreadDao  - id为96,信息:1459652911232192漫趣_600000123月报表.xls&nbsp;&nbsp;&nbsp;&nbsp;数据更新失败
 2016-12-05 15:00:29,691 INFO  com.astrolink.util.tools.DbTools  - com.astrolink.dao.DmLoginExecLinstenerThreadDao:UPDATE spinfo.sp_product_task SET automaticState = 0 WHERE spProductTaskId=96
 2016-12-05 15:00:29,721 INFO  com.astrolink.dao.DmLoginExecLinstenerThreadDao  - 处理请求结束，id为96
 2016-12-05 15:01:53,351 INFO  com.astrolink.dao.DmLoginLinstenerThreadDao  - 扫描结束，需要处理的数据个数1
 2016-12-05 15:01:53,351 INFO  com.astrolink.service.DmLoginService  - 数据到达接收器，waitMap数据缓冲数量0execMap执行缓冲数量2
 2016-12-05 15:01:53,351 INFO  com.astrolink.service.DmLoginService  - 清除处理结束的缓存，waitMap数据缓冲数量0execMap执行缓冲数量1删除缓冲0
 2016-12-05 15:03:17,117 ERROR com.astrolink.util.tools.PostNetWork_singleton  - java.net.SocketTimeoutException: Read timed out
	at java.net.SocketInputStream.socketRead0(Native Method)
	at java.net.SocketInputStream.socketRead(SocketInputStream.java:116)
	at java.net.SocketInputStream.read(SocketInputStream.java:170)
	at java.net.SocketInputStream.read(SocketInputStream.java:141)
	at java.io.BufferedInputStream.fill(BufferedInputStream.java:246)
	at java.io.BufferedInputStream.read(BufferedInputStream.java:265)
	at org.apache.commons.httpclient.HttpParser.readRawLine(HttpParser.java:78)
	at org.apache.commons.httpclient.HttpParser.readLine(HttpParser.java:106)
	at org.apache.commons.httpclient.HttpConnection.readLine(HttpConnection.java:1116)
	at org.apache.commons.httpclient.HttpMethodBase.readStatusLine(HttpMethodBase.java:1820)
	at org.apache.commons.httpclient.HttpMethodBase.readResponse(HttpMethodBase.java:1611)
	at org.apache.commons.httpclient.HttpMethodBase.execute(HttpMethodBase.java:1033)
	at org.apache.commons.httpclient.HttpMethodDirector.executeWithRetry(HttpMethodDirector.java:398)
	at org.apache.commons.httpclient.HttpMethodDirector.executeMethod(HttpMethodDirector.java:171)
	at org.apache.commons.httpclient.HttpClient.executeMethod(HttpClient.java:397)
	at org.apache.commons.httpclient.HttpClient.executeMethod(HttpClient.java:323)
	at com.astrolink.util.tools.PostNetWork_singleton.executeMethod(PostNetWork_singleton.java:88)
	at com.astrolink.util.tools.DmLoginTools.post_doNetWork(DmLoginTools.java:574)
	at com.astrolink.util.tools.DmLoginTools.downLoadFile(DmLoginTools.java:375)
	at com.astrolink.util.tools.DmLoginTools.doWork(DmLoginTools.java:265)
	at com.astrolink.dao.DmLoginExecLinstenerThreadDao.exec(DmLoginExecLinstenerThreadDao.java:57)
	at com.astrolink.logic.listener.JobThread.run(JobThread.java:31)

 2016-12-05 15:03:17,117 ERROR com.astrolink.util.tools.PostNetWork_singleton  - java.lang.NullPointerException
	at java.io.Reader.<init>(Reader.java:78)
	at java.io.InputStreamReader.<init>(InputStreamReader.java:97)
	at com.astrolink.util.tools.PostNetWork_singleton.getHtml(PostNetWork_singleton.java:244)
	at com.astrolink.util.tools.DmLoginTools.post_doNetWork(DmLoginTools.java:575)
	at com.astrolink.util.tools.DmLoginTools.downLoadFile(DmLoginTools.java:375)
	at com.astrolink.util.tools.DmLoginTools.doWork(DmLoginTools.java:265)
	at com.astrolink.dao.DmLoginExecLinstenerThreadDao.exec(DmLoginExecLinstenerThreadDao.java:57)
	at com.astrolink.logic.listener.JobThread.run(JobThread.java:31)

 2016-12-05 15:03:17,118 ERROR com.astrolink.dao.DmLoginExecLinstenerThreadDao  - java.lang.NullPointerException
	at com.astrolink.util.tools.DmLoginTools.subStr(DmLoginTools.java:667)
	at com.astrolink.util.tools.DmLoginTools.downLoadFile(DmLoginTools.java:378)
	at com.astrolink.util.tools.DmLoginTools.doWork(DmLoginTools.java:265)
	at com.astrolink.dao.DmLoginExecLinstenerThreadDao.exec(DmLoginExecLinstenerThreadDao.java:57)
	at com.astrolink.logic.listener.JobThread.run(JobThread.java:31)

 2016-12-05 15:03:20,345 WARN  org.apache.commons.httpclient.HttpMethodBase  - Going to buffer response body of large or unknown size. Using getResponseBodyAsStream instead is recommended.
 2016-12-05 15:04:55,185 INFO  com.astrolink.dao.DmLoginLinstenerThreadDao  - 扫描结束，需要处理的数据个数1
 2016-12-05 15:04:55,186 INFO  com.astrolink.service.DmLoginService  - 数据到达接收器，waitMap数据缓冲数量0execMap执行缓冲数量1
 2016-12-05 15:04:55,186 INFO  com.astrolink.service.DmLoginService  - 清除处理结束的缓存，waitMap数据缓冲数量0execMap执行缓冲数量1删除缓冲0
 2016-12-05 15:07:03,315 ERROR com.astrolink.util.tools.PostNetWork_singleton  - java.net.SocketTimeoutException: Read timed out
	at java.net.SocketInputStream.socketRead0(Native Method)
	at java.net.SocketInputStream.socketRead(SocketInputStream.java:116)
	at java.net.SocketInputStream.read(SocketInputStream.java:170)
	at java.net.SocketInputStream.read(SocketInputStream.java:141)
	at java.io.BufferedInputStream.fill(BufferedInputStream.java:246)
	at java.io.BufferedInputStream.read(BufferedInputStream.java:265)
	at org.apache.commons.httpclient.HttpParser.readRawLine(HttpParser.java:78)
	at org.apache.commons.httpclient.HttpParser.readLine(HttpParser.java:106)
	at org.apache.commons.httpclient.HttpConnection.readLine(HttpConnection.java:1116)
	at org.apache.commons.httpclient.HttpMethodBase.readStatusLine(HttpMethodBase.java:1820)
	at org.apache.commons.httpclient.HttpMethodBase.readResponse(HttpMethodBase.java:1611)
	at org.apache.commons.httpclient.HttpMethodBase.execute(HttpMethodBase.java:1033)
	at org.apache.commons.httpclient.HttpMethodDirector.executeWithRetry(HttpMethodDirector.java:398)
	at org.apache.commons.httpclient.HttpMethodDirector.executeMethod(HttpMethodDirector.java:171)
	at org.apache.commons.httpclient.HttpClient.executeMethod(HttpClient.java:397)
	at org.apache.commons.httpclient.HttpClient.executeMethod(HttpClient.java:323)
	at com.astrolink.util.tools.PostNetWork_singleton.executeMethod(PostNetWork_singleton.java:88)
	at com.astrolink.util.tools.DmLoginTools.post_doNetWork(DmLoginTools.java:574)
	at com.astrolink.util.tools.DmLoginTools.downLoadFile(DmLoginTools.java:318)
	at com.astrolink.util.tools.DmLoginTools.doWork(DmLoginTools.java:265)
	at com.astrolink.dao.DmLoginExecLinstenerThreadDao.exec(DmLoginExecLinstenerThreadDao.java:57)
	at com.astrolink.logic.listener.JobThread.run(JobThread.java:31)

 2016-12-05 15:07:03,315 ERROR com.astrolink.util.tools.PostNetWork_singleton  - java.lang.NullPointerException
	at java.io.Reader.<init>(Reader.java:78)
	at java.io.InputStreamReader.<init>(InputStreamReader.java:97)
	at com.astrolink.util.tools.PostNetWork_singleton.getHtml(PostNetWork_singleton.java:244)
	at com.astrolink.util.tools.DmLoginTools.post_doNetWork(DmLoginTools.java:575)
	at com.astrolink.util.tools.DmLoginTools.downLoadFile(DmLoginTools.java:318)
	at com.astrolink.util.tools.DmLoginTools.doWork(DmLoginTools.java:265)
	at com.astrolink.dao.DmLoginExecLinstenerThreadDao.exec(DmLoginExecLinstenerThreadDao.java:57)
	at com.astrolink.logic.listener.JobThread.run(JobThread.java:31)

 2016-12-05 15:07:56,588 INFO  com.astrolink.dao.DmLoginLinstenerThreadDao  - 扫描结束，需要处理的数据个数1
 2016-12-05 15:07:56,588 INFO  com.astrolink.service.DmLoginService  - 数据到达接收器，waitMap数据缓冲数量0execMap执行缓冲数量1
 2016-12-05 15:07:56,588 INFO  com.astrolink.service.DmLoginService  - 清除处理结束的缓存，waitMap数据缓冲数量0execMap执行缓冲数量1删除缓冲0
 2016-12-05 15:10:58,240 INFO  com.astrolink.dao.DmLoginLinstenerThreadDao  - 扫描结束，需要处理的数据个数1
 2016-12-05 15:10:58,240 INFO  com.astrolink.service.DmLoginService  - 数据到达接收器，waitMap数据缓冲数量0execMap执行缓冲数量1
 2016-12-05 15:10:58,240 INFO  com.astrolink.service.DmLoginService  - 清除处理结束的缓存，waitMap数据缓冲数量0execMap执行缓冲数量1删除缓冲0
 2016-12-05 15:12:53,453 INFO  com.astrolink.consts.LoadProperties  - [系统初始化]服务器配置路径.\conf\config.properties
 2016-12-05 15:12:53,460 INFO  com.astrolink.service.DmLoginService  - 数据导入监听服务
 2016-12-05 15:12:53,461 INFO  com.astrolink.service.DmLoginService  - 数据导入监听服务完毕
 2016-12-05 15:12:55,624 INFO  com.astrolink.dao.DmLoginLinstenerThreadDao  - 扫描结束，需要处理的数据个数8
 2016-12-05 15:12:55,624 INFO  com.astrolink.service.DmLoginService  - 数据到达接收器，waitMap数据缓冲数量1execMap执行缓冲数量0
 2016-12-05 15:12:55,624 INFO  com.astrolink.service.DmLoginService  - 数据到达接收器，waitMap数据缓冲数量2execMap执行缓冲数量0
 2016-12-05 15:12:55,624 INFO  com.astrolink.service.DmLoginService  - 数据到达接收器，waitMap数据缓冲数量3execMap执行缓冲数量0
 2016-12-05 15:12:55,624 INFO  com.astrolink.service.DmLoginService  - 数据到达接收器，waitMap数据缓冲数量4execMap执行缓冲数量0
 2016-12-05 15:12:55,624 INFO  com.astrolink.service.DmLoginService  - 数据到达接收器，waitMap数据缓冲数量5execMap执行缓冲数量0
 2016-12-05 15:12:55,624 INFO  com.astrolink.service.DmLoginService  - 数据到达接收器，waitMap数据缓冲数量6execMap执行缓冲数量0
 2016-12-05 15:12:55,624 INFO  com.astrolink.service.DmLoginService  - 数据到达接收器，waitMap数据缓冲数量7execMap执行缓冲数量0
 2016-12-05 15:12:55,624 INFO  com.astrolink.service.DmLoginService  - 数据到达接收器，waitMap数据缓冲数量8execMap执行缓冲数量0
 2016-12-05 15:12:55,625 INFO  com.astrolink.service.DmLoginService  - 查询到,数据同步处理线程，开始添加，id为36
 2016-12-05 15:12:55,626 INFO  com.astrolink.service.DmLoginService  - id为36的处理线程添加成功
 2016-12-05 15:12:55,626 INFO  com.astrolink.service.DmLoginService  - 查询到,数据同步处理线程，开始添加，id为52
 2016-12-05 15:12:55,627 INFO  com.astrolink.service.DmLoginService  - id为52的处理线程添加成功
 2016-12-05 15:12:55,627 INFO  com.astrolink.service.DmLoginService  - 查询到,数据同步处理线程，开始添加，id为148
 2016-12-05 15:12:55,627 INFO  com.astrolink.service.DmLoginService  - id为148的处理线程添加成功
 2016-12-05 15:12:55,627 INFO  com.astrolink.service.DmLoginService  - 查询到,数据同步处理线程，开始添加，id为21
 2016-12-05 15:12:55,627 INFO  com.astrolink.service.DmLoginService  - id为21的处理线程添加成功
 2016-12-05 15:12:55,627 INFO  com.astrolink.service.DmLoginService  - 查询到,数据同步处理线程，开始添加，id为6
 2016-12-05 15:12:55,627 INFO  com.astrolink.service.DmLoginService  - id为6的处理线程添加成功
 2016-12-05 15:12:55,627 INFO  com.astrolink.service.DmLoginService  - 查询到,数据同步处理线程，开始添加，id为151
 2016-12-05 15:12:55,628 INFO  com.astrolink.service.DmLoginService  - id为151的处理线程添加成功
 2016-12-05 15:12:55,628 INFO  com.astrolink.service.DmLoginService  - 查询到,数据同步处理线程，开始添加，id为40
 2016-12-05 15:12:55,628 INFO  com.astrolink.service.DmLoginService  - id为40的处理线程添加成功
 2016-12-05 15:12:55,628 INFO  com.astrolink.service.DmLoginService  - 查询到,数据同步处理线程，开始添加，id为91
 2016-12-05 15:12:55,628 INFO  com.astrolink.service.DmLoginService  - id为91的处理线程添加成功
 2016-12-05 15:12:55,628 INFO  com.astrolink.service.DmLoginService  - 清除处理结束的缓存，waitMap数据缓冲数量0execMap执行缓冲数量8删除缓冲0
 2016-12-05 15:12:55,653 INFO  com.astrolink.dao.DmLoginExecLinstenerThreadDao  - 开始处理动漫CP收入，id为151
 2016-12-05 15:12:55,653 INFO  com.astrolink.dao.DmLoginExecLinstenerThreadDao  - 开始处理动漫CP收入，id为52
 2016-12-05 15:12:55,653 INFO  com.astrolink.dao.DmLoginExecLinstenerThreadDao  - 开始处理动漫CP收入，id为6
 2016-12-05 15:12:55,653 INFO  com.astrolink.dao.DmLoginExecLinstenerThreadDao  - 开始处理动漫CP收入，id为91
 2016-12-05 15:12:55,653 INFO  com.astrolink.dao.DmLoginExecLinstenerThreadDao  - 开始处理动漫CP收入，id为40
 2016-12-05 15:12:55,653 INFO  com.astrolink.dao.DmLoginExecLinstenerThreadDao  - 开始处理动漫CP收入，id为36
 2016-12-05 15:12:55,653 INFO  com.astrolink.dao.DmLoginExecLinstenerThreadDao  - 开始处理动漫CP收入，id为148
 2016-12-05 15:12:55,653 INFO  com.astrolink.dao.DmLoginExecLinstenerThreadDao  - 开始处理动漫CP收入，id为21
 2016-12-05 15:12:56,862 WARN  org.apache.commons.httpclient.HttpMethodBase  - Going to buffer response body of large or unknown size. Using getResponseBodyAsStream instead is recommended.
 2016-12-05 15:12:56,890 WARN  org.apache.commons.httpclient.HttpMethodBase  - Going to buffer response body of large or unknown size. Using getResponseBodyAsStream instead is recommended.
 2016-12-05 15:12:56,921 WARN  org.apache.commons.httpclient.HttpMethodBase  - Going to buffer response body of large or unknown size. Using getResponseBodyAsStream instead is recommended.
 2016-12-05 15:12:56,933 WARN  org.apache.commons.httpclient.HttpMethodBase  - Going to buffer response body of large or unknown size. Using getResponseBodyAsStream instead is recommended.
 2016-12-05 15:12:57,010 WARN  org.apache.commons.httpclient.HttpMethodBase  - Going to buffer response body of large or unknown size. Using getResponseBodyAsStream instead is recommended.
 2016-12-05 15:12:57,289 WARN  org.apache.commons.httpclient.HttpMethodBase  - Going to buffer response body of large or unknown size. Using getResponseBodyAsStream instead is recommended.
 2016-12-05 15:12:59,852 WARN  org.apache.commons.httpclient.HttpMethodBase  - Going to buffer response body of large or unknown size. Using getResponseBodyAsStream instead is recommended.
 2016-12-05 15:13:00,034 WARN  org.apache.commons.httpclient.HttpMethodBase  - Going to buffer response body of large or unknown size. Using getResponseBodyAsStream instead is recommended.
 2016-12-05 15:13:06,147 WARN  org.apache.commons.httpclient.HttpMethodBase  - Going to buffer response body of large or unknown size. Using getResponseBodyAsStream instead is recommended.
 2016-12-05 15:13:08,153 WARN  org.apache.commons.httpclient.HttpMethodBase  - Going to buffer response body of large or unknown size. Using getResponseBodyAsStream instead is recommended.
 2016-12-05 15:13:08,370 WARN  org.apache.commons.httpclient.HttpMethodBase  - Going to buffer response body of large or unknown size. Using getResponseBodyAsStream instead is recommended.
 2016-12-05 15:13:11,342 WARN  org.apache.commons.httpclient.HttpMethodBase  - Going to buffer response body of large or unknown size. Using getResponseBodyAsStream instead is recommended.
 2016-12-05 15:13:11,465 WARN  org.apache.commons.httpclient.HttpMethodBase  - Going to buffer response body of large or unknown size. Using getResponseBodyAsStream instead is recommended.
 2016-12-05 15:13:11,657 WARN  org.apache.commons.httpclient.HttpMethodBase  - Going to buffer response body of large or unknown size. Using getResponseBodyAsStream instead is recommended.
 2016-12-05 15:13:11,971 ERROR com.astrolink.util.tools.PostNetWork_singleton  - java.net.SocketException: Connection reset
	at java.net.SocketInputStream.read(SocketInputStream.java:209)
	at java.net.SocketInputStream.read(SocketInputStream.java:141)
	at java.io.BufferedInputStream.fill(BufferedInputStream.java:246)
	at java.io.BufferedInputStream.read(BufferedInputStream.java:265)
	at org.apache.commons.httpclient.HttpParser.readRawLine(HttpParser.java:78)
	at org.apache.commons.httpclient.HttpParser.readLine(HttpParser.java:106)
	at org.apache.commons.httpclient.HttpConnection.readLine(HttpConnection.java:1116)
	at org.apache.commons.httpclient.HttpMethodBase.readStatusLine(HttpMethodBase.java:1820)
	at org.apache.commons.httpclient.HttpMethodBase.readResponse(HttpMethodBase.java:1611)
	at org.apache.commons.httpclient.HttpMethodBase.execute(HttpMethodBase.java:1033)
	at org.apache.commons.httpclient.HttpMethodDirector.executeWithRetry(HttpMethodDirector.java:398)
	at org.apache.commons.httpclient.HttpMethodDirector.executeMethod(HttpMethodDirector.java:171)
	at org.apache.commons.httpclient.HttpClient.executeMethod(HttpClient.java:397)
	at org.apache.commons.httpclient.HttpClient.executeMethod(HttpClient.java:323)
	at com.astrolink.util.tools.PostNetWork_singleton.executeMethod(PostNetWork_singleton.java:88)
	at com.astrolink.util.tools.DmLoginTools.post_doNetWork(DmLoginTools.java:574)
	at com.astrolink.util.tools.DmLoginTools.post_doNetWork(DmLoginTools.java:600)
	at com.astrolink.util.tools.DmLoginTools.doWork(DmLoginTools.java:296)
	at com.astrolink.dao.DmLoginExecLinstenerThreadDao.exec(DmLoginExecLinstenerThreadDao.java:49)
	at com.astrolink.logic.listener.JobThread.run(JobThread.java:31)

 2016-12-05 15:13:11,971 ERROR com.astrolink.util.tools.PostNetWork_singleton  - java.lang.NullPointerException
	at java.io.Reader.<init>(Reader.java:78)
	at java.io.InputStreamReader.<init>(InputStreamReader.java:97)
	at com.astrolink.util.tools.PostNetWork_singleton.getHtml(PostNetWork_singleton.java:244)
	at com.astrolink.util.tools.DmLoginTools.post_doNetWork(DmLoginTools.java:575)
	at com.astrolink.util.tools.DmLoginTools.post_doNetWork(DmLoginTools.java:600)
	at com.astrolink.util.tools.DmLoginTools.doWork(DmLoginTools.java:296)
	at com.astrolink.dao.DmLoginExecLinstenerThreadDao.exec(DmLoginExecLinstenerThreadDao.java:49)
	at com.astrolink.logic.listener.JobThread.run(JobThread.java:31)

 2016-12-05 15:13:12,782 WARN  org.apache.commons.httpclient.HttpMethodBase  - Going to buffer response body of large or unknown size. Using getResponseBodyAsStream instead is recommended.
 2016-12-05 15:13:12,835 WARN  org.apache.commons.httpclient.HttpMethodBase  - Going to buffer response body of large or unknown size. Using getResponseBodyAsStream instead is recommended.
 2016-12-05 15:13:40,143 WARN  org.apache.commons.httpclient.HttpMethodBase  - Going to buffer response body of large or unknown size. Using getResponseBodyAsStream instead is recommended.
 2016-12-05 15:13:59,863 WARN  org.apache.commons.httpclient.HttpMethodBase  - Going to buffer response body of large or unknown size. Using getResponseBodyAsStream instead is recommended.
 2016-12-05 15:13:59,872 INFO  com.astrolink.dao.DmLoginExecLinstenerThreadDao  - 文件大小为：5120
 2016-12-05 15:13:59,872 INFO  com.astrolink.dao.DmLoginExecLinstenerThreadDao  - 动漫CP收入上传，文件名为:1354293252141241博创动漫_00000000动漫CP收入.xls
 2016-12-05 15:14:01,098 INFO  com.astrolink.util.tools.DbTools  - com.astrolink.dao.DmLoginExecLinstenerThreadDao:INSERT INTO monitor_info (monitorInfo,sendOutType,inputDate)SELECT CONCAT('上传任务id:',spProductTaskId,'<br>业务名称:',spProductName,'<br>业务类型：动漫CP收入<br>失败信息：1354293252141241博创动漫_00000000动漫CP收入.xls&nbsp;&nbsp;&nbsp;&nbsp;数据自动补全失败'),'1',NOW() FROM sp_product  AS a INNER JOIN sp_product_task AS b ON a.spProductId=b.spProductId WHERE spProductTaskId=52
 2016-12-05 15:14:01,132 INFO  com.astrolink.dao.DmLoginExecLinstenerThreadDao  - id为52,信息:1354293252141241博创动漫_00000000动漫CP收入.xls&nbsp;&nbsp;&nbsp;&nbsp;数据自动补全失败
 2016-12-05 15:14:01,426 INFO  com.astrolink.util.tools.DbTools  - com.astrolink.dao.DmLoginExecLinstenerThreadDao:UPDATE spinfo.sp_product_task SET automaticState = 0 WHERE spProductTaskId=52
 2016-12-05 15:14:01,483 INFO  com.astrolink.dao.DmLoginExecLinstenerThreadDao  - 处理请求结束，id为52
 2016-12-05 15:14:01,484 WARN  org.apache.commons.httpclient.HttpMethodBase  - Going to buffer response body of large or unknown size. Using getResponseBodyAsStream instead is recommended.
 2016-12-05 15:14:01,486 INFO  com.astrolink.dao.DmLoginExecLinstenerThreadDao  - 文件大小为：5120
 2016-12-05 15:14:01,486 INFO  com.astrolink.dao.DmLoginExecLinstenerThreadDao  - 动漫CP收入上传，文件名为:2166631642569691星游动漫_00000000动漫CP收入.xls
 2016-12-05 15:14:02,591 INFO  com.astrolink.util.tools.DbTools  - com.astrolink.dao.DmLoginExecLinstenerThreadDao:INSERT INTO monitor_info (monitorInfo,sendOutType,inputDate)SELECT CONCAT('上传任务id:',spProductTaskId,'<br>业务名称:',spProductName,'<br>业务类型：动漫CP收入<br>失败信息：2166631642569691星游动漫_00000000动漫CP收入.xls&nbsp;&nbsp;&nbsp;&nbsp;数据自动补全失败'),'1',NOW() FROM sp_product  AS a INNER JOIN sp_product_task AS b ON a.spProductId=b.spProductId WHERE spProductTaskId=91
 2016-12-05 15:14:02,635 INFO  com.astrolink.dao.DmLoginExecLinstenerThreadDao  - id为91,信息:2166631642569691星游动漫_00000000动漫CP收入.xls&nbsp;&nbsp;&nbsp;&nbsp;数据自动补全失败
 2016-12-05 15:14:02,887 INFO  com.astrolink.util.tools.DbTools  - com.astrolink.dao.DmLoginExecLinstenerThreadDao:UPDATE spinfo.sp_product_task SET automaticState = 0 WHERE spProductTaskId=91
 2016-12-05 15:14:02,915 INFO  com.astrolink.dao.DmLoginExecLinstenerThreadDao  - 处理请求结束，id为91
 2016-12-05 15:14:05,832 WARN  org.apache.commons.httpclient.HttpMethodBase  - Going to buffer response body of large or unknown size. Using getResponseBodyAsStream instead is recommended.
 2016-12-05 15:14:05,839 INFO  com.astrolink.dao.DmLoginExecLinstenerThreadDao  - 文件大小为：5120
 2016-12-05 15:14:05,839 INFO  com.astrolink.dao.DmLoginExecLinstenerThreadDao  - 动漫CP收入上传，文件名为:5456656234433649二人麻将_00000000动漫CP收入.xls
 2016-12-05 15:14:06,050 WARN  org.apache.commons.httpclient.HttpMethodBase  - Going to buffer response body of large or unknown size. Using getResponseBodyAsStream instead is recommended.
 2016-12-05 15:14:06,059 INFO  com.astrolink.dao.DmLoginExecLinstenerThreadDao  - 文件大小为：5120
 2016-12-05 15:14:06,059 INFO  com.astrolink.dao.DmLoginExecLinstenerThreadDao  - 动漫CP收入上传，文件名为:4296952464659433心阅动漫_00000000动漫CP收入.xls
 2016-12-05 15:14:06,941 INFO  com.astrolink.util.tools.DbTools  - com.astrolink.dao.DmLoginExecLinstenerThreadDao:INSERT INTO monitor_info (monitorInfo,sendOutType,inputDate)SELECT CONCAT('上传任务id:',spProductTaskId,'<br>业务名称:',spProductName,'<br>业务类型：动漫CP收入<br>失败信息：5456656234433649二人麻将_00000000动漫CP收入.xls&nbsp;&nbsp;&nbsp;&nbsp;数据自动补全失败'),'1',NOW() FROM sp_product  AS a INNER JOIN sp_product_task AS b ON a.spProductId=b.spProductId WHERE spProductTaskId=21
 2016-12-05 15:14:06,974 INFO  com.astrolink.dao.DmLoginExecLinstenerThreadDao  - id为21,信息:5456656234433649二人麻将_00000000动漫CP收入.xls&nbsp;&nbsp;&nbsp;&nbsp;数据自动补全失败
 2016-12-05 15:14:07,640 INFO  com.astrolink.util.tools.DbTools  - com.astrolink.dao.DmLoginExecLinstenerThreadDao:INSERT INTO monitor_info (monitorInfo,sendOutType,inputDate)SELECT CONCAT('上传任务id:',spProductTaskId,'<br>业务名称:',spProductName,'<br>业务类型：动漫CP收入<br>失败信息：4296952464659433心阅动漫_00000000动漫CP收入.xls&nbsp;&nbsp;&nbsp;&nbsp;数据自动补全失败'),'1',NOW() FROM sp_product  AS a INNER JOIN sp_product_task AS b ON a.spProductId=b.spProductId WHERE spProductTaskId=6
 2016-12-05 15:14:07,664 INFO  com.astrolink.dao.DmLoginExecLinstenerThreadDao  - id为6,信息:4296952464659433心阅动漫_00000000动漫CP收入.xls&nbsp;&nbsp;&nbsp;&nbsp;数据自动补全失败
 2016-12-05 15:14:07,946 INFO  com.astrolink.util.tools.DbTools  - com.astrolink.dao.DmLoginExecLinstenerThreadDao:UPDATE spinfo.sp_product_task SET automaticState = 0 WHERE spProductTaskId=6
 2016-12-05 15:14:07,974 INFO  com.astrolink.dao.DmLoginExecLinstenerThreadDao  - 处理请求结束，id为6
 2016-12-05 15:14:09,215 WARN  org.apache.commons.httpclient.HttpMethodBase  - Going to buffer response body of large or unknown size. Using getResponseBodyAsStream instead is recommended.
 2016-12-05 15:14:09,230 INFO  com.astrolink.dao.DmLoginExecLinstenerThreadDao  - 文件大小为：5120
 2016-12-05 15:14:09,230 INFO  com.astrolink.dao.DmLoginExecLinstenerThreadDao  - 动漫CP收入上传，文件名为:6546615133952662漫盒_00000000动漫CP收入.xls
 2016-12-05 15:14:10,284 INFO  com.astrolink.util.tools.DbTools  - com.astrolink.dao.DmLoginExecLinstenerThreadDao:UPDATE spinfo.sp_product_task SET automaticState = 0 WHERE spProductTaskId=21
 2016-12-05 15:14:10,304 INFO  com.astrolink.util.tools.DbTools  - com.astrolink.dao.DmLoginExecLinstenerThreadDao:INSERT INTO monitor_info (monitorInfo,sendOutType,inputDate)SELECT CONCAT('上传任务id:',spProductTaskId,'<br>业务名称:',spProductName,'<br>业务类型：动漫CP收入<br>失败信息：6546615133952662漫盒_00000000动漫CP收入.xls&nbsp;&nbsp;&nbsp;&nbsp;数据自动补全失败'),'1',NOW() FROM sp_product  AS a INNER JOIN sp_product_task AS b ON a.spProductId=b.spProductId WHERE spProductTaskId=151
 2016-12-05 15:14:10,314 INFO  com.astrolink.dao.DmLoginExecLinstenerThreadDao  - 处理请求结束，id为21
 2016-12-05 15:14:10,332 INFO  com.astrolink.dao.DmLoginExecLinstenerThreadDao  - id为151,信息:6546615133952662漫盒_00000000动漫CP收入.xls&nbsp;&nbsp;&nbsp;&nbsp;数据自动补全失败
 2016-12-05 15:14:10,598 INFO  com.astrolink.util.tools.DbTools  - com.astrolink.dao.DmLoginExecLinstenerThreadDao:UPDATE spinfo.sp_product_task SET automaticState = 0 WHERE spProductTaskId=151
 2016-12-05 15:14:10,632 INFO  com.astrolink.dao.DmLoginExecLinstenerThreadDao  - 处理请求结束，id为151
 2016-12-05 15:14:12,441 WARN  org.apache.commons.httpclient.HttpMethodBase  - Going to buffer response body of large or unknown size. Using getResponseBodyAsStream instead is recommended.
 2016-12-05 15:14:12,448 INFO  com.astrolink.dao.DmLoginExecLinstenerThreadDao  - 文件大小为：5120
 2016-12-05 15:14:12,448 INFO  com.astrolink.dao.DmLoginExecLinstenerThreadDao  - 动漫CP收入上传，文件名为:6915951165941446点幻动漫_00000000动漫CP收入.xls
 2016-12-05 15:14:13,509 INFO  com.astrolink.util.tools.DbTools  - com.astrolink.dao.DmLoginExecLinstenerThreadDao:INSERT INTO monitor_info (monitorInfo,sendOutType,inputDate)SELECT CONCAT('上传任务id:',spProductTaskId,'<br>业务名称:',spProductName,'<br>业务类型：动漫CP收入<br>失败信息：6915951165941446点幻动漫_00000000动漫CP收入.xls&nbsp;&nbsp;&nbsp;&nbsp;数据自动补全失败'),'1',NOW() FROM sp_product  AS a INNER JOIN sp_product_task AS b ON a.spProductId=b.spProductId WHERE spProductTaskId=148
 2016-12-05 15:14:13,533 INFO  com.astrolink.dao.DmLoginExecLinstenerThreadDao  - id为148,信息:6915951165941446点幻动漫_00000000动漫CP收入.xls&nbsp;&nbsp;&nbsp;&nbsp;数据自动补全失败
 2016-12-05 15:14:13,812 INFO  com.astrolink.util.tools.DbTools  - com.astrolink.dao.DmLoginExecLinstenerThreadDao:UPDATE spinfo.sp_product_task SET automaticState = 0 WHERE spProductTaskId=148
 2016-12-05 15:14:13,837 INFO  com.astrolink.dao.DmLoginExecLinstenerThreadDao  - 处理请求结束，id为148
 2016-12-05 15:14:14,804 WARN  org.apache.commons.httpclient.HttpMethodBase  - Going to buffer response body of large or unknown size. Using getResponseBodyAsStream instead is recommended.
 2016-12-05 15:14:14,811 INFO  com.astrolink.dao.DmLoginExecLinstenerThreadDao  - 文件大小为：5120
 2016-12-05 15:14:14,811 INFO  com.astrolink.dao.DmLoginExecLinstenerThreadDao  - 动漫CP收入上传，文件名为:6561696455169346彩漫速递_00000000动漫CP收入.xls
 2016-12-05 15:14:16,485 INFO  com.astrolink.util.tools.DbTools  - com.astrolink.dao.DmLoginExecLinstenerThreadDao:INSERT INTO monitor_info (monitorInfo,sendOutType,inputDate)SELECT CONCAT('上传任务id:',spProductTaskId,'<br>业务名称:',spProductName,'<br>业务类型：动漫CP收入<br>失败信息：6561696455169346彩漫速递_00000000动漫CP收入.xls&nbsp;&nbsp;&nbsp;&nbsp;数据自动补全失败'),'1',NOW() FROM sp_product  AS a INNER JOIN sp_product_task AS b ON a.spProductId=b.spProductId WHERE spProductTaskId=40
 2016-12-05 15:14:16,522 INFO  com.astrolink.dao.DmLoginExecLinstenerThreadDao  - id为40,信息:6561696455169346彩漫速递_00000000动漫CP收入.xls&nbsp;&nbsp;&nbsp;&nbsp;数据自动补全失败
 2016-12-05 15:14:16,998 INFO  com.astrolink.util.tools.DbTools  - com.astrolink.dao.DmLoginExecLinstenerThreadDao:UPDATE spinfo.sp_product_task SET automaticState = 0 WHERE spProductTaskId=40
 2016-12-05 15:14:17,025 INFO  com.astrolink.dao.DmLoginExecLinstenerThreadDao  - 处理请求结束，id为40
 2016-12-05 15:14:29,361 WARN  org.apache.commons.httpclient.HttpMethodBase  - Going to buffer response body of large or unknown size. Using getResponseBodyAsStream instead is recommended.
 2016-12-05 15:14:29,372 INFO  com.astrolink.dao.DmLoginExecLinstenerThreadDao  - 文件大小为：5120
 2016-12-05 15:14:29,372 INFO  com.astrolink.dao.DmLoginExecLinstenerThreadDao  - 动漫CP收入上传，文件名为:6291562656263464朗世动漫_00000000动漫CP收入.xls
 2016-12-05 15:14:30,497 INFO  com.astrolink.util.tools.DbTools  - com.astrolink.dao.DmLoginExecLinstenerThreadDao:INSERT INTO monitor_info (monitorInfo,sendOutType,inputDate)SELECT CONCAT('上传任务id:',spProductTaskId,'<br>业务名称:',spProductName,'<br>业务类型：动漫CP收入<br>失败信息：6291562656263464朗世动漫_00000000动漫CP收入.xls&nbsp;&nbsp;&nbsp;&nbsp;数据自动补全失败'),'1',NOW() FROM sp_product  AS a INNER JOIN sp_product_task AS b ON a.spProductId=b.spProductId WHERE spProductTaskId=36
 2016-12-05 15:14:30,524 INFO  com.astrolink.dao.DmLoginExecLinstenerThreadDao  - id为36,信息:6291562656263464朗世动漫_00000000动漫CP收入.xls&nbsp;&nbsp;&nbsp;&nbsp;数据自动补全失败
 2016-12-05 15:14:30,800 INFO  com.astrolink.util.tools.DbTools  - com.astrolink.dao.DmLoginExecLinstenerThreadDao:UPDATE spinfo.sp_product_task SET automaticState = 0 WHERE spProductTaskId=36
 2016-12-05 15:14:30,827 INFO  com.astrolink.dao.DmLoginExecLinstenerThreadDao  - 处理请求结束，id为36
 2016-12-05 15:16:07,048 INFO  com.astrolink.consts.LoadProperties  - [系统初始化]服务器配置路径.\conf\config.properties
 2016-12-05 15:16:07,056 INFO  com.astrolink.service.JdLoginService  - 数据导入监听服务
 2016-12-05 15:16:07,057 INFO  com.astrolink.service.JdLoginService  - 数据导入监听服务完毕
 2016-12-05 15:16:08,228 INFO  com.astrolink.dao.JdLoginLinstenerThreadDao  - 扫描结束，需要处理的数据个数1
 2016-12-05 15:16:08,228 INFO  com.astrolink.service.JdLoginService  - 数据到达接收器，waitMap数据缓冲数量1execMap执行缓冲数量0
 2016-12-05 15:16:08,229 INFO  com.astrolink.service.JdLoginService  - 查询到,数据同步处理线程，开始添加，id为81
 2016-12-05 15:16:08,237 INFO  com.astrolink.service.JdLoginService  - id为81的处理线程添加成功
 2016-12-05 15:16:08,237 INFO  com.astrolink.service.JdLoginService  - 清除处理结束的缓存，waitMap数据缓冲数量0execMap执行缓冲数量1删除缓冲0
 2016-12-05 15:16:36,449 WARN  org.apache.commons.httpclient.HttpMethodBase  - Going to buffer response body of large or unknown size. Using getResponseBodyAsStream instead is recommended.
 2016-12-05 15:16:47,390 INFO  com.astrolink.dao.JdLoginExecLinstenerThreadDao  - id为81,信息:6152654633365693张说五言诗选_40054926876.xls&nbsp;&nbsp;&nbsp;&nbsp;成功
 2016-12-05 15:16:47,390 INFO  com.astrolink.dao.JdLoginExecLinstenerThreadDao  - 基地收入上传成功
 2016-12-05 15:16:47,652 INFO  com.astrolink.dao.JdLoginExecLinstenerThreadDao  - 基地投诉没数据
 2016-12-05 15:16:47,941 INFO  com.astrolink.util.tools.DbTools  - com.astrolink.dao.DmLoginExecLinstenerThreadDao:INSERT INTO monitor_info (monitorInfo,sendOutType,inputDate)SELECT CONCAT('id:',spProductTaskId,'<br>业务:',spProductName,'<br>基地投诉<br>没数据'),'1',NOW() FROM sp_product  AS a INNER JOIN sp_product_task AS b ON a.spProductId=b.spProductId WHERE spProductTaskId=81
 2016-12-05 15:16:48,750 INFO  com.astrolink.util.tools.DbTools  - com.astrolink.dao.DmLoginExecLinstenerThreadDao:UPDATE spinfo.sp_product_task SET automaticState = 0 WHERE spProductTaskId=81
 2016-12-05 15:16:48,776 INFO  com.astrolink.dao.JdLoginExecLinstenerThreadDao  - 处理请求结束，id为81
 