2016-12-07 16:50:30,473 INFO  com.astrolink.consts.LoadProperties  - [系统初始化]服务器配置路径.\conf\config.properties
 2016-12-07 16:50:30,516 INFO  com.astrolink.service.DmLoginService  - 数据导入监听服务
 2016-12-07 16:50:30,526 INFO  com.astrolink.service.DmLoginService  - 数据导入监听服务完毕
 2016-12-07 16:50:32,592 INFO  com.astrolink.dao.DmLoginLinstenerThreadDao  - 扫描结束，需要处理的数据个数10
 2016-12-07 16:50:32,592 INFO  com.astrolink.service.DmLoginService  - 数据到达接收器，waitMap数据缓冲数量1execMap执行缓冲数量0
 2016-12-07 16:50:32,592 INFO  com.astrolink.service.DmLoginService  - 数据到达接收器，waitMap数据缓冲数量2execMap执行缓冲数量0
 2016-12-07 16:50:32,593 INFO  com.astrolink.service.DmLoginService  - 数据到达接收器，waitMap数据缓冲数量3execMap执行缓冲数量0
 2016-12-07 16:50:32,593 INFO  com.astrolink.service.DmLoginService  - 数据到达接收器，waitMap数据缓冲数量4execMap执行缓冲数量0
 2016-12-07 16:50:32,593 INFO  com.astrolink.service.DmLoginService  - 数据到达接收器，waitMap数据缓冲数量5execMap执行缓冲数量0
 2016-12-07 16:50:32,593 INFO  com.astrolink.service.DmLoginService  - 数据到达接收器，waitMap数据缓冲数量6execMap执行缓冲数量0
 2016-12-07 16:50:32,593 INFO  com.astrolink.service.DmLoginService  - 数据到达接收器，waitMap数据缓冲数量7execMap执行缓冲数量0
 2016-12-07 16:50:32,594 INFO  com.astrolink.service.DmLoginService  - 数据到达接收器，waitMap数据缓冲数量8execMap执行缓冲数量0
 2016-12-07 16:50:32,594 INFO  com.astrolink.service.DmLoginService  - 数据到达接收器，waitMap数据缓冲数量9execMap执行缓冲数量0
 2016-12-07 16:50:32,594 INFO  com.astrolink.service.DmLoginService  - 数据到达接收器，waitMap数据缓冲数量10execMap执行缓冲数量0
 2016-12-07 16:50:32,595 INFO  com.astrolink.service.DmLoginService  - 查询到,数据同步处理线程，开始添加，id为16
 2016-12-07 16:50:32,597 INFO  com.astrolink.service.DmLoginService  - id为16的处理线程添加成功
 2016-12-07 16:50:32,597 INFO  com.astrolink.service.DmLoginService  - 查询到,数据同步处理线程，开始添加，id为32
 2016-12-07 16:50:32,597 INFO  com.astrolink.service.DmLoginService  - id为32的处理线程添加成功
 2016-12-07 16:50:32,597 INFO  com.astrolink.service.DmLoginService  - 查询到,数据同步处理线程，开始添加，id为3
 2016-12-07 16:50:32,598 INFO  com.astrolink.service.DmLoginService  - id为3的处理线程添加成功
 2016-12-07 16:50:32,598 INFO  com.astrolink.service.DmLoginService  - 查询到,数据同步处理线程，开始添加，id为19
 2016-12-07 16:50:32,598 INFO  com.astrolink.service.DmLoginService  - id为19的处理线程添加成功
 2016-12-07 16:50:32,598 INFO  com.astrolink.service.DmLoginService  - 查询到,数据同步处理线程，开始添加，id为22
 2016-12-07 16:50:32,598 INFO  com.astrolink.service.DmLoginService  - id为22的处理线程添加成功
 2016-12-07 16:50:32,598 INFO  com.astrolink.service.DmLoginService  - 查询到,数据同步处理线程，开始添加，id为7
 2016-12-07 16:50:32,598 INFO  com.astrolink.service.DmLoginService  - id为7的处理线程添加成功
 2016-12-07 16:50:32,598 INFO  com.astrolink.service.DmLoginService  - 查询到,数据同步处理线程，开始添加，id为10
 2016-12-07 16:50:32,599 INFO  com.astrolink.service.DmLoginService  - id为10的处理线程添加成功
 2016-12-07 16:50:32,599 INFO  com.astrolink.service.DmLoginService  - 查询到,数据同步处理线程，开始添加，id为26
 2016-12-07 16:50:32,599 INFO  com.astrolink.service.DmLoginService  - id为26的处理线程添加成功
 2016-12-07 16:50:32,599 INFO  com.astrolink.service.DmLoginService  - 查询到,数据同步处理线程，开始添加，id为13
 2016-12-07 16:50:32,599 INFO  com.astrolink.service.DmLoginService  - id为13的处理线程添加成功
 2016-12-07 16:50:32,599 INFO  com.astrolink.service.DmLoginService  - 查询到,数据同步处理线程，开始添加，id为29
 2016-12-07 16:50:32,599 INFO  com.astrolink.service.DmLoginService  - id为29的处理线程添加成功
 2016-12-07 16:50:32,600 INFO  com.astrolink.service.DmLoginService  - 清除处理结束的缓存，waitMap数据缓冲数量0execMap执行缓冲数量10删除缓冲0
 2016-12-07 16:50:32,645 INFO  com.astrolink.dao.DmLoginExecLinstenerThreadDao  - 开始处理动漫CP投诉，id为19
 2016-12-07 16:50:32,645 INFO  com.astrolink.dao.DmLoginExecLinstenerThreadDao  - 开始处理动漫CP投诉，id为10
 2016-12-07 16:50:32,646 INFO  com.astrolink.dao.DmLoginExecLinstenerThreadDao  - 开始处理动漫CP投诉，id为29
 2016-12-07 16:50:32,646 INFO  com.astrolink.dao.DmLoginExecLinstenerThreadDao  - 开始处理动漫CP投诉，id为32
 2016-12-07 16:50:32,645 INFO  com.astrolink.dao.DmLoginExecLinstenerThreadDao  - 开始处理动漫CP投诉，id为22
 2016-12-07 16:50:32,646 INFO  com.astrolink.dao.DmLoginExecLinstenerThreadDao  - 开始处理动漫CP投诉，id为7
 2016-12-07 16:50:32,646 INFO  com.astrolink.dao.DmLoginExecLinstenerThreadDao  - 开始处理动漫CP投诉，id为26
 2016-12-07 16:50:32,646 INFO  com.astrolink.dao.DmLoginExecLinstenerThreadDao  - 开始处理动漫CP投诉，id为16
 2016-12-07 16:50:32,645 INFO  com.astrolink.dao.DmLoginExecLinstenerThreadDao  - 开始处理动漫CP投诉，id为13
 2016-12-07 16:50:32,646 INFO  com.astrolink.dao.DmLoginExecLinstenerThreadDao  - 开始处理动漫CP投诉，id为3
 2016-12-07 16:50:34,022 WARN  org.apache.commons.httpclient.HttpMethodBase  - Going to buffer response body of large or unknown size. Using getResponseBodyAsStream instead is recommended.
 2016-12-07 16:50:34,164 WARN  org.apache.commons.httpclient.HttpMethodBase  - Going to buffer response body of large or unknown size. Using getResponseBodyAsStream instead is recommended.
 2016-12-07 16:50:34,166 WARN  org.apache.commons.httpclient.HttpMethodBase  - Going to buffer response body of large or unknown size. Using getResponseBodyAsStream instead is recommended.
 2016-12-07 16:50:34,199 WARN  org.apache.commons.httpclient.HttpMethodBase  - Going to buffer response body of large or unknown size. Using getResponseBodyAsStream instead is recommended.
 2016-12-07 16:50:34,217 WARN  org.apache.commons.httpclient.HttpMethodBase  - Going to buffer response body of large or unknown size. Using getResponseBodyAsStream instead is recommended.
 2016-12-07 16:50:34,263 WARN  org.apache.commons.httpclient.HttpMethodBase  - Going to buffer response body of large or unknown size. Using getResponseBodyAsStream instead is recommended.
 2016-12-07 16:50:34,452 WARN  org.apache.commons.httpclient.HttpMethodBase  - Going to buffer response body of large or unknown size. Using getResponseBodyAsStream instead is recommended.
 2016-12-07 16:50:34,543 WARN  org.apache.commons.httpclient.HttpMethodBase  - Going to buffer response body of large or unknown size. Using getResponseBodyAsStream instead is recommended.
 2016-12-07 16:50:34,811 WARN  org.apache.commons.httpclient.HttpMethodBase  - Going to buffer response body of large or unknown size. Using getResponseBodyAsStream instead is recommended.
 2016-12-07 16:50:34,836 WARN  org.apache.commons.httpclient.HttpMethodBase  - Going to buffer response body of large or unknown size. Using getResponseBodyAsStream instead is recommended.
 2016-12-07 16:50:43,740 WARN  org.apache.commons.httpclient.HttpMethodBase  - Going to buffer response body of large or unknown size. Using getResponseBodyAsStream instead is recommended.
 2016-12-07 16:50:43,816 WARN  org.apache.commons.httpclient.HttpMethodBase  - Going to buffer response body of large or unknown size. Using getResponseBodyAsStream instead is recommended.
 2016-12-07 16:50:44,279 WARN  org.apache.commons.httpclient.HttpMethodBase  - Going to buffer response body of large or unknown size. Using getResponseBodyAsStream instead is recommended.
 2016-12-07 16:50:46,109 WARN  org.apache.commons.httpclient.HttpMethodBase  - Going to buffer response body of large or unknown size. Using getResponseBodyAsStream instead is recommended.
 2016-12-07 16:50:47,639 WARN  org.apache.commons.httpclient.HttpMethodBase  - Going to buffer response body of large or unknown size. Using getResponseBodyAsStream instead is recommended.
 2016-12-07 16:50:47,876 WARN  org.apache.commons.httpclient.HttpMethodBase  - Going to buffer response body of large or unknown size. Using getResponseBodyAsStream instead is recommended.
 2016-12-07 16:50:48,157 WARN  org.apache.commons.httpclient.HttpMethodBase  - Going to buffer response body of large or unknown size. Using getResponseBodyAsStream instead is recommended.
 2016-12-07 16:50:49,539 WARN  org.apache.commons.httpclient.HttpMethodBase  - Going to buffer response body of large or unknown size. Using getResponseBodyAsStream instead is recommended.
 2016-12-07 16:50:51,617 WARN  org.apache.commons.httpclient.HttpMethodBase  - Going to buffer response body of large or unknown size. Using getResponseBodyAsStream instead is recommended.
 2016-12-07 16:50:51,868 WARN  org.apache.commons.httpclient.HttpMethodBase  - Going to buffer response body of large or unknown size. Using getResponseBodyAsStream instead is recommended.
 2016-12-07 16:50:55,554 WARN  org.apache.commons.httpclient.HttpMethodBase  - Going to buffer response body of large or unknown size. Using getResponseBodyAsStream instead is recommended.
 2016-12-07 16:51:00,206 WARN  org.apache.commons.httpclient.HttpMethodBase  - Going to buffer response body of large or unknown size. Using getResponseBodyAsStream instead is recommended.
 2016-12-07 16:51:04,838 WARN  org.apache.commons.httpclient.HttpMethodBase  - Going to buffer response body of large or unknown size. Using getResponseBodyAsStream instead is recommended.
 2016-12-07 16:51:09,156 WARN  org.apache.commons.httpclient.HttpMethodBase  - Going to buffer response body of large or unknown size. Using getResponseBodyAsStream instead is recommended.
 2016-12-07 16:51:25,420 INFO  com.astrolink.util.tools.DbTools  - com.astrolink.dao.DmLoginExecLinstenerThreadDao:UPDATE spinfo.sp_product_task SET automaticState = 0 WHERE spProductTaskId=16
 2016-12-07 16:51:25,522 INFO  com.astrolink.dao.DmLoginExecLinstenerThreadDao  - 处理请求结束，id为16
 2016-12-07 16:51:28,246 WARN  org.apache.commons.httpclient.HttpMethodBase  - Going to buffer response body of large or unknown size. Using getResponseBodyAsStream instead is recommended.
 2016-12-07 16:51:31,389 WARN  org.apache.commons.httpclient.HttpMethodBase  - Going to buffer response body of large or unknown size. Using getResponseBodyAsStream instead is recommended.
 2016-12-07 16:51:54,433 INFO  org.apache.commons.httpclient.HttpMethodDirector  - I/O exception (java.net.ConnectException) caught when processing request: Connection timed out: connect
 2016-12-07 16:51:54,434 INFO  org.apache.commons.httpclient.HttpMethodDirector  - Retrying request
 2016-12-07 16:51:57,085 INFO  org.apache.commons.httpclient.HttpMethodDirector  - I/O exception (java.net.ConnectException) caught when processing request: Connection timed out: connect
 2016-12-07 16:51:57,085 INFO  org.apache.commons.httpclient.HttpMethodDirector  - Retrying request
 2016-12-07 16:51:58,918 INFO  org.apache.commons.httpclient.HttpMethodDirector  - I/O exception (java.net.ConnectException) caught when processing request: Connection timed out: connect
 2016-12-07 16:51:58,918 INFO  org.apache.commons.httpclient.HttpMethodDirector  - Retrying request
 2016-12-07 16:52:00,293 INFO  org.apache.commons.httpclient.HttpMethodDirector  - I/O exception (java.net.ConnectException) caught when processing request: Connection timed out: connect
 2016-12-07 16:52:00,293 INFO  org.apache.commons.httpclient.HttpMethodDirector  - Retrying request
 2016-12-07 16:52:00,302 INFO  org.apache.commons.httpclient.HttpMethodDirector  - I/O exception (java.net.ConnectException) caught when processing request: Connection timed out: connect
 2016-12-07 16:52:00,302 INFO  org.apache.commons.httpclient.HttpMethodDirector  - Retrying request
 2016-12-07 16:52:01,707 INFO  com.astrolink.util.tools.DbTools  - com.astrolink.dao.DmLoginExecLinstenerThreadDao:UPDATE spinfo.sp_product_task SET automaticState = 0 WHERE spProductTaskId=19
 2016-12-07 16:52:01,737 INFO  com.astrolink.dao.DmLoginExecLinstenerThreadDao  - 处理请求结束，id为19
 2016-12-07 16:52:01,981 INFO  com.astrolink.util.tools.DbTools  - com.astrolink.dao.DmLoginExecLinstenerThreadDao:UPDATE spinfo.sp_product_task SET automaticState = 0 WHERE spProductTaskId=13
 2016-12-07 16:52:02,021 INFO  com.astrolink.dao.DmLoginExecLinstenerThreadDao  - 处理请求结束，id为13
 2016-12-07 16:52:02,204 INFO  org.apache.commons.httpclient.HttpMethodDirector  - I/O exception (java.net.ConnectException) caught when processing request: Connection timed out: connect
 2016-12-07 16:52:02,204 INFO  org.apache.commons.httpclient.HttpMethodDirector  - Retrying request
 2016-12-07 16:53:34,605 INFO  com.astrolink.dao.DmLoginLinstenerThreadDao  - 扫描结束，需要处理的数据个数10
 2016-12-07 16:53:34,606 INFO  com.astrolink.service.DmLoginService  - 数据到达接收器，waitMap数据缓冲数量0execMap执行缓冲数量10
 2016-12-07 16:53:34,606 INFO  com.astrolink.service.DmLoginService  - 数据到达接收器，waitMap数据缓冲数量0execMap执行缓冲数量10
 2016-12-07 16:53:34,606 INFO  com.astrolink.service.DmLoginService  - 数据到达接收器，waitMap数据缓冲数量0execMap执行缓冲数量10
 2016-12-07 16:53:34,606 INFO  com.astrolink.service.DmLoginService  - 数据到达接收器，waitMap数据缓冲数量0execMap执行缓冲数量10
 2016-12-07 16:53:34,606 INFO  com.astrolink.service.DmLoginService  - 数据到达接收器，waitMap数据缓冲数量0execMap执行缓冲数量10
 2016-12-07 16:53:34,606 INFO  com.astrolink.service.DmLoginService  - 数据到达接收器，waitMap数据缓冲数量0execMap执行缓冲数量10
 2016-12-07 16:53:34,606 INFO  com.astrolink.service.DmLoginService  - 数据到达接收器，waitMap数据缓冲数量0execMap执行缓冲数量10
 2016-12-07 16:53:34,606 INFO  com.astrolink.service.DmLoginService  - 数据到达接收器，waitMap数据缓冲数量1execMap执行缓冲数量10
 2016-12-07 16:53:34,606 INFO  com.astrolink.service.DmLoginService  - 数据到达接收器，waitMap数据缓冲数量2execMap执行缓冲数量10
 2016-12-07 16:53:34,606 INFO  com.astrolink.service.DmLoginService  - 数据到达接收器，waitMap数据缓冲数量3execMap执行缓冲数量10
 2016-12-07 16:53:34,606 INFO  com.astrolink.service.DmLoginService  - 查询到,数据同步处理线程，开始添加，id为37
 2016-12-07 16:53:34,606 INFO  com.astrolink.service.DmLoginService  - id为37的处理线程添加成功
 2016-12-07 16:53:34,606 INFO  com.astrolink.service.DmLoginService  - 查询到,数据同步处理线程，开始添加，id为39
 2016-12-07 16:53:34,606 INFO  com.astrolink.dao.DmLoginExecLinstenerThreadDao  - 开始处理动漫CP投诉，id为37
 2016-12-07 16:53:34,606 INFO  com.astrolink.service.DmLoginService  - id为39的处理线程添加成功
 2016-12-07 16:53:34,606 INFO  com.astrolink.dao.DmLoginExecLinstenerThreadDao  - 开始处理动漫CP投诉，id为39
 2016-12-07 16:53:34,606 INFO  com.astrolink.service.DmLoginService  - 查询到,数据同步处理线程，开始添加，id为41
 2016-12-07 16:53:34,607 INFO  com.astrolink.service.DmLoginService  - id为41的处理线程添加成功
 2016-12-07 16:53:34,607 INFO  com.astrolink.service.DmLoginService  - 清除处理结束的缓存，waitMap数据缓冲数量0execMap执行缓冲数量10删除缓冲0
 2016-12-07 16:53:34,607 INFO  com.astrolink.dao.DmLoginExecLinstenerThreadDao  - 开始处理动漫CP投诉，id为41
 2016-12-07 16:53:35,592 WARN  org.apache.commons.httpclient.HttpMethodBase  - Going to buffer response body of large or unknown size. Using getResponseBodyAsStream instead is recommended.
 2016-12-07 16:53:35,695 WARN  org.apache.commons.httpclient.HttpMethodBase  - Going to buffer response body of large or unknown size. Using getResponseBodyAsStream instead is recommended.
 2016-12-07 16:53:35,761 WARN  org.apache.commons.httpclient.HttpMethodBase  - Going to buffer response body of large or unknown size. Using getResponseBodyAsStream instead is recommended.
 2016-12-07 16:53:45,158 WARN  org.apache.commons.httpclient.HttpMethodBase  - Going to buffer response body of large or unknown size. Using getResponseBodyAsStream instead is recommended.
 2016-12-07 16:53:47,298 WARN  org.apache.commons.httpclient.HttpMethodBase  - Going to buffer response body of large or unknown size. Using getResponseBodyAsStream instead is recommended.
 2016-12-07 16:53:47,625 WARN  org.apache.commons.httpclient.HttpMethodBase  - Going to buffer response body of large or unknown size. Using getResponseBodyAsStream instead is recommended.
 2016-12-07 16:54:33,175 ERROR com.astrolink.util.tools.PostNetWork_singleton  - java.net.SocketTimeoutException: Read timed out
	at java.net.SocketInputStream.socketRead0(Native Method)
	at java.net.SocketInputStream.socketRead(SocketInputStream.java:116)
	at java.net.SocketInputStream.read(SocketInputStream.java:170)
	at java.net.SocketInputStream.read(SocketInputStream.java:141)
	at java.io.BufferedInputStream.fill(BufferedInputStream.java:246)
	at java.io.BufferedInputStream.read(BufferedInputStream.java:265)
	at org.apache.commons.httpclient.HttpParser.readRawLine(HttpParser.java:78)
	at org.apache.commons.httpclient.HttpParser.readLine(HttpParser.java:106)
	at org.apache.commons.httpclient.HttpConnection.readLine(HttpConnection.java:1116)
	at org.apache.commons.httpclient.HttpMethodBase.readStatusLine(HttpMethodBase.java:1820)
	at org.apache.commons.httpclient.HttpMethodBase.readResponse(HttpMethodBase.java:1611)
	at org.apache.commons.httpclient.HttpMethodBase.execute(HttpMethodBase.java:1033)
	at org.apache.commons.httpclient.HttpMethodDirector.executeWithRetry(HttpMethodDirector.java:398)
	at org.apache.commons.httpclient.HttpMethodDirector.executeMethod(HttpMethodDirector.java:171)
	at org.apache.commons.httpclient.HttpClient.executeMethod(HttpClient.java:397)
	at org.apache.commons.httpclient.HttpClient.executeMethod(HttpClient.java:323)
	at com.astrolink.util.tools.PostNetWork_singleton.executeMethod(PostNetWork_singleton.java:88)
	at com.astrolink.util.tools.DmLoginTools.post_doNetWork(DmLoginTools.java:574)
	at com.astrolink.util.tools.DmLoginTools.downLoadFile(DmLoginTools.java:349)
	at com.astrolink.util.tools.DmLoginTools.doWork(DmLoginTools.java:265)
	at com.astrolink.dao.DmLoginExecLinstenerThreadDao.exec(DmLoginExecLinstenerThreadDao.java:53)
	at com.astrolink.logic.listener.JobThread.run(JobThread.java:31)

 2016-12-07 16:54:33,175 ERROR com.astrolink.util.tools.PostNetWork_singleton  - java.lang.NullPointerException
	at java.io.Reader.<init>(Reader.java:78)
	at java.io.InputStreamReader.<init>(InputStreamReader.java:97)
	at com.astrolink.util.tools.PostNetWork_singleton.getHtml(PostNetWork_singleton.java:244)
	at com.astrolink.util.tools.DmLoginTools.post_doNetWork(DmLoginTools.java:575)
	at com.astrolink.util.tools.DmLoginTools.downLoadFile(DmLoginTools.java:349)
	at com.astrolink.util.tools.DmLoginTools.doWork(DmLoginTools.java:265)
	at com.astrolink.dao.DmLoginExecLinstenerThreadDao.exec(DmLoginExecLinstenerThreadDao.java:53)
	at com.astrolink.logic.listener.JobThread.run(JobThread.java:31)

 2016-12-07 16:54:37,401 ERROR com.astrolink.util.tools.PostNetWork_singleton  - java.net.SocketTimeoutException: Read timed out
	at java.net.SocketInputStream.socketRead0(Native Method)
	at java.net.SocketInputStream.socketRead(SocketInputStream.java:116)
	at java.net.SocketInputStream.read(SocketInputStream.java:170)
	at java.net.SocketInputStream.read(SocketInputStream.java:141)
	at java.io.BufferedInputStream.read1(BufferedInputStream.java:284)
	at java.io.BufferedInputStream.read(BufferedInputStream.java:345)
	at org.apache.commons.httpclient.ContentLengthInputStream.read(ContentLengthInputStream.java:170)
	at java.io.FilterInputStream.read(FilterInputStream.java:133)
	at org.apache.commons.httpclient.AutoCloseInputStream.read(AutoCloseInputStream.java:108)
	at sun.nio.cs.StreamDecoder.readBytes(StreamDecoder.java:284)
	at sun.nio.cs.StreamDecoder.implRead(StreamDecoder.java:326)
	at sun.nio.cs.StreamDecoder.read(StreamDecoder.java:178)
	at java.io.InputStreamReader.read(InputStreamReader.java:184)
	at java.io.BufferedReader.fill(BufferedReader.java:161)
	at java.io.BufferedReader.readLine(BufferedReader.java:324)
	at java.io.BufferedReader.readLine(BufferedReader.java:389)
	at com.astrolink.util.tools.PostNetWork_singleton.getHtml(PostNetWork_singleton.java:248)
	at com.astrolink.util.tools.DmLoginTools.post_doNetWork(DmLoginTools.java:575)
	at com.astrolink.util.tools.DmLoginTools.downLoadFile(DmLoginTools.java:375)
	at com.astrolink.util.tools.DmLoginTools.doWork(DmLoginTools.java:265)
	at com.astrolink.dao.DmLoginExecLinstenerThreadDao.exec(DmLoginExecLinstenerThreadDao.java:53)
	at com.astrolink.logic.listener.JobThread.run(JobThread.java:31)

 2016-12-07 16:54:54,516 ERROR com.astrolink.util.tools.PostNetWork_singleton  - java.net.SocketTimeoutException: Read timed out
	at java.net.SocketInputStream.socketRead0(Native Method)
	at java.net.SocketInputStream.socketRead(SocketInputStream.java:116)
	at java.net.SocketInputStream.read(SocketInputStream.java:170)
	at java.net.SocketInputStream.read(SocketInputStream.java:141)
	at java.io.BufferedInputStream.fill(BufferedInputStream.java:246)
	at java.io.BufferedInputStream.read(BufferedInputStream.java:265)
	at org.apache.commons.httpclient.HttpParser.readRawLine(HttpParser.java:78)
	at org.apache.commons.httpclient.HttpParser.readLine(HttpParser.java:106)
	at org.apache.commons.httpclient.HttpConnection.readLine(HttpConnection.java:1116)
	at org.apache.commons.httpclient.HttpMethodBase.readStatusLine(HttpMethodBase.java:1820)
	at org.apache.commons.httpclient.HttpMethodBase.readResponse(HttpMethodBase.java:1611)
	at org.apache.commons.httpclient.HttpMethodBase.execute(HttpMethodBase.java:1033)
	at org.apache.commons.httpclient.HttpMethodDirector.executeWithRetry(HttpMethodDirector.java:398)
	at org.apache.commons.httpclient.HttpMethodDirector.executeMethod(HttpMethodDirector.java:171)
	at org.apache.commons.httpclient.HttpClient.executeMethod(HttpClient.java:397)
	at org.apache.commons.httpclient.HttpClient.executeMethod(HttpClient.java:323)
	at com.astrolink.util.tools.PostNetWork_singleton.executeMethod(PostNetWork_singleton.java:88)
	at com.astrolink.util.tools.DmLoginTools.post_doNetWork(DmLoginTools.java:574)
	at com.astrolink.util.tools.DmLoginTools.downLoadFile(DmLoginTools.java:375)
	at com.astrolink.util.tools.DmLoginTools.doWork(DmLoginTools.java:265)
	at com.astrolink.dao.DmLoginExecLinstenerThreadDao.exec(DmLoginExecLinstenerThreadDao.java:53)
	at com.astrolink.logic.listener.JobThread.run(JobThread.java:31)

 2016-12-07 16:54:54,516 ERROR com.astrolink.util.tools.PostNetWork_singleton  - java.lang.NullPointerException
	at java.io.Reader.<init>(Reader.java:78)
	at java.io.InputStreamReader.<init>(InputStreamReader.java:97)
	at com.astrolink.util.tools.PostNetWork_singleton.getHtml(PostNetWork_singleton.java:244)
	at com.astrolink.util.tools.DmLoginTools.post_doNetWork(DmLoginTools.java:575)
	at com.astrolink.util.tools.DmLoginTools.downLoadFile(DmLoginTools.java:375)
	at com.astrolink.util.tools.DmLoginTools.doWork(DmLoginTools.java:265)
	at com.astrolink.dao.DmLoginExecLinstenerThreadDao.exec(DmLoginExecLinstenerThreadDao.java:53)
	at com.astrolink.logic.listener.JobThread.run(JobThread.java:31)

 2016-12-07 16:54:54,522 ERROR com.astrolink.dao.DmLoginExecLinstenerThreadDao  - java.lang.NullPointerException
	at com.astrolink.util.tools.DmLoginTools.subStr(DmLoginTools.java:667)
	at com.astrolink.util.tools.DmLoginTools.downLoadFile(DmLoginTools.java:378)
	at com.astrolink.util.tools.DmLoginTools.doWork(DmLoginTools.java:265)
	at com.astrolink.dao.DmLoginExecLinstenerThreadDao.exec(DmLoginExecLinstenerThreadDao.java:53)
	at com.astrolink.logic.listener.JobThread.run(JobThread.java:31)

 2016-12-07 16:54:56,138 WARN  org.apache.commons.httpclient.HttpMethodBase  - Going to buffer response body of large or unknown size. Using getResponseBodyAsStream instead is recommended.
 2016-12-07 16:54:58,668 ERROR com.astrolink.util.tools.PostNetWork_singleton  - java.net.SocketTimeoutException: Read timed out
	at java.net.SocketInputStream.socketRead0(Native Method)
	at java.net.SocketInputStream.socketRead(SocketInputStream.java:116)
	at java.net.SocketInputStream.read(SocketInputStream.java:170)
	at java.net.SocketInputStream.read(SocketInputStream.java:141)
	at java.io.BufferedInputStream.fill(BufferedInputStream.java:246)
	at java.io.BufferedInputStream.read(BufferedInputStream.java:265)
	at org.apache.commons.httpclient.HttpParser.readRawLine(HttpParser.java:78)
	at org.apache.commons.httpclient.HttpParser.readLine(HttpParser.java:106)
	at org.apache.commons.httpclient.HttpConnection.readLine(HttpConnection.java:1116)
	at org.apache.commons.httpclient.HttpMethodBase.readStatusLine(HttpMethodBase.java:1820)
	at org.apache.commons.httpclient.HttpMethodBase.readResponse(HttpMethodBase.java:1611)
	at org.apache.commons.httpclient.HttpMethodBase.execute(HttpMethodBase.java:1033)
	at org.apache.commons.httpclient.HttpMethodDirector.executeWithRetry(HttpMethodDirector.java:398)
	at org.apache.commons.httpclient.HttpMethodDirector.executeMethod(HttpMethodDirector.java:171)
	at org.apache.commons.httpclient.HttpClient.executeMethod(HttpClient.java:397)
	at org.apache.commons.httpclient.HttpClient.executeMethod(HttpClient.java:323)
	at com.astrolink.util.tools.PostNetWork_singleton.executeMethod(PostNetWork_singleton.java:88)
	at com.astrolink.util.tools.DmLoginTools.post_doNetWork(DmLoginTools.java:574)
	at com.astrolink.util.tools.DmLoginTools.downLoadFile(DmLoginTools.java:318)
	at com.astrolink.util.tools.DmLoginTools.doWork(DmLoginTools.java:265)
	at com.astrolink.dao.DmLoginExecLinstenerThreadDao.exec(DmLoginExecLinstenerThreadDao.java:53)
	at com.astrolink.logic.listener.JobThread.run(JobThread.java:31)

 2016-12-07 16:54:58,668 ERROR com.astrolink.util.tools.PostNetWork_singleton  - java.lang.NullPointerException
	at java.io.Reader.<init>(Reader.java:78)
	at java.io.InputStreamReader.<init>(InputStreamReader.java:97)
	at com.astrolink.util.tools.PostNetWork_singleton.getHtml(PostNetWork_singleton.java:244)
	at com.astrolink.util.tools.DmLoginTools.post_doNetWork(DmLoginTools.java:575)
	at com.astrolink.util.tools.DmLoginTools.downLoadFile(DmLoginTools.java:318)
	at com.astrolink.util.tools.DmLoginTools.doWork(DmLoginTools.java:265)
	at com.astrolink.dao.DmLoginExecLinstenerThreadDao.exec(DmLoginExecLinstenerThreadDao.java:53)
	at com.astrolink.logic.listener.JobThread.run(JobThread.java:31)

 2016-12-07 16:55:00,573 ERROR com.astrolink.util.tools.PostNetWork_singleton  - java.net.SocketTimeoutException: Read timed out
	at java.net.SocketInputStream.socketRead0(Native Method)
	at java.net.SocketInputStream.socketRead(SocketInputStream.java:116)
	at java.net.SocketInputStream.read(SocketInputStream.java:170)
	at java.net.SocketInputStream.read(SocketInputStream.java:141)
	at java.io.BufferedInputStream.fill(BufferedInputStream.java:246)
	at java.io.BufferedInputStream.read(BufferedInputStream.java:265)
	at org.apache.commons.httpclient.HttpParser.readRawLine(HttpParser.java:78)
	at org.apache.commons.httpclient.HttpParser.readLine(HttpParser.java:106)
	at org.apache.commons.httpclient.HttpConnection.readLine(HttpConnection.java:1116)
	at org.apache.commons.httpclient.HttpMethodBase.readStatusLine(HttpMethodBase.java:1820)
	at org.apache.commons.httpclient.HttpMethodBase.readResponse(HttpMethodBase.java:1611)
	at org.apache.commons.httpclient.HttpMethodBase.execute(HttpMethodBase.java:1033)
	at org.apache.commons.httpclient.HttpMethodDirector.executeWithRetry(HttpMethodDirector.java:398)
	at org.apache.commons.httpclient.HttpMethodDirector.executeMethod(HttpMethodDirector.java:171)
	at org.apache.commons.httpclient.HttpClient.executeMethod(HttpClient.java:397)
	at org.apache.commons.httpclient.HttpClient.executeMethod(HttpClient.java:323)
	at com.astrolink.util.tools.PostNetWork_singleton.executeMethod(PostNetWork_singleton.java:88)
	at com.astrolink.util.tools.DmLoginTools.post_doNetWork(DmLoginTools.java:574)
	at com.astrolink.util.tools.DmLoginTools.downLoadFile(DmLoginTools.java:318)
	at com.astrolink.util.tools.DmLoginTools.doWork(DmLoginTools.java:265)
	at com.astrolink.dao.DmLoginExecLinstenerThreadDao.exec(DmLoginExecLinstenerThreadDao.java:53)
	at com.astrolink.logic.listener.JobThread.run(JobThread.java:31)

 2016-12-07 16:55:00,573 ERROR com.astrolink.util.tools.PostNetWork_singleton  - java.lang.NullPointerException
	at java.io.Reader.<init>(Reader.java:78)
	at java.io.InputStreamReader.<init>(InputStreamReader.java:97)
	at com.astrolink.util.tools.PostNetWork_singleton.getHtml(PostNetWork_singleton.java:244)
	at com.astrolink.util.tools.DmLoginTools.post_doNetWork(DmLoginTools.java:575)
	at com.astrolink.util.tools.DmLoginTools.downLoadFile(DmLoginTools.java:318)
	at com.astrolink.util.tools.DmLoginTools.doWork(DmLoginTools.java:265)
	at com.astrolink.dao.DmLoginExecLinstenerThreadDao.exec(DmLoginExecLinstenerThreadDao.java:53)
	at com.astrolink.logic.listener.JobThread.run(JobThread.java:31)

 2016-12-07 16:55:04,246 ERROR com.astrolink.util.tools.PostNetWork_singleton  - java.net.SocketTimeoutException: Read timed out
	at java.net.SocketInputStream.socketRead0(Native Method)
	at java.net.SocketInputStream.socketRead(SocketInputStream.java:116)
	at java.net.SocketInputStream.read(SocketInputStream.java:170)
	at java.net.SocketInputStream.read(SocketInputStream.java:141)
	at java.io.BufferedInputStream.fill(BufferedInputStream.java:246)
	at java.io.BufferedInputStream.read(BufferedInputStream.java:265)
	at org.apache.commons.httpclient.HttpParser.readRawLine(HttpParser.java:78)
	at org.apache.commons.httpclient.HttpParser.readLine(HttpParser.java:106)
	at org.apache.commons.httpclient.HttpConnection.readLine(HttpConnection.java:1116)
	at org.apache.commons.httpclient.HttpMethodBase.readStatusLine(HttpMethodBase.java:1820)
	at org.apache.commons.httpclient.HttpMethodBase.readResponse(HttpMethodBase.java:1611)
	at org.apache.commons.httpclient.HttpMethodBase.execute(HttpMethodBase.java:1033)
	at org.apache.commons.httpclient.HttpMethodDirector.executeWithRetry(HttpMethodDirector.java:398)
	at org.apache.commons.httpclient.HttpMethodDirector.executeMethod(HttpMethodDirector.java:171)
	at org.apache.commons.httpclient.HttpClient.executeMethod(HttpClient.java:397)
	at org.apache.commons.httpclient.HttpClient.executeMethod(HttpClient.java:323)
	at com.astrolink.util.tools.PostNetWork_singleton.executeMethod(PostNetWork_singleton.java:88)
	at com.astrolink.util.tools.DmLoginTools.post_doNetWork(DmLoginTools.java:574)
	at com.astrolink.util.tools.DmLoginTools.downLoadFile(DmLoginTools.java:318)
	at com.astrolink.util.tools.DmLoginTools.doWork(DmLoginTools.java:265)
	at com.astrolink.dao.DmLoginExecLinstenerThreadDao.exec(DmLoginExecLinstenerThreadDao.java:53)
	at com.astrolink.logic.listener.JobThread.run(JobThread.java:31)

 2016-12-07 16:55:04,246 ERROR com.astrolink.util.tools.PostNetWork_singleton  - java.lang.NullPointerException
	at java.io.Reader.<init>(Reader.java:78)
	at java.io.InputStreamReader.<init>(InputStreamReader.java:97)
	at com.astrolink.util.tools.PostNetWork_singleton.getHtml(PostNetWork_singleton.java:244)
	at com.astrolink.util.tools.DmLoginTools.post_doNetWork(DmLoginTools.java:575)
	at com.astrolink.util.tools.DmLoginTools.downLoadFile(DmLoginTools.java:318)
	at com.astrolink.util.tools.DmLoginTools.doWork(DmLoginTools.java:265)
	at com.astrolink.dao.DmLoginExecLinstenerThreadDao.exec(DmLoginExecLinstenerThreadDao.java:53)
	at com.astrolink.logic.listener.JobThread.run(JobThread.java:31)

 2016-12-07 16:55:19,625 ERROR com.astrolink.util.tools.PostNetWork_singleton  - java.net.SocketTimeoutException: Read timed out
	at java.net.SocketInputStream.socketRead0(Native Method)
	at java.net.SocketInputStream.socketRead(SocketInputStream.java:116)
	at java.net.SocketInputStream.read(SocketInputStream.java:170)
	at java.net.SocketInputStream.read(SocketInputStream.java:141)
	at java.io.BufferedInputStream.fill(BufferedInputStream.java:246)
	at java.io.BufferedInputStream.read(BufferedInputStream.java:265)
	at org.apache.commons.httpclient.HttpParser.readRawLine(HttpParser.java:78)
	at org.apache.commons.httpclient.HttpParser.readLine(HttpParser.java:106)
	at org.apache.commons.httpclient.HttpConnection.readLine(HttpConnection.java:1116)
	at org.apache.commons.httpclient.HttpMethodBase.readStatusLine(HttpMethodBase.java:1820)
	at org.apache.commons.httpclient.HttpMethodBase.readResponse(HttpMethodBase.java:1611)
	at org.apache.commons.httpclient.HttpMethodBase.execute(HttpMethodBase.java:1033)
	at org.apache.commons.httpclient.HttpMethodDirector.executeWithRetry(HttpMethodDirector.java:398)
	at org.apache.commons.httpclient.HttpMethodDirector.executeMethod(HttpMethodDirector.java:171)
	at org.apache.commons.httpclient.HttpClient.executeMethod(HttpClient.java:397)
	at org.apache.commons.httpclient.HttpClient.executeMethod(HttpClient.java:323)
	at com.astrolink.util.tools.PostNetWork_singleton.executeMethod(PostNetWork_singleton.java:88)
	at com.astrolink.util.tools.DmLoginTools.post_doNetWork(DmLoginTools.java:574)
	at com.astrolink.util.tools.DmLoginTools.downLoadFile(DmLoginTools.java:318)
	at com.astrolink.util.tools.DmLoginTools.doWork(DmLoginTools.java:265)
	at com.astrolink.dao.DmLoginExecLinstenerThreadDao.exec(DmLoginExecLinstenerThreadDao.java:53)
	at com.astrolink.logic.listener.JobThread.run(JobThread.java:31)

 2016-12-07 16:55:19,626 ERROR com.astrolink.util.tools.PostNetWork_singleton  - java.lang.NullPointerException
	at java.io.Reader.<init>(Reader.java:78)
	at java.io.InputStreamReader.<init>(InputStreamReader.java:97)
	at com.astrolink.util.tools.PostNetWork_singleton.getHtml(PostNetWork_singleton.java:244)
	at com.astrolink.util.tools.DmLoginTools.post_doNetWork(DmLoginTools.java:575)
	at com.astrolink.util.tools.DmLoginTools.downLoadFile(DmLoginTools.java:318)
	at com.astrolink.util.tools.DmLoginTools.doWork(DmLoginTools.java:265)
	at com.astrolink.dao.DmLoginExecLinstenerThreadDao.exec(DmLoginExecLinstenerThreadDao.java:53)
	at com.astrolink.logic.listener.JobThread.run(JobThread.java:31)

 2016-12-07 16:55:53,986 WARN  org.apache.commons.httpclient.HttpMethodBase  - Going to buffer response body of large or unknown size. Using getResponseBodyAsStream instead is recommended.
 2016-12-07 16:55:53,988 INFO  com.astrolink.dao.DmLoginExecLinstenerThreadDao  - 文件大小为：5120
 2016-12-07 16:55:53,988 INFO  com.astrolink.dao.DmLoginExecLinstenerThreadDao  - 动漫CP投诉上传，文件名为:6399331325633469乐云动漫_00000000动漫CP投诉.xls
 2016-12-07 16:55:55,753 INFO  com.astrolink.util.tools.DbTools  - com.astrolink.dao.DmLoginExecLinstenerThreadDao:INSERT INTO monitor_info (monitorInfo,sendOutType,inputDate)SELECT CONCAT('上传任务id:',spProductTaskId,'<br>业务名称:',spProductName,'<br>业务类型：动漫CP投诉<br>失败信息：6399331325633469乐云动漫_00000000动漫CP投诉.xls&nbsp;&nbsp;&nbsp;&nbsp;数据自动补全失败 '),'1',NOW() FROM sp_product  AS a INNER JOIN sp_product_task AS b ON a.spProductId=b.spProductId WHERE spProductTaskId=3
 2016-12-07 16:55:55,786 INFO  com.astrolink.dao.DmLoginExecLinstenerThreadDao  - id为3,信息:6399331325633469乐云动漫_00000000动漫CP投诉.xls&nbsp;&nbsp;&nbsp;&nbsp;数据自动补全失败<hr>
 2016-12-07 16:55:56,217 INFO  com.astrolink.util.tools.DbTools  - com.astrolink.dao.DmLoginExecLinstenerThreadDao:UPDATE spinfo.sp_product_task SET automaticState = 0 WHERE spProductTaskId=3
 2016-12-07 16:55:56,255 INFO  com.astrolink.dao.DmLoginExecLinstenerThreadDao  - 处理请求结束，id为3
 2016-12-07 16:56:42,635 INFO  com.astrolink.dao.DmLoginLinstenerThreadDao  - 扫描结束，需要处理的数据个数10
 2016-12-07 16:56:42,635 INFO  com.astrolink.service.DmLoginService  - 数据到达接收器，waitMap数据缓冲数量0execMap执行缓冲数量10
 2016-12-07 16:56:42,635 INFO  com.astrolink.service.DmLoginService  - 数据到达接收器，waitMap数据缓冲数量0execMap执行缓冲数量10
 2016-12-07 16:56:42,635 INFO  com.astrolink.service.DmLoginService  - 数据到达接收器，waitMap数据缓冲数量0execMap执行缓冲数量10
 2016-12-07 16:56:42,635 INFO  com.astrolink.service.DmLoginService  - 数据到达接收器，waitMap数据缓冲数量0execMap执行缓冲数量10
 2016-12-07 16:56:42,635 INFO  com.astrolink.service.DmLoginService  - 数据到达接收器，waitMap数据缓冲数量0execMap执行缓冲数量10
 2016-12-07 16:56:42,635 INFO  com.astrolink.service.DmLoginService  - 数据到达接收器，waitMap数据缓冲数量0execMap执行缓冲数量10
 2016-12-07 16:56:42,635 INFO  com.astrolink.service.DmLoginService  - 数据到达接收器，waitMap数据缓冲数量0execMap执行缓冲数量10
 2016-12-07 16:56:42,635 INFO  com.astrolink.service.DmLoginService  - 数据到达接收器，waitMap数据缓冲数量0execMap执行缓冲数量10
 2016-12-07 16:56:42,636 INFO  com.astrolink.service.DmLoginService  - 数据到达接收器，waitMap数据缓冲数量0execMap执行缓冲数量10
 2016-12-07 16:56:42,636 INFO  com.astrolink.service.DmLoginService  - 数据到达接收器，waitMap数据缓冲数量1execMap执行缓冲数量10
 2016-12-07 16:56:42,636 INFO  com.astrolink.service.DmLoginService  - 查询到,数据同步处理线程，开始添加，id为43
 2016-12-07 16:56:42,636 INFO  com.astrolink.service.DmLoginService  - id为43的处理线程添加成功
 2016-12-07 16:56:42,636 INFO  com.astrolink.service.DmLoginService  - 清除处理结束的缓存，waitMap数据缓冲数量0execMap执行缓冲数量10删除缓冲0
 2016-12-07 16:56:42,636 INFO  com.astrolink.dao.DmLoginExecLinstenerThreadDao  - 开始处理动漫CP投诉，id为43
 2016-12-07 16:56:53,107 WARN  org.apache.commons.httpclient.HttpMethodBase  - Going to buffer response body of large or unknown size. Using getResponseBodyAsStream instead is recommended.
 2016-12-07 16:57:03,807 WARN  org.apache.commons.httpclient.HttpMethodBase  - Going to buffer response body of large or unknown size. Using getResponseBodyAsStream instead is recommended.
 2016-12-07 16:57:25,337 ERROR com.astrolink.util.tools.PostNetWork_singleton  - java.net.SocketTimeoutException: Read timed out
	at java.net.SocketInputStream.socketRead0(Native Method)
	at java.net.SocketInputStream.socketRead(SocketInputStream.java:116)
	at java.net.SocketInputStream.read(SocketInputStream.java:170)
	at java.net.SocketInputStream.read(SocketInputStream.java:141)
	at java.io.BufferedInputStream.fill(BufferedInputStream.java:246)
	at java.io.BufferedInputStream.read(BufferedInputStream.java:265)
	at org.apache.commons.httpclient.HttpParser.readRawLine(HttpParser.java:78)
	at org.apache.commons.httpclient.HttpParser.readLine(HttpParser.java:106)
	at org.apache.commons.httpclient.HttpConnection.readLine(HttpConnection.java:1116)
	at org.apache.commons.httpclient.HttpMethodBase.readStatusLine(HttpMethodBase.java:1820)
	at org.apache.commons.httpclient.HttpMethodBase.readResponse(HttpMethodBase.java:1611)
	at org.apache.commons.httpclient.HttpMethodBase.execute(HttpMethodBase.java:1033)
	at org.apache.commons.httpclient.HttpMethodDirector.executeWithRetry(HttpMethodDirector.java:398)
	at org.apache.commons.httpclient.HttpMethodDirector.executeMethod(HttpMethodDirector.java:171)
	at org.apache.commons.httpclient.HttpClient.executeMethod(HttpClient.java:397)
	at org.apache.commons.httpclient.HttpClient.executeMethod(HttpClient.java:323)
	at com.astrolink.util.tools.PostNetWork_singleton.executeMethod(PostNetWork_singleton.java:88)
	at com.astrolink.util.tools.DmLoginTools.post_doNetWork(DmLoginTools.java:574)
	at com.astrolink.util.tools.DmLoginTools.downLoadFile(DmLoginTools.java:318)
	at com.astrolink.util.tools.DmLoginTools.doWork(DmLoginTools.java:265)
	at com.astrolink.dao.DmLoginExecLinstenerThreadDao.exec(DmLoginExecLinstenerThreadDao.java:53)
	at com.astrolink.logic.listener.JobThread.run(JobThread.java:31)

 2016-12-07 16:57:25,338 ERROR com.astrolink.util.tools.PostNetWork_singleton  - java.lang.NullPointerException
	at java.io.Reader.<init>(Reader.java:78)
	at java.io.InputStreamReader.<init>(InputStreamReader.java:97)
	at com.astrolink.util.tools.PostNetWork_singleton.getHtml(PostNetWork_singleton.java:244)
	at com.astrolink.util.tools.DmLoginTools.post_doNetWork(DmLoginTools.java:575)
	at com.astrolink.util.tools.DmLoginTools.downLoadFile(DmLoginTools.java:318)
	at com.astrolink.util.tools.DmLoginTools.doWork(DmLoginTools.java:265)
	at com.astrolink.dao.DmLoginExecLinstenerThreadDao.exec(DmLoginExecLinstenerThreadDao.java:53)
	at com.astrolink.logic.listener.JobThread.run(JobThread.java:31)

 2016-12-07 16:57:26,825 ERROR com.astrolink.util.tools.PostNetWork_singleton  - java.net.SocketTimeoutException: Read timed out
	at java.net.SocketInputStream.socketRead0(Native Method)
	at java.net.SocketInputStream.socketRead(SocketInputStream.java:116)
	at java.net.SocketInputStream.read(SocketInputStream.java:170)
	at java.net.SocketInputStream.read(SocketInputStream.java:141)
	at java.io.BufferedInputStream.fill(BufferedInputStream.java:246)
	at java.io.BufferedInputStream.read(BufferedInputStream.java:265)
	at org.apache.commons.httpclient.HttpParser.readRawLine(HttpParser.java:78)
	at org.apache.commons.httpclient.HttpParser.readLine(HttpParser.java:106)
	at org.apache.commons.httpclient.HttpConnection.readLine(HttpConnection.java:1116)
	at org.apache.commons.httpclient.HttpMethodBase.readStatusLine(HttpMethodBase.java:1820)
	at org.apache.commons.httpclient.HttpMethodBase.readResponse(HttpMethodBase.java:1611)
	at org.apache.commons.httpclient.HttpMethodBase.execute(HttpMethodBase.java:1033)
	at org.apache.commons.httpclient.HttpMethodDirector.executeWithRetry(HttpMethodDirector.java:398)
	at org.apache.commons.httpclient.HttpMethodDirector.executeMethod(HttpMethodDirector.java:171)
	at org.apache.commons.httpclient.HttpClient.executeMethod(HttpClient.java:397)
	at org.apache.commons.httpclient.HttpClient.executeMethod(HttpClient.java:323)
	at com.astrolink.util.tools.PostNetWork_singleton.executeMethod(PostNetWork_singleton.java:88)
	at com.astrolink.util.tools.DmLoginTools.post_doNetWork(DmLoginTools.java:574)
	at com.astrolink.util.tools.DmLoginTools.downLoadFile(DmLoginTools.java:318)
	at com.astrolink.util.tools.DmLoginTools.doWork(DmLoginTools.java:265)
	at com.astrolink.dao.DmLoginExecLinstenerThreadDao.exec(DmLoginExecLinstenerThreadDao.java:53)
	at com.astrolink.logic.listener.JobThread.run(JobThread.java:31)

 2016-12-07 16:57:26,826 ERROR com.astrolink.util.tools.PostNetWork_singleton  - java.lang.NullPointerException
	at java.io.Reader.<init>(Reader.java:78)
	at java.io.InputStreamReader.<init>(InputStreamReader.java:97)
	at com.astrolink.util.tools.PostNetWork_singleton.getHtml(PostNetWork_singleton.java:244)
	at com.astrolink.util.tools.DmLoginTools.post_doNetWork(DmLoginTools.java:575)
	at com.astrolink.util.tools.DmLoginTools.downLoadFile(DmLoginTools.java:318)
	at com.astrolink.util.tools.DmLoginTools.doWork(DmLoginTools.java:265)
	at com.astrolink.dao.DmLoginExecLinstenerThreadDao.exec(DmLoginExecLinstenerThreadDao.java:53)
	at com.astrolink.logic.listener.JobThread.run(JobThread.java:31)

 2016-12-07 16:57:30,043 ERROR com.astrolink.util.tools.PostNetWork_singleton  - java.net.SocketTimeoutException: Read timed out
	at java.net.SocketInputStream.socketRead0(Native Method)
	at java.net.SocketInputStream.socketRead(SocketInputStream.java:116)
	at java.net.SocketInputStream.read(SocketInputStream.java:170)
	at java.net.SocketInputStream.read(SocketInputStream.java:141)
	at java.io.BufferedInputStream.fill(BufferedInputStream.java:246)
	at java.io.BufferedInputStream.read(BufferedInputStream.java:265)
	at org.apache.commons.httpclient.HttpParser.readRawLine(HttpParser.java:78)
	at org.apache.commons.httpclient.HttpParser.readLine(HttpParser.java:106)
	at org.apache.commons.httpclient.HttpConnection.readLine(HttpConnection.java:1116)
	at org.apache.commons.httpclient.HttpMethodBase.readStatusLine(HttpMethodBase.java:1820)
	at org.apache.commons.httpclient.HttpMethodBase.readResponse(HttpMethodBase.java:1611)
	at org.apache.commons.httpclient.HttpMethodBase.execute(HttpMethodBase.java:1033)
	at org.apache.commons.httpclient.HttpMethodDirector.executeWithRetry(HttpMethodDirector.java:398)
	at org.apache.commons.httpclient.HttpMethodDirector.executeMethod(HttpMethodDirector.java:171)
	at org.apache.commons.httpclient.HttpClient.executeMethod(HttpClient.java:397)
	at org.apache.commons.httpclient.HttpClient.executeMethod(HttpClient.java:323)
	at com.astrolink.util.tools.PostNetWork_singleton.executeMethod(PostNetWork_singleton.java:88)
	at com.astrolink.util.tools.DmLoginTools.post_doNetWork(DmLoginTools.java:574)
	at com.astrolink.util.tools.DmLoginTools.downLoadFile(DmLoginTools.java:318)
	at com.astrolink.util.tools.DmLoginTools.doWork(DmLoginTools.java:265)
	at com.astrolink.dao.DmLoginExecLinstenerThreadDao.exec(DmLoginExecLinstenerThreadDao.java:53)
	at com.astrolink.logic.listener.JobThread.run(JobThread.java:31)

 2016-12-07 16:57:30,044 ERROR com.astrolink.util.tools.PostNetWork_singleton  - java.lang.NullPointerException
	at java.io.Reader.<init>(Reader.java:78)
	at java.io.InputStreamReader.<init>(InputStreamReader.java:97)
	at com.astrolink.util.tools.PostNetWork_singleton.getHtml(PostNetWork_singleton.java:244)
	at com.astrolink.util.tools.DmLoginTools.post_doNetWork(DmLoginTools.java:575)
	at com.astrolink.util.tools.DmLoginTools.downLoadFile(DmLoginTools.java:318)
	at com.astrolink.util.tools.DmLoginTools.doWork(DmLoginTools.java:265)
	at com.astrolink.dao.DmLoginExecLinstenerThreadDao.exec(DmLoginExecLinstenerThreadDao.java:53)
	at com.astrolink.logic.listener.JobThread.run(JobThread.java:31)

 2016-12-07 16:57:33,238 ERROR com.astrolink.util.tools.PostNetWork_singleton  - java.net.SocketTimeoutException: Read timed out
	at java.net.SocketInputStream.socketRead0(Native Method)
	at java.net.SocketInputStream.socketRead(SocketInputStream.java:116)
	at java.net.SocketInputStream.read(SocketInputStream.java:170)
	at java.net.SocketInputStream.read(SocketInputStream.java:141)
	at java.io.BufferedInputStream.fill(BufferedInputStream.java:246)
	at java.io.BufferedInputStream.read(BufferedInputStream.java:265)
	at org.apache.commons.httpclient.HttpParser.readRawLine(HttpParser.java:78)
	at org.apache.commons.httpclient.HttpParser.readLine(HttpParser.java:106)
	at org.apache.commons.httpclient.HttpConnection.readLine(HttpConnection.java:1116)
	at org.apache.commons.httpclient.HttpMethodBase.readStatusLine(HttpMethodBase.java:1820)
	at org.apache.commons.httpclient.HttpMethodBase.readResponse(HttpMethodBase.java:1611)
	at org.apache.commons.httpclient.HttpMethodBase.execute(HttpMethodBase.java:1033)
	at org.apache.commons.httpclient.HttpMethodDirector.executeWithRetry(HttpMethodDirector.java:398)
	at org.apache.commons.httpclient.HttpMethodDirector.executeMethod(HttpMethodDirector.java:171)
	at org.apache.commons.httpclient.HttpClient.executeMethod(HttpClient.java:397)
	at org.apache.commons.httpclient.HttpClient.executeMethod(HttpClient.java:323)
	at com.astrolink.util.tools.PostNetWork_singleton.executeMethod(PostNetWork_singleton.java:88)
	at com.astrolink.util.tools.DmLoginTools.post_doNetWork(DmLoginTools.java:574)
	at com.astrolink.util.tools.DmLoginTools.downLoadFile(DmLoginTools.java:375)
	at com.astrolink.util.tools.DmLoginTools.doWork(DmLoginTools.java:265)
	at com.astrolink.dao.DmLoginExecLinstenerThreadDao.exec(DmLoginExecLinstenerThreadDao.java:53)
	at com.astrolink.logic.listener.JobThread.run(JobThread.java:31)

 2016-12-07 16:57:33,238 ERROR com.astrolink.util.tools.PostNetWork_singleton  - java.lang.NullPointerException
	at java.io.Reader.<init>(Reader.java:78)
	at java.io.InputStreamReader.<init>(InputStreamReader.java:97)
	at com.astrolink.util.tools.PostNetWork_singleton.getHtml(PostNetWork_singleton.java:244)
	at com.astrolink.util.tools.DmLoginTools.post_doNetWork(DmLoginTools.java:575)
	at com.astrolink.util.tools.DmLoginTools.downLoadFile(DmLoginTools.java:375)
	at com.astrolink.util.tools.DmLoginTools.doWork(DmLoginTools.java:265)
	at com.astrolink.dao.DmLoginExecLinstenerThreadDao.exec(DmLoginExecLinstenerThreadDao.java:53)
	at com.astrolink.logic.listener.JobThread.run(JobThread.java:31)

 2016-12-07 16:57:33,238 ERROR com.astrolink.dao.DmLoginExecLinstenerThreadDao  - java.lang.NullPointerException
	at com.astrolink.util.tools.DmLoginTools.subStr(DmLoginTools.java:667)
	at com.astrolink.util.tools.DmLoginTools.downLoadFile(DmLoginTools.java:378)
	at com.astrolink.util.tools.DmLoginTools.doWork(DmLoginTools.java:265)
	at com.astrolink.dao.DmLoginExecLinstenerThreadDao.exec(DmLoginExecLinstenerThreadDao.java:53)
	at com.astrolink.logic.listener.JobThread.run(JobThread.java:31)

 2016-12-07 16:57:37,402 ERROR com.astrolink.dao.DmLoginExecLinstenerThreadDao  - java.lang.NullPointerException
	at com.astrolink.util.tools.DmLoginTools.subStr(DmLoginTools.java:667)
	at com.astrolink.util.tools.DmLoginTools.downLoadFile(DmLoginTools.java:378)
	at com.astrolink.util.tools.DmLoginTools.doWork(DmLoginTools.java:265)
	at com.astrolink.dao.DmLoginExecLinstenerThreadDao.exec(DmLoginExecLinstenerThreadDao.java:53)
	at com.astrolink.logic.listener.JobThread.run(JobThread.java:31)

 2016-12-07 16:57:41,449 WARN  org.apache.commons.httpclient.HttpMethodBase  - Going to buffer response body of large or unknown size. Using getResponseBodyAsStream instead is recommended.
 2016-12-07 16:57:58,748 ERROR com.astrolink.util.tools.PostNetWork_singleton  - java.net.SocketTimeoutException: Read timed out
	at java.net.SocketInputStream.socketRead0(Native Method)
	at java.net.SocketInputStream.socketRead(SocketInputStream.java:116)
	at java.net.SocketInputStream.read(SocketInputStream.java:170)
	at java.net.SocketInputStream.read(SocketInputStream.java:141)
	at java.io.BufferedInputStream.fill(BufferedInputStream.java:246)
	at java.io.BufferedInputStream.read(BufferedInputStream.java:265)
	at org.apache.commons.httpclient.HttpParser.readRawLine(HttpParser.java:78)
	at org.apache.commons.httpclient.HttpParser.readLine(HttpParser.java:106)
	at org.apache.commons.httpclient.HttpConnection.readLine(HttpConnection.java:1116)
	at org.apache.commons.httpclient.HttpMethodBase.readStatusLine(HttpMethodBase.java:1820)
	at org.apache.commons.httpclient.HttpMethodBase.readResponse(HttpMethodBase.java:1611)
	at org.apache.commons.httpclient.HttpMethodBase.execute(HttpMethodBase.java:1033)
	at org.apache.commons.httpclient.HttpMethodDirector.executeWithRetry(HttpMethodDirector.java:398)
	at org.apache.commons.httpclient.HttpMethodDirector.executeMethod(HttpMethodDirector.java:171)
	at org.apache.commons.httpclient.HttpClient.executeMethod(HttpClient.java:397)
	at org.apache.commons.httpclient.HttpClient.executeMethod(HttpClient.java:323)
	at com.astrolink.util.tools.PostNetWork_singleton.executeMethod(PostNetWork_singleton.java:88)
	at com.astrolink.util.tools.DmLoginTools.post_doNetWork(DmLoginTools.java:574)
	at com.astrolink.util.tools.DmLoginTools.downLoadFile(DmLoginTools.java:324)
	at com.astrolink.util.tools.DmLoginTools.doWork(DmLoginTools.java:265)
	at com.astrolink.dao.DmLoginExecLinstenerThreadDao.exec(DmLoginExecLinstenerThreadDao.java:53)
	at com.astrolink.logic.listener.JobThread.run(JobThread.java:31)

 2016-12-07 16:57:58,748 ERROR com.astrolink.util.tools.PostNetWork_singleton  - java.lang.NullPointerException
	at java.io.Reader.<init>(Reader.java:78)
	at java.io.InputStreamReader.<init>(InputStreamReader.java:97)
	at com.astrolink.util.tools.PostNetWork_singleton.getHtml(PostNetWork_singleton.java:244)
	at com.astrolink.util.tools.DmLoginTools.post_doNetWork(DmLoginTools.java:575)
	at com.astrolink.util.tools.DmLoginTools.downLoadFile(DmLoginTools.java:324)
	at com.astrolink.util.tools.DmLoginTools.doWork(DmLoginTools.java:265)
	at com.astrolink.dao.DmLoginExecLinstenerThreadDao.exec(DmLoginExecLinstenerThreadDao.java:53)
	at com.astrolink.logic.listener.JobThread.run(JobThread.java:31)

 2016-12-07 16:58:00,659 ERROR com.astrolink.util.tools.PostNetWork_singleton  - java.net.SocketTimeoutException: Read timed out
	at java.net.SocketInputStream.socketRead0(Native Method)
	at java.net.SocketInputStream.socketRead(SocketInputStream.java:116)
	at java.net.SocketInputStream.read(SocketInputStream.java:170)
	at java.net.SocketInputStream.read(SocketInputStream.java:141)
	at java.io.BufferedInputStream.fill(BufferedInputStream.java:246)
	at java.io.BufferedInputStream.read(BufferedInputStream.java:265)
	at org.apache.commons.httpclient.HttpParser.readRawLine(HttpParser.java:78)
	at org.apache.commons.httpclient.HttpParser.readLine(HttpParser.java:106)
	at org.apache.commons.httpclient.HttpConnection.readLine(HttpConnection.java:1116)
	at org.apache.commons.httpclient.HttpMethodBase.readStatusLine(HttpMethodBase.java:1820)
	at org.apache.commons.httpclient.HttpMethodBase.readResponse(HttpMethodBase.java:1611)
	at org.apache.commons.httpclient.HttpMethodBase.execute(HttpMethodBase.java:1033)
	at org.apache.commons.httpclient.HttpMethodDirector.executeWithRetry(HttpMethodDirector.java:398)
	at org.apache.commons.httpclient.HttpMethodDirector.executeMethod(HttpMethodDirector.java:171)
	at org.apache.commons.httpclient.HttpClient.executeMethod(HttpClient.java:397)
	at org.apache.commons.httpclient.HttpClient.executeMethod(HttpClient.java:323)
	at com.astrolink.util.tools.PostNetWork_singleton.executeMethod(PostNetWork_singleton.java:88)
	at com.astrolink.util.tools.DmLoginTools.post_doNetWork(DmLoginTools.java:574)
	at com.astrolink.util.tools.DmLoginTools.downLoadFile(DmLoginTools.java:324)
	at com.astrolink.util.tools.DmLoginTools.doWork(DmLoginTools.java:265)
	at com.astrolink.dao.DmLoginExecLinstenerThreadDao.exec(DmLoginExecLinstenerThreadDao.java:53)
	at com.astrolink.logic.listener.JobThread.run(JobThread.java:31)

 2016-12-07 16:58:00,660 ERROR com.astrolink.util.tools.PostNetWork_singleton  - java.lang.NullPointerException
	at java.io.Reader.<init>(Reader.java:78)
	at java.io.InputStreamReader.<init>(InputStreamReader.java:97)
	at com.astrolink.util.tools.PostNetWork_singleton.getHtml(PostNetWork_singleton.java:244)
	at com.astrolink.util.tools.DmLoginTools.post_doNetWork(DmLoginTools.java:575)
	at com.astrolink.util.tools.DmLoginTools.downLoadFile(DmLoginTools.java:324)
	at com.astrolink.util.tools.DmLoginTools.doWork(DmLoginTools.java:265)
	at com.astrolink.dao.DmLoginExecLinstenerThreadDao.exec(DmLoginExecLinstenerThreadDao.java:53)
	at com.astrolink.logic.listener.JobThread.run(JobThread.java:31)

 2016-12-07 16:58:04,333 ERROR com.astrolink.util.tools.PostNetWork_singleton  - java.net.SocketTimeoutException: Read timed out
	at java.net.SocketInputStream.socketRead0(Native Method)
	at java.net.SocketInputStream.socketRead(SocketInputStream.java:116)
	at java.net.SocketInputStream.read(SocketInputStream.java:170)
	at java.net.SocketInputStream.read(SocketInputStream.java:141)
	at java.io.BufferedInputStream.fill(BufferedInputStream.java:246)
	at java.io.BufferedInputStream.read(BufferedInputStream.java:265)
	at org.apache.commons.httpclient.HttpParser.readRawLine(HttpParser.java:78)
	at org.apache.commons.httpclient.HttpParser.readLine(HttpParser.java:106)
	at org.apache.commons.httpclient.HttpConnection.readLine(HttpConnection.java:1116)
	at org.apache.commons.httpclient.HttpMethodBase.readStatusLine(HttpMethodBase.java:1820)
	at org.apache.commons.httpclient.HttpMethodBase.readResponse(HttpMethodBase.java:1611)
	at org.apache.commons.httpclient.HttpMethodBase.execute(HttpMethodBase.java:1033)
	at org.apache.commons.httpclient.HttpMethodDirector.executeWithRetry(HttpMethodDirector.java:398)
	at org.apache.commons.httpclient.HttpMethodDirector.executeMethod(HttpMethodDirector.java:171)
	at org.apache.commons.httpclient.HttpClient.executeMethod(HttpClient.java:397)
	at org.apache.commons.httpclient.HttpClient.executeMethod(HttpClient.java:323)
	at com.astrolink.util.tools.PostNetWork_singleton.executeMethod(PostNetWork_singleton.java:88)
	at com.astrolink.util.tools.DmLoginTools.post_doNetWork(DmLoginTools.java:574)
	at com.astrolink.util.tools.DmLoginTools.downLoadFile(DmLoginTools.java:324)
	at com.astrolink.util.tools.DmLoginTools.doWork(DmLoginTools.java:265)
	at com.astrolink.dao.DmLoginExecLinstenerThreadDao.exec(DmLoginExecLinstenerThreadDao.java:53)
	at com.astrolink.logic.listener.JobThread.run(JobThread.java:31)

 2016-12-07 16:58:04,333 ERROR com.astrolink.util.tools.PostNetWork_singleton  - java.lang.NullPointerException
	at java.io.Reader.<init>(Reader.java:78)
	at java.io.InputStreamReader.<init>(InputStreamReader.java:97)
	at com.astrolink.util.tools.PostNetWork_singleton.getHtml(PostNetWork_singleton.java:244)
	at com.astrolink.util.tools.DmLoginTools.post_doNetWork(DmLoginTools.java:575)
	at com.astrolink.util.tools.DmLoginTools.downLoadFile(DmLoginTools.java:324)
	at com.astrolink.util.tools.DmLoginTools.doWork(DmLoginTools.java:265)
	at com.astrolink.dao.DmLoginExecLinstenerThreadDao.exec(DmLoginExecLinstenerThreadDao.java:53)
	at com.astrolink.logic.listener.JobThread.run(JobThread.java:31)

 2016-12-07 16:58:19,847 ERROR com.astrolink.util.tools.PostNetWork_singleton  - java.net.SocketTimeoutException: Read timed out
	at java.net.SocketInputStream.socketRead0(Native Method)
	at java.net.SocketInputStream.socketRead(SocketInputStream.java:116)
	at java.net.SocketInputStream.read(SocketInputStream.java:170)
	at java.net.SocketInputStream.read(SocketInputStream.java:141)
	at java.io.BufferedInputStream.fill(BufferedInputStream.java:246)
	at java.io.BufferedInputStream.read(BufferedInputStream.java:265)
	at org.apache.commons.httpclient.HttpParser.readRawLine(HttpParser.java:78)
	at org.apache.commons.httpclient.HttpParser.readLine(HttpParser.java:106)
	at org.apache.commons.httpclient.HttpConnection.readLine(HttpConnection.java:1116)
	at org.apache.commons.httpclient.HttpMethodBase.readStatusLine(HttpMethodBase.java:1820)
	at org.apache.commons.httpclient.HttpMethodBase.readResponse(HttpMethodBase.java:1611)
	at org.apache.commons.httpclient.HttpMethodBase.execute(HttpMethodBase.java:1033)
	at org.apache.commons.httpclient.HttpMethodDirector.executeWithRetry(HttpMethodDirector.java:398)
	at org.apache.commons.httpclient.HttpMethodDirector.executeMethod(HttpMethodDirector.java:171)
	at org.apache.commons.httpclient.HttpClient.executeMethod(HttpClient.java:397)
	at org.apache.commons.httpclient.HttpClient.executeMethod(HttpClient.java:323)
	at com.astrolink.util.tools.PostNetWork_singleton.executeMethod(PostNetWork_singleton.java:88)
	at com.astrolink.util.tools.DmLoginTools.post_doNetWork(DmLoginTools.java:574)
	at com.astrolink.util.tools.DmLoginTools.downLoadFile(DmLoginTools.java:324)
	at com.astrolink.util.tools.DmLoginTools.doWork(DmLoginTools.java:265)
	at com.astrolink.dao.DmLoginExecLinstenerThreadDao.exec(DmLoginExecLinstenerThreadDao.java:53)
	at com.astrolink.logic.listener.JobThread.run(JobThread.java:31)

 2016-12-07 16:58:19,847 ERROR com.astrolink.util.tools.PostNetWork_singleton  - java.lang.NullPointerException
	at java.io.Reader.<init>(Reader.java:78)
	at java.io.InputStreamReader.<init>(InputStreamReader.java:97)
	at com.astrolink.util.tools.PostNetWork_singleton.getHtml(PostNetWork_singleton.java:244)
	at com.astrolink.util.tools.DmLoginTools.post_doNetWork(DmLoginTools.java:575)
	at com.astrolink.util.tools.DmLoginTools.downLoadFile(DmLoginTools.java:324)
	at com.astrolink.util.tools.DmLoginTools.doWork(DmLoginTools.java:265)
	at com.astrolink.dao.DmLoginExecLinstenerThreadDao.exec(DmLoginExecLinstenerThreadDao.java:53)
	at com.astrolink.logic.listener.JobThread.run(JobThread.java:31)

 2016-12-07 16:58:53,450 WARN  org.apache.commons.httpclient.HttpMethodBase  - Going to buffer response body of large or unknown size. Using getResponseBodyAsStream instead is recommended.
 2016-12-07 16:58:53,458 INFO  com.astrolink.dao.DmLoginExecLinstenerThreadDao  - 文件大小为：5120
 2016-12-07 16:58:53,458 INFO  com.astrolink.dao.DmLoginExecLinstenerThreadDao  - 动漫CP投诉上传，文件名为:5629522555453456酷炫美图_00000000动漫CP投诉.xls
 2016-12-07 16:58:54,654 INFO  com.astrolink.util.tools.DbTools  - com.astrolink.dao.DmLoginExecLinstenerThreadDao:INSERT INTO monitor_info (monitorInfo,sendOutType,inputDate)SELECT CONCAT('上传任务id:',spProductTaskId,'<br>业务名称:',spProductName,'<br>业务类型：动漫CP投诉<br>失败信息：5629522555453456酷炫美图_00000000动漫CP投诉.xls&nbsp;&nbsp;&nbsp;&nbsp;数据自动补全失败 '),'1',NOW() FROM sp_product  AS a INNER JOIN sp_product_task AS b ON a.spProductId=b.spProductId WHERE spProductTaskId=26
 2016-12-07 16:58:54,681 INFO  com.astrolink.dao.DmLoginExecLinstenerThreadDao  - id为26,信息:5629522555453456酷炫美图_00000000动漫CP投诉.xls&nbsp;&nbsp;&nbsp;&nbsp;数据自动补全失败<hr>
 2016-12-07 16:58:54,976 INFO  com.astrolink.util.tools.DbTools  - com.astrolink.dao.DmLoginExecLinstenerThreadDao:UPDATE spinfo.sp_product_task SET automaticState = 0 WHERE spProductTaskId=26
 2016-12-07 16:58:55,016 INFO  com.astrolink.dao.DmLoginExecLinstenerThreadDao  - 处理请求结束，id为26
 2016-12-07 16:59:44,680 INFO  com.astrolink.dao.DmLoginLinstenerThreadDao  - 扫描结束，需要处理的数据个数10
 2016-12-07 16:59:44,680 INFO  com.astrolink.service.DmLoginService  - 数据到达接收器，waitMap数据缓冲数量0execMap执行缓冲数量10
 2016-12-07 16:59:44,680 INFO  com.astrolink.service.DmLoginService  - 数据到达接收器，waitMap数据缓冲数量0execMap执行缓冲数量10
 2016-12-07 16:59:44,680 INFO  com.astrolink.service.DmLoginService  - 数据到达接收器，waitMap数据缓冲数量0execMap执行缓冲数量10
 2016-12-07 16:59:44,680 INFO  com.astrolink.service.DmLoginService  - 数据到达接收器，waitMap数据缓冲数量0execMap执行缓冲数量10
 2016-12-07 16:59:44,680 INFO  com.astrolink.service.DmLoginService  - 数据到达接收器，waitMap数据缓冲数量0execMap执行缓冲数量10
 2016-12-07 16:59:44,680 INFO  com.astrolink.service.DmLoginService  - 数据到达接收器，waitMap数据缓冲数量0execMap执行缓冲数量10
 2016-12-07 16:59:44,680 INFO  com.astrolink.service.DmLoginService  - 数据到达接收器，waitMap数据缓冲数量0execMap执行缓冲数量10
 2016-12-07 16:59:44,681 INFO  com.astrolink.service.DmLoginService  - 数据到达接收器，waitMap数据缓冲数量0execMap执行缓冲数量10
 2016-12-07 16:59:44,681 INFO  com.astrolink.service.DmLoginService  - 数据到达接收器，waitMap数据缓冲数量1execMap执行缓冲数量10
 2016-12-07 16:59:44,681 INFO  com.astrolink.service.DmLoginService  - 数据到达接收器，waitMap数据缓冲数量2execMap执行缓冲数量10
 2016-12-07 16:59:44,681 INFO  com.astrolink.service.DmLoginService  - 查询到,数据同步处理线程，开始添加，id为45
 2016-12-07 16:59:44,681 INFO  com.astrolink.service.DmLoginService  - id为45的处理线程添加成功
 2016-12-07 16:59:44,681 INFO  com.astrolink.service.DmLoginService  - 查询到,数据同步处理线程，开始添加，id为47
 2016-12-07 16:59:44,681 INFO  com.astrolink.service.DmLoginService  - id为47的处理线程添加成功
 2016-12-07 16:59:44,682 INFO  com.astrolink.service.DmLoginService  - 清除处理结束的缓存，waitMap数据缓冲数量0execMap执行缓冲数量11删除缓冲0
 2016-12-07 16:59:44,682 INFO  com.astrolink.dao.DmLoginExecLinstenerThreadDao  - 开始处理动漫CP投诉，id为47
 2016-12-07 16:59:44,682 INFO  com.astrolink.dao.DmLoginExecLinstenerThreadDao  - 开始处理动漫CP投诉，id为45
 2016-12-07 16:59:46,817 WARN  org.apache.commons.httpclient.HttpMethodBase  - Going to buffer response body of large or unknown size. Using getResponseBodyAsStream instead is recommended.
 2016-12-07 16:59:48,967 WARN  org.apache.commons.httpclient.HttpMethodBase  - Going to buffer response body of large or unknown size. Using getResponseBodyAsStream instead is recommended.
 