2016-12-21 15:26:54,211 INFO  org.apache.commons.httpclient.HttpMethodDirector  - I/O exception (java.net.ConnectException) caught when processing request: Connection refused: connect
 2016-12-21 15:26:54,214 INFO  org.apache.commons.httpclient.HttpMethodDirector  - Retrying request
 2016-12-21 15:26:55,227 INFO  org.apache.commons.httpclient.HttpMethodDirector  - I/O exception (java.net.ConnectException) caught when processing request: Connection refused: connect
 2016-12-21 15:26:55,227 INFO  org.apache.commons.httpclient.HttpMethodDirector  - Retrying request
 2016-12-21 15:26:56,264 INFO  org.apache.commons.httpclient.HttpMethodDirector  - I/O exception (java.net.ConnectException) caught when processing request: Connection refused: connect
 2016-12-21 15:26:56,265 INFO  org.apache.commons.httpclient.HttpMethodDirector  - Retrying request
 2016-12-21 15:26:57,295 ERROR com.astrolink.util.tools.PostNetWork_singleton  - java.net.ConnectException: Connection refused: connect
	at java.net.DualStackPlainSocketImpl.waitForConnect(Native Method)
	at java.net.DualStackPlainSocketImpl.socketConnect(DualStackPlainSocketImpl.java:85)
	at java.net.AbstractPlainSocketImpl.doConnect(AbstractPlainSocketImpl.java:350)
	at java.net.AbstractPlainSocketImpl.connectToAddress(AbstractPlainSocketImpl.java:206)
	at java.net.AbstractPlainSocketImpl.connect(AbstractPlainSocketImpl.java:188)
	at java.net.PlainSocketImpl.connect(PlainSocketImpl.java:172)
	at java.net.SocksSocketImpl.connect(SocksSocketImpl.java:392)
	at java.net.Socket.connect(Socket.java:589)
	at sun.reflect.NativeMethodAccessorImpl.invoke0(Native Method)
	at sun.reflect.NativeMethodAccessorImpl.invoke(NativeMethodAccessorImpl.java:62)
	at sun.reflect.DelegatingMethodAccessorImpl.invoke(DelegatingMethodAccessorImpl.java:43)
	at java.lang.reflect.Method.invoke(Method.java:498)
	at org.apache.commons.httpclient.protocol.ReflectionSocketFactory.createSocket(ReflectionSocketFactory.java:140)
	at org.apache.commons.httpclient.protocol.DefaultProtocolSocketFactory.createSocket(DefaultProtocolSocketFactory.java:125)
	at org.apache.commons.httpclient.HttpConnection.open(HttpConnection.java:707)
	at org.apache.commons.httpclient.HttpMethodDirector.executeWithRetry(HttpMethodDirector.java:387)
	at org.apache.commons.httpclient.HttpMethodDirector.executeMethod(HttpMethodDirector.java:171)
	at org.apache.commons.httpclient.HttpClient.executeMethod(HttpClient.java:397)
	at org.apache.commons.httpclient.HttpClient.executeMethod(HttpClient.java:323)
	at com.astrolink.util.tools.PostNetWork_singleton.executeMethod(PostNetWork_singleton.java:128)
	at com.astrolink.websiteCrack.JdLogin.post_doNetWork(JdLogin.java:373)
	at com.astrolink.websiteCrack.JdLogin.main(JdLogin.java:49)

 2016-12-21 15:26:57,298 ERROR com.astrolink.util.tools.PostNetWork_singleton  - java.lang.NullPointerException
	at java.io.Reader.<init>(Reader.java:78)
	at java.io.InputStreamReader.<init>(InputStreamReader.java:97)
	at com.astrolink.util.tools.PostNetWork_singleton.getHtml(PostNetWork_singleton.java:244)
	at com.astrolink.websiteCrack.JdLogin.post_doNetWork(JdLogin.java:375)
	at com.astrolink.websiteCrack.JdLogin.main(JdLogin.java:49)

 2016-12-21 15:33:45,864 WARN  org.apache.commons.httpclient.HttpMethodBase  - Going to buffer response body of large or unknown size. Using getResponseBodyAsStream instead is recommended.
 2016-12-21 15:36:42,603 WARN  org.apache.commons.httpclient.HttpMethodBase  - Going to buffer response body of large or unknown size. Using getResponseBodyAsStream instead is recommended.
 2016-12-21 15:39:03,415 ERROR com.astrolink.util.tools.PostNetWork_singleton  - java.lang.IllegalArgumentException: host parameter is null
	at org.apache.commons.httpclient.HttpConnection.setHost(HttpConnection.java:249)
	at org.apache.commons.httpclient.SimpleHttpConnectionManager.getConnectionWithTimeout(SimpleHttpConnectionManager.java:189)
	at org.apache.commons.httpclient.HttpMethodDirector.executeMethod(HttpMethodDirector.java:153)
	at org.apache.commons.httpclient.HttpClient.executeMethod(HttpClient.java:397)
	at org.apache.commons.httpclient.HttpClient.executeMethod(HttpClient.java:323)
	at com.astrolink.util.tools.PostNetWork_singleton.executeMethod(PostNetWork_singleton.java:128)
	at com.astrolink.websiteCrack.JdLogin.post_doNetWork(JdLogin.java:373)
	at com.astrolink.websiteCrack.JdLogin.post_doNetWork(JdLogin.java:383)
	at com.astrolink.websiteCrack.JdLogin.main(JdLogin.java:120)

 2016-12-21 15:39:03,415 ERROR com.astrolink.util.tools.PostNetWork_singleton  - java.lang.NullPointerException
	at java.io.Reader.<init>(Reader.java:78)
	at java.io.InputStreamReader.<init>(InputStreamReader.java:97)
	at com.astrolink.util.tools.PostNetWork_singleton.getHtml(PostNetWork_singleton.java:244)
	at com.astrolink.websiteCrack.JdLogin.post_doNetWork(JdLogin.java:375)
	at com.astrolink.websiteCrack.JdLogin.post_doNetWork(JdLogin.java:383)
	at com.astrolink.websiteCrack.JdLogin.main(JdLogin.java:120)

 2016-12-21 15:39:28,302 WARN  org.apache.commons.httpclient.HttpMethodBase  - Going to buffer response body of large or unknown size. Using getResponseBodyAsStream instead is recommended.
 2016-12-21 15:41:14,007 WARN  org.apache.commons.httpclient.HttpMethodBase  - Going to buffer response body of large or unknown size. Using getResponseBodyAsStream instead is recommended.
 2016-12-21 15:43:03,966 WARN  org.apache.commons.httpclient.HttpMethodBase  - Going to buffer response body of large or unknown size. Using getResponseBodyAsStream instead is recommended.
 2016-12-21 15:44:33,818 WARN  org.apache.commons.httpclient.HttpMethodBase  - Going to buffer response body of large or unknown size. Using getResponseBodyAsStream instead is recommended.
 2016-12-21 15:49:58,764 WARN  org.apache.commons.httpclient.HttpMethodBase  - Going to buffer response body of large or unknown size. Using getResponseBodyAsStream instead is recommended.
 2016-12-21 15:52:09,685 WARN  org.apache.commons.httpclient.HttpMethodBase  - Going to buffer response body of large or unknown size. Using getResponseBodyAsStream instead is recommended.
 2016-12-21 15:54:04,341 WARN  org.apache.commons.httpclient.HttpMethodBase  - Going to buffer response body of large or unknown size. Using getResponseBodyAsStream instead is recommended.
 2016-12-21 15:56:58,367 WARN  org.apache.commons.httpclient.HttpMethodBase  - Going to buffer response body of large or unknown size. Using getResponseBodyAsStream instead is recommended.
 2016-12-21 15:58:40,567 WARN  org.apache.commons.httpclient.HttpMethodBase  - Going to buffer response body of large or unknown size. Using getResponseBodyAsStream instead is recommended.
 