2017-01-16 09:19:33,805 WARN  org.apache.commons.httpclient.HttpMethodBase  - Going to buffer response body of large or unknown size. Using getResponseBodyAsStream instead is recommended.
 2017-01-16 09:19:56,981 WARN  org.apache.commons.httpclient.HttpMethodBase  - Going to buffer response body of large or unknown size. Using getResponseBodyAsStream instead is recommended.
 2017-01-16 09:23:05,539 ERROR com.astrolink.util.tools.PostNetWork_singleton  - java.net.SocketTimeoutException: Read timed out
	at java.net.SocketInputStream.socketRead0(Native Method)
	at java.net.SocketInputStream.socketRead(SocketInputStream.java:116)
	at java.net.SocketInputStream.read(SocketInputStream.java:170)
	at java.net.SocketInputStream.read(SocketInputStream.java:141)
	at java.io.BufferedInputStream.fill(BufferedInputStream.java:246)
	at java.io.BufferedInputStream.read(BufferedInputStream.java:265)
	at org.apache.commons.httpclient.HttpParser.readRawLine(HttpParser.java:78)
	at org.apache.commons.httpclient.HttpParser.readLine(HttpParser.java:106)
	at org.apache.commons.httpclient.HttpConnection.readLine(HttpConnection.java:1116)
	at org.apache.commons.httpclient.HttpMethodBase.readStatusLine(HttpMethodBase.java:1820)
	at org.apache.commons.httpclient.HttpMethodBase.readResponse(HttpMethodBase.java:1611)
	at org.apache.commons.httpclient.HttpMethodBase.execute(HttpMethodBase.java:1033)
	at org.apache.commons.httpclient.HttpMethodDirector.executeWithRetry(HttpMethodDirector.java:398)
	at org.apache.commons.httpclient.HttpMethodDirector.executeMethod(HttpMethodDirector.java:171)
	at org.apache.commons.httpclient.HttpClient.executeMethod(HttpClient.java:397)
	at org.apache.commons.httpclient.HttpClient.executeMethod(HttpClient.java:323)
	at com.astrolink.util.tools.PostNetWork_singleton.executeMethod(PostNetWork_singleton.java:88)
	at com.astrolink.websiteCrack.DmLogin.post_doNetWork(DmLogin.java:324)
	at com.astrolink.websiteCrack.DmLogin.main(DmLogin.java:140)

 2017-01-16 09:23:05,539 ERROR com.astrolink.util.tools.PostNetWork_singleton  - java.lang.NullPointerException
	at java.io.Reader.<init>(Reader.java:78)
	at java.io.InputStreamReader.<init>(InputStreamReader.java:97)
	at com.astrolink.util.tools.PostNetWork_singleton.getHtml(PostNetWork_singleton.java:244)
	at com.astrolink.websiteCrack.DmLogin.post_doNetWork(DmLogin.java:325)
	at com.astrolink.websiteCrack.DmLogin.main(DmLogin.java:140)

 2017-01-16 09:23:15,907 WARN  org.apache.commons.httpclient.HttpMethodBase  - Going to buffer response body of large or unknown size. Using getResponseBodyAsStream instead is recommended.
 2017-01-16 09:23:17,114 WARN  org.apache.commons.httpclient.HttpMethodBase  - Going to buffer response body of large or unknown size. Using getResponseBodyAsStream instead is recommended.
 